[ 12.11.2010 16:32:57 ]: Using Syslog: ./syslog/1289579578.log
[ 12.11.2010 16:32:57 ]: Game Server v0.1.5 starting up...
[ 12.11.2010 16:33:05 ]: PLAYER CONNECTED
[ 12.11.2010 16:33:09 ]: GAME CONNECTED
[ 12.11.2010 16:33:09 ]: CACHING GAME DATABASE
[ 12.11.2010 16:33:09 ]: DONE.
[ 12.11.2010 16:33:09 ]: LISTEN THREAD - READY
[ 12.11.2010 16:33:09 ]: SERVER UP AND RUNNING - READY
[ 12.11.2010 16:33:10 ]: [ NEWUSER ] [ 0 ]: TIME: 1289579591
[ 12.11.2010 16:33:10 ]: [   >>>   ] [ 0  ]: WELCOME
[ 12.11.2010 16:33:18 ]: [   <<<   ] [ 0  ]: login;xenor;4;lalaftw#!
[ 12.11.2010 16:33:18 ]: [   >>>   ] [ 1 xenor ]: LOGIN;OK
[ 12.11.2010 16:33:20 ]: [   <<<   ] [ 1 xenor ]: logout
[ 12.11.2010 16:33:20 ]: [   >>>   ] [ 1 xenor ]: ERROR;20
[ 12.11.2010 16:33:23 ]: [   <<<   ] [ 1 xenor ]: user_id;0
[ 12.11.2010 16:33:23 ]: [   >>>   ] [ 0 xenor ]: USER_ID;OK
[ 12.11.2010 16:33:25 ]: [   <<<   ] [ 0 xenor ]: nick;0
[ 12.11.2010 16:33:25 ]: [   >>>   ] [ 0 0 ]: NICK;OK
[ 12.11.2010 16:33:30 ]: [   <<<   ] [ 0 0 ]: nick;
[ 12.11.2010 16:33:30 ]: [   >>>   ] [ 0  ]: NICK;OK
[ 12.11.2010 16:33:34 ]: [   <<<   ] [ 0  ]: blubb
[ 12.11.2010 16:33:34 ]: [   >>>   ] [ 0  ]: ERROR;20
[ 12.11.2010 16:34:26 ]: [   <<<   ] [ 0  ]: time
[ 12.11.2010 16:34:26 ]: [   >>>   ] [ 0  ]: ERROR;20
[ 12.11.2010 16:34:28 ]: [   <<<   ] [ 0  ]: TIME
[ 12.11.2010 16:34:28 ]: [   >>>   ] [ 0  ]: ERROR;20
[ 12.11.2010 16:34:31 ]: [   <<<   ] [ 0  ]: NICK;xenor
[ 12.11.2010 16:34:31 ]: [   >>>   ] [ 0 xenor ]: NICK;OK
[ 12.11.2010 16:34:36 ]: [   <<<   ] [ 0 xenor ]: login;xenor;4;lalaftw#!
[ 12.11.2010 16:34:36 ]: [   >>>   ] [ 1 xenor ]: LOGIN;OK
[ 12.11.2010 16:37:23 ]: [   <<<   ] [ 1 xenor ]: user_id;42
[ 12.11.2010 16:37:23 ]: [   >>>   ] [ 42 xenor ]: USER_ID;OK
[ 12.11.2010 16:37:26 ]: [   <<<   ] [ 42 xenor ]: debug off
[ 12.11.2010 16:37:26 ]: [   >>>   ] [ 42 xenor ]: ERROR;20
[ 12.11.2010 16:37:28 ]: [   <<<   ] [ 42 xenor ]: debug;off
[ 12.11.2010 16:37:28 ]: [   >>>   ] [ 42 xenor ]: ERROR;20
[ 12.11.2010 16:37:28 ]: [   <<<   ] [ 42 xenor ]: 
[ 12.11.2010 16:37:28 ]: [   >>>   ] [ 42 xenor ]: ERROR;20
[ 12.11.2010 16:37:30 ]: [   <<<   ] [ 42 xenor ]: 
[ 12.11.2010 16:37:30 ]: [   >>>   ] [ 42 xenor ]: ERROR;20
[ 12.11.2010 16:37:30 ]: [   <<<   ] [ 42 xenor ]: 
[ 12.11.2010 16:37:30 ]: [   >>>   ] [ 42 xenor ]: ERROR;20
[ 12.11.2010 16:37:30 ]: [   <<<   ] [ 42 xenor ]: 
[ 12.11.2010 16:37:30 ]: [   >>>   ] [ 42 xenor ]: ERROR;20
[ 12.11.2010 16:37:30 ]: [   <<<   ] [ 42 xenor ]: 
[ 12.11.2010 16:37:30 ]: [   >>>   ] [ 42 xenor ]: ERROR;20
[ 12.11.2010 16:37:30 ]: [   <<<   ] [ 42 xenor ]: 
[ 12.11.2010 16:37:30 ]: [   >>>   ] [ 42 xenor ]: ERROR;20
[ 12.11.2010 16:37:31 ]: [   <<<   ] [ 42 xenor ]: 
[ 12.11.2010 16:37:31 ]: [   >>>   ] [ 42 xenor ]: ERROR;20
[ 12.11.2010 16:37:31 ]: [   <<<   ] [ 42 xenor ]: 
[ 12.11.2010 16:37:31 ]: [   >>>   ] [ 42 xenor ]: ERROR;20
[ 12.11.2010 16:37:31 ]: [   <<<   ] [ 42 xenor ]: 
[ 12.11.2010 16:37:31 ]: [   >>>   ] [ 42 xenor ]: ERROR;20
[ 12.11.2010 16:37:31 ]: [   <<<   ] [ 42 xenor ]: 
[ 12.11.2010 16:37:31 ]: [   >>>   ] [ 42 xenor ]: ERROR;20
[ 12.11.2010 16:37:31 ]: [   <<<   ] [ 42 xenor ]: 
[ 12.11.2010 16:37:31 ]: [   >>>   ] [ 42 xenor ]: ERROR;20
[ 12.11.2010 16:37:31 ]: [   <<<   ] [ 42 xenor ]: 
[ 12.11.2010 16:37:31 ]: [   >>>   ] [ 42 xenor ]: ERROR;20
[ 12.11.2010 16:37:31 ]: [   <<<   ] [ 42 xenor ]: 
[ 12.11.2010 16:37:31 ]: [   >>>   ] [ 42 xenor ]: ERROR;20
[ 12.11.2010 16:37:31 ]: [   <<<   ] [ 42 xenor ]: 
[ 12.11.2010 16:37:31 ]: [   >>>   ] [ 42 xenor ]: ERROR;20
[ 12.11.2010 16:37:31 ]: [   <<<   ] [ 42 xenor ]: 
[ 12.11.2010 16:37:31 ]: [   >>>   ] [ 42 xenor ]: ERROR;20
[ 12.11.2010 16:37:31 ]: [   <<<   ] [ 42 xenor ]: 
[ 12.11.2010 16:37:31 ]: [   >>>   ] [ 42 xenor ]: ERROR;20
[ 12.11.2010 16:37:31 ]: [   <<<   ] [ 42 xenor ]: 
[ 12.11.2010 16:37:31 ]: [   >>>   ] [ 42 xenor ]: ERROR;20
[ 12.11.2010 16:37:34 ]: [   <<<   ] [ 42 xenor ]: lolwas
[ 12.11.2010 16:37:34 ]: [   >>>   ] [ 42 xenor ]: ERROR;20
[ 12.11.2010 16:37:37 ]: [   <<<   ] [ 42 xenor ]: quit
[ 12.11.2010 16:37:37 ]: [   >>>   ] [ 42 xenor ]: BYE
[ 12.11.2010 16:37:37 ]: [  KILLD  ] [ 42 ]: TIME: 1289579857
[ 12.11.2010 16:37:38 ]: [ NEWUSER ] [ 0 ]: TIME: 1289579859
[ 12.11.2010 16:37:38 ]: [   >>>   ] [ 0  ]: WELCOME
[ 12.11.2010 16:37:40 ]: [   <<<   ] [ 0  ]: CLEAR
[ 12.11.2010 16:37:40 ]: [   >>>   ] [ 0  ]: ERROR;20
[ 12.11.2010 16:37:54 ]: [   <<<   ] [ 0  ]: ERROR;0
[ 12.11.2010 16:37:54 ]: [   >>>   ] [ 0  ]: ERROR;20
[ 12.11.2010 16:38:14 ]: [   <<<   ] [ 0  ]: ERROR;20
[ 12.11.2010 16:38:14 ]: [   >>>   ] [ 0  ]: ERROR;20
[ 12.11.2010 16:38:20 ]: [   <<<   ] [ 0  ]: NOTICE;OPFER
[ 12.11.2010 16:38:20 ]: [    N    ] [ 0 ]: OPFER
[ 12.11.2010 16:38:20 ]: [   >>>   ] [ 0  ]: NOTICE;OPFER
[ 12.11.2010 16:38:31 ]: [   <<<   ] [ 0  ]: notice;Du bist dooooof <3
[ 12.11.2010 16:38:31 ]: [    N    ] [ 0 ]: Du bist dooooof <3
[ 12.11.2010 16:38:31 ]: [   >>>   ] [ 0  ]: NOTICE;Du bist dooooof <3
[ 12.11.2010 16:39:11 ]: [ NEWUSER ] [ 0 ]: TIME: 1289579951
[ 12.11.2010 16:39:11 ]: [   >>>   ] [ 0  ]: WELCOME
[ 12.11.2010 16:39:15 ]: [   <<<   ] [ 0  ]: nick;gamerxl
[ 12.11.2010 16:39:15 ]: [   >>>   ] [ 0 gamerxl ]: NICK;OK
[ 12.11.2010 16:39:22 ]: [   <<<   ] [ 0  ]: message;gamerxl;Mohoin
[ 12.11.2010 16:39:22 ]: [   >>>   ] [ 0 gamerxl ]: MESSAGE;;Mohoin
[ 12.11.2010 16:39:28 ]: [   <<<   ] [ 0  ]: nick;xenor
[ 12.11.2010 16:39:28 ]: [   >>>   ] [ 0 xenor ]: NICK;OK
[ 12.11.2010 16:39:33 ]: [   <<<   ] [ 0 xenor ]: meesage;gamerxl;Wie gehts?
[ 12.11.2010 16:39:33 ]: [   >>>   ] [ 0 xenor ]: ERROR;20
[ 12.11.2010 16:39:43 ]: [   <<<   ] [ 0 xenor ]: message;gamerxl;Wie gehts?
[ 12.11.2010 16:39:43 ]: [   >>>   ] [ 0 gamerxl ]: MESSAGE;xenor;Wie gehts?
[ 12.11.2010 16:40:11 ]: [   <<<   ] [ 0 gamerxl ]: message;xenor;Gut und dir?
[ 12.11.2010 16:40:11 ]: [   >>>   ] [ 0 xenor ]: MESSAGE;gamerxl;Gut und dir?
[ 12.11.2010 16:40:20 ]: [   <<<   ] [ 0 xenor ]: message;gamerxl;Was machsten so
[ 12.11.2010 16:40:20 ]: [   >>>   ] [ 0 gamerxl ]: MESSAGE;xenor;Was machsten so
[ 12.11.2010 16:40:31 ]: [   <<<   ] [ 0 gamerxl ]: message;xenor;Nix besonderes und du?
[ 12.11.2010 16:40:31 ]: [   >>>   ] [ 0 xenor ]: MESSAGE;gamerxl;Nix besonderes und du?
