[ 12.11.2010 11:13:20 ]: Using Syslog: ./syslog/1289560400.log
[ 12.11.2010 11:13:20 ]: Game Server v0.1.5 starting up...
[ 12.11.2010 11:13:25 ]: PLAYER CONNECTED
[ 12.11.2010 11:13:29 ]: GAME CONNECTED
[ 12.11.2010 11:13:29 ]: CACHING GAME DATABASE
[ 12.11.2010 11:13:29 ]: DONE.
[ 12.11.2010 11:13:29 ]: LISTEN THREAD - READY
[ 12.11.2010 11:13:29 ]: PING THREAD READY
[ 12.11.2010 11:13:29 ]: SERVER UP AND RUNNING - READY
[ 12.11.2010 11:13:30 ]: [ NEWUSER ] [ 0 ]: TIME: 1289560411
[ 12.11.2010 11:13:30 ]: [   >>>   ] [ 0  ]: WELCOME
[ 12.11.2010 11:13:31 ]: [   >>>   ] [ 0  ]: PING
[ 12.11.2010 11:13:31 ]: 0
[ 12.11.2010 11:13:31 ]: [   >>>   ] [ 0  ]: PING
[ 12.11.2010 11:13:31 ]: 0
[ 12.11.2010 11:13:31 ]: [   >>>   ] [ 0  ]: PING
[ 12.11.2010 11:13:31 ]: 0
[ 12.11.2010 11:13:31 ]: [   >>>   ] [ 0  ]: PING
[ 12.11.2010 11:13:31 ]: 0
[ 12.11.2010 11:13:31 ]: [   >>>   ] [ 0  ]: PING
[ 12.11.2010 11:13:31 ]: 0
[ 12.11.2010 11:13:31 ]: -1
[ 12.11.2010 11:13:31 ]: -1
[ 12.11.2010 11:13:31 ]: -1
[ 12.11.2010 11:13:31 ]: -1
[ 12.11.2010 11:13:31 ]: -1
[ 12.11.2010 11:13:32 ]: -1
[ 12.11.2010 11:13:32 ]: -1
[ 12.11.2010 11:13:32 ]: -1
[ 12.11.2010 11:13:32 ]: -1
[ 12.11.2010 11:13:32 ]: -1
[ 12.11.2010 11:13:32 ]: -2
[ 12.11.2010 11:13:32 ]: -2
[ 12.11.2010 11:13:32 ]: -2
[ 12.11.2010 11:13:32 ]: -2
[ 12.11.2010 11:13:32 ]: -2
[ 12.11.2010 11:13:33 ]: -2
[ 12.11.2010 11:13:33 ]: -2
[ 12.11.2010 11:13:33 ]: -2
[ 12.11.2010 11:13:33 ]: -2
[ 12.11.2010 11:13:33 ]: -2
[ 12.11.2010 11:13:33 ]: -3
[ 12.11.2010 11:13:33 ]: -3
[ 12.11.2010 11:13:33 ]: -3
[ 12.11.2010 11:13:33 ]: -3
[ 12.11.2010 11:13:33 ]: -3
[ 12.11.2010 11:13:34 ]: -3
[ 12.11.2010 11:13:34 ]: -3
[ 12.11.2010 11:13:34 ]: -3
[ 12.11.2010 11:13:34 ]: -3
[ 12.11.2010 11:13:34 ]: -3
[ 12.11.2010 11:13:34 ]: -4
[ 12.11.2010 11:13:34 ]: -4
[ 12.11.2010 11:13:34 ]: -4
[ 12.11.2010 11:13:34 ]: [   <<<   ] [ 0  ]: 
[ 12.11.2010 11:13:34 ]: [   >>>   ] [ 0  ]: ERROR;20
[ 12.11.2010 11:13:34 ]: -4
[ 12.11.2010 11:13:34 ]: -4
[ 12.11.2010 11:13:35 ]: -4
[ 12.11.2010 11:13:35 ]: -4
[ 12.11.2010 11:13:35 ]: -4
[ 12.11.2010 11:13:35 ]: -4
[ 12.11.2010 11:13:35 ]: -4
[ 12.11.2010 11:13:35 ]: -5
[ 12.11.2010 11:13:35 ]: -5
[ 12.11.2010 11:13:35 ]: -5
[ 12.11.2010 11:13:35 ]: -5
[ 12.11.2010 11:13:35 ]: -5
[ 12.11.2010 11:13:36 ]: -5
[ 12.11.2010 11:13:36 ]: -5
[ 12.11.2010 11:13:36 ]: -5
[ 12.11.2010 11:13:36 ]: -5
[ 12.11.2010 11:13:36 ]: -5
[ 12.11.2010 11:13:36 ]: -6
[ 12.11.2010 11:13:36 ]: -6
[ 12.11.2010 11:13:36 ]: -6
[ 12.11.2010 11:13:36 ]: -6
[ 12.11.2010 11:13:36 ]: -6
[ 12.11.2010 11:13:37 ]: -6
[ 12.11.2010 11:13:37 ]: -6
[ 12.11.2010 11:13:37 ]: -6
[ 12.11.2010 11:13:37 ]: -6
[ 12.11.2010 11:13:37 ]: -6
[ 12.11.2010 11:13:37 ]: -7
[ 12.11.2010 11:13:37 ]: -7
[ 12.11.2010 11:13:37 ]: -7
[ 12.11.2010 11:13:37 ]: -7
[ 12.11.2010 11:13:37 ]: -7
[ 12.11.2010 11:13:38 ]: -7
[ 12.11.2010 11:13:38 ]: -7
[ 12.11.2010 11:13:38 ]: -7
[ 12.11.2010 11:13:38 ]: -7
[ 12.11.2010 11:13:38 ]: -7
[ 12.11.2010 11:13:38 ]: -8
[ 12.11.2010 11:13:38 ]: -8
[ 12.11.2010 11:13:38 ]: -8
[ 12.11.2010 11:13:38 ]: -8
[ 12.11.2010 11:13:38 ]: -8
[ 12.11.2010 11:13:39 ]: -8
[ 12.11.2010 11:13:39 ]: -8
[ 12.11.2010 11:13:39 ]: -8
[ 12.11.2010 11:13:39 ]: -8
[ 12.11.2010 11:13:39 ]: -8
[ 12.11.2010 11:13:39 ]: -9
[ 12.11.2010 11:13:39 ]: -9
[ 12.11.2010 11:13:39 ]: -9
[ 12.11.2010 11:13:39 ]: -9
[ 12.11.2010 11:13:40 ]: -9
[ 12.11.2010 11:13:40 ]: -9
[ 12.11.2010 11:13:40 ]: -9
[ 12.11.2010 11:13:40 ]: -9
[ 12.11.2010 11:13:40 ]: -9
[ 12.11.2010 11:13:40 ]: -10
[ 12.11.2010 11:13:40 ]: -10
[ 12.11.2010 11:13:40 ]: -10
[ 12.11.2010 11:13:40 ]: -10
[ 12.11.2010 11:13:40 ]: -10
[ 12.11.2010 11:13:41 ]: -10
[ 12.11.2010 11:13:41 ]: -10
[ 12.11.2010 11:13:41 ]: -10
[ 12.11.2010 11:13:41 ]: -10
[ 12.11.2010 11:13:41 ]: -10
[ 12.11.2010 11:13:41 ]: -11
[ 12.11.2010 11:13:41 ]: -11
[ 12.11.2010 11:13:41 ]: -11
[ 12.11.2010 11:13:41 ]: -11
[ 12.11.2010 11:13:41 ]: -11
[ 12.11.2010 11:13:42 ]: -11
[ 12.11.2010 11:13:42 ]: -11
[ 12.11.2010 11:13:42 ]: -11
[ 12.11.2010 11:13:42 ]: -11
[ 12.11.2010 11:13:42 ]: -11
[ 12.11.2010 11:13:42 ]: -12
[ 12.11.2010 11:13:42 ]: -12
[ 12.11.2010 11:13:42 ]: -12
[ 12.11.2010 11:13:42 ]: -12
[ 12.11.2010 11:13:42 ]: -12
[ 12.11.2010 11:13:43 ]: -12
[ 12.11.2010 11:13:43 ]: -12
[ 12.11.2010 11:13:43 ]: -12
[ 12.11.2010 11:13:43 ]: -12
[ 12.11.2010 11:13:43 ]: -12
[ 12.11.2010 11:13:43 ]: -13
[ 12.11.2010 11:13:43 ]: -13
[ 12.11.2010 11:13:43 ]: -13
[ 12.11.2010 11:13:43 ]: -13
[ 12.11.2010 11:13:43 ]: -13
[ 12.11.2010 11:13:44 ]: -13
[ 12.11.2010 11:13:44 ]: -13
[ 12.11.2010 11:13:44 ]: -13
[ 12.11.2010 11:13:44 ]: -13
[ 12.11.2010 11:13:44 ]: -13
[ 12.11.2010 11:13:44 ]: -14
[ 12.11.2010 11:13:44 ]: -14
[ 12.11.2010 11:13:44 ]: -14
[ 12.11.2010 11:13:44 ]: -14
[ 12.11.2010 11:13:44 ]: -14
[ 12.11.2010 11:13:45 ]: -14
[ 12.11.2010 11:13:45 ]: -14
[ 12.11.2010 11:13:45 ]: -14
[ 12.11.2010 11:13:45 ]: -14
[ 12.11.2010 11:13:45 ]: -14
[ 12.11.2010 11:13:45 ]: -15
[ 12.11.2010 11:13:45 ]: -15
[ 12.11.2010 11:13:45 ]: -15
[ 12.11.2010 11:13:45 ]: -15
[ 12.11.2010 11:13:45 ]: -15
[ 12.11.2010 11:13:46 ]: -15
[ 12.11.2010 11:13:46 ]: -15
[ 12.11.2010 11:13:46 ]: -15
[ 12.11.2010 11:13:46 ]: -15
[ 12.11.2010 11:13:46 ]: -15
[ 12.11.2010 11:13:46 ]: -16
[ 12.11.2010 11:13:46 ]: -16
[ 12.11.2010 11:13:46 ]: -16
[ 12.11.2010 11:13:46 ]: -16
[ 12.11.2010 11:13:46 ]: -16
[ 12.11.2010 11:13:47 ]: -16
[ 12.11.2010 11:13:47 ]: -16
[ 12.11.2010 11:13:47 ]: -16
[ 12.11.2010 11:13:47 ]: -16
[ 12.11.2010 11:13:47 ]: -16
[ 12.11.2010 11:13:47 ]: -17
[ 12.11.2010 11:13:47 ]: -17
[ 12.11.2010 11:13:47 ]: -17
[ 12.11.2010 11:13:47 ]: -17
[ 12.11.2010 11:13:47 ]: -17
[ 12.11.2010 11:13:48 ]: -17
[ 12.11.2010 11:13:48 ]: -17
[ 12.11.2010 11:13:48 ]: -17
[ 12.11.2010 11:13:48 ]: -17
[ 12.11.2010 11:13:48 ]: -17
[ 12.11.2010 11:13:48 ]: -18
[ 12.11.2010 11:13:48 ]: -18
[ 12.11.2010 11:13:48 ]: -18
[ 12.11.2010 11:13:48 ]: -18
[ 12.11.2010 11:13:48 ]: -18
[ 12.11.2010 11:13:49 ]: -18
[ 12.11.2010 11:13:49 ]: -18
[ 12.11.2010 11:13:49 ]: -18
[ 12.11.2010 11:13:49 ]: -18
[ 12.11.2010 11:13:49 ]: -18
[ 12.11.2010 11:13:49 ]: -19
[ 12.11.2010 11:13:49 ]: -19
[ 12.11.2010 11:13:49 ]: -19
[ 12.11.2010 11:13:49 ]: -19
[ 12.11.2010 11:13:49 ]: -19
[ 12.11.2010 11:13:50 ]: -19
[ 12.11.2010 11:13:50 ]: -19
[ 12.11.2010 11:13:50 ]: -19
[ 12.11.2010 11:13:50 ]: -19
[ 12.11.2010 11:13:50 ]: -19
[ 12.11.2010 11:13:50 ]: -20
[ 12.11.2010 11:13:50 ]: -20
[ 12.11.2010 11:13:50 ]: -20
[ 12.11.2010 11:13:50 ]: -20
[ 12.11.2010 11:13:50 ]: -20
[ 12.11.2010 11:13:51 ]: -20
[ 12.11.2010 11:13:51 ]: -20
[ 12.11.2010 11:13:51 ]: -20
[ 12.11.2010 11:13:51 ]: -20
[ 12.11.2010 11:13:51 ]: -20
[ 12.11.2010 11:13:51 ]: -21
[ 12.11.2010 11:13:51 ]: -21
[ 12.11.2010 11:13:51 ]: -21
[ 12.11.2010 11:13:51 ]: -21
[ 12.11.2010 11:13:51 ]: -21
[ 12.11.2010 11:13:52 ]: -21
[ 12.11.2010 11:13:52 ]: -21
[ 12.11.2010 11:13:52 ]: -21
[ 12.11.2010 11:13:52 ]: -21
[ 12.11.2010 11:13:52 ]: -21
[ 12.11.2010 11:13:52 ]: -22
[ 12.11.2010 11:13:52 ]: -22
[ 12.11.2010 11:13:52 ]: -22
[ 12.11.2010 11:13:52 ]: -22
[ 12.11.2010 11:13:52 ]: -22
[ 12.11.2010 11:13:53 ]: -22
[ 12.11.2010 11:13:53 ]: -22
[ 12.11.2010 11:13:53 ]: -22
[ 12.11.2010 11:13:53 ]: -22
[ 12.11.2010 11:13:53 ]: -22
[ 12.11.2010 11:13:53 ]: -23
[ 12.11.2010 11:13:53 ]: -23
[ 12.11.2010 11:13:53 ]: -23
[ 12.11.2010 11:13:53 ]: -23
[ 12.11.2010 11:13:53 ]: -23
[ 12.11.2010 11:13:54 ]: -23
[ 12.11.2010 11:13:54 ]: -23
[ 12.11.2010 11:13:54 ]: -23
[ 12.11.2010 11:13:54 ]: -23
[ 12.11.2010 11:13:54 ]: -23
[ 12.11.2010 11:13:54 ]: -24
[ 12.11.2010 11:13:54 ]: -24
[ 12.11.2010 11:13:54 ]: -24
[ 12.11.2010 11:13:54 ]: -24
[ 12.11.2010 11:13:55 ]: -24
[ 12.11.2010 11:13:55 ]: -24
[ 12.11.2010 11:13:55 ]: -24
[ 12.11.2010 11:13:55 ]: -24
[ 12.11.2010 11:13:55 ]: -24
[ 12.11.2010 11:13:55 ]: -25
[ 12.11.2010 11:13:55 ]: -25
[ 12.11.2010 11:13:55 ]: -25
[ 12.11.2010 11:13:55 ]: -25
[ 12.11.2010 11:13:55 ]: -25
[ 12.11.2010 11:13:56 ]: -25
[ 12.11.2010 11:13:56 ]: -25
[ 12.11.2010 11:13:56 ]: -25
[ 12.11.2010 11:13:56 ]: -25
[ 12.11.2010 11:13:56 ]: -25
[ 12.11.2010 11:13:56 ]: -26
[ 12.11.2010 11:13:56 ]: -26
[ 12.11.2010 11:13:56 ]: -26
[ 12.11.2010 11:13:56 ]: -26
[ 12.11.2010 11:13:56 ]: -26
[ 12.11.2010 11:13:57 ]: -26
[ 12.11.2010 11:13:57 ]: -26
[ 12.11.2010 11:13:57 ]: -26
[ 12.11.2010 11:13:57 ]: -26
[ 12.11.2010 11:13:57 ]: -26
[ 12.11.2010 11:13:57 ]: -27
[ 12.11.2010 11:13:57 ]: -27
[ 12.11.2010 11:13:57 ]: -27
[ 12.11.2010 11:13:57 ]: -27
[ 12.11.2010 11:13:57 ]: -27
[ 12.11.2010 11:13:58 ]: -27
[ 12.11.2010 11:13:58 ]: -27
[ 12.11.2010 11:13:58 ]: -27
[ 12.11.2010 11:13:58 ]: -27
[ 12.11.2010 11:13:58 ]: -27
[ 12.11.2010 11:13:58 ]: -28
[ 12.11.2010 11:13:58 ]: -28
[ 12.11.2010 11:13:58 ]: -28
[ 12.11.2010 11:13:58 ]: -28
[ 12.11.2010 11:13:58 ]: -28
[ 12.11.2010 11:13:59 ]: -28
[ 12.11.2010 11:13:59 ]: -28
[ 12.11.2010 11:13:59 ]: -28
[ 12.11.2010 11:13:59 ]: -28
[ 12.11.2010 11:13:59 ]: -28
[ 12.11.2010 11:13:59 ]: -29
[ 12.11.2010 11:13:59 ]: -29
[ 12.11.2010 11:13:59 ]: -29
[ 12.11.2010 11:13:59 ]: -29
[ 12.11.2010 11:13:59 ]: -29
[ 12.11.2010 11:14:00 ]: -29
[ 12.11.2010 11:14:00 ]: -29
[ 12.11.2010 11:14:00 ]: -29
[ 12.11.2010 11:14:00 ]: -29
[ 12.11.2010 11:14:00 ]: -29
[ 12.11.2010 11:14:00 ]: -30
[ 12.11.2010 11:14:00 ]: -30
[ 12.11.2010 11:14:00 ]: -30
[ 12.11.2010 11:14:00 ]: -30
[ 12.11.2010 11:14:00 ]: -30
[ 12.11.2010 11:14:01 ]: -30
[ 12.11.2010 11:14:01 ]: -30
[ 12.11.2010 11:14:01 ]: -30
[ 12.11.2010 11:14:01 ]: -30
[ 12.11.2010 11:14:01 ]: -30
[ 12.11.2010 11:14:01 ]: -31
[ 12.11.2010 11:14:01 ]: -31
[ 12.11.2010 11:14:01 ]: -31
[ 12.11.2010 11:14:01 ]: -31
[ 12.11.2010 11:14:01 ]: -31
[ 12.11.2010 11:14:02 ]: -31
[ 12.11.2010 11:14:02 ]: -31
[ 12.11.2010 11:14:02 ]: -31
[ 12.11.2010 11:14:02 ]: -31
[ 12.11.2010 11:14:02 ]: -31
[ 12.11.2010 11:14:02 ]: -32
[ 12.11.2010 11:14:02 ]: -32
[ 12.11.2010 11:14:02 ]: -32
[ 12.11.2010 11:14:02 ]: -32
[ 12.11.2010 11:14:02 ]: -32
[ 12.11.2010 11:14:03 ]: -32
[ 12.11.2010 11:14:03 ]: -32
[ 12.11.2010 11:14:03 ]: -32
[ 12.11.2010 11:14:03 ]: -32
[ 12.11.2010 11:14:03 ]: -32
[ 12.11.2010 11:14:03 ]: -33
[ 12.11.2010 11:14:03 ]: -33
[ 12.11.2010 11:14:03 ]: -33
[ 12.11.2010 11:14:03 ]: -33
[ 12.11.2010 11:14:03 ]: -33
[ 12.11.2010 11:14:04 ]: -33
[ 12.11.2010 11:14:04 ]: -33
[ 12.11.2010 11:14:04 ]: -33
[ 12.11.2010 11:14:04 ]: -33
[ 12.11.2010 11:14:04 ]: -33
[ 12.11.2010 11:14:04 ]: -34
[ 12.11.2010 11:14:04 ]: -34
[ 12.11.2010 11:14:04 ]: -34
[ 12.11.2010 11:14:04 ]: -34
[ 12.11.2010 11:14:04 ]: -34
[ 12.11.2010 11:14:05 ]: -34
[ 12.11.2010 11:14:05 ]: -34
[ 12.11.2010 11:14:05 ]: -34
[ 12.11.2010 11:14:05 ]: -34
[ 12.11.2010 11:14:05 ]: -34
[ 12.11.2010 11:14:05 ]: -35
[ 12.11.2010 11:14:05 ]: -35
[ 12.11.2010 11:14:05 ]: -35
[ 12.11.2010 11:14:05 ]: -35
[ 12.11.2010 11:14:05 ]: -35
[ 12.11.2010 11:14:06 ]: -35
[ 12.11.2010 11:14:06 ]: -35
[ 12.11.2010 11:14:06 ]: -35
[ 12.11.2010 11:14:06 ]: -35
[ 12.11.2010 11:14:06 ]: -35
[ 12.11.2010 11:14:06 ]: -36
[ 12.11.2010 11:14:06 ]: -36
[ 12.11.2010 11:14:06 ]: -36
[ 12.11.2010 11:14:06 ]: -36
[ 12.11.2010 11:14:06 ]: -36
[ 12.11.2010 11:14:07 ]: -36
[ 12.11.2010 11:14:07 ]: -36
[ 12.11.2010 11:14:07 ]: -36
[ 12.11.2010 11:14:07 ]: -36
[ 12.11.2010 11:14:07 ]: -36
[ 12.11.2010 11:14:07 ]: -37
[ 12.11.2010 11:14:07 ]: -37
[ 12.11.2010 11:14:07 ]: -37
[ 12.11.2010 11:14:07 ]: -37
[ 12.11.2010 11:14:07 ]: -37
[ 12.11.2010 11:14:08 ]: -37
[ 12.11.2010 11:14:08 ]: -37
[ 12.11.2010 11:14:08 ]: -37
[ 12.11.2010 11:14:08 ]: -37
[ 12.11.2010 11:14:08 ]: -37
[ 12.11.2010 11:14:08 ]: -38
[ 12.11.2010 11:14:08 ]: -38
[ 12.11.2010 11:14:08 ]: -38
[ 12.11.2010 11:14:08 ]: -38
[ 12.11.2010 11:14:08 ]: -38
[ 12.11.2010 11:14:09 ]: -38
[ 12.11.2010 11:14:09 ]: -38
[ 12.11.2010 11:14:09 ]: -38
[ 12.11.2010 11:14:09 ]: -38
[ 12.11.2010 11:14:09 ]: -38
[ 12.11.2010 11:14:09 ]: -39
[ 12.11.2010 11:14:09 ]: -39
[ 12.11.2010 11:14:09 ]: -39
[ 12.11.2010 11:14:09 ]: -39
[ 12.11.2010 11:14:09 ]: -39
[ 12.11.2010 11:14:10 ]: -39
[ 12.11.2010 11:14:10 ]: -39
[ 12.11.2010 11:14:10 ]: -39
[ 12.11.2010 11:14:10 ]: -39
[ 12.11.2010 11:14:10 ]: -39
[ 12.11.2010 11:14:10 ]: -40
[ 12.11.2010 11:14:10 ]: -40
[ 12.11.2010 11:14:10 ]: -40
[ 12.11.2010 11:14:10 ]: -40
[ 12.11.2010 11:14:10 ]: -40
[ 12.11.2010 11:14:11 ]: -40
[ 12.11.2010 11:14:11 ]: -40
[ 12.11.2010 11:14:11 ]: -40
[ 12.11.2010 11:14:11 ]: -40
[ 12.11.2010 11:14:11 ]: -40
[ 12.11.2010 11:14:11 ]: -41
[ 12.11.2010 11:14:11 ]: -41
[ 12.11.2010 11:14:11 ]: -41
[ 12.11.2010 11:14:11 ]: -41
[ 12.11.2010 11:14:12 ]: -41
[ 12.11.2010 11:14:12 ]: -41
[ 12.11.2010 11:14:12 ]: -41
[ 12.11.2010 11:14:12 ]: -41
[ 12.11.2010 11:14:12 ]: -41
[ 12.11.2010 11:14:12 ]: -42
[ 12.11.2010 11:14:12 ]: -42
[ 12.11.2010 11:14:12 ]: -42
[ 12.11.2010 11:14:12 ]: -42
[ 12.11.2010 11:14:12 ]: -42
[ 12.11.2010 11:14:13 ]: -42
[ 12.11.2010 11:14:13 ]: -42
[ 12.11.2010 11:14:13 ]: -42
[ 12.11.2010 11:14:13 ]: -42
[ 12.11.2010 11:14:13 ]: -42
[ 12.11.2010 11:14:13 ]: -43
[ 12.11.2010 11:14:13 ]: -43
[ 12.11.2010 11:14:13 ]: -43
[ 12.11.2010 11:14:13 ]: -43
[ 12.11.2010 11:14:13 ]: -43
[ 12.11.2010 11:14:14 ]: -43
[ 12.11.2010 11:14:14 ]: -43
[ 12.11.2010 11:14:14 ]: -43
[ 12.11.2010 11:14:14 ]: -43
[ 12.11.2010 11:14:14 ]: -43
[ 12.11.2010 11:14:14 ]: -44
[ 12.11.2010 11:14:14 ]: -44
[ 12.11.2010 11:14:14 ]: -44
[ 12.11.2010 11:14:14 ]: -44
[ 12.11.2010 11:14:14 ]: -44
[ 12.11.2010 11:14:15 ]: -44
[ 12.11.2010 11:14:15 ]: -44
[ 12.11.2010 11:14:15 ]: -44
[ 12.11.2010 11:14:15 ]: -44
[ 12.11.2010 11:14:15 ]: -44
[ 12.11.2010 11:14:15 ]: -45
[ 12.11.2010 11:14:15 ]: -45
[ 12.11.2010 11:14:15 ]: -45
[ 12.11.2010 11:14:15 ]: -45
[ 12.11.2010 11:14:15 ]: -45
[ 12.11.2010 11:14:16 ]: -45
[ 12.11.2010 11:14:16 ]: -45
[ 12.11.2010 11:14:16 ]: -45
[ 12.11.2010 11:14:16 ]: -45
[ 12.11.2010 11:14:16 ]: -45
[ 12.11.2010 11:14:16 ]: -46
[ 12.11.2010 11:14:16 ]: -46
[ 12.11.2010 11:14:16 ]: -46
[ 12.11.2010 11:14:16 ]: -46
[ 12.11.2010 11:14:16 ]: -46
[ 12.11.2010 11:14:17 ]: -46
[ 12.11.2010 11:14:17 ]: -46
[ 12.11.2010 11:14:17 ]: -46
[ 12.11.2010 11:14:17 ]: -46
[ 12.11.2010 11:14:17 ]: -46
[ 12.11.2010 11:14:17 ]: -47
[ 12.11.2010 11:14:17 ]: -47
[ 12.11.2010 11:14:17 ]: -47
[ 12.11.2010 11:14:17 ]: -47
[ 12.11.2010 11:14:17 ]: -47
[ 12.11.2010 11:14:18 ]: -47
[ 12.11.2010 11:14:18 ]: -47
[ 12.11.2010 11:14:18 ]: -47
[ 12.11.2010 11:14:18 ]: -47
[ 12.11.2010 11:14:18 ]: -47
[ 12.11.2010 11:14:18 ]: -48
[ 12.11.2010 11:14:18 ]: -48
[ 12.11.2010 11:14:18 ]: -48
[ 12.11.2010 11:14:18 ]: -48
[ 12.11.2010 11:14:18 ]: -48
[ 12.11.2010 11:14:19 ]: -48
[ 12.11.2010 11:14:19 ]: -48
[ 12.11.2010 11:14:19 ]: -48
[ 12.11.2010 11:14:19 ]: -48
[ 12.11.2010 11:14:19 ]: -48
[ 12.11.2010 11:14:19 ]: -49
[ 12.11.2010 11:14:19 ]: -49
[ 12.11.2010 11:14:19 ]: -49
[ 12.11.2010 11:14:19 ]: -49
[ 12.11.2010 11:14:19 ]: -49
[ 12.11.2010 11:14:20 ]: -49
[ 12.11.2010 11:14:20 ]: -49
[ 12.11.2010 11:14:20 ]: -49
[ 12.11.2010 11:14:20 ]: -49
[ 12.11.2010 11:14:20 ]: -49
[ 12.11.2010 11:14:20 ]: -50
[ 12.11.2010 11:14:20 ]: -50
[ 12.11.2010 11:14:20 ]: -50
[ 12.11.2010 11:14:20 ]: -50
[ 12.11.2010 11:14:20 ]: -50
[ 12.11.2010 11:14:21 ]: -50
[ 12.11.2010 11:14:21 ]: -50
[ 12.11.2010 11:14:21 ]: -50
[ 12.11.2010 11:14:21 ]: -50
[ 12.11.2010 11:14:21 ]: -50
[ 12.11.2010 11:14:21 ]: -51
[ 12.11.2010 11:14:21 ]: -51
[ 12.11.2010 11:14:21 ]: -51
[ 12.11.2010 11:14:21 ]: -51
[ 12.11.2010 11:14:21 ]: -51
[ 12.11.2010 11:14:22 ]: -51
[ 12.11.2010 11:14:22 ]: -51
[ 12.11.2010 11:14:22 ]: -51
[ 12.11.2010 11:14:22 ]: -51
[ 12.11.2010 11:14:22 ]: -51
[ 12.11.2010 11:14:22 ]: -52
[ 12.11.2010 11:14:22 ]: -52
