[ 12.11.2010 11:18:59 ]: Using Syslog: ./syslog/1289560740.log
[ 12.11.2010 11:18:59 ]: Game Server v0.1.5 starting up...
[ 12.11.2010 11:19:05 ]: PLAYER CONNECTED
[ 12.11.2010 11:19:10 ]: GAME CONNECTED
[ 12.11.2010 11:19:10 ]: CACHING GAME DATABASE
[ 12.11.2010 11:19:10 ]: DONE.
[ 12.11.2010 11:19:10 ]: LISTEN THREAD - READY
[ 12.11.2010 11:19:10 ]: PING THREAD READY
[ 12.11.2010 11:19:10 ]: SERVER UP AND RUNNING - READY
[ 12.11.2010 11:19:17 ]: [ NEWUSER ] [ 0 ]: TIME: 1289560758
[ 12.11.2010 11:19:17 ]: [   >>>   ] [ 0  ]: WELCOME
[ 12.11.2010 11:19:18 ]: [   >>>   ] [ 0  ]: PING
[ 12.11.2010 11:19:19 ]: [   >>>   ] [ 0  ]: PING
[ 12.11.2010 11:19:21 ]: KILLED NOT IDENTIFIED
[ 12.11.2010 11:19:22 ]: KILLED NOT IDENTIFIED
[ 12.11.2010 11:19:23 ]: KILLED NOT IDENTIFIED
[ 12.11.2010 11:19:24 ]: KILLED NOT IDENTIFIED
[ 12.11.2010 11:19:25 ]: KILLED NOT IDENTIFIED
[ 12.11.2010 11:19:26 ]: KILLED NOT IDENTIFIED
[ 12.11.2010 11:19:27 ]: KILLED NOT IDENTIFIED
[ 12.11.2010 11:19:28 ]: KILLED NOT IDENTIFIED
[ 12.11.2010 11:19:29 ]: KILLED NOT IDENTIFIED
[ 12.11.2010 11:19:30 ]: KILLED NOT IDENTIFIED
[ 12.11.2010 11:19:31 ]: KILLED NOT IDENTIFIED
[ 12.11.2010 11:19:32 ]: KILLED NOT IDENTIFIED
[ 12.11.2010 11:19:33 ]: KILLED NOT IDENTIFIED
[ 12.11.2010 11:19:34 ]: KILLED NOT IDENTIFIED
[ 12.11.2010 11:19:35 ]: KILLED NOT IDENTIFIED
[ 12.11.2010 11:19:36 ]: KILLED NOT IDENTIFIED
[ 12.11.2010 11:19:37 ]: KILLED NOT IDENTIFIED
[ 12.11.2010 11:19:38 ]: KILLED NOT IDENTIFIED
[ 12.11.2010 11:19:39 ]: KILLED NOT IDENTIFIED
[ 12.11.2010 11:19:40 ]: KILLED NOT IDENTIFIED
[ 12.11.2010 11:19:41 ]: KILLED NOT IDENTIFIED
[ 12.11.2010 11:19:42 ]: KILLED NOT IDENTIFIED
[ 12.11.2010 11:19:43 ]: KILLED NOT IDENTIFIED
[ 12.11.2010 11:19:44 ]: KILLED NOT IDENTIFIED
