[ 12.11.2010 11:22:02 ]: Using Syslog: ./syslog/1289560923.log
[ 12.11.2010 11:22:02 ]: Game Server v0.1.5 starting up...
[ 12.11.2010 11:22:07 ]: PLAYER CONNECTED
[ 12.11.2010 11:22:11 ]: GAME CONNECTED
[ 12.11.2010 11:22:11 ]: CACHING GAME DATABASE
[ 12.11.2010 11:22:11 ]: DONE.
[ 12.11.2010 11:22:11 ]: LISTEN THREAD - READY
[ 12.11.2010 11:22:11 ]: PING THREAD READY
[ 12.11.2010 11:22:11 ]: SERVER UP AND RUNNING - READY
[ 12.11.2010 11:22:12 ]: [ NEWUSER ] [ 0 ]: TIME: 1289560933
[ 12.11.2010 11:22:12 ]: [   >>>   ] [ 0  ]: WELCOME
[ 12.11.2010 11:22:12 ]: [   >>>   ] [ 0  ]: PING
[ 12.11.2010 11:22:13 ]: [   >>>   ] [ 0  ]: PING
[ 12.11.2010 11:22:14 ]: [   >>>   ] [ 0  ]: ERROR;21
[ 12.11.2010 11:22:15 ]: [   >>>   ] [ 0  ]: ERROR;21
[ 12.11.2010 11:22:15 ]: [   >>>   ] [ 0  ]: ERROR;13
[ 12.11.2010 11:22:16 ]: [   >>>   ] [ 0  ]: ERROR;21
[ 12.11.2010 11:22:16 ]: [   >>>   ] [ 0  ]: ERROR;13
[ 12.11.2010 11:22:17 ]: [   >>>   ] [ 0  ]: ERROR;21
[ 12.11.2010 11:22:17 ]: [   >>>   ] [ 0  ]: ERROR;13
[ 12.11.2010 11:22:18 ]: [   >>>   ] [ 0  ]: ERROR;21
[ 12.11.2010 11:22:18 ]: [   >>>   ] [ 0  ]: ERROR;13
[ 12.11.2010 11:22:19 ]: [   >>>   ] [ 0  ]: ERROR;21
[ 12.11.2010 11:22:19 ]: [   >>>   ] [ 0  ]: ERROR;13
[ 12.11.2010 11:22:20 ]: [   >>>   ] [ 0  ]: ERROR;21
[ 12.11.2010 11:22:20 ]: [   >>>   ] [ 0  ]: ERROR;13
[ 12.11.2010 11:22:21 ]: [   >>>   ] [ 0  ]: ERROR;21
[ 12.11.2010 11:22:21 ]: [   >>>   ] [ 0  ]: ERROR;13
[ 12.11.2010 11:22:22 ]: [   >>>   ] [ 0  ]: ERROR;21
[ 12.11.2010 11:22:22 ]: [   >>>   ] [ 0  ]: ERROR;13
[ 12.11.2010 11:22:23 ]: [   >>>   ] [ 0  ]: ERROR;21
[ 12.11.2010 11:22:23 ]: [   >>>   ] [ 0  ]: ERROR;13
