[ 12.11.2010 18:36:09 ]: Using Syslog: ./syslog/1289586970.log
[ 12.11.2010 18:36:09 ]: Game Server v0.1.5 starting up...
[ 12.11.2010 18:36:14 ]: PLAYER CONNECTED
[ 12.11.2010 18:36:19 ]: GAME CONNECTED
[ 12.11.2010 18:36:19 ]: CACHING GAME DATABASE
[ 12.11.2010 18:36:19 ]: DONE.
[ 12.11.2010 18:36:19 ]: LISTEN THREAD - READY
[ 12.11.2010 18:36:19 ]: PING THREAD READY
[ 12.11.2010 18:36:19 ]: SERVER UP AND RUNNING - READY
[ 12.11.2010 18:36:19 ]: [ NEWUSER ] [ 0 ]: TIME: 1289586980
[ 12.11.2010 18:36:19 ]: [   >>>   ] [ 0  ]: WELCOME
[ 12.11.2010 18:36:25 ]: [   >>>   ] [ 0  ]: PING
[ 12.11.2010 18:36:26 ]: [   <<<   ] [ 0  ]: pong
[ 12.11.2010 18:36:31 ]: [   >>>   ] [ 0  ]: PING
[ 12.11.2010 18:36:31 ]: [   >>>   ] [ 0  ]: ERROR;13
[ 12.11.2010 18:36:31 ]: [  KILLD  ] [ 0 ]: TIME: 1289586991
[ 12.11.2010 18:37:38 ]: [ NEWUSER ] [ 0 ]: TIME: 1289587059
[ 12.11.2010 18:37:38 ]: [   >>>   ] [ 0  ]: WELCOME
[ 12.11.2010 18:37:43 ]: [   >>>   ] [ 0  ]: PING
[ 12.11.2010 18:37:43 ]: [   <<<   ] [ 0  ]: po
[ 12.11.2010 18:37:43 ]: [   >>>   ] [ 0  ]: ERROR;20
[ 12.11.2010 18:37:49 ]: [   >>>   ] [ 0  ]: ERROR;21
[ 12.11.2010 18:37:49 ]: [  KILLD  ] [ 0 ]: TIME: 1289587069
[ 12.11.2010 18:37:49 ]: [ NEWUSER ] [ 0 ]: TIME: 1289587069
[ 12.11.2010 18:37:49 ]: [  KILLD  ] [ 0 ]: TIME: 1289587069
