[ 12.11.2010 12:14:41 ]: Using Syslog: ./syslog/1289564081.log
[ 12.11.2010 12:14:41 ]: Game Server v0.1.5 starting up...
[ 12.11.2010 12:14:47 ]: PLAYER CONNECTED
[ 12.11.2010 12:14:52 ]: GAME CONNECTED
[ 12.11.2010 12:14:52 ]: CACHING GAME DATABASE
[ 12.11.2010 12:14:52 ]: DONE.
[ 12.11.2010 12:14:52 ]: LISTEN THREAD - READY
[ 12.11.2010 12:14:52 ]: PING THREAD READY
[ 12.11.2010 12:14:52 ]: SERVER UP AND RUNNING - READY
[ 12.11.2010 12:14:52 ]: [ NEWUSER ] [ 0 ]: TIME: 1289564093
[ 12.11.2010 12:14:52 ]: [   >>>   ] [ 0  ]: WELCOME
[ 12.11.2010 12:15:02 ]: [   >>>   ] [ 0  ]: PING
[ 12.11.2010 12:15:08 ]: [   <<<   ] [ 0  ]: pong
[ 12.11.2010 12:15:12 ]: [   >>>   ] [ 0  ]: PING
[ 12.11.2010 12:15:13 ]: [   <<<   ] [ 0  ]: login;xenor;4;lalaftw#!
[ 12.11.2010 12:15:13 ]: 3
[ 12.11.2010 12:15:13 ]: [   >>>   ] [ 0  ]: LOGIN;ERROR;12
[ 12.11.2010 12:15:14 ]: [   <<<   ] [ 0  ]: ponjg
[ 12.11.2010 12:15:14 ]: [   >>>   ] [ 0  ]: ERROR;20
[ 12.11.2010 12:15:16 ]: [   <<<   ] [ 0  ]: pong
[ 12.11.2010 12:15:22 ]: [   >>>   ] [ 0  ]: PING
[ 12.11.2010 12:15:32 ]: [  KILLD  ] [ 0 ]: TIME: 1289564132
[ 12.11.2010 12:15:42 ]: [ NEWUSER ] [ 0 ]: TIME: 1289564143
[ 12.11.2010 12:15:42 ]: [   >>>   ] [ 0  ]: WELCOME
[ 12.11.2010 12:15:42 ]: [   <<<   ] [ 0  ]: NICK Lunova
USER Lunova Lunova 192.168.56.102 :Lunova
[ 12.11.2010 12:15:42 ]: [   >>>   ] [ 0  ]: ERROR;20
[ 12.11.2010 12:15:52 ]: [   >>>   ] [ 0  ]: PING
[ 12.11.2010 12:16:01 ]: [   <<<   ] [ 0  ]: pong
[ 12.11.2010 12:16:02 ]: [   >>>   ] [ 0  ]: PING
[ 12.11.2010 12:16:03 ]: [   <<<   ] [ 0  ]: pong
[ 12.11.2010 12:16:10 ]: [   <<<   ] [ 0  ]: login;xenor;4;lalaftw#!
[ 12.11.2010 12:16:10 ]: 3
[ 12.11.2010 12:16:10 ]: [   >>>   ] [ 0  ]: LOGIN;ERROR;12
[ 12.11.2010 12:16:12 ]: [   >>>   ] [ 0  ]: PING
[ 12.11.2010 12:16:22 ]: [   >>>   ] [ 0  ]: ERROR;21
[ 12.11.2010 12:16:22 ]: [  KILLD  ] [ 0 ]: TIME: 1289564182
[ 12.11.2010 12:16:32 ]: [ NEWUSER ] [ 0 ]: TIME: 1289564192
[ 12.11.2010 12:16:32 ]: [   >>>   ] [ 0  ]: WELCOME
[ 12.11.2010 12:16:32 ]: [   <<<   ] [ 0  ]: NICK Lunova
USER Lunova Lunova 192.168.56.102 :Lunova
[ 12.11.2010 12:16:32 ]: [   >>>   ] [ 0  ]: ERROR;20
[ 12.11.2010 12:16:42 ]: [   >>>   ] [ 0  ]: PING
[ 12.11.2010 12:16:48 ]: [   <<<   ] [ 0  ]: pong
[ 12.11.2010 12:16:52 ]: [   >>>   ] [ 0  ]: PING
[ 12.11.2010 12:16:54 ]: [   <<<   ] [ 0  ]: pong
[ 12.11.2010 12:17:02 ]: [   >>>   ] [ 0  ]: PING
[ 12.11.2010 12:17:12 ]: [   >>>   ] [ 0  ]: ERROR;21
[ 12.11.2010 12:17:12 ]: [  KILLD  ] [ 0 ]: TIME: 1289564232
[ 12.11.2010 12:17:22 ]: [ NEWUSER ] [ 0 ]: TIME: 1289564242
[ 12.11.2010 12:17:22 ]: [   >>>   ] [ 0  ]: WELCOME
[ 12.11.2010 12:17:22 ]: [   <<<   ] [ 0  ]: NICK Lunova
USER Lunova Lunova 192.168.56.102 :Lunova
[ 12.11.2010 12:17:22 ]: [   >>>   ] [ 0  ]: ERROR;20
[ 12.11.2010 12:17:32 ]: [   >>>   ] [ 0  ]: PING
[ 12.11.2010 12:17:42 ]: [   >>>   ] [ 0  ]: ERROR;21
[ 12.11.2010 12:17:42 ]: [  KILLD  ] [ 0 ]: TIME: 1289564262
[ 12.11.2010 12:17:52 ]: [ NEWUSER ] [ 0 ]: TIME: 1289564272
[ 12.11.2010 12:17:52 ]: [   >>>   ] [ 0  ]: WELCOME
[ 12.11.2010 12:17:52 ]: [   <<<   ] [ 0  ]: NICK Lunova
USER Lunova Lunova 192.168.56.102 :Lunova
[ 12.11.2010 12:17:52 ]: [   >>>   ] [ 0  ]: ERROR;20
[ 12.11.2010 12:18:02 ]: [   >>>   ] [ 0  ]: PING
[ 12.11.2010 12:18:12 ]: [   >>>   ] [ 0  ]: ERROR;21
[ 12.11.2010 12:18:12 ]: [  KILLD  ] [ 0 ]: TIME: 1289564292
[ 12.11.2010 12:18:22 ]: [ NEWUSER ] [ 0 ]: TIME: 1289564302
[ 12.11.2010 12:18:22 ]: [   >>>   ] [ 0  ]: WELCOME
[ 12.11.2010 12:18:22 ]: [   <<<   ] [ 0  ]: NICK Lunova
USER Lunova Lunova 192.168.56.102 :Lunova
[ 12.11.2010 12:18:22 ]: [   >>>   ] [ 0  ]: ERROR;20
[ 12.11.2010 12:18:32 ]: [   >>>   ] [ 0  ]: PING
[ 12.11.2010 12:18:42 ]: [   >>>   ] [ 0  ]: ERROR;21
[ 12.11.2010 12:18:42 ]: [  KILLD  ] [ 0 ]: TIME: 1289564322
[ 12.11.2010 12:18:52 ]: [ NEWUSER ] [ 0 ]: TIME: 1289564332
[ 12.11.2010 12:18:52 ]: [   >>>   ] [ 0  ]: WELCOME
[ 12.11.2010 12:18:52 ]: [   <<<   ] [ 0  ]: NICK Lunova
USER Lunova Lunova 192.168.56.102 :Lunova
[ 12.11.2010 12:18:52 ]: [   >>>   ] [ 0  ]: ERROR;20
[ 12.11.2010 12:19:02 ]: [   >>>   ] [ 0  ]: PING
[ 12.11.2010 12:19:12 ]: [   >>>   ] [ 0  ]: ERROR;21
[ 12.11.2010 12:19:12 ]: [  KILLD  ] [ 0 ]: TIME: 1289564352
[ 12.11.2010 12:19:22 ]: [ NEWUSER ] [ 0 ]: TIME: 1289564362
[ 12.11.2010 12:19:22 ]: [   >>>   ] [ 0  ]: WELCOME
[ 12.11.2010 12:19:22 ]: [   <<<   ] [ 0  ]: NICK Lunova
USER Lunova Lunova 192.168.56.102 :Lunova
[ 12.11.2010 12:19:22 ]: [   >>>   ] [ 0  ]: ERROR;20
[ 12.11.2010 12:19:32 ]: [   >>>   ] [ 0  ]: PING
[ 12.11.2010 12:19:34 ]: [   <<<   ] [ 0  ]: pong
[ 12.11.2010 12:19:42 ]: [   >>>   ] [ 0  ]: PING
[ 12.11.2010 12:19:52 ]: [   >>>   ] [ 0  ]: ERROR;21
[ 12.11.2010 12:19:52 ]: [  KILLD  ] [ 0 ]: TIME: 1289564392
[ 12.11.2010 12:20:02 ]: [ NEWUSER ] [ 0 ]: TIME: 1289564402
[ 12.11.2010 12:20:02 ]: [   >>>   ] [ 0  ]: WELCOME
[ 12.11.2010 12:20:02 ]: [   <<<   ] [ 0  ]: NICK Lunova
USER Lunova Lunova 192.168.56.102 :Lunova
[ 12.11.2010 12:20:02 ]: [   >>>   ] [ 0  ]: ERROR;20
[ 12.11.2010 12:20:12 ]: [   >>>   ] [ 0  ]: PING
[ 12.11.2010 12:20:22 ]: [   >>>   ] [ 0  ]: ERROR;21
[ 12.11.2010 12:20:22 ]: [  KILLD  ] [ 0 ]: TIME: 1289564422
[ 12.11.2010 12:20:41 ]: [ NEWUSER ] [ 0 ]: TIME: 1289564441
[ 12.11.2010 12:20:41 ]: [   >>>   ] [ 0  ]: WELCOME
[ 12.11.2010 12:20:42 ]: [   >>>   ] [ 0  ]: PING
[ 12.11.2010 12:20:43 ]: [   <<<   ] [ 0  ]: pong
[ 12.11.2010 12:20:48 ]: [   <<<   ] [ 0  ]: login;xenor;4;lalaftw#!
[ 12.11.2010 12:20:48 ]: 3
[ 12.11.2010 12:20:48 ]: [   >>>   ] [ 0  ]: LOGIN;ERROR;12
[ 12.11.2010 12:20:52 ]: [   >>>   ] [ 0  ]: PING
[ 12.11.2010 12:21:02 ]: [   >>>   ] [ 0  ]: ERROR;21
[ 12.11.2010 12:21:02 ]: [  KILLD  ] [ 0 ]: TIME: 1289564462
