[ 15.11.2010 18:28:32 ]: Using Syslog: ./syslog/1289845713.log
[ 15.11.2010 18:28:32 ]: Game Server v0.1.5 starting up...
[ 15.11.2010 18:28:37 ]: PLAYER CONNECTED
[ 15.11.2010 18:28:42 ]: GAME CONNECTED
[ 15.11.2010 18:28:42 ]: CACHING GAME DATABASE
[ 15.11.2010 18:28:42 ]: DONE.
[ 15.11.2010 18:28:42 ]: LISTEN THREAD - READY
[ 15.11.2010 18:28:42 ]: SERVER UP AND RUNNING - READY
[ 15.11.2010 18:28:42 ]: [ NEWUSER ] [ 0 ]: TIME: 1289845723
[ 15.11.2010 18:28:42 ]: [   >>>   ] [ 0  ]: WELCOME
[ 15.11.2010 18:28:51 ]: [   <<<   ] [ 0  ]: login;xenor;0;lalaftw#
[ 15.11.2010 18:28:51 ]: [   >>>   ] [ 0  ]: LOGIN;ERROR;12
[ 15.11.2010 18:28:56 ]: [   <<<   ] [ 0  ]: login;xenor;0;lalaftw#!
[ 15.11.2010 18:28:56 ]: [   >>>   ] [ 1 xenor ]: LOGIN;OK
[ 15.11.2010 18:29:02 ]: [   <<<   ] [ 1 xenor ]: warp;42;42;42
[ 15.11.2010 18:29:02 ]: [   >>>   ] [ 1 xenor ]: WARP;OK;42;42;42
[ 15.11.2010 18:29:05 ]: [   <<<   ] [ 1 xenor ]: pos
[ 15.11.2010 18:29:05 ]: [   >>>   ] [ 1 xenor ]: [ 42 | 42 | 42 ]
[ 15.11.2010 18:31:42 ]: [   <<<   ] [ 1 xenor ]: warp;0;0;0
[ 15.11.2010 18:31:42 ]: [   >>>   ] [ 1 xenor ]: WARP;OK;0;0;0
[ 15.11.2010 18:31:43 ]: [   <<<   ] [ 1 xenor ]: pos
[ 15.11.2010 18:31:43 ]: [   >>>   ] [ 1 xenor ]: [ 0 | 0 | 0 ]
[ 15.11.2010 19:17:02 ]: [   <<<   ] [ 1 xenor ]: MOVE;0;0;0
[ 15.11.2010 19:17:02 ]: [   >>>   ] [ 1 xenor ]: ERROR;20
[ 15.11.2010 19:17:04 ]: [   <<<   ] [ 1 xenor ]: WARP;0;0;0
[ 15.11.2010 19:17:04 ]: [   >>>   ] [ 1 xenor ]: WARP;OK;0;0;0
[ 15.11.2010 19:17:05 ]: [   <<<   ] [ 1 xenor ]: pos
[ 15.11.2010 19:17:05 ]: [   >>>   ] [ 1 xenor ]: [ 0 | 0 | 0 ]
[ 15.11.2010 19:17:09 ]: [   <<<   ] [ 1 xenor ]: WARP;42;42;42
[ 15.11.2010 19:17:09 ]: [   >>>   ] [ 1 xenor ]: WARP;OK;42;42;42
[ 15.11.2010 19:17:11 ]: [   <<<   ] [ 1 xenor ]: POS
[ 15.11.2010 19:17:11 ]: [   >>>   ] [ 1 xenor ]: [ 42 | 42 | 42 ]
[ 15.11.2010 19:24:29 ]: [   <<<   ] [ 1 xenor ]: warp;0;1;2
[ 15.11.2010 19:24:29 ]: [   >>>   ] [ 1 xenor ]: WARP;OK;0;1;2
[ 15.11.2010 19:24:31 ]: [   <<<   ] [ 1 xenor ]: pos
[ 15.11.2010 19:24:31 ]: [   >>>   ] [ 1 xenor ]: [ 0 | 1 | 2 ]
