[ 12.11.2010 16:44:52 ]: Using Syslog: ./syslog/1289580292.log
[ 12.11.2010 16:44:52 ]: Game Server v0.1.5 starting up...
[ 12.11.2010 16:44:56 ]: PLAYER CONNECTED
[ 12.11.2010 16:45:01 ]: GAME CONNECTED
[ 12.11.2010 16:45:01 ]: CACHING GAME DATABASE
[ 12.11.2010 16:45:01 ]: DONE.
[ 12.11.2010 16:45:01 ]: LISTEN THREAD - READY
[ 12.11.2010 16:45:01 ]: SERVER UP AND RUNNING - READY
[ 12.11.2010 16:45:27 ]: [ NEWUSER ] [ 0 ]: TIME: 1289580328
[ 12.11.2010 16:45:27 ]: [   >>>   ] [ 0  ]: WELCOME
[ 12.11.2010 16:45:28 ]: [ NEWUSER ] [ 0 ]: TIME: 1289580329
[ 12.11.2010 16:45:28 ]: [   >>>   ] [ 0  ]: WELCOME
[ 12.11.2010 16:45:33 ]: [   <<<   ] [ 0  ]: notice;opfer
[ 12.11.2010 16:45:33 ]: [    N    ] [ 0 ]: opfer
[ 12.11.2010 16:45:33 ]: [   >>>   ] [ 0  ]: NOTICE;opfer
[ 12.11.2010 16:45:33 ]: [   >>>   ] [ 0  ]: NOTICE;opfer
[ 12.11.2010 17:03:11 ]: [   <<<   ] [ 0  ]: message;;lolwas
[ 12.11.2010 17:03:11 ]: [   >>>   ] [ 0  ]: MESSAGE;;lolwas
[ 12.11.2010 17:03:11 ]: [   >>>   ] [ 0  ]: MESSAGE;;lolwas
[ 12.11.2010 17:36:31 ]: [   <<<   ] [ 0  ]: message;;test
[ 12.11.2010 17:36:31 ]: [   >>>   ] [ 0  ]: MESSAGE;;test
[ 12.11.2010 17:36:31 ]: [   >>>   ] [ 0  ]: MESSAGE;;test
[ 12.11.2010 17:36:36 ]: [   <<<   ] [ 0  ]: nick;xenor
[ 12.11.2010 17:36:36 ]: [   >>>   ] [ 0 xenor ]: NICK;OK
[ 12.11.2010 17:36:40 ]: [   <<<   ] [ 0  ]: nick;gamerxl
[ 12.11.2010 17:36:40 ]: [   >>>   ] [ 0 gamerxl ]: NICK;OK
