[ 12.11.2010 11:15:44 ]: Using Syslog: ./syslog/1289560545.log
[ 12.11.2010 11:15:44 ]: Game Server v0.1.5 starting up...
[ 12.11.2010 11:15:49 ]: PLAYER CONNECTED
[ 12.11.2010 11:15:53 ]: GAME CONNECTED
[ 12.11.2010 11:15:53 ]: CACHING GAME DATABASE
[ 12.11.2010 11:15:53 ]: DONE.
[ 12.11.2010 11:15:53 ]: LISTEN THREAD - READY
[ 12.11.2010 11:15:53 ]: PING THREAD READY
[ 12.11.2010 11:15:53 ]: SERVER UP AND RUNNING - READY
[ 12.11.2010 11:15:54 ]: [ NEWUSER ] [ 0 ]: TIME: 1289560555
[ 12.11.2010 11:15:54 ]: [   >>>   ] [ 0  ]: WELCOME
[ 12.11.2010 11:15:54 ]: [   >>>   ] [ 0  ]: PING
[ 12.11.2010 11:15:54 ]: 1
[ 12.11.2010 11:15:55 ]: [   >>>   ] [ 0  ]: PING
[ 12.11.2010 11:15:55 ]: 0
[ 12.11.2010 11:15:56 ]: -1
[ 12.11.2010 11:15:57 ]: -2
[ 12.11.2010 11:15:58 ]: -3
[ 12.11.2010 11:15:59 ]: -4
[ 12.11.2010 11:16:00 ]: -5
[ 12.11.2010 11:16:01 ]: -6
[ 12.11.2010 11:16:02 ]: -7
[ 12.11.2010 11:16:03 ]: -8
[ 12.11.2010 11:16:04 ]: -9
[ 12.11.2010 11:16:05 ]: -10
[ 12.11.2010 11:16:06 ]: -11
[ 12.11.2010 11:16:07 ]: -12
[ 12.11.2010 11:16:08 ]: -13
[ 12.11.2010 11:16:09 ]: -14
[ 12.11.2010 11:16:10 ]: -15
[ 12.11.2010 11:16:11 ]: -16
[ 12.11.2010 11:16:12 ]: -17
[ 12.11.2010 11:16:13 ]: -18
[ 12.11.2010 11:16:14 ]: -19
[ 12.11.2010 11:16:15 ]: -20
[ 12.11.2010 11:16:16 ]: -21
[ 12.11.2010 11:16:17 ]: -22
[ 12.11.2010 11:16:18 ]: -23
[ 12.11.2010 11:16:19 ]: -24
[ 12.11.2010 11:16:20 ]: -25
[ 12.11.2010 11:16:21 ]: -26
[ 12.11.2010 11:16:22 ]: -27
[ 12.11.2010 11:16:23 ]: -28
[ 12.11.2010 11:16:24 ]: -29
[ 12.11.2010 11:16:25 ]: -30
[ 12.11.2010 11:16:26 ]: -31
[ 12.11.2010 11:16:27 ]: -32
[ 12.11.2010 11:16:28 ]: -33
[ 12.11.2010 11:16:29 ]: -34
[ 12.11.2010 11:16:30 ]: -35
[ 12.11.2010 11:16:31 ]: -36
[ 12.11.2010 11:16:32 ]: -37
[ 12.11.2010 11:16:33 ]: -38
[ 12.11.2010 11:16:34 ]: -39
[ 12.11.2010 11:16:35 ]: -40
[ 12.11.2010 11:16:36 ]: -41
[ 12.11.2010 11:16:37 ]: -42
[ 12.11.2010 11:16:38 ]: -43
[ 12.11.2010 11:16:39 ]: -44
[ 12.11.2010 11:16:40 ]: -45
[ 12.11.2010 11:16:41 ]: -46
[ 12.11.2010 11:16:42 ]: -47
[ 12.11.2010 11:16:43 ]: -48
[ 12.11.2010 11:16:44 ]: -49
[ 12.11.2010 11:16:45 ]: -50
[ 12.11.2010 11:16:46 ]: -51
[ 12.11.2010 11:16:47 ]: -52
[ 12.11.2010 11:16:48 ]: -53
[ 12.11.2010 11:16:49 ]: -54
[ 12.11.2010 11:16:50 ]: -55
[ 12.11.2010 11:16:51 ]: -56
[ 12.11.2010 11:16:52 ]: -57
[ 12.11.2010 11:16:53 ]: -58
[ 12.11.2010 11:16:54 ]: -59
[ 12.11.2010 11:16:55 ]: -60
[ 12.11.2010 11:16:56 ]: -61
[ 12.11.2010 11:16:57 ]: -62
[ 12.11.2010 11:16:58 ]: -63
[ 12.11.2010 11:16:59 ]: -64
[ 12.11.2010 11:17:00 ]: -65
[ 12.11.2010 11:17:01 ]: -66
[ 12.11.2010 11:17:02 ]: -67
[ 12.11.2010 11:17:03 ]: -68
[ 12.11.2010 11:17:04 ]: -69
[ 12.11.2010 11:17:05 ]: -70
[ 12.11.2010 11:17:06 ]: -71
[ 12.11.2010 11:17:07 ]: -72
[ 12.11.2010 11:17:08 ]: -73
[ 12.11.2010 11:17:09 ]: -74
[ 12.11.2010 11:17:10 ]: -75
[ 12.11.2010 11:17:11 ]: -76
[ 12.11.2010 11:17:12 ]: -77
[ 12.11.2010 11:17:13 ]: -78
[ 12.11.2010 11:17:14 ]: -79
[ 12.11.2010 11:17:15 ]: -80
