[ 12.11.2010 11:53:23 ]: Using Syslog: ./syslog/1289562803.log
[ 12.11.2010 11:53:23 ]: Game Server v0.1.5 starting up...
[ 12.11.2010 11:53:28 ]: PLAYER CONNECTED
[ 12.11.2010 11:53:32 ]: GAME CONNECTED
[ 12.11.2010 11:53:32 ]: CACHING GAME DATABASE
[ 12.11.2010 11:53:32 ]: DONE.
[ 12.11.2010 11:53:32 ]: LISTEN THREAD - READY
[ 12.11.2010 11:53:32 ]: PING THREAD READY
[ 12.11.2010 11:53:32 ]: SERVER UP AND RUNNING - READY
[ 12.11.2010 11:53:33 ]: [ NEWUSER ] [ 0 ]: TIME: 1289562814
[ 12.11.2010 11:53:33 ]: [   >>>   ] [ 0  ]: WELCOME
[ 12.11.2010 11:53:39 ]: [   <<<   ] [ 0  ]: login;xenor;4;lalaftw#!
[ 12.11.2010 11:53:39 ]: [   >>>   ] [ 0  ]: LOGIN;ERROR;12
[ 12.11.2010 11:53:42 ]: [   >>>   ] [ 0  ]: PING
[ 12.11.2010 11:53:44 ]: [   <<<   ] [ 0  ]: pong
[ 12.11.2010 11:53:52 ]: [   >>>   ] [ 0  ]: PING
[ 12.11.2010 11:54:02 ]: [   >>>   ] [ 0  ]: ERROR;21
[ 12.11.2010 11:54:02 ]: [  KILLD  ] [ 0 ]: TIME: 1289562843
[ 12.11.2010 11:57:20 ]: [ NEWUSER ] [ 0 ]: TIME: 1289563040
[ 12.11.2010 11:57:20 ]: [   >>>   ] [ 0  ]: WELCOME
[ 12.11.2010 11:57:21 ]: [   <<<   ] [ 0  ]: pong
[ 12.11.2010 11:57:22 ]: [   >>>   ] [ 0  ]: PING
[ 12.11.2010 11:57:25 ]: [   <<<   ] [ 0  ]: opng
[ 12.11.2010 11:57:25 ]: [   >>>   ] [ 0  ]: ERROR;20
[ 12.11.2010 11:57:26 ]: [   <<<   ] [ 0  ]: pong
[ 12.11.2010 11:57:31 ]: [   <<<   ] [ 0  ]: login;xenor;4;lalaftw#!
[ 12.11.2010 11:57:31 ]: [   >>>   ] [ 0  ]: LOGIN;ERROR;12
[ 12.11.2010 11:57:32 ]: [   >>>   ] [ 0  ]: PING
[ 12.11.2010 11:57:42 ]: [   >>>   ] [ 0  ]: ERROR;21
[ 12.11.2010 11:57:42 ]: [  KILLD  ] [ 0 ]: TIME: 1289563063
