[ 12.11.2010 11:23:34 ]: Using Syslog: ./syslog/1289561014.log
[ 12.11.2010 11:23:34 ]: Game Server v0.1.5 starting up...
[ 12.11.2010 11:23:39 ]: PLAYER CONNECTED
[ 12.11.2010 11:23:43 ]: GAME CONNECTED
[ 12.11.2010 11:23:43 ]: CACHING GAME DATABASE
[ 12.11.2010 11:23:43 ]: DONE.
[ 12.11.2010 11:23:43 ]: LISTEN THREAD - READY
[ 12.11.2010 11:23:43 ]: PING THREAD READY
[ 12.11.2010 11:23:43 ]: SERVER UP AND RUNNING - READY
[ 12.11.2010 11:23:45 ]: [ NEWUSER ] [ 0 ]: TIME: 1289561025
[ 12.11.2010 11:23:45 ]: [   >>>   ] [ 0  ]: WELCOME
[ 12.11.2010 11:23:45 ]: [   >>>   ] [ 0  ]: PING
[ 12.11.2010 11:23:46 ]: [   >>>   ] [ 0  ]: ERROR;21
[ 12.11.2010 11:23:46 ]: [  KILLD  ] [ 0 ]: TIME: 1289561027
[ 12.11.2010 11:26:34 ]: [ NEWUSER ] [ 0 ]: TIME: 1289561194
[ 12.11.2010 11:26:34 ]: [   >>>   ] [ 0  ]: WELCOME
[ 12.11.2010 11:26:34 ]: [   >>>   ] [ 0  ]: PING
[ 12.11.2010 11:26:35 ]: [   >>>   ] [ 0  ]: ERROR;21
[ 12.11.2010 11:26:35 ]: [  KILLD  ] [ 0 ]: TIME: 1289561196
[ 12.11.2010 11:26:38 ]: [ NEWUSER ] [ 0 ]: TIME: 1289561198
[ 12.11.2010 11:26:38 ]: [   >>>   ] [ 0  ]: WELCOME
[ 12.11.2010 11:26:38 ]: [   >>>   ] [ 0  ]: PING
[ 12.11.2010 11:26:39 ]: [   >>>   ] [ 0  ]: ERROR;21
[ 12.11.2010 11:26:39 ]: [  KILLD  ] [ 0 ]: TIME: 1289561200
[ 12.11.2010 11:27:06 ]: [ NEWUSER ] [ 0 ]: TIME: 1289561226
[ 12.11.2010 11:27:06 ]: [   >>>   ] [ 0  ]: WELCOME
[ 12.11.2010 11:27:06 ]: [   >>>   ] [ 0  ]: PING
[ 12.11.2010 11:27:07 ]: [   >>>   ] [ 0  ]: ERROR;21
[ 12.11.2010 11:27:07 ]: [  KILLD  ] [ 0 ]: TIME: 1289561228
[ 12.11.2010 11:27:11 ]: [ NEWUSER ] [ 0 ]: TIME: 1289561232
[ 12.11.2010 11:27:11 ]: [   >>>   ] [ 0  ]: WELCOME
[ 12.11.2010 11:27:11 ]: [   >>>   ] [ 0  ]: PING
[ 12.11.2010 11:27:12 ]: [   >>>   ] [ 0  ]: PING
[ 12.11.2010 11:27:13 ]: [   >>>   ] [ 0  ]: ERROR;21
[ 12.11.2010 11:27:13 ]: [  KILLD  ] [ 0 ]: TIME: 1289561234
[ 12.11.2010 11:28:02 ]: [ NEWUSER ] [ 0 ]: TIME: 1289561282
[ 12.11.2010 11:28:02 ]: [   >>>   ] [ 0  ]: WELCOME
[ 12.11.2010 11:28:02 ]: [   >>>   ] [ 0  ]: PING
[ 12.11.2010 11:28:03 ]: [   >>>   ] [ 0  ]: ERROR;21
[ 12.11.2010 11:28:03 ]: [  KILLD  ] [ 0 ]: TIME: 1289561284
[ 12.11.2010 11:28:05 ]: [ NEWUSER ] [ 0 ]: TIME: 1289561285
[ 12.11.2010 11:28:05 ]: [   >>>   ] [ 0  ]: WELCOME
[ 12.11.2010 11:28:05 ]: [   >>>   ] [ 0  ]: PING
[ 12.11.2010 11:28:06 ]: [   >>>   ] [ 0  ]: ERROR;21
[ 12.11.2010 11:28:06 ]: [  KILLD  ] [ 0 ]: TIME: 1289561287
[ 12.11.2010 11:28:08 ]: [ NEWUSER ] [ 0 ]: TIME: 1289561289
[ 12.11.2010 11:28:08 ]: [   >>>   ] [ 0  ]: WELCOME
[ 12.11.2010 11:28:09 ]: [   >>>   ] [ 0  ]: PING
[ 12.11.2010 11:28:10 ]: [   <<<   ] [ 0  ]: LOGN
[ 12.11.2010 11:28:10 ]: [   >>>   ] [ 0  ]: ERROR;20
[ 12.11.2010 11:28:10 ]: [   >>>   ] [ 0  ]: ERROR;21
[ 12.11.2010 11:28:10 ]: [  KILLD  ] [ 0 ]: TIME: 1289561291
[ 12.11.2010 11:28:12 ]: [ NEWUSER ] [ 0 ]: TIME: 1289561292
[ 12.11.2010 11:28:12 ]: [   >>>   ] [ 0  ]: WELCOME
[ 12.11.2010 11:28:12 ]: [   >>>   ] [ 0  ]: PING
[ 12.11.2010 11:28:13 ]: [   <<<   ] [ 0  ]: fes
[ 12.11.2010 11:28:13 ]: [   >>>   ] [ 0  ]: ERROR;20
[ 12.11.2010 11:28:13 ]: [   <<<   ] [ 0  ]: 
[ 12.11.2010 11:28:13 ]: [   >>>   ] [ 0  ]: ERROR;20
[ 12.11.2010 11:28:13 ]: [   <<<   ] [ 0  ]: efs
[ 12.11.2010 11:28:13 ]: [   >>>   ] [ 0  ]: ERROR;20
[ 12.11.2010 11:28:13 ]: [   <<<   ] [ 0  ]: fe
[ 12.11.2010 11:28:13 ]: [   >>>   ] [ 0  ]: ERROR;20
[ 12.11.2010 11:28:13 ]: [   >>>   ] [ 0  ]: ERROR;21
[ 12.11.2010 11:28:13 ]: [  KILLD  ] [ 0 ]: TIME: 1289561294
[ 12.11.2010 11:28:16 ]: [ NEWUSER ] [ 0 ]: TIME: 1289561297
[ 12.11.2010 11:28:16 ]: [   >>>   ] [ 0  ]: WELCOME
[ 12.11.2010 11:28:16 ]: [   >>>   ] [ 0  ]: PING
[ 12.11.2010 11:28:17 ]: [   >>>   ] [ 0  ]: PING
[ 12.11.2010 11:28:18 ]: [   >>>   ] [ 0  ]: ERROR;21
[ 12.11.2010 11:28:18 ]: [  KILLD  ] [ 0 ]: TIME: 1289561299
[ 12.11.2010 11:48:43 ]: [ NEWUSER ] [ 0 ]: TIME: 1289562523
[ 12.11.2010 11:48:43 ]: [   >>>   ] [ 0  ]: WELCOME
[ 12.11.2010 11:48:43 ]: [   >>>   ] [ 0  ]: PING
[ 12.11.2010 11:48:44 ]: [   >>>   ] [ 0  ]: PING
[ 12.11.2010 11:48:44 ]: [   <<<   ] [ 0  ]: lolwas
[ 12.11.2010 11:48:44 ]: [   >>>   ] [ 0  ]: ERROR;20
[ 12.11.2010 11:48:45 ]: [   <<<   ] [ 0  ]: pogn
[ 12.11.2010 11:48:45 ]: [   >>>   ] [ 0  ]: ERROR;20
[ 12.11.2010 11:48:45 ]: [   >>>   ] [ 0  ]: ERROR;21
[ 12.11.2010 11:48:45 ]: [  KILLD  ] [ 0 ]: TIME: 1289562525
[ 12.11.2010 11:48:47 ]: [ NEWUSER ] [ 0 ]: TIME: 1289562528
[ 12.11.2010 11:48:47 ]: [   >>>   ] [ 0  ]: WELCOME
[ 12.11.2010 11:48:48 ]: [   >>>   ] [ 0  ]: PING
[ 12.11.2010 11:48:48 ]: [   <<<   ] [ 0  ]: pong
[ 12.11.2010 11:48:49 ]: [   >>>   ] [ 0  ]: PING
[ 12.11.2010 11:48:50 ]: [   >>>   ] [ 0  ]: PING
[ 12.11.2010 11:48:50 ]: [   <<<   ] [ 0  ]: pogn
[ 12.11.2010 11:48:50 ]: [   >>>   ] [ 0  ]: ERROR;20
[ 12.11.2010 11:48:51 ]: [   <<<   ] [ 0  ]: pong
[ 12.11.2010 11:48:51 ]: [   >>>   ] [ 0  ]: PING
[ 12.11.2010 11:48:52 ]: [   >>>   ] [ 0  ]: PING
[ 12.11.2010 11:48:53 ]: [   >>>   ] [ 0  ]: ERROR;21
[ 12.11.2010 11:48:53 ]: [  KILLD  ] [ 0 ]: TIME: 1289562533
