[ 12.11.2010 18:30:33 ]: Using Syslog: ./syslog/1289586633.log
[ 12.11.2010 18:30:33 ]: Game Server v0.1.5 starting up...
[ 12.11.2010 18:30:37 ]: PLAYER CONNECTED
[ 12.11.2010 18:30:42 ]: GAME CONNECTED
[ 12.11.2010 18:30:42 ]: CACHING GAME DATABASE
[ 12.11.2010 18:30:42 ]: DONE.
[ 12.11.2010 18:30:42 ]: LISTEN THREAD - READY
[ 12.11.2010 18:30:42 ]: PING THREAD READY
[ 12.11.2010 18:30:42 ]: SERVER UP AND RUNNING - READY
[ 12.11.2010 18:30:43 ]: [ NEWUSER ] [ 0 ]: TIME: 1289586643
[ 12.11.2010 18:30:43 ]: [   >>>   ] [ 0  ]: WELCOME
[ 12.11.2010 18:30:48 ]: [   >>>   ] [ 0  ]: PING
[ 12.11.2010 18:30:49 ]: [   <<<   ] [ 0  ]: pong
[ 12.11.2010 18:30:54 ]: [   >>>   ] [ 0  ]: PING
[ 12.11.2010 18:30:55 ]: [   <<<   ] [ 0  ]: pong
[ 12.11.2010 18:31:00 ]: [   >>>   ] [ 0  ]: PING
[ 12.11.2010 18:31:01 ]: [   <<<   ] [ 0  ]: pong
[ 12.11.2010 18:31:06 ]: [   >>>   ] [ 0  ]: PING
[ 12.11.2010 18:31:07 ]: [   <<<   ] [ 0  ]: pong
[ 12.11.2010 18:31:12 ]: [   >>>   ] [ 0  ]: PING
[ 12.11.2010 18:31:14 ]: [   <<<   ] [ 0  ]: pong
[ 12.11.2010 18:31:18 ]: [   >>>   ] [ 0  ]: PING
[ 12.11.2010 18:31:19 ]: [   <<<   ] [ 0  ]: pong
[ 12.11.2010 18:31:24 ]: [   >>>   ] [ 0  ]: PING
[ 12.11.2010 18:31:25 ]: [   <<<   ] [ 0  ]: pong
[ 12.11.2010 18:31:30 ]: [   >>>   ] [ 0  ]: PING
[ 12.11.2010 18:31:30 ]: [   <<<   ] [ 0  ]: pong
[ 12.11.2010 18:31:36 ]: [   >>>   ] [ 0  ]: PING
[ 12.11.2010 18:31:36 ]: [   <<<   ] [ 0  ]: pong
[ 12.11.2010 18:31:42 ]: [   >>>   ] [ 0  ]: PING
[ 12.11.2010 18:31:48 ]: [   >>>   ] [ 0  ]: ERROR;21
[ 12.11.2010 18:31:48 ]: [  KILLD  ] [ 0 ]: TIME: 1289586708
