[ 15.11.2010 19:33:58 ]: Using Syslog: ./syslog/1289849638.log
[ 15.11.2010 19:33:58 ]: Game Server v0.1.5 starting up...
[ 15.11.2010 19:34:02 ]: PLAYER CONNECTED
[ 15.11.2010 19:34:07 ]: GAME CONNECTED
[ 15.11.2010 19:34:07 ]: CACHING GAME DATABASE
[ 15.11.2010 19:34:07 ]: DONE.
[ 15.11.2010 19:34:07 ]: LISTEN THREAD - READY
[ 15.11.2010 19:34:07 ]: SERVER UP AND RUNNING - READY
[ 15.11.2010 19:34:13 ]: [ NEWUSER ] [ 0 ]: TIME: 1289849653
[ 15.11.2010 19:34:13 ]: [   >>>   ] [ 0  ]: WELCOME
[ 15.11.2010 19:34:14 ]: [ NEWUSER ] [ 0 ]: TIME: 1289849655
[ 15.11.2010 19:34:14 ]: [   >>>   ] [ 0  ]: WELCOME
[ 15.11.2010 19:34:20 ]: [   <<<   ] [ 0  ]: login;xenor;0;lalaftw#!
[ 15.11.2010 19:34:20 ]: [   >>>   ] [ 1 xenor ]: LOGIN;OK
[ 15.11.2010 19:34:22 ]: [   <<<   ] [ 0  ]: log;xenor
[ 15.11.2010 19:34:24 ]: [   <<<   ] [ 1 xenor ]: test
[ 15.11.2010 19:34:24 ]: [   >>>   ] [ 0  ]: test
[ 15.11.2010 19:34:24 ]: [   >>>   ] [ 1 xenor ]: ERROR;20
[ 15.11.2010 19:34:24 ]: [   >>>   ] [ 0  ]: [   >>>   ] [ 1 xenor ]: ERROR;20
[ 15.11.2010 19:34:27 ]: [   <<<   ] [ 1 xenor ]: opfer
[ 15.11.2010 19:34:27 ]: [   >>>   ] [ 0  ]: opfer
[ 15.11.2010 19:34:27 ]: [   >>>   ] [ 1 xenor ]: ERROR;20
[ 15.11.2010 19:34:27 ]: [   >>>   ] [ 0  ]: [   >>>   ] [ 1 xenor ]: ERROR;20
