[ 12.11.2010 11:15:08 ]: Using Syslog: ./syslog/1289560509.log
[ 12.11.2010 11:15:08 ]: Game Server v0.1.5 starting up...
[ 12.11.2010 11:15:13 ]: PLAYER CONNECTED
[ 12.11.2010 11:15:17 ]: GAME CONNECTED
[ 12.11.2010 11:15:17 ]: CACHING GAME DATABASE
[ 12.11.2010 11:15:17 ]: DONE.
[ 12.11.2010 11:15:17 ]: LISTEN THREAD - READY
[ 12.11.2010 11:15:17 ]: PING THREAD READY
[ 12.11.2010 11:15:17 ]: SERVER UP AND RUNNING - READY
[ 12.11.2010 11:15:18 ]: [ NEWUSER ] [ 0 ]: TIME: 1289560519
[ 12.11.2010 11:15:18 ]: [   >>>   ] [ 0  ]: WELCOME
[ 12.11.2010 11:15:18 ]: [   >>>   ] [ 0  ]: PING
[ 12.11.2010 11:15:18 ]: 0
[ 12.11.2010 11:15:19 ]: [   >>>   ] [ 0  ]: PING
[ 12.11.2010 11:15:19 ]: 0
[ 12.11.2010 11:15:19 ]: [   >>>   ] [ 0  ]: PING
[ 12.11.2010 11:15:19 ]: 0
[ 12.11.2010 11:15:19 ]: [   >>>   ] [ 0  ]: PING
[ 12.11.2010 11:15:19 ]: 0
[ 12.11.2010 11:15:19 ]: [   >>>   ] [ 0  ]: PING
[ 12.11.2010 11:15:19 ]: 0
[ 12.11.2010 11:15:19 ]: [   >>>   ] [ 0  ]: PING
[ 12.11.2010 11:15:19 ]: 0
[ 12.11.2010 11:15:19 ]: -1
[ 12.11.2010 11:15:19 ]: -1
[ 12.11.2010 11:15:19 ]: -1
[ 12.11.2010 11:15:19 ]: -1
[ 12.11.2010 11:15:19 ]: -1
[ 12.11.2010 11:15:20 ]: -1
[ 12.11.2010 11:15:20 ]: -1
[ 12.11.2010 11:15:20 ]: -1
[ 12.11.2010 11:15:20 ]: -1
[ 12.11.2010 11:15:20 ]: -1
[ 12.11.2010 11:15:20 ]: -2
[ 12.11.2010 11:15:20 ]: -2
[ 12.11.2010 11:15:20 ]: -2
[ 12.11.2010 11:15:20 ]: -2
[ 12.11.2010 11:15:20 ]: -2
[ 12.11.2010 11:15:21 ]: -2
[ 12.11.2010 11:15:21 ]: -2
[ 12.11.2010 11:15:21 ]: -2
[ 12.11.2010 11:15:21 ]: -2
[ 12.11.2010 11:15:21 ]: -2
[ 12.11.2010 11:15:21 ]: -3
[ 12.11.2010 11:15:21 ]: -3
[ 12.11.2010 11:15:21 ]: -3
[ 12.11.2010 11:15:21 ]: -3
[ 12.11.2010 11:15:21 ]: -3
[ 12.11.2010 11:15:22 ]: -3
[ 12.11.2010 11:15:22 ]: -3
[ 12.11.2010 11:15:22 ]: -3
[ 12.11.2010 11:15:22 ]: -3
[ 12.11.2010 11:15:22 ]: -3
[ 12.11.2010 11:15:22 ]: -4
[ 12.11.2010 11:15:22 ]: -4
[ 12.11.2010 11:15:22 ]: -4
[ 12.11.2010 11:15:22 ]: -4
[ 12.11.2010 11:15:22 ]: -4
[ 12.11.2010 11:15:23 ]: -4
[ 12.11.2010 11:15:23 ]: -4
[ 12.11.2010 11:15:23 ]: -4
[ 12.11.2010 11:15:23 ]: -4
[ 12.11.2010 11:15:23 ]: -4
[ 12.11.2010 11:15:23 ]: -5
[ 12.11.2010 11:15:23 ]: -5
[ 12.11.2010 11:15:23 ]: -5
[ 12.11.2010 11:15:23 ]: -5
[ 12.11.2010 11:15:23 ]: -5
[ 12.11.2010 11:15:24 ]: -5
[ 12.11.2010 11:15:24 ]: -5
[ 12.11.2010 11:15:24 ]: -5
[ 12.11.2010 11:15:24 ]: -5
[ 12.11.2010 11:15:24 ]: -5
[ 12.11.2010 11:15:24 ]: -6
[ 12.11.2010 11:15:24 ]: -6
[ 12.11.2010 11:15:24 ]: -6
[ 12.11.2010 11:15:24 ]: -6
[ 12.11.2010 11:15:24 ]: -6
[ 12.11.2010 11:15:25 ]: -6
[ 12.11.2010 11:15:25 ]: -6
[ 12.11.2010 11:15:25 ]: -6
[ 12.11.2010 11:15:25 ]: -6
[ 12.11.2010 11:15:25 ]: -6
[ 12.11.2010 11:15:25 ]: -7
[ 12.11.2010 11:15:25 ]: -7
[ 12.11.2010 11:15:25 ]: -7
[ 12.11.2010 11:15:25 ]: -7
[ 12.11.2010 11:15:25 ]: -7
[ 12.11.2010 11:15:26 ]: -7
[ 12.11.2010 11:15:26 ]: -7
[ 12.11.2010 11:15:26 ]: -7
[ 12.11.2010 11:15:26 ]: -7
[ 12.11.2010 11:15:26 ]: -7
[ 12.11.2010 11:15:26 ]: -8
[ 12.11.2010 11:15:26 ]: -8
[ 12.11.2010 11:15:26 ]: -8
[ 12.11.2010 11:15:26 ]: -8
[ 12.11.2010 11:15:26 ]: -8
[ 12.11.2010 11:15:27 ]: -8
[ 12.11.2010 11:15:27 ]: -8
[ 12.11.2010 11:15:27 ]: -8
[ 12.11.2010 11:15:27 ]: -8
[ 12.11.2010 11:15:27 ]: -8
[ 12.11.2010 11:15:27 ]: -9
[ 12.11.2010 11:15:27 ]: -9
[ 12.11.2010 11:15:27 ]: -9
[ 12.11.2010 11:15:27 ]: -9
[ 12.11.2010 11:15:28 ]: -9
[ 12.11.2010 11:15:28 ]: -9
[ 12.11.2010 11:15:28 ]: -9
[ 12.11.2010 11:15:28 ]: -9
[ 12.11.2010 11:15:28 ]: -9
[ 12.11.2010 11:15:28 ]: -10
[ 12.11.2010 11:15:28 ]: -10
[ 12.11.2010 11:15:28 ]: -10
[ 12.11.2010 11:15:28 ]: -10
[ 12.11.2010 11:15:28 ]: -10
[ 12.11.2010 11:15:29 ]: -10
[ 12.11.2010 11:15:29 ]: -10
[ 12.11.2010 11:15:29 ]: -10
[ 12.11.2010 11:15:29 ]: -10
[ 12.11.2010 11:15:29 ]: -10
[ 12.11.2010 11:15:29 ]: -11
[ 12.11.2010 11:15:29 ]: -11
[ 12.11.2010 11:15:29 ]: -11
[ 12.11.2010 11:15:29 ]: -11
[ 12.11.2010 11:15:29 ]: -11
[ 12.11.2010 11:15:30 ]: -11
[ 12.11.2010 11:15:30 ]: -11
[ 12.11.2010 11:15:30 ]: -11
[ 12.11.2010 11:15:30 ]: -11
[ 12.11.2010 11:15:30 ]: -11
[ 12.11.2010 11:15:30 ]: -12
[ 12.11.2010 11:15:30 ]: -12
[ 12.11.2010 11:15:30 ]: -12
[ 12.11.2010 11:15:30 ]: -12
[ 12.11.2010 11:15:30 ]: -12
[ 12.11.2010 11:15:31 ]: -12
[ 12.11.2010 11:15:31 ]: -12
[ 12.11.2010 11:15:31 ]: -12
[ 12.11.2010 11:15:31 ]: -12
[ 12.11.2010 11:15:31 ]: -12
[ 12.11.2010 11:15:31 ]: -13
[ 12.11.2010 11:15:31 ]: -13
[ 12.11.2010 11:15:31 ]: -13
[ 12.11.2010 11:15:31 ]: -13
[ 12.11.2010 11:15:31 ]: -13
[ 12.11.2010 11:15:32 ]: -13
[ 12.11.2010 11:15:32 ]: -13
[ 12.11.2010 11:15:32 ]: -13
[ 12.11.2010 11:15:32 ]: -13
[ 12.11.2010 11:15:32 ]: -13
[ 12.11.2010 11:15:32 ]: -14
[ 12.11.2010 11:15:32 ]: -14
[ 12.11.2010 11:15:32 ]: -14
[ 12.11.2010 11:15:32 ]: -14
[ 12.11.2010 11:15:32 ]: -14
[ 12.11.2010 11:15:33 ]: -14
[ 12.11.2010 11:15:33 ]: -14
[ 12.11.2010 11:15:33 ]: -14
[ 12.11.2010 11:15:33 ]: -14
[ 12.11.2010 11:15:33 ]: -14
[ 12.11.2010 11:15:33 ]: -15
[ 12.11.2010 11:15:33 ]: -15
[ 12.11.2010 11:15:33 ]: -15
[ 12.11.2010 11:15:33 ]: -15
[ 12.11.2010 11:15:33 ]: -15
[ 12.11.2010 11:15:34 ]: -15
[ 12.11.2010 11:15:34 ]: -15
[ 12.11.2010 11:15:34 ]: -15
[ 12.11.2010 11:15:34 ]: -15
[ 12.11.2010 11:15:34 ]: -15
[ 12.11.2010 11:15:34 ]: -16
[ 12.11.2010 11:15:34 ]: -16
[ 12.11.2010 11:15:34 ]: -16
[ 12.11.2010 11:15:34 ]: -16
[ 12.11.2010 11:15:34 ]: -16
[ 12.11.2010 11:15:35 ]: -16
[ 12.11.2010 11:15:35 ]: -16
[ 12.11.2010 11:15:35 ]: -16
[ 12.11.2010 11:15:35 ]: -16
[ 12.11.2010 11:15:35 ]: -16
[ 12.11.2010 11:15:35 ]: -17
[ 12.11.2010 11:15:35 ]: -17
[ 12.11.2010 11:15:35 ]: -17
[ 12.11.2010 11:15:35 ]: -17
[ 12.11.2010 11:15:35 ]: -17
[ 12.11.2010 11:15:36 ]: -17
[ 12.11.2010 11:15:36 ]: -17
[ 12.11.2010 11:15:36 ]: -17
[ 12.11.2010 11:15:36 ]: -17
[ 12.11.2010 11:15:36 ]: -17
[ 12.11.2010 11:15:36 ]: -18
[ 12.11.2010 11:15:36 ]: -18
[ 12.11.2010 11:15:36 ]: -18
[ 12.11.2010 11:15:36 ]: -18
[ 12.11.2010 11:15:36 ]: -18
[ 12.11.2010 11:15:37 ]: -18
[ 12.11.2010 11:15:37 ]: -18
[ 12.11.2010 11:15:37 ]: -18
[ 12.11.2010 11:15:37 ]: -18
[ 12.11.2010 11:15:37 ]: -18
[ 12.11.2010 11:15:37 ]: -19
[ 12.11.2010 11:15:37 ]: -19
[ 12.11.2010 11:15:37 ]: -19
[ 12.11.2010 11:15:37 ]: -19
[ 12.11.2010 11:15:37 ]: -19
[ 12.11.2010 11:15:38 ]: -19
[ 12.11.2010 11:15:38 ]: -19
[ 12.11.2010 11:15:38 ]: -19
[ 12.11.2010 11:15:38 ]: -19
[ 12.11.2010 11:15:38 ]: -19
[ 12.11.2010 11:15:38 ]: -20
[ 12.11.2010 11:15:38 ]: -20
[ 12.11.2010 11:15:38 ]: -20
[ 12.11.2010 11:15:38 ]: -20
[ 12.11.2010 11:15:38 ]: -20
[ 12.11.2010 11:15:39 ]: -20
[ 12.11.2010 11:15:39 ]: -20
[ 12.11.2010 11:15:39 ]: -20
[ 12.11.2010 11:15:39 ]: -20
[ 12.11.2010 11:15:39 ]: -20
[ 12.11.2010 11:15:39 ]: -21
[ 12.11.2010 11:15:39 ]: -21
[ 12.11.2010 11:15:39 ]: -21
[ 12.11.2010 11:15:39 ]: -21
[ 12.11.2010 11:15:39 ]: -21
[ 12.11.2010 11:15:40 ]: -21
[ 12.11.2010 11:15:40 ]: -21
[ 12.11.2010 11:15:40 ]: -21
[ 12.11.2010 11:15:40 ]: -21
[ 12.11.2010 11:15:40 ]: -21
[ 12.11.2010 11:15:40 ]: -22
[ 12.11.2010 11:15:40 ]: -22
[ 12.11.2010 11:15:40 ]: -22
[ 12.11.2010 11:15:40 ]: -22
[ 12.11.2010 11:15:40 ]: -22
[ 12.11.2010 11:15:41 ]: -22
[ 12.11.2010 11:15:41 ]: -22
[ 12.11.2010 11:15:41 ]: -22
[ 12.11.2010 11:15:41 ]: -22
[ 12.11.2010 11:15:41 ]: -22
[ 12.11.2010 11:15:41 ]: -23
[ 12.11.2010 11:15:41 ]: -23
[ 12.11.2010 11:15:41 ]: -23
[ 12.11.2010 11:15:41 ]: -23
[ 12.11.2010 11:15:41 ]: -23
[ 12.11.2010 11:15:42 ]: -23
[ 12.11.2010 11:15:42 ]: -23
[ 12.11.2010 11:15:42 ]: -23
[ 12.11.2010 11:15:42 ]: -23
[ 12.11.2010 11:15:42 ]: -23
