[ 15.11.2010 19:30:10 ]: Using Syslog: ./syslog/1289849410.log
[ 15.11.2010 19:30:10 ]: Game Server v0.1.5 starting up...
[ 15.11.2010 19:30:16 ]: PLAYER CONNECTED
[ 15.11.2010 19:30:20 ]: GAME CONNECTED
[ 15.11.2010 19:30:20 ]: CACHING GAME DATABASE
[ 15.11.2010 19:30:20 ]: DONE.
[ 15.11.2010 19:30:20 ]: LISTEN THREAD - READY
[ 15.11.2010 19:30:20 ]: SERVER UP AND RUNNING - READY
[ 15.11.2010 19:30:21 ]: [ NEWUSER ] [ 0 ]: TIME: 1289849422
[ 15.11.2010 19:30:21 ]: [   >>>   ] [ 0  ]: WELCOME
[ 15.11.2010 19:30:23 ]: [   <<<   ] [ 0  ]: lolwas
[ 15.11.2010 19:30:23 ]: [   >>>   ] [ 0  ]: ERROR;20
[ 15.11.2010 19:30:24 ]: [   <<<   ] [ 0  ]: LOG;xenor
[ 15.11.2010 19:30:24 ]: [ NEWUSER ] [ 0 ]: TIME: 1289849425
[ 15.11.2010 19:30:31 ]: [   <<<   ] [ 0  ]: ????
[ 15.11.2010 19:30:31 ]: [   >>>   ] [ 0  ]: ERROR;20
[ 15.11.2010 19:30:33 ]: [   <<<   ] [ 0  ]: quit
[ 15.11.2010 19:30:33 ]: [   >>>   ] [ 0  ]: BYE
[ 15.11.2010 19:30:33 ]: [  KILLD  ] [ 0 ]: TIME: 1289849433
[ 15.11.2010 19:30:34 ]: [ NEWUSER ] [ 0 ]: TIME: 1289849434
[ 15.11.2010 19:30:34 ]: [   >>>   ] [ 0  ]: WELCOME
[ 15.11.2010 19:30:42 ]: [   <<<   ] [ 0  ]: login;xenor;0;lalaftw#!
[ 15.11.2010 19:30:42 ]: [   >>>   ] [ 1 xenor ]: LOGIN;OK
[ 15.11.2010 19:30:43 ]: [ NEWUSER ] [ 0 ]: TIME: 1289849444
[ 15.11.2010 19:30:43 ]: [   >>>   ] [ 0  ]: WELCOME
[ 15.11.2010 19:30:45 ]: [   <<<   ] [ 0  ]: log;xenor
[ 15.11.2010 19:30:47 ]: [   <<<   ] [ 1 xenor ]: opfer
[ 15.11.2010 19:30:47 ]: [   >>>   ] [ 1 xenor ]: ERROR;20
[ 15.11.2010 19:30:49 ]: [   <<<   ] [ 1 xenor ]: test
[ 15.11.2010 19:30:49 ]: [   >>>   ] [ 1 xenor ]: ERROR;20
[ 15.11.2010 19:31:36 ]: [   <<<   ] [ 0  ]: quit
[ 15.11.2010 19:31:36 ]: [   >>>   ] [ 0  ]: BYE
[ 15.11.2010 19:31:36 ]: [  KILLD  ] [ 0 ]: TIME: 1289849497
