[ 12.11.2010 17:42:39 ]: Using Syslog: ./syslog/1289583759.log
[ 12.11.2010 17:42:39 ]: Game Server v0.1.5 starting up...
[ 12.11.2010 17:42:44 ]: PLAYER CONNECTED
[ 12.11.2010 17:42:48 ]: GAME CONNECTED
[ 12.11.2010 17:42:48 ]: CACHING GAME DATABASE
[ 12.11.2010 17:42:48 ]: DONE.
[ 12.11.2010 17:42:48 ]: LISTEN THREAD - READY
[ 12.11.2010 17:42:48 ]: PING THREAD READY
[ 12.11.2010 17:42:48 ]: SERVER UP AND RUNNING - READY
[ 12.11.2010 17:43:04 ]: [ NEWUSER ] [ 0 ]: TIME: 1289583784
[ 12.11.2010 17:43:04 ]: [   >>>   ] [ 0  ]: WELCOME
[ 12.11.2010 17:43:04 ]: [   >>>   ] [ 0  ]: PING
[ 12.11.2010 17:43:04 ]: 0
[ 12.11.2010 17:43:04 ]: [   >>>   ] [ 0  ]: PING
[ 12.11.2010 17:43:04 ]: 0
[ 12.11.2010 17:43:04 ]: [   >>>   ] [ 0  ]: PING
[ 12.11.2010 17:43:04 ]: 0
[ 12.11.2010 17:43:04 ]: [   >>>   ] [ 0  ]: PING
[ 12.11.2010 17:43:04 ]: 0
[ 12.11.2010 17:43:04 ]: [   >>>   ] [ 0  ]: PING
[ 12.11.2010 17:43:04 ]: 0
[ 12.11.2010 17:43:04 ]: [   >>>   ] [ 0  ]: PING
[ 12.11.2010 17:43:04 ]: 0
[ 12.11.2010 17:43:04 ]: [   >>>   ] [ 0  ]: PING
[ 12.11.2010 17:43:04 ]: 0
[ 12.11.2010 17:43:04 ]: [   >>>   ] [ 0  ]: PING
[ 12.11.2010 17:43:04 ]: 0
[ 12.11.2010 17:43:04 ]: [   >>>   ] [ 0  ]: PING
[ 12.11.2010 17:43:04 ]: 0
[ 12.11.2010 17:43:04 ]: [   >>>   ] [ 0  ]: PING
[ 12.11.2010 17:43:04 ]: 0
[ 12.11.2010 17:43:04 ]: [   >>>   ] [ 0  ]: PING
[ 12.11.2010 17:43:04 ]: 0
[ 12.11.2010 17:43:04 ]: [   >>>   ] [ 0  ]: PING
[ 12.11.2010 17:43:04 ]: 0
[ 12.11.2010 17:43:04 ]: [   >>>   ] [ 0  ]: PING
[ 12.11.2010 17:43:04 ]: 0
[ 12.11.2010 17:43:04 ]: [   >>>   ] [ 0  ]: PING
[ 12.11.2010 17:43:04 ]: 0
[ 12.11.2010 17:43:04 ]: [   >>>   ] [ 0  ]: PING
[ 12.11.2010 17:43:04 ]: 0
[ 12.11.2010 17:43:04 ]: [   >>>   ] [ 0  ]: PING
[ 12.11.2010 17:43:04 ]: 0
[ 12.11.2010 17:43:04 ]: [   >>>   ] [ 0  ]: PING
[ 12.11.2010 17:43:04 ]: 0
[ 12.11.2010 17:43:04 ]: [   >>>   ] [ 0  ]: PING
[ 12.11.2010 17:43:04 ]: 0
[ 12.11.2010 17:43:04 ]: [   >>>   ] [ 0  ]: PING
[ 12.11.2010 17:43:04 ]: 0
[ 12.11.2010 17:43:04 ]: [   >>>   ] [ 0  ]: PING
[ 12.11.2010 17:43:04 ]: 0
[ 12.11.2010 17:43:04 ]: [   >>>   ] [ 0  ]: PING
[ 12.11.2010 17:43:04 ]: 0
[ 12.11.2010 17:43:04 ]: [   >>>   ] [ 0  ]: PING
[ 12.11.2010 17:43:04 ]: 0
[ 12.11.2010 17:43:04 ]: [   >>>   ] [ 0  ]: ERROR;21
[ 12.11.2010 17:43:04 ]: -1
[ 12.11.2010 17:43:04 ]: [   >>>   ] [ 0  ]: ERROR;21
[ 12.11.2010 17:43:04 ]: -1
[ 12.11.2010 17:43:04 ]: [   >>>   ] [ 0  ]: ERROR;21
[ 12.11.2010 17:43:04 ]: -1
[ 12.11.2010 17:43:04 ]: [   >>>   ] [ 0  ]: ERROR;21
[ 12.11.2010 17:43:04 ]: -1
[ 12.11.2010 17:43:04 ]: [   >>>   ] [ 0  ]: ERROR;21
[ 12.11.2010 17:43:04 ]: -1
[ 12.11.2010 17:43:04 ]: [   >>>   ] [ 0  ]: ERROR;21
[ 12.11.2010 17:43:04 ]: -1
[ 12.11.2010 17:43:04 ]: [   >>>   ] [ 0  ]: ERROR;21
[ 12.11.2010 17:43:04 ]: -1
[ 12.11.2010 17:43:04 ]: [   >>>   ] [ 0  ]: ERROR;21
[ 12.11.2010 17:43:04 ]: -1
[ 12.11.2010 17:43:04 ]: [   >>>   ] [ 0  ]: ERROR;21
[ 12.11.2010 17:43:04 ]: -1
[ 12.11.2010 17:43:04 ]: [   >>>   ] [ 0  ]: ERROR;21
[ 12.11.2010 17:43:04 ]: -1
[ 12.11.2010 17:43:04 ]: [   >>>   ] [ 0  ]: ERROR;21
[ 12.11.2010 17:43:04 ]: -1
[ 12.11.2010 17:43:04 ]: [   >>>   ] [ 0  ]: ERROR;21
[ 12.11.2010 17:43:04 ]: -1
[ 12.11.2010 17:43:04 ]: [   >>>   ] [ 0  ]: ERROR;21
[ 12.11.2010 17:43:04 ]: -1
[ 12.11.2010 17:43:04 ]: [   >>>   ] [ 0  ]: ERROR;21
[ 12.11.2010 17:43:04 ]: -1
[ 12.11.2010 17:43:04 ]: [   >>>   ] [ 0  ]: ERROR;21
[ 12.11.2010 17:43:04 ]: -1
[ 12.11.2010 17:43:04 ]: [   >>>   ] [ 0  ]: ERROR;21
[ 12.11.2010 17:43:04 ]: -1
[ 12.11.2010 17:43:04 ]: [   >>>   ] [ 0  ]: ERROR;21
[ 12.11.2010 17:43:04 ]: -1
[ 12.11.2010 17:43:04 ]: [   >>>   ] [ 0  ]: ERROR;21
[ 12.11.2010 17:43:04 ]: -1
[ 12.11.2010 17:43:04 ]: [   >>>   ] [ 0  ]: ERROR;21
[ 12.11.2010 17:43:04 ]: -1
[ 12.11.2010 17:43:04 ]: [   >>>   ] [ 0  ]: ERROR;21
[ 12.11.2010 17:43:04 ]: -1
[ 12.11.2010 17:43:04 ]: [   >>>   ] [ 0  ]: ERROR;21
[ 12.11.2010 17:43:04 ]: -1
[ 12.11.2010 17:43:04 ]: [   >>>   ] [ 0  ]: ERROR;21
[ 12.11.2010 17:43:04 ]: -1
[ 12.11.2010 17:43:04 ]: [   >>>   ] [ 0  ]: ERROR;21
[ 12.11.2010 17:43:04 ]: -1
[ 12.11.2010 17:43:04 ]: [   >>>   ] [ 0  ]: ERROR;21
[ 12.11.2010 17:43:04 ]: -1
[ 12.11.2010 17:43:04 ]: [   >>>   ] [ 0  ]: ERROR;21
[ 12.11.2010 17:43:04 ]: -1
[ 12.11.2010 17:43:04 ]: [   >>>   ] [ 0  ]: ERROR;21
[ 12.11.2010 17:43:04 ]: -1
[ 12.11.2010 17:43:04 ]: [   >>>   ] [ 0  ]: ERROR;21
[ 12.11.2010 17:43:04 ]: -1
[ 12.11.2010 17:43:04 ]: [   >>>   ] [ 0  ]: ERROR;21
[ 12.11.2010 17:43:04 ]: -1
[ 12.11.2010 17:43:04 ]: [   >>>   ] [ 0  ]: ERROR;21
[ 12.11.2010 17:43:04 ]: -1
[ 12.11.2010 17:43:04 ]: [   >>>   ] [ 0  ]: ERROR;21
[ 12.11.2010 17:43:04 ]: -1
[ 12.11.2010 17:43:04 ]: [   >>>   ] [ 0  ]: ERROR;21
[ 12.11.2010 17:43:04 ]: -1
[ 12.11.2010 17:43:04 ]: [   >>>   ] [ 0  ]: ERROR;21
[ 12.11.2010 17:43:04 ]: -1
[ 12.11.2010 17:43:04 ]: [   >>>   ] [ 0  ]: ERROR;21
[ 12.11.2010 17:43:04 ]: -1
[ 12.11.2010 17:43:04 ]: [   >>>   ] [ 0  ]: ERROR;21
[ 12.11.2010 17:43:04 ]: -1
[ 12.11.2010 17:43:04 ]: [   >>>   ] [ 0  ]: ERROR;21
[ 12.11.2010 17:43:04 ]: -1
[ 12.11.2010 17:43:04 ]: [   >>>   ] [ 0  ]: ERROR;21
[ 12.11.2010 17:43:04 ]: -1
[ 12.11.2010 17:43:04 ]: [   >>>   ] [ 0  ]: ERROR;21
[ 12.11.2010 17:43:04 ]: -1
[ 12.11.2010 17:43:04 ]: [   >>>   ] [ 0  ]: ERROR;21
[ 12.11.2010 17:43:04 ]: -1
[ 12.11.2010 17:43:04 ]: [   >>>   ] [ 0  ]: ERROR;21
[ 12.11.2010 17:43:04 ]: -1
[ 12.11.2010 17:43:04 ]: [   >>>   ] [ 0  ]: ERROR;21
[ 12.11.2010 17:43:04 ]: -1
[ 12.11.2010 17:43:04 ]: [   >>>   ] [ 0  ]: ERROR;21
[ 12.11.2010 17:43:04 ]: -1
[ 12.11.2010 17:43:04 ]: [   >>>   ] [ 0  ]: ERROR;21
[ 12.11.2010 17:43:04 ]: -1
[ 12.11.2010 17:43:04 ]: [   >>>   ] [ 0  ]: ERROR;21
[ 12.11.2010 17:43:04 ]: -1
[ 12.11.2010 17:43:04 ]: [   >>>   ] [ 0  ]: ERROR;21
[ 12.11.2010 17:43:04 ]: -1
[ 12.11.2010 17:43:04 ]: [   >>>   ] [ 0  ]: ERROR;21
[ 12.11.2010 17:43:04 ]: -1
[ 12.11.2010 17:43:04 ]: [   >>>   ] [ 0  ]: ERROR;21
[ 12.11.2010 17:43:04 ]: -1
[ 12.11.2010 17:43:04 ]: [   >>>   ] [ 0  ]: ERROR;21
[ 12.11.2010 17:43:04 ]: -1
[ 12.11.2010 17:43:05 ]: [   >>>   ] [ 0  ]: ERROR;21
[ 12.11.2010 17:43:05 ]: -1
[ 12.11.2010 17:43:05 ]: [   >>>   ] [ 0  ]: ERROR;21
[ 12.11.2010 17:43:05 ]: -1
[ 12.11.2010 17:43:05 ]: [   >>>   ] [ 0  ]: ERROR;21
[ 12.11.2010 17:43:05 ]: -1
[ 12.11.2010 17:43:05 ]: [   >>>   ] [ 0  ]: ERROR;21
[ 12.11.2010 17:43:05 ]: -1
[ 12.11.2010 17:43:05 ]: [   >>>   ] [ 0  ]: ERROR;21
[ 12.11.2010 17:43:05 ]: -1
[ 12.11.2010 17:43:05 ]: [   >>>   ] [ 0  ]: ERROR;21
[ 12.11.2010 17:43:05 ]: -1
[ 12.11.2010 17:43:05 ]: [   >>>   ] [ 0  ]: ERROR;21
[ 12.11.2010 17:43:05 ]: -1
[ 12.11.2010 17:43:05 ]: [   >>>   ] [ 0  ]: ERROR;21
[ 12.11.2010 17:43:05 ]: -1
[ 12.11.2010 17:43:05 ]: [   >>>   ] [ 0  ]: ERROR;21
[ 12.11.2010 17:43:05 ]: -1
[ 12.11.2010 17:43:05 ]: [   >>>   ] [ 0  ]: ERROR;21
[ 12.11.2010 17:43:05 ]: -1
[ 12.11.2010 17:43:05 ]: [   >>>   ] [ 0  ]: ERROR;21
[ 12.11.2010 17:43:05 ]: -1
[ 12.11.2010 17:43:05 ]: [   >>>   ] [ 0  ]: ERROR;21
[ 12.11.2010 17:43:05 ]: -1
[ 12.11.2010 17:43:05 ]: [   >>>   ] [ 0  ]: ERROR;21
[ 12.11.2010 17:43:05 ]: -1
[ 12.11.2010 17:43:05 ]: [   >>>   ] [ 0  ]: ERROR;21
[ 12.11.2010 17:43:05 ]: -1
[ 12.11.2010 17:43:05 ]: [   >>>   ] [ 0  ]: ERROR;21
[ 12.11.2010 17:43:05 ]: -1
[ 12.11.2010 17:43:05 ]: [   >>>   ] [ 0  ]: ERROR;21
[ 12.11.2010 17:43:05 ]: -1
[ 12.11.2010 17:43:05 ]: [   >>>   ] [ 0  ]: ERROR;21
[ 12.11.2010 17:43:05 ]: -1
[ 12.11.2010 17:43:05 ]: [   >>>   ] [ 0  ]: ERROR;21
[ 12.11.2010 17:43:05 ]: -1
[ 12.11.2010 17:43:05 ]: [   >>>   ] [ 0  ]: ERROR;21
[ 12.11.2010 17:43:05 ]: -1
[ 12.11.2010 17:43:05 ]: [   >>>   ] [ 0  ]: ERROR;21
[ 12.11.2010 17:43:05 ]: -1
[ 12.11.2010 17:43:05 ]: [   >>>   ] [ 0  ]: ERROR;21
[ 12.11.2010 17:43:05 ]: -1
[ 12.11.2010 17:43:05 ]: [   >>>   ] [ 0  ]: ERROR;21
[ 12.11.2010 17:43:05 ]: -1
[ 12.11.2010 17:43:05 ]: [   >>>   ] [ 0  ]: ERROR;21
[ 12.11.2010 17:43:05 ]: -1
[ 12.11.2010 17:43:05 ]: [   >>>   ] [ 0  ]: ERROR;21
[ 12.11.2010 17:43:05 ]: -1
[ 12.11.2010 17:43:05 ]: [   >>>   ] [ 0  ]: ERROR;21
[ 12.11.2010 17:43:05 ]: -1
[ 12.11.2010 17:43:05 ]: [   >>>   ] [ 0  ]: ERROR;21
[ 12.11.2010 17:43:05 ]: -1
[ 12.11.2010 17:43:05 ]: [   >>>   ] [ 0  ]: ERROR;21
[ 12.11.2010 17:43:05 ]: -1
[ 12.11.2010 17:43:05 ]: [   >>>   ] [ 0  ]: ERROR;21
[ 12.11.2010 17:43:05 ]: -1
[ 12.11.2010 17:43:05 ]: [   >>>   ] [ 0  ]: ERROR;21
[ 12.11.2010 17:43:05 ]: -1
[ 12.11.2010 17:43:05 ]: [   >>>   ] [ 0  ]: ERROR;21
[ 12.11.2010 17:43:05 ]: -1
[ 12.11.2010 17:43:05 ]: [   >>>   ] [ 0  ]: ERROR;21
[ 12.11.2010 17:43:05 ]: -1
[ 12.11.2010 17:43:05 ]: [   >>>   ] [ 0  ]: ERROR;21
[ 12.11.2010 17:43:05 ]: -1
[ 12.11.2010 17:43:05 ]: [   >>>   ] [ 0  ]: ERROR;21
[ 12.11.2010 17:43:05 ]: -1
[ 12.11.2010 17:43:05 ]: [   >>>   ] [ 0  ]: ERROR;21
[ 12.11.2010 17:43:05 ]: -1
[ 12.11.2010 17:43:05 ]: [   >>>   ] [ 0  ]: ERROR;21
[ 12.11.2010 17:43:05 ]: -1
[ 12.11.2010 17:43:05 ]: [   >>>   ] [ 0  ]: ERROR;21
[ 12.11.2010 17:43:05 ]: -1
[ 12.11.2010 17:43:05 ]: [   >>>   ] [ 0  ]: ERROR;21
[ 12.11.2010 17:43:05 ]: -1
[ 12.11.2010 17:43:05 ]: [   >>>   ] [ 0  ]: ERROR;21
[ 12.11.2010 17:43:05 ]: -1
[ 12.11.2010 17:43:05 ]: [   >>>   ] [ 0  ]: ERROR;21
[ 12.11.2010 17:43:05 ]: -1
[ 12.11.2010 17:43:05 ]: [   >>>   ] [ 0  ]: ERROR;21
[ 12.11.2010 17:43:05 ]: -1
[ 12.11.2010 17:43:05 ]: [   >>>   ] [ 0  ]: ERROR;21
[ 12.11.2010 17:43:05 ]: -1
[ 12.11.2010 17:43:05 ]: [   >>>   ] [ 0  ]: ERROR;21
[ 12.11.2010 17:43:05 ]: -1
[ 12.11.2010 17:43:05 ]: [   >>>   ] [ 0  ]: ERROR;21
[ 12.11.2010 17:43:05 ]: -1
[ 12.11.2010 17:43:05 ]: [   >>>   ] [ 0  ]: ERROR;21
[ 12.11.2010 17:43:05 ]: -1
[ 12.11.2010 17:43:05 ]: [   >>>   ] [ 0  ]: ERROR;21
[ 12.11.2010 17:43:05 ]: -1
[ 12.11.2010 17:43:05 ]: [   >>>   ] [ 0  ]: ERROR;21
[ 12.11.2010 17:43:05 ]: -1
[ 12.11.2010 17:43:05 ]: [   >>>   ] [ 0  ]: ERROR;21
[ 12.11.2010 17:43:05 ]: -1
[ 12.11.2010 17:43:05 ]: [   >>>   ] [ 0  ]: ERROR;21
[ 12.11.2010 17:43:05 ]: -2
[ 12.11.2010 17:43:05 ]: [   >>>   ] [ 0  ]: ERROR;13
[ 12.11.2010 17:43:05 ]: [  KILLD  ] [ 0 ]: TIME: 1289583786
