[ 12.11.2010 11:10:30 ]: Using Syslog: ./syslog/1289560231.log
[ 12.11.2010 11:10:30 ]: Game Server v0.1.5 starting up...
[ 12.11.2010 11:10:35 ]: PLAYER CONNECTED
[ 12.11.2010 11:10:40 ]: GAME CONNECTED
[ 12.11.2010 11:10:40 ]: CACHING GAME DATABASE
[ 12.11.2010 11:10:40 ]: DONE.
[ 12.11.2010 11:10:40 ]: LISTEN THREAD - READY
[ 12.11.2010 11:10:40 ]: PING THREAD READY
[ 12.11.2010 11:10:40 ]: SERVER UP AND RUNNING - READY
[ 12.11.2010 11:10:42 ]: [ NEWUSER ] [ 0 ]: TIME: 1289560243
[ 12.11.2010 11:10:42 ]: [   >>>   ] [ 0  ]: WELCOME
[ 12.11.2010 11:10:42 ]: [   >>>   ] [ 0  ]: PING
[ 12.11.2010 11:10:42 ]: 0
[ 12.11.2010 11:10:42 ]: [   >>>   ] [ 0  ]: PING
[ 12.11.2010 11:10:42 ]: 0
[ 12.11.2010 11:10:43 ]: [   >>>   ] [ 0  ]: PING
[ 12.11.2010 11:10:43 ]: 0
[ 12.11.2010 11:10:43 ]: [   >>>   ] [ 0  ]: PING
[ 12.11.2010 11:10:43 ]: 0
[ 12.11.2010 11:10:43 ]: [   >>>   ] [ 0  ]: PING
[ 12.11.2010 11:10:43 ]: 0
[ 12.11.2010 11:10:43 ]: [   >>>   ] [ 0  ]: PING
[ 12.11.2010 11:10:43 ]: 0
[ 12.11.2010 11:10:43 ]: [   >>>   ] [ 0  ]: PING
[ 12.11.2010 11:10:43 ]: 0
[ 12.11.2010 11:10:43 ]: -1
[ 12.11.2010 11:11:21 ]: [ NEWUSER ] [ 0 ]: TIME: 1289560281
[ 12.11.2010 11:11:21 ]: [   >>>   ] [ 0  ]: WELCOME
[ 12.11.2010 11:11:21 ]: [   >>>   ] [ 0  ]: PING
[ 12.11.2010 11:11:21 ]: 0
[ 12.11.2010 11:11:21 ]: [   >>>   ] [ 0  ]: PING
[ 12.11.2010 11:11:21 ]: 0
[ 12.11.2010 11:11:21 ]: [   >>>   ] [ 0  ]: PING
[ 12.11.2010 11:11:21 ]: 0
[ 12.11.2010 11:11:21 ]: -1
[ 12.11.2010 11:11:22 ]: [ NEWUSER ] [ 0 ]: TIME: 1289560282
[ 12.11.2010 11:11:22 ]: [   >>>   ] [ 0  ]: WELCOME
[ 12.11.2010 11:11:22 ]: [   >>>   ] [ 0  ]: PING
[ 12.11.2010 11:11:22 ]: 0
[ 12.11.2010 11:11:22 ]: -1
[ 12.11.2010 11:11:23 ]: [ NEWUSER ] [ 0 ]: TIME: 1289560283
[ 12.11.2010 11:11:23 ]: [   >>>   ] [ 0  ]: WELCOME
[ 12.11.2010 11:11:23 ]: [   >>>   ] [ 0  ]: PING
[ 12.11.2010 11:11:23 ]: 0
[ 12.11.2010 11:11:23 ]: [   >>>   ] [ 0  ]: PING
[ 12.11.2010 11:11:23 ]: 0
[ 12.11.2010 11:11:23 ]: -1
