[ 12.11.2010 11:18:24 ]: Using Syslog: ./syslog/1289560704.log
[ 12.11.2010 11:18:24 ]: Game Server v0.1.5 starting up...
[ 12.11.2010 11:18:29 ]: PLAYER CONNECTED
[ 12.11.2010 11:18:33 ]: GAME CONNECTED
[ 12.11.2010 11:18:33 ]: CACHING GAME DATABASE
[ 12.11.2010 11:18:33 ]: DONE.
[ 12.11.2010 11:18:33 ]: LISTEN THREAD - READY
[ 12.11.2010 11:18:33 ]: PING THREAD READY
[ 12.11.2010 11:18:33 ]: SERVER UP AND RUNNING - READY
[ 12.11.2010 11:18:34 ]: [ NEWUSER ] [ 0 ]: TIME: 1289560714
[ 12.11.2010 11:18:34 ]: [   >>>   ] [ 0  ]: WELCOME
[ 12.11.2010 11:18:34 ]: [   >>>   ] [ 0  ]: PING
[ 12.11.2010 11:18:34 ]: -1
[ 12.11.2010 11:18:34 ]: 0
[ 12.11.2010 11:18:35 ]: -1
[ 12.11.2010 11:18:35 ]: -1
[ 12.11.2010 11:18:36 ]: -1
[ 12.11.2010 11:18:36 ]: KILLED NOT IDENTIFIED
[ 12.11.2010 11:18:36 ]: -2
[ 12.11.2010 11:18:37 ]: -1
[ 12.11.2010 11:18:37 ]: KILLED NOT IDENTIFIED
[ 12.11.2010 11:18:37 ]: -3
[ 12.11.2010 11:18:38 ]: -1
[ 12.11.2010 11:18:38 ]: KILLED NOT IDENTIFIED
[ 12.11.2010 11:18:38 ]: -4
[ 12.11.2010 11:18:39 ]: -1
[ 12.11.2010 11:18:39 ]: KILLED NOT IDENTIFIED
[ 12.11.2010 11:18:39 ]: -5
[ 12.11.2010 11:18:40 ]: -1
[ 12.11.2010 11:18:40 ]: KILLED NOT IDENTIFIED
[ 12.11.2010 11:18:40 ]: -6
[ 12.11.2010 11:18:41 ]: -1
[ 12.11.2010 11:18:41 ]: KILLED NOT IDENTIFIED
[ 12.11.2010 11:18:41 ]: -7
[ 12.11.2010 11:18:42 ]: -1
[ 12.11.2010 11:18:42 ]: KILLED NOT IDENTIFIED
[ 12.11.2010 11:18:42 ]: -8
[ 12.11.2010 11:18:43 ]: -1
[ 12.11.2010 11:18:43 ]: KILLED NOT IDENTIFIED
[ 12.11.2010 11:18:43 ]: -9
[ 12.11.2010 11:18:44 ]: -1
[ 12.11.2010 11:18:44 ]: KILLED NOT IDENTIFIED
[ 12.11.2010 11:18:44 ]: -10
[ 12.11.2010 11:18:45 ]: -1
[ 12.11.2010 11:18:45 ]: KILLED NOT IDENTIFIED
[ 12.11.2010 11:18:45 ]: -11
[ 12.11.2010 11:18:46 ]: -1
[ 12.11.2010 11:18:46 ]: KILLED NOT IDENTIFIED
[ 12.11.2010 11:18:46 ]: -12
[ 12.11.2010 11:18:47 ]: -1
[ 12.11.2010 11:18:47 ]: KILLED NOT IDENTIFIED
[ 12.11.2010 11:18:47 ]: -13
[ 12.11.2010 11:18:48 ]: -1
[ 12.11.2010 11:18:48 ]: KILLED NOT IDENTIFIED
[ 12.11.2010 11:18:48 ]: -14
[ 12.11.2010 11:18:49 ]: -1
[ 12.11.2010 11:18:49 ]: KILLED NOT IDENTIFIED
[ 12.11.2010 11:18:49 ]: -15
[ 12.11.2010 11:18:50 ]: -1
[ 12.11.2010 11:18:50 ]: KILLED NOT IDENTIFIED
[ 12.11.2010 11:18:50 ]: -16
[ 12.11.2010 11:18:51 ]: -1
[ 12.11.2010 11:18:51 ]: KILLED NOT IDENTIFIED
[ 12.11.2010 11:18:51 ]: -17
[ 12.11.2010 11:18:52 ]: -1
[ 12.11.2010 11:18:52 ]: KILLED NOT IDENTIFIED
[ 12.11.2010 11:18:52 ]: -18
[ 12.11.2010 11:18:53 ]: -1
[ 12.11.2010 11:18:53 ]: KILLED NOT IDENTIFIED
[ 12.11.2010 11:18:53 ]: -19
[ 12.11.2010 11:18:54 ]: -1
[ 12.11.2010 11:18:54 ]: KILLED NOT IDENTIFIED
[ 12.11.2010 11:18:54 ]: -20
[ 12.11.2010 11:18:55 ]: -1
[ 12.11.2010 11:18:55 ]: KILLED NOT IDENTIFIED
[ 12.11.2010 11:18:55 ]: -21
[ 12.11.2010 11:18:56 ]: -1
[ 12.11.2010 11:18:56 ]: KILLED NOT IDENTIFIED
[ 12.11.2010 11:18:56 ]: -22
[ 12.11.2010 11:18:57 ]: -1
[ 12.11.2010 11:18:57 ]: KILLED NOT IDENTIFIED
[ 12.11.2010 11:18:57 ]: -23
