[ 15.11.2010 17:35:37 ]: Using Syslog: ./syslog/1289842537.log
[ 15.11.2010 17:35:37 ]: Game Server v0.1.5 starting up...
[ 15.11.2010 17:35:42 ]: PLAYER CONNECTED
[ 15.11.2010 17:35:46 ]: GAME CONNECTED
[ 15.11.2010 17:35:46 ]: CACHING GAME DATABASE
[ 15.11.2010 17:35:46 ]: DONE.
[ 15.11.2010 17:35:46 ]: LISTEN THREAD - READY
[ 15.11.2010 17:35:46 ]: SERVER UP AND RUNNING - READY
[ 15.11.2010 17:35:49 ]: [ NEWUSER ] [ 0 ]: TIME: 1289842550
[ 15.11.2010 17:35:49 ]: [   >>>   ] [ 0  ]: WELCOME
[ 15.11.2010 17:35:54 ]: [   <<<   ] [ 0  ]: login;xenor;4;lalaftw#!
[ 15.11.2010 17:35:54 ]: [   >>>   ] [ 1 xenor ]: LOGIN;OK
[ 15.11.2010 17:35:59 ]: [   <<<   ] [ 1 xenor ]: warp;0;0;0
[ 15.11.2010 17:35:59 ]: [   >>>   ] [ 1 xenor ]: ERROR;20
[ 15.11.2010 17:36:34 ]: [   <<<   ] [ 1 xenor ]: [A
[ 15.11.2010 17:36:34 ]: [   >>>   ] [ 1 xenor ]: ERROR;20
[ 15.11.2010 17:36:38 ]: [   <<<   ] [ 1 xenor ]: LOGIN;xenor;4;lalafw#!
[ 15.11.2010 17:36:38 ]: [   >>>   ] [ 1 xenor ]: LOGIN;ERROR;10
[ 15.11.2010 17:36:46 ]: [   <<<   ] [ 1 xenor ]: LOGIN;xenor;4;lalaftw#!
[ 15.11.2010 17:36:46 ]: [   >>>   ] [ 1 xenor ]: LOGIN;ERROR;10
[ 15.11.2010 17:36:49 ]: [   <<<   ] [ 1 xenor ]: quit
[ 15.11.2010 17:36:49 ]: [   >>>   ] [ 1 xenor ]: BYE
[ 15.11.2010 17:36:49 ]: [  KILLD  ] [ 1 ]: TIME: 1289842609
[ 15.11.2010 17:36:49 ]: [ NEWUSER ] [ 0 ]: TIME: 1289842610
[ 15.11.2010 17:36:49 ]: [   >>>   ] [ 0  ]: WELCOME
[ 15.11.2010 17:36:54 ]: [   <<<   ] [ 0  ]: LOGIN;xenor;4;lalaftw#!
[ 15.11.2010 17:36:54 ]: [   >>>   ] [ 1 xenor ]: LOGIN;OK
[ 15.11.2010 17:37:20 ]: [   <<<   ] [ 1 xenor ]: test
[ 15.11.2010 17:37:22 ]: [   <<<   ] [ 1 xenor ]: lolwas
[ 15.11.2010 17:37:24 ]: [   <<<   ] [ 1 xenor ]: opfer
