[ 12.11.2010 11:58:39 ]: Using Syslog: ./syslog/1289563119.log
[ 12.11.2010 11:58:39 ]: Game Server v0.1.5 starting up...
[ 12.11.2010 11:58:45 ]: PLAYER CONNECTED
[ 12.11.2010 11:58:49 ]: GAME CONNECTED
[ 12.11.2010 11:58:49 ]: CACHING GAME DATABASE
[ 12.11.2010 11:58:49 ]: DONE.
[ 12.11.2010 11:58:49 ]: LISTEN THREAD - READY
[ 12.11.2010 11:58:49 ]: PING THREAD READY
[ 12.11.2010 11:58:49 ]: SERVER UP AND RUNNING - READY
[ 12.11.2010 11:58:52 ]: [ NEWUSER ] [ 0 ]: TIME: 1289563132
[ 12.11.2010 11:58:52 ]: [   >>>   ] [ 0  ]: WELCOME
[ 12.11.2010 11:58:59 ]: [   <<<   ] [ 0  ]: login;xenor;4;lalaftw#!
[ 12.11.2010 11:58:59 ]: False
[ 12.11.2010 11:58:59 ]: [   >>>   ] [ 0  ]: LOGIN;ERROR;12
[ 12.11.2010 11:58:59 ]: [   >>>   ] [ 0  ]: PING
[ 12.11.2010 11:59:05 ]: [   <<<   ] [ 0  ]: pong
[ 12.11.2010 11:59:06 ]: [   <<<   ] [ 0  ]: ident
[ 12.11.2010 11:59:06 ]: [   >>>   ] [ 0  ]: ERROR;20
[ 12.11.2010 11:59:09 ]: [   >>>   ] [ 0  ]: PING
[ 12.11.2010 11:59:19 ]: [   >>>   ] [ 0  ]: ERROR;21
[ 12.11.2010 11:59:19 ]: [  KILLD  ] [ 0 ]: TIME: 1289563160
[ 12.11.2010 12:09:13 ]: [ NEWUSER ] [ 0 ]: TIME: 1289563753
[ 12.11.2010 12:09:13 ]: [   >>>   ] [ 0  ]: WELCOME
[ 12.11.2010 12:09:14 ]: [   <<<   ] [ 0  ]: lolwas
[ 12.11.2010 12:09:14 ]: [   >>>   ] [ 0  ]: ERROR;20
[ 12.11.2010 12:09:19 ]: [   >>>   ] [ 0  ]: PING
[ 12.11.2010 12:09:29 ]: [   >>>   ] [ 0  ]: ERROR;21
[ 12.11.2010 12:09:29 ]: [  KILLD  ] [ 0 ]: TIME: 1289563770
[ 12.11.2010 12:11:02 ]: [ NEWUSER ] [ 0 ]: TIME: 1289563863
[ 12.11.2010 12:11:02 ]: [   >>>   ] [ 0  ]: WELCOME
[ 12.11.2010 12:11:07 ]: [   <<<   ] [ 0  ]: nick;$$$xenor<333
[ 12.11.2010 12:11:07 ]: [   >>>   ] [ 0 $$$xenor<333 ]: NICK;OK
[ 12.11.2010 12:11:09 ]: [   >>>   ] [ 0 $$$xenor<333 ]: PING
[ 12.11.2010 12:11:11 ]: [   <<<   ] [ 0 $$$xenor<333 ]: pong
[ 12.11.2010 12:11:19 ]: [   >>>   ] [ 0 $$$xenor<333 ]: PING
[ 12.11.2010 12:11:22 ]: [   <<<   ] [ 0 $$$xenor<333 ]: pong
[ 12.11.2010 12:11:26 ]: [   <<<   ] [ 0 $$$xenor<333 ]: login;xenor;lalaftw#!
[ 12.11.2010 12:11:26 ]: [   >>>   ] [ 0 $$$xenor<333 ]: LOGIN;ERROR;11
[ 12.11.2010 12:11:29 ]: [   >>>   ] [ 0 $$$xenor<333 ]: PING
[ 12.11.2010 12:11:35 ]: [   <<<   ] [ 0 $$$xenor<333 ]: pong
[ 12.11.2010 12:11:39 ]: [   >>>   ] [ 0 $$$xenor<333 ]: PING
[ 12.11.2010 12:11:40 ]: [   <<<   ] [ 0 $$$xenor<333 ]: login;xenor;lalaftw#;4
[ 12.11.2010 12:11:40 ]: False
[ 12.11.2010 12:11:40 ]: [   >>>   ] [ 0 $$$xenor<333 ]: LOGIN;ERROR;12
[ 12.11.2010 12:11:49 ]: [   >>>   ] [ 0 $$$xenor<333 ]: ERROR;21
[ 12.11.2010 12:11:49 ]: [  KILLD  ] [ 0 ]: TIME: 1289563910
