[ 12.11.2010 17:42:03 ]: Using Syslog: ./syslog/1289583723.log
[ 12.11.2010 17:42:03 ]: Game Server v0.1.5 starting up...
[ 12.11.2010 17:42:09 ]: PLAYER CONNECTED
[ 12.11.2010 17:42:13 ]: GAME CONNECTED
[ 12.11.2010 17:42:13 ]: CACHING GAME DATABASE
[ 12.11.2010 17:42:13 ]: DONE.
[ 12.11.2010 17:42:13 ]: LISTEN THREAD - READY
[ 12.11.2010 17:42:13 ]: PING THREAD READY
[ 12.11.2010 17:42:13 ]: SERVER UP AND RUNNING - READY
[ 12.11.2010 17:42:14 ]: [ NEWUSER ] [ 0 ]: TIME: 1289583735
[ 12.11.2010 17:42:14 ]: [   >>>   ] [ 0  ]: WELCOME
[ 12.11.2010 17:42:14 ]: [   >>>   ] [ 0  ]: PING
[ 12.11.2010 17:42:14 ]: 0
[ 12.11.2010 17:42:14 ]: [   >>>   ] [ 0  ]: PING
[ 12.11.2010 17:42:14 ]: 0
[ 12.11.2010 17:42:14 ]: [   >>>   ] [ 0  ]: PING
[ 12.11.2010 17:42:14 ]: 0
[ 12.11.2010 17:42:14 ]: [   >>>   ] [ 0  ]: PING
[ 12.11.2010 17:42:14 ]: 0
[ 12.11.2010 17:42:14 ]: [   >>>   ] [ 0  ]: PING
[ 12.11.2010 17:42:14 ]: 0
[ 12.11.2010 17:42:14 ]: [   >>>   ] [ 0  ]: PING
[ 12.11.2010 17:42:14 ]: 0
[ 12.11.2010 17:42:14 ]: [   >>>   ] [ 0  ]: PING
[ 12.11.2010 17:42:14 ]: 0
[ 12.11.2010 17:42:14 ]: [   >>>   ] [ 0  ]: PING
[ 12.11.2010 17:42:14 ]: 0
[ 12.11.2010 17:42:14 ]: [   >>>   ] [ 0  ]: PING
[ 12.11.2010 17:42:14 ]: 0
[ 12.11.2010 17:42:14 ]: [   >>>   ] [ 0  ]: PING
[ 12.11.2010 17:42:14 ]: 0
[ 12.11.2010 17:42:14 ]: [   >>>   ] [ 0  ]: PING
[ 12.11.2010 17:42:14 ]: 0
[ 12.11.2010 17:42:14 ]: [   >>>   ] [ 0  ]: PING
[ 12.11.2010 17:42:14 ]: 0
[ 12.11.2010 17:42:14 ]: [   >>>   ] [ 0  ]: PING
[ 12.11.2010 17:42:14 ]: 0
[ 12.11.2010 17:42:14 ]: [   >>>   ] [ 0  ]: PING
[ 12.11.2010 17:42:14 ]: 0
[ 12.11.2010 17:42:14 ]: [   >>>   ] [ 0  ]: PING
[ 12.11.2010 17:42:14 ]: 0
[ 12.11.2010 17:42:14 ]: [   >>>   ] [ 0  ]: PING
[ 12.11.2010 17:42:14 ]: 0
[ 12.11.2010 17:42:14 ]: [   >>>   ] [ 0  ]: PING
[ 12.11.2010 17:42:14 ]: 0
[ 12.11.2010 17:42:14 ]: [   >>>   ] [ 0  ]: PING
[ 12.11.2010 17:42:14 ]: 0
[ 12.11.2010 17:42:14 ]: [   >>>   ] [ 0  ]: PING
[ 12.11.2010 17:42:14 ]: 0
[ 12.11.2010 17:42:14 ]: [   >>>   ] [ 0  ]: PING
[ 12.11.2010 17:42:14 ]: 0
[ 12.11.2010 17:42:14 ]: [   >>>   ] [ 0  ]: PING
[ 12.11.2010 17:42:14 ]: 0
[ 12.11.2010 17:42:14 ]: [   >>>   ] [ 0  ]: PING
[ 12.11.2010 17:42:14 ]: 0
[ 12.11.2010 17:42:14 ]: [   >>>   ] [ 0  ]: PING
[ 12.11.2010 17:42:14 ]: 0
[ 12.11.2010 17:42:14 ]: [   >>>   ] [ 0  ]: PING
[ 12.11.2010 17:42:14 ]: 0
[ 12.11.2010 17:42:14 ]: [   >>>   ] [ 0  ]: PING
[ 12.11.2010 17:42:14 ]: 0
[ 12.11.2010 17:42:14 ]: [   >>>   ] [ 0  ]: PING
[ 12.11.2010 17:42:14 ]: 0
[ 12.11.2010 17:42:14 ]: [   >>>   ] [ 0  ]: PING
[ 12.11.2010 17:42:14 ]: 0
[ 12.11.2010 17:42:14 ]: [   >>>   ] [ 0  ]: PING
[ 12.11.2010 17:42:14 ]: 0
[ 12.11.2010 17:42:14 ]: [   >>>   ] [ 0  ]: PING
[ 12.11.2010 17:42:14 ]: 0
[ 12.11.2010 17:42:14 ]: [   >>>   ] [ 0  ]: PING
[ 12.11.2010 17:42:14 ]: 0
[ 12.11.2010 17:42:14 ]: [   >>>   ] [ 0  ]: PING
[ 12.11.2010 17:42:14 ]: 0
[ 12.11.2010 17:42:14 ]: [   >>>   ] [ 0  ]: PING
[ 12.11.2010 17:42:14 ]: 0
[ 12.11.2010 17:42:14 ]: [   >>>   ] [ 0  ]: PING
[ 12.11.2010 17:42:14 ]: 0
[ 12.11.2010 17:42:14 ]: [   >>>   ] [ 0  ]: PING
[ 12.11.2010 17:42:14 ]: 0
[ 12.11.2010 17:42:14 ]: [   >>>   ] [ 0  ]: PING
[ 12.11.2010 17:42:14 ]: 0
[ 12.11.2010 17:42:14 ]: [   >>>   ] [ 0  ]: PING
[ 12.11.2010 17:42:14 ]: 0
[ 12.11.2010 17:42:14 ]: [   >>>   ] [ 0  ]: PING
[ 12.11.2010 17:42:14 ]: 0
[ 12.11.2010 17:42:14 ]: [   >>>   ] [ 0  ]: PING
[ 12.11.2010 17:42:14 ]: 0
[ 12.11.2010 17:42:14 ]: [   >>>   ] [ 0  ]: PING
[ 12.11.2010 17:42:14 ]: 0
[ 12.11.2010 17:42:14 ]: [   >>>   ] [ 0  ]: PING
[ 12.11.2010 17:42:14 ]: 0
[ 12.11.2010 17:42:14 ]: [   >>>   ] [ 0  ]: PING
[ 12.11.2010 17:42:14 ]: 0
[ 12.11.2010 17:42:14 ]: [   >>>   ] [ 0  ]: PING
[ 12.11.2010 17:42:14 ]: 0
[ 12.11.2010 17:42:14 ]: [   >>>   ] [ 0  ]: PING
[ 12.11.2010 17:42:14 ]: 0
[ 12.11.2010 17:42:14 ]: [   >>>   ] [ 0  ]: PING
[ 12.11.2010 17:42:14 ]: 0
[ 12.11.2010 17:42:15 ]: [   >>>   ] [ 0  ]: PING
[ 12.11.2010 17:42:15 ]: 0
[ 12.11.2010 17:42:15 ]: [   >>>   ] [ 0  ]: PING
[ 12.11.2010 17:42:15 ]: 0
[ 12.11.2010 17:42:15 ]: [   >>>   ] [ 0  ]: PING
[ 12.11.2010 17:42:15 ]: 0
[ 12.11.2010 17:42:15 ]: [   >>>   ] [ 0  ]: PING
[ 12.11.2010 17:42:15 ]: 0
[ 12.11.2010 17:42:15 ]: [   >>>   ] [ 0  ]: PING
[ 12.11.2010 17:42:15 ]: 0
[ 12.11.2010 17:42:15 ]: [   >>>   ] [ 0  ]: PING
[ 12.11.2010 17:42:15 ]: 0
[ 12.11.2010 17:42:15 ]: [   >>>   ] [ 0  ]: PING
[ 12.11.2010 17:42:15 ]: 0
[ 12.11.2010 17:42:15 ]: [   >>>   ] [ 0  ]: PING
[ 12.11.2010 17:42:15 ]: 0
[ 12.11.2010 17:42:15 ]: [   >>>   ] [ 0  ]: PING
[ 12.11.2010 17:42:15 ]: 0
[ 12.11.2010 17:42:15 ]: [   >>>   ] [ 0  ]: PING
[ 12.11.2010 17:42:15 ]: 0
[ 12.11.2010 17:42:15 ]: [   >>>   ] [ 0  ]: PING
[ 12.11.2010 17:42:15 ]: 0
[ 12.11.2010 17:42:15 ]: [   >>>   ] [ 0  ]: PING
[ 12.11.2010 17:42:15 ]: 0
[ 12.11.2010 17:42:15 ]: [   >>>   ] [ 0  ]: PING
[ 12.11.2010 17:42:15 ]: 0
[ 12.11.2010 17:42:15 ]: [   >>>   ] [ 0  ]: PING
[ 12.11.2010 17:42:15 ]: 0
[ 12.11.2010 17:42:15 ]: [   >>>   ] [ 0  ]: PING
[ 12.11.2010 17:42:15 ]: 0
[ 12.11.2010 17:42:15 ]: [   >>>   ] [ 0  ]: PING
[ 12.11.2010 17:42:15 ]: 0
[ 12.11.2010 17:42:15 ]: [   >>>   ] [ 0  ]: PING
[ 12.11.2010 17:42:15 ]: 0
[ 12.11.2010 17:42:15 ]: [   >>>   ] [ 0  ]: PING
[ 12.11.2010 17:42:15 ]: 0
[ 12.11.2010 17:42:15 ]: [   >>>   ] [ 0  ]: PING
[ 12.11.2010 17:42:15 ]: 0
[ 12.11.2010 17:42:15 ]: [   >>>   ] [ 0  ]: PING
[ 12.11.2010 17:42:15 ]: 0
[ 12.11.2010 17:42:15 ]: [   >>>   ] [ 0  ]: PING
[ 12.11.2010 17:42:15 ]: 0
[ 12.11.2010 17:42:15 ]: [   >>>   ] [ 0  ]: PING
[ 12.11.2010 17:42:15 ]: 0
[ 12.11.2010 17:42:15 ]: [   >>>   ] [ 0  ]: PING
[ 12.11.2010 17:42:15 ]: 0
[ 12.11.2010 17:42:15 ]: [   >>>   ] [ 0  ]: PING
[ 12.11.2010 17:42:15 ]: 0
[ 12.11.2010 17:42:15 ]: [   >>>   ] [ 0  ]: PING
[ 12.11.2010 17:42:15 ]: 0
[ 12.11.2010 17:42:15 ]: [   >>>   ] [ 0  ]: PING
[ 12.11.2010 17:42:15 ]: 0
[ 12.11.2010 17:42:15 ]: [   >>>   ] [ 0  ]: PING
[ 12.11.2010 17:42:15 ]: 0
[ 12.11.2010 17:42:15 ]: [   >>>   ] [ 0  ]: PING
[ 12.11.2010 17:42:15 ]: 0
[ 12.11.2010 17:42:15 ]: [   >>>   ] [ 0  ]: PING
[ 12.11.2010 17:42:15 ]: 0
[ 12.11.2010 17:42:15 ]: [   >>>   ] [ 0  ]: PING
[ 12.11.2010 17:42:15 ]: 0
[ 12.11.2010 17:42:15 ]: [   >>>   ] [ 0  ]: PING
[ 12.11.2010 17:42:15 ]: 0
[ 12.11.2010 17:42:15 ]: [   >>>   ] [ 0  ]: PING
[ 12.11.2010 17:42:15 ]: 0
[ 12.11.2010 17:42:15 ]: [   >>>   ] [ 0  ]: PING
[ 12.11.2010 17:42:15 ]: 0
[ 12.11.2010 17:42:15 ]: [   >>>   ] [ 0  ]: PING
[ 12.11.2010 17:42:15 ]: 0
[ 12.11.2010 17:42:15 ]: [   >>>   ] [ 0  ]: PING
[ 12.11.2010 17:42:15 ]: 0
[ 12.11.2010 17:42:15 ]: [   >>>   ] [ 0  ]: PING
[ 12.11.2010 17:42:15 ]: 0
[ 12.11.2010 17:42:15 ]: [   >>>   ] [ 0  ]: PING
[ 12.11.2010 17:42:15 ]: 0
[ 12.11.2010 17:42:15 ]: [   >>>   ] [ 0  ]: PING
[ 12.11.2010 17:42:15 ]: 0
[ 12.11.2010 17:42:15 ]: [   >>>   ] [ 0  ]: PING
[ 12.11.2010 17:42:15 ]: 0
[ 12.11.2010 17:42:15 ]: [   >>>   ] [ 0  ]: PING
[ 12.11.2010 17:42:15 ]: 0
[ 12.11.2010 17:42:15 ]: [   >>>   ] [ 0  ]: PING
[ 12.11.2010 17:42:15 ]: 0
[ 12.11.2010 17:42:15 ]: [   >>>   ] [ 0  ]: PING
[ 12.11.2010 17:42:15 ]: 0
[ 12.11.2010 17:42:15 ]: [   >>>   ] [ 0  ]: PING
[ 12.11.2010 17:42:15 ]: 0
[ 12.11.2010 17:42:15 ]: [   >>>   ] [ 0  ]: PING
[ 12.11.2010 17:42:15 ]: 0
[ 12.11.2010 17:42:15 ]: [   >>>   ] [ 0  ]: PING
[ 12.11.2010 17:42:15 ]: 0
[ 12.11.2010 17:42:15 ]: [   >>>   ] [ 0  ]: PING
[ 12.11.2010 17:42:15 ]: 0
[ 12.11.2010 17:42:15 ]: [   >>>   ] [ 0  ]: PING
[ 12.11.2010 17:42:15 ]: 0
[ 12.11.2010 17:42:15 ]: [   >>>   ] [ 0  ]: PING
[ 12.11.2010 17:42:15 ]: 0
[ 12.11.2010 17:42:15 ]: [   >>>   ] [ 0  ]: ERROR;21
[ 12.11.2010 17:42:15 ]: [  KILLD  ] [ 0 ]: TIME: 1289583736
[ 12.11.2010 17:42:15 ]: -1
