[ 15.11.2010 19:34:51 ]: Using Syslog: ./syslog/1289849691.log
[ 15.11.2010 19:34:51 ]: Game Server v0.1.5 starting up...
[ 15.11.2010 19:34:56 ]: PLAYER CONNECTED
[ 15.11.2010 19:35:00 ]: GAME CONNECTED
[ 15.11.2010 19:35:00 ]: CACHING GAME DATABASE
[ 15.11.2010 19:35:00 ]: DONE.
[ 15.11.2010 19:35:00 ]: LISTEN THREAD - READY
[ 15.11.2010 19:35:00 ]: SERVER UP AND RUNNING - READY
[ 15.11.2010 19:35:01 ]: [ NEWUSER ] [ 0 ]: TIME: 1289849701
[ 15.11.2010 19:35:01 ]: [   >>>   ] [ 0  ]: WELCOME
[ 15.11.2010 19:35:03 ]: [ NEWUSER ] [ 0 ]: TIME: 1289849703
[ 15.11.2010 19:35:03 ]: [   >>>   ] [ 0  ]: WELCOME
[ 15.11.2010 19:35:06 ]: [   <<<   ] [ 0  ]: login;xenor;0;lalaftw#!
[ 15.11.2010 19:35:06 ]: [   >>>   ] [ 1 xenor ]: LOGIN;OK
[ 15.11.2010 19:35:09 ]: [   <<<   ] [ 0  ]: log;xenor
[ 15.11.2010 19:35:10 ]: [   <<<   ] [ 1 xenor ]: test
[ 15.11.2010 19:35:10 ]: [   >>>   ] [ 0  ]: [   <<<   ] [ 1 xenor ]: test
[ 15.11.2010 19:35:10 ]: [   >>>   ] [ 1 xenor ]: ERROR;20
[ 15.11.2010 19:35:10 ]: [   >>>   ] [ 0  ]: [   >>>   ] [ 1 xenor ]: ERROR;20
[ 15.11.2010 19:35:10 ]: [   <<<   ] [ 1 xenor ]: 
[ 15.11.2010 19:35:10 ]: [   >>>   ] [ 0  ]: [   <<<   ] [ 1 xenor ]: 
[ 15.11.2010 19:35:10 ]: [   >>>   ] [ 1 xenor ]: ERROR;20
[ 15.11.2010 19:35:10 ]: [   >>>   ] [ 0  ]: [   >>>   ] [ 1 xenor ]: ERROR;20
[ 15.11.2010 19:35:12 ]: [   <<<   ] [ 1 xenor ]: opfer
[ 15.11.2010 19:35:12 ]: [   >>>   ] [ 0  ]: [   <<<   ] [ 1 xenor ]: opfer
[ 15.11.2010 19:35:12 ]: [   >>>   ] [ 1 xenor ]: ERROR;20
[ 15.11.2010 19:35:12 ]: [   >>>   ] [ 0  ]: [   >>>   ] [ 1 xenor ]: ERROR;20
[ 15.11.2010 19:35:32 ]: [   <<<   ] [ 1 xenor ]: test
[ 15.11.2010 19:35:32 ]: [   >>>   ] [ 0  ]: [   <<<   ] [ 1 xenor ]: test
[ 15.11.2010 19:35:32 ]: [   >>>   ] [ 1 xenor ]: ERROR;20
[ 15.11.2010 19:35:32 ]: [   >>>   ] [ 0  ]: [   >>>   ] [ 1 xenor ]: ERROR;20
[ 15.11.2010 19:35:34 ]: [   <<<   ] [ 1 xenor ]: pos
[ 15.11.2010 19:35:34 ]: [   >>>   ] [ 0  ]: [   <<<   ] [ 1 xenor ]: pos
[ 15.11.2010 19:35:34 ]: [   >>>   ] [ 1 xenor ]: [ 0 | 0 | 0 ]
[ 15.11.2010 19:35:34 ]: [   >>>   ] [ 0  ]: [   >>>   ] [ 1 xenor ]: [ 0 | 0 | 0 ]
[ 15.11.2010 19:35:37 ]: [   <<<   ] [ 1 xenor ]: warp;0;0;0
[ 15.11.2010 19:35:37 ]: [   >>>   ] [ 0  ]: [   <<<   ] [ 1 xenor ]: warp;0;0;0
[ 15.11.2010 19:35:37 ]: [   >>>   ] [ 1 xenor ]: WARP;OK;0;0;0
[ 15.11.2010 19:35:37 ]: [   >>>   ] [ 0  ]: [   >>>   ] [ 1 xenor ]: WARP;OK;0;0;0
