[ 15.11.2010 17:10:42 ]: Using Syslog: ./syslog/1289841042.log
[ 15.11.2010 17:10:42 ]: Game Server v0.1.5 starting up...
[ 15.11.2010 17:10:48 ]: PLAYER CONNECTED
[ 15.11.2010 17:10:57 ]: GAME CONNECTED
[ 15.11.2010 17:10:57 ]: CACHING GAME DATABASE
[ 15.11.2010 17:10:57 ]: DONE.
[ 15.11.2010 17:10:57 ]: LISTEN THREAD - READY
[ 15.11.2010 17:10:57 ]: PING THREAD READY
[ 15.11.2010 17:10:57 ]: SERVER UP AND RUNNING - READY
[ 15.11.2010 17:10:59 ]: [ NEWUSER ] [ 0 ]: TIME: 1289841059
[ 15.11.2010 17:10:59 ]: [   >>>   ] [ 0  ]: WELCOME
[ 15.11.2010 17:11:03 ]: [   >>>   ] [ 0  ]: PING
[ 15.11.2010 17:11:09 ]: [   >>>   ] [ 0  ]: ERROR;21
[ 15.11.2010 17:11:09 ]: [  KILLD  ] [ 0 ]: TIME: 1289841070
[ 15.11.2010 17:11:09 ]: [ NEWUSER ] [ 0 ]: TIME: 1289841070
[ 15.11.2010 17:11:09 ]: [  KILLD  ] [ 0 ]: TIME: 1289841070
[ 15.11.2010 17:11:29 ]: [ NEWUSER ] [ 0 ]: TIME: 1289841089
[ 15.11.2010 17:11:29 ]: [   >>>   ] [ 0  ]: WELCOME
[ 15.11.2010 17:11:33 ]: [   >>>   ] [ 0  ]: PING
[ 15.11.2010 17:11:35 ]: [   <<<   ] [ 0  ]: login;never;4;pw
[ 15.11.2010 17:11:35 ]: [   >>>   ] [ 2 pw ]: LOGIN;OK
[ 15.11.2010 17:11:36 ]: [   <<<   ] [ 2 pw ]: pong
[ 15.11.2010 17:11:39 ]: [   >>>   ] [ 2 pw ]: PING
[ 15.11.2010 17:11:45 ]: [   >>>   ] [ 2 pw ]: ERROR;21
[ 15.11.2010 17:11:45 ]: [  KILLD  ] [ 2 ]: TIME: 1289841106
[ 15.11.2010 17:13:09 ]: [ NEWUSER ] [ 0 ]: TIME: 1289841189
[ 15.11.2010 17:13:09 ]: [   >>>   ] [ 0  ]: WELCOME
[ 15.11.2010 17:13:09 ]: [   >>>   ] [ 0  ]: PING
[ 15.11.2010 17:13:10 ]: [   <<<   ] [ 0  ]: pong
[ 15.11.2010 17:13:14 ]: [   <<<   ] [ 0  ]: login;xenor;4;lalaftw#!
[ 15.11.2010 17:13:14 ]: [   >>>   ] [ 1 xenor ]: LOGIN;OK
[ 15.11.2010 17:13:15 ]: [   >>>   ] [ 1 xenor ]: PING
[ 15.11.2010 17:13:17 ]: [   <<<   ] [ 1 xenor ]: pong
[ 15.11.2010 17:13:21 ]: [   >>>   ] [ 1 xenor ]: PING
[ 15.11.2010 17:13:23 ]: [   <<<   ] [ 1 xenor ]: pong
[ 15.11.2010 17:13:27 ]: [   >>>   ] [ 1 xenor ]: PING
[ 15.11.2010 17:13:30 ]: [   <<<   ] [ 1 xenor ]: quit
[ 15.11.2010 17:13:30 ]: [   >>>   ] [ 1 xenor ]: BYE
[ 15.11.2010 17:13:30 ]: [  KILLD  ] [ 1 ]: TIME: 1289841211
