[ 12.11.2010 11:17:27 ]: Using Syslog: ./syslog/1289560648.log
[ 12.11.2010 11:17:27 ]: Game Server v0.1.5 starting up...
[ 12.11.2010 11:17:32 ]: PLAYER CONNECTED
[ 12.11.2010 11:17:37 ]: GAME CONNECTED
[ 12.11.2010 11:17:37 ]: CACHING GAME DATABASE
[ 12.11.2010 11:17:37 ]: DONE.
[ 12.11.2010 11:17:37 ]: LISTEN THREAD - READY
[ 12.11.2010 11:17:37 ]: PING THREAD READY
[ 12.11.2010 11:17:37 ]: SERVER UP AND RUNNING - READY
[ 12.11.2010 11:17:37 ]: [ NEWUSER ] [ 0 ]: TIME: 1289560658
[ 12.11.2010 11:17:37 ]: [   >>>   ] [ 0  ]: WELCOME
[ 12.11.2010 11:17:38 ]: [   >>>   ] [ 0  ]: PING
[ 12.11.2010 11:17:38 ]: -1000
[ 12.11.2010 11:17:38 ]: 1
[ 12.11.2010 11:17:39 ]: [   >>>   ] [ 0  ]: PING
[ 12.11.2010 11:17:39 ]: -1000
[ 12.11.2010 11:17:39 ]: 0
[ 12.11.2010 11:17:40 ]: -1000
[ 12.11.2010 11:17:40 ]: -1
[ 12.11.2010 11:17:41 ]: -1000
[ 12.11.2010 11:17:41 ]: -2
[ 12.11.2010 11:17:42 ]: -1000
[ 12.11.2010 11:17:42 ]: -3
[ 12.11.2010 11:17:43 ]: -1000
[ 12.11.2010 11:17:43 ]: -4
[ 12.11.2010 11:17:44 ]: -1000
[ 12.11.2010 11:17:44 ]: -5
[ 12.11.2010 11:17:45 ]: -1000
[ 12.11.2010 11:17:45 ]: -6
[ 12.11.2010 11:17:46 ]: -1000
[ 12.11.2010 11:17:46 ]: -7
[ 12.11.2010 11:17:47 ]: -1000
[ 12.11.2010 11:17:47 ]: -8
[ 12.11.2010 11:17:48 ]: -1000
[ 12.11.2010 11:17:48 ]: -9
[ 12.11.2010 11:17:49 ]: -1000
[ 12.11.2010 11:17:49 ]: -10
[ 12.11.2010 11:17:50 ]: -1000
[ 12.11.2010 11:17:50 ]: -11
[ 12.11.2010 11:17:51 ]: -1000
[ 12.11.2010 11:17:51 ]: -12
[ 12.11.2010 11:17:52 ]: -1000
[ 12.11.2010 11:17:52 ]: -13
[ 12.11.2010 11:17:53 ]: -1000
[ 12.11.2010 11:17:53 ]: -14
[ 12.11.2010 11:17:54 ]: -1000
[ 12.11.2010 11:17:54 ]: -15
[ 12.11.2010 11:17:55 ]: -1000
[ 12.11.2010 11:17:55 ]: -16
[ 12.11.2010 11:17:56 ]: -1000
[ 12.11.2010 11:17:56 ]: -17
[ 12.11.2010 11:17:57 ]: -1000
[ 12.11.2010 11:17:57 ]: -18
[ 12.11.2010 11:17:58 ]: -1000
[ 12.11.2010 11:17:58 ]: -19
[ 12.11.2010 11:17:59 ]: -1000
[ 12.11.2010 11:17:59 ]: -20
[ 12.11.2010 11:18:00 ]: -1000
[ 12.11.2010 11:18:00 ]: -21
[ 12.11.2010 11:18:01 ]: -1000
[ 12.11.2010 11:18:01 ]: -22
[ 12.11.2010 11:18:02 ]: -1000
[ 12.11.2010 11:18:02 ]: -23
[ 12.11.2010 11:18:03 ]: -1000
[ 12.11.2010 11:18:03 ]: -24
[ 12.11.2010 11:18:04 ]: -1000
[ 12.11.2010 11:18:04 ]: -25
[ 12.11.2010 11:18:05 ]: -1000
[ 12.11.2010 11:18:05 ]: -26
[ 12.11.2010 11:18:06 ]: -1000
[ 12.11.2010 11:18:06 ]: -27
[ 12.11.2010 11:18:07 ]: -1000
[ 12.11.2010 11:18:07 ]: -28
[ 12.11.2010 11:18:08 ]: -1000
[ 12.11.2010 11:18:08 ]: -29
[ 12.11.2010 11:18:09 ]: -1000
[ 12.11.2010 11:18:09 ]: -30
[ 12.11.2010 11:18:10 ]: -1000
[ 12.11.2010 11:18:10 ]: -31
[ 12.11.2010 11:18:11 ]: -1000
[ 12.11.2010 11:18:11 ]: -32
[ 12.11.2010 11:18:12 ]: -1000
[ 12.11.2010 11:18:12 ]: -33
[ 12.11.2010 11:18:13 ]: -1000
[ 12.11.2010 11:18:13 ]: -34
[ 12.11.2010 11:18:14 ]: -1000
[ 12.11.2010 11:18:14 ]: -35
[ 12.11.2010 11:18:15 ]: -1000
[ 12.11.2010 11:18:15 ]: -36
[ 12.11.2010 11:18:16 ]: -1000
[ 12.11.2010 11:18:16 ]: -37
[ 12.11.2010 11:18:17 ]: -1000
[ 12.11.2010 11:18:17 ]: -38
[ 12.11.2010 11:18:18 ]: -1000
[ 12.11.2010 11:18:18 ]: -39
[ 12.11.2010 11:18:19 ]: -1000
[ 12.11.2010 11:18:19 ]: -40
[ 12.11.2010 11:18:20 ]: -1000
[ 12.11.2010 11:18:20 ]: -41
[ 12.11.2010 11:18:21 ]: -1000
[ 12.11.2010 11:18:21 ]: -42
[ 12.11.2010 11:18:22 ]: -1000
[ 12.11.2010 11:18:22 ]: -43
