[ 16.11.2010 16:04:06 ]: Using Syslog: ./syslog/1289923447.log
[ 16.11.2010 16:04:06 ]: Game Server v0.1.5 starting up...
[ 16.11.2010 16:04:12 ]: PLAYER CONNECTED
[ 16.11.2010 16:04:17 ]: GAME CONNECTED
[ 16.11.2010 16:04:17 ]: CACHING GAME DATABASE
[ 16.11.2010 16:04:17 ]: DONE.
[ 16.11.2010 16:04:17 ]: LISTEN THREAD - READY
[ 16.11.2010 16:04:17 ]: SERVER UP AND RUNNING - READY
[ 16.11.2010 16:04:17 ]: [ NEWUSER ] [ 0 ]: TIME: 1289923458
[ 16.11.2010 16:04:17 ]: [   >>>   ] [ 0  ]: WELCOME
[ 16.11.2010 16:04:19 ]: [   <<<   ] [ 0  ]: lolwas
[ 16.11.2010 16:04:19 ]: [   >>>   ] [ 0  ]: ERROR;20
[ 16.11.2010 16:04:20 ]: [   <<<   ] [ 0  ]: duopfer
[ 16.11.2010 16:04:20 ]: [   >>>   ] [ 0  ]: ERROR;20
[ 16.11.2010 16:04:21 ]: [   <<<   ] [ 0  ]: pos
[ 16.11.2010 16:04:21 ]: [   >>>   ] [ 0  ]: [ 0 | 0 | 0 ]
[ 16.11.2010 16:04:25 ]: [   <<<   ] [ 0  ]: warp;;4;2;1
[ 16.11.2010 16:04:25 ]: [   >>>   ] [ 0  ]: ERROR;20
[ 16.11.2010 16:04:33 ]: [   <<<   ] [ 0  ]: warp;42;42;42
[ 16.11.2010 16:04:33 ]: [   >>>   ] [ 0  ]: ERROR;20
[ 16.11.2010 16:04:34 ]: [   <<<   ] [ 0  ]: pos
[ 16.11.2010 16:04:34 ]: [   >>>   ] [ 0  ]: [ 0 | 0 | 0 ]
[ 16.11.2010 16:04:37 ]: [   <<<   ] [ 0  ]: WARP;42;42;42
[ 16.11.2010 16:04:37 ]: [   >>>   ] [ 0  ]: ERROR;20
[ 16.11.2010 16:04:40 ]: [   <<<   ] [ 0  ]: login;xenor;0;lalaftw#!
[ 16.11.2010 16:04:40 ]: [   >>>   ] [ 1 xenor ]: LOGIN;OK
[ 16.11.2010 16:04:43 ]: [   <<<   ] [ 1 xenor ]: warp;52;52;%2
