[ 12.11.2010 18:32:12 ]: Using Syslog: ./syslog/1289586732.log
[ 12.11.2010 18:32:12 ]: Game Server v0.1.5 starting up...
[ 12.11.2010 18:32:17 ]: PLAYER CONNECTED
[ 12.11.2010 18:32:21 ]: GAME CONNECTED
[ 12.11.2010 18:32:21 ]: CACHING GAME DATABASE
[ 12.11.2010 18:32:21 ]: DONE.
[ 12.11.2010 18:32:21 ]: LISTEN THREAD - READY
[ 12.11.2010 18:32:21 ]: PING THREAD READY
[ 12.11.2010 18:32:21 ]: SERVER UP AND RUNNING - READY
[ 12.11.2010 18:34:16 ]: [ NEWUSER ] [ 0 ]: TIME: 1289586856
[ 12.11.2010 18:34:16 ]: [   >>>   ] [ 0  ]: WELCOME
[ 12.11.2010 18:34:21 ]: [   >>>   ] [ 0  ]: PING
[ 12.11.2010 18:34:26 ]: [   <<<   ] [ 0  ]: pong
[ 12.11.2010 18:34:27 ]: [   >>>   ] [ 0  ]: PING
[ 12.11.2010 18:34:29 ]: [   <<<   ] [ 0  ]: pong
[ 12.11.2010 18:34:33 ]: [   >>>   ] [ 0  ]: PING
[ 12.11.2010 18:34:34 ]: [   <<<   ] [ 0  ]: pong
[ 12.11.2010 18:34:39 ]: [   >>>   ] [ 0  ]: PING
[ 12.11.2010 18:34:40 ]: [   <<<   ] [ 0  ]: pong
[ 12.11.2010 18:34:45 ]: [   >>>   ] [ 0  ]: PING
[ 12.11.2010 18:34:46 ]: [   <<<   ] [ 0  ]: pong
[ 12.11.2010 18:34:51 ]: [   >>>   ] [ 0  ]: PING
[ 12.11.2010 18:34:57 ]: [   >>>   ] [ 0  ]: ERROR;21
[ 12.11.2010 18:34:57 ]: [  KILLD  ] [ 0 ]: TIME: 1289586898
[ 12.11.2010 18:34:57 ]: [ NEWUSER ] [ 0 ]: TIME: 1289586898
[ 12.11.2010 18:34:57 ]: [  KILLD  ] [ 0 ]: TIME: 1289586898
