[ 26.11.2010 19:41:59 ]: Using Syslog: ./syslog/1290800519.log
[ 26.11.2010 19:41:59 ]: Game Server v0.2.1 starting up...
[ 26.11.2010 19:42:04 ]: PLAYER DB			READY
[ 26.11.2010 19:42:09 ]: GAME DB			READY
[ 26.11.2010 19:42:09 ]: LISTEN THREAD			READY
[ 26.11.2010 19:42:09 ]: NPC CONTROL			READY
[ 26.11.2010 19:42:09 ]: GAME SERVER READY		READY
[ 26.11.2010 19:42:10 ]: [ NEWUSER ] [ 0 ]: TIME: 1290800531
[ 26.11.2010 19:42:10 ]: [   >>>   ] [ 0  ]: WELCOME
[ 26.11.2010 19:42:12 ]: [   <<<   ] [ 0  (0) ]: item;42
[ 26.11.2010 19:42:12 ]: [   >>>   ] [ 0  (0) ]: ERROR;60
[ 26.11.2010 19:42:20 ]: [   <<<   ] [ 0  (0) ]: item;42;1;2;3
[ 26.11.2010 19:42:20 ]: [   >>>   ] [ 0  (0) ]: ERROR;60
[ 26.11.2010 19:42:27 ]: [   <<<   ] [ 0  (0) ]: item;1;2;4;5
[ 26.11.2010 19:42:27 ]: [   >>>   ] [ 0  (0) ]: ITEM;OK;37;1;2;4;5
[ 26.11.2010 19:42:49 ]: [   <<<   ] [ 0  (0) ]: ????
[ 26.11.2010 19:42:49 ]: [   >>>   ] [ 0  (0) ]: ERROR;20
[ 26.11.2010 19:42:50 ]: [   <<<   ] [ 0  (0) ]: quit
[ 26.11.2010 19:42:50 ]: [   >>>   ] [ 0  ]: BYE
[ 26.11.2010 19:42:50 ]: [  KILLD  ] [ 0 ]: TIME: 1290800571
