[ 21.11.2010 19:32:54 ]: Using Syslog: ./syslog/1290367975.log
[ 21.11.2010 19:32:54 ]: Game Server v0.2.1 starting up...
[ 21.11.2010 19:32:59 ]: PLAYER DB			READY
[ 21.11.2010 19:33:04 ]: GAME DB			READY
[ 21.11.2010 19:33:04 ]: LISTEN THREAD			READY
[ 21.11.2010 19:33:04 ]: NPC CONTROL			READY
[ 21.11.2010 19:33:04 ]: GAME SERVER READY		READY
[ 21.11.2010 19:33:05 ]: [ NEWUSER ] [ 0 ]: TIME: 1290367985
[ 21.11.2010 19:33:05 ]: [   >>>   ] [ 0  ]: WELCOME
[ 21.11.2010 19:33:07 ]: [ NEWUSER ] [ 0 ]: TIME: 1290367987
[ 21.11.2010 19:33:07 ]: [   >>>   ] [ 0  ]: WELCOME
[ 21.11.2010 19:33:07 ]: [ NEWUSER ] [ 0 ]: TIME: 1290367987
[ 21.11.2010 19:33:07 ]: [   >>>   ] [ 0  ]: WELCOME
[ 21.11.2010 19:33:07 ]: [ NEWUSER ] [ 0 ]: TIME: 1290367987
[ 21.11.2010 19:33:07 ]: [   >>>   ] [ 0  ]: WELCOME
[ 21.11.2010 19:33:07 ]: [ NEWUSER ] [ 0 ]: TIME: 1290367987
[ 21.11.2010 19:33:07 ]: [   >>>   ] [ 0  ]: WELCOME
[ 21.11.2010 19:33:07 ]: [ NEWUSER ] [ 0 ]: TIME: 1290367987
[ 21.11.2010 19:33:07 ]: [   >>>   ] [ 0  ]: WELCOME
[ 21.11.2010 19:33:07 ]: [ NEWUSER ] [ 0 ]: TIME: 1290367987
[ 21.11.2010 19:33:07 ]: [   >>>   ] [ 0  ]: WELCOME
[ 21.11.2010 19:33:07 ]: [ NEWUSER ] [ 0 ]: TIME: 1290367987
[ 21.11.2010 19:33:07 ]: [   >>>   ] [ 0  ]: WELCOME
[ 21.11.2010 19:33:07 ]: [ NEWUSER ] [ 0 ]: TIME: 1290367987
[ 21.11.2010 19:33:07 ]: [   >>>   ] [ 0  ]: WELCOME
[ 21.11.2010 19:33:07 ]: [ NEWUSER ] [ 0 ]: TIME: 1290367987
[ 21.11.2010 19:33:07 ]: [   >>>   ] [ 0  ]: WELCOME
[ 21.11.2010 19:33:08 ]: [ NEWUSER ] [ 0 ]: TIME: 1290367988
[ 21.11.2010 19:33:08 ]: [   >>>   ] [ 0  ]: WELCOME
[ 21.11.2010 19:33:08 ]: [ NEWUSER ] [ 0 ]: TIME: 1290367989
[ 21.11.2010 19:33:08 ]: [   >>>   ] [ 0  ]: WELCOME
[ 21.11.2010 19:33:08 ]: [ NEWUSER ] [ 0 ]: TIME: 1290367989
[ 21.11.2010 19:33:08 ]: [   >>>   ] [ 0  ]: WELCOME
[ 21.11.2010 19:33:08 ]: [ NEWUSER ] [ 0 ]: TIME: 1290367989
[ 21.11.2010 19:33:08 ]: [   >>>   ] [ 0  ]: WELCOME
[ 21.11.2010 19:33:08 ]: [ NEWUSER ] [ 0 ]: TIME: 1290367989
[ 21.11.2010 19:33:08 ]: [   >>>   ] [ 0  ]: WELCOME
[ 21.11.2010 19:33:08 ]: [ NEWUSER ] [ 0 ]: TIME: 1290367989
[ 21.11.2010 19:33:08 ]: [   >>>   ] [ 0  ]: WELCOME
[ 21.11.2010 19:33:09 ]: [ NEWUSER ] [ 0 ]: TIME: 1290367989
[ 21.11.2010 19:33:09 ]: [   >>>   ] [ 0  ]: WELCOME
[ 21.11.2010 19:33:09 ]: [ NEWUSER ] [ 0 ]: TIME: 1290367989
[ 21.11.2010 19:33:09 ]: [   >>>   ] [ 0  ]: WELCOME
[ 21.11.2010 19:33:09 ]: [ NEWUSER ] [ 0 ]: TIME: 1290367989
[ 21.11.2010 19:33:09 ]: [   >>>   ] [ 0  ]: WELCOME
[ 21.11.2010 19:33:11 ]: [   <<<   ] [ 0  (0) ]: shutdown
[ 21.11.2010 19:33:11 ]: [   >>>   ] [ 0  (0) ]: SHUTDOWN;50;10
[ 21.11.2010 19:33:11 ]: [  KILLD  ] [ 0 ]: TIME: 1290367991
[ 21.11.2010 19:33:11 ]: [  KILLD  ] [ 0 ]: TIME: 1290367991
[ 21.11.2010 19:33:11 ]: [  KILLD  ] [ 0 ]: TIME: 1290367991
[ 21.11.2010 19:33:11 ]: [  KILLD  ] [ 0 ]: TIME: 1290367991
[ 21.11.2010 19:33:11 ]: [  KILLD  ] [ 0 ]: TIME: 1290367991
[ 21.11.2010 19:33:11 ]: [  KILLD  ] [ 0 ]: TIME: 1290367991
[ 21.11.2010 19:33:11 ]: [  KILLD  ] [ 0 ]: TIME: 1290367991
[ 21.11.2010 19:33:11 ]: [  KILLD  ] [ 0 ]: TIME: 1290367991
[ 21.11.2010 19:33:11 ]: [  KILLD  ] [ 0 ]: TIME: 1290367991
[ 21.11.2010 19:33:11 ]: [  KILLD  ] [ 0 ]: TIME: 1290367991
[ 21.11.2010 19:33:11 ]: [   >>>   ] [ 0  (0) ]: SHUTDOWN;50;10
[ 21.11.2010 19:33:11 ]: [   >>>   ] [ 0  (0) ]: SHUTDOWN;50;10
[ 21.11.2010 19:33:11 ]: [   >>>   ] [ 0  (0) ]: SHUTDOWN;50;10
[ 21.11.2010 19:33:11 ]: [   >>>   ] [ 0  (0) ]: SHUTDOWN;50;10
[ 21.11.2010 19:33:11 ]: [   >>>   ] [ 0  (0) ]: SHUTDOWN;50;10
[ 21.11.2010 19:33:11 ]: [   >>>   ] [ 0  (0) ]: SHUTDOWN;50;10
[ 21.11.2010 19:33:11 ]: [   >>>   ] [ 0  (0) ]: SHUTDOWN;50;10
[ 21.11.2010 19:33:11 ]: [   >>>   ] [ 0  (0) ]: SHUTDOWN;50;10
[ 21.11.2010 19:33:11 ]: [ NEWUSER ] [ 0 ]: TIME: 1290367992
[ 21.11.2010 19:33:11 ]: [   >>>   ] [ 0  ]: WELCOME
[ 21.11.2010 19:33:12 ]: [   >>>   ] [ 0  (0) ]: SHUTDOWN;50;9
[ 21.11.2010 19:33:12 ]: [   >>>   ] [ 0  (0) ]: SHUTDOWN;50;9
[ 21.11.2010 19:33:12 ]: [   >>>   ] [ 0  (0) ]: SHUTDOWN;50;9
[ 21.11.2010 19:33:12 ]: [   >>>   ] [ 0  (0) ]: SHUTDOWN;50;9
[ 21.11.2010 19:33:12 ]: [   >>>   ] [ 0  (0) ]: SHUTDOWN;50;9
[ 21.11.2010 19:33:12 ]: [   >>>   ] [ 0  (0) ]: SHUTDOWN;50;9
[ 21.11.2010 19:33:12 ]: [   >>>   ] [ 0  (0) ]: SHUTDOWN;50;9
[ 21.11.2010 19:33:12 ]: [   >>>   ] [ 0  (0) ]: SHUTDOWN;50;9
[ 21.11.2010 19:33:12 ]: [   >>>   ] [ 0  (0) ]: SHUTDOWN;50;9
[ 21.11.2010 19:33:12 ]: [   >>>   ] [ 0  (0) ]: SHUTDOWN;50;9
[ 21.11.2010 19:33:13 ]: [   >>>   ] [ 0  (0) ]: SHUTDOWN;50;8
[ 21.11.2010 19:33:13 ]: [   >>>   ] [ 0  (0) ]: SHUTDOWN;50;8
[ 21.11.2010 19:33:13 ]: [   >>>   ] [ 0  (0) ]: SHUTDOWN;50;8
[ 21.11.2010 19:33:13 ]: [   >>>   ] [ 0  (0) ]: SHUTDOWN;50;8
[ 21.11.2010 19:33:13 ]: [   >>>   ] [ 0  (0) ]: SHUTDOWN;50;8
[ 21.11.2010 19:33:13 ]: [   >>>   ] [ 0  (0) ]: SHUTDOWN;50;8
[ 21.11.2010 19:33:13 ]: [   >>>   ] [ 0  (0) ]: SHUTDOWN;50;8
[ 21.11.2010 19:33:13 ]: [   >>>   ] [ 0  (0) ]: SHUTDOWN;50;8
[ 21.11.2010 19:33:13 ]: [   >>>   ] [ 0  (0) ]: SHUTDOWN;50;8
[ 21.11.2010 19:33:13 ]: [   >>>   ] [ 0  (0) ]: SHUTDOWN;50;8
[ 21.11.2010 19:33:13 ]: [ NEWUSER ] [ 0 ]: TIME: 1290367993
[ 21.11.2010 19:33:13 ]: [   >>>   ] [ 0  ]: WELCOME
[ 21.11.2010 19:33:14 ]: [   >>>   ] [ 0  (0) ]: SHUTDOWN;50;7
[ 21.11.2010 19:33:14 ]: [  KILLD  ] [ 0 ]: TIME: 1290367994
[ 21.11.2010 19:33:14 ]: [  KILLD  ] [ 0 ]: TIME: 1290367994
[ 21.11.2010 19:33:14 ]: [  KILLD  ] [ 0 ]: TIME: 1290367994
[ 21.11.2010 19:33:14 ]: [  KILLD  ] [ 0 ]: TIME: 1290367994
[ 21.11.2010 19:33:14 ]: [  KILLD  ] [ 0 ]: TIME: 1290367994
[ 21.11.2010 19:33:14 ]: [  KILLD  ] [ 0 ]: TIME: 1290367994
[ 21.11.2010 19:33:14 ]: [  KILLD  ] [ 0 ]: TIME: 1290367994
[ 21.11.2010 19:33:14 ]: [  KILLD  ] [ 0 ]: TIME: 1290367994
[ 21.11.2010 19:33:14 ]: [  KILLD  ] [ 0 ]: TIME: 1290367994
[ 21.11.2010 19:33:14 ]: [  KILLD  ] [ 0 ]: TIME: 1290367994
[ 21.11.2010 19:33:14 ]: [ NEWUSER ] [ 0 ]: TIME: 1290367994
[ 21.11.2010 19:33:14 ]: [   >>>   ] [ 0  ]: WELCOME
[ 21.11.2010 19:33:14 ]: [ NEWUSER ] [ 0 ]: TIME: 1290367994
[ 21.11.2010 19:33:14 ]: [   >>>   ] [ 0  ]: WELCOME
[ 21.11.2010 19:33:14 ]: [ NEWUSER ] [ 0 ]: TIME: 1290367994
[ 21.11.2010 19:33:14 ]: [   >>>   ] [ 0  ]: WELCOME
[ 21.11.2010 19:33:14 ]: [ NEWUSER ] [ 0 ]: TIME: 1290367994
[ 21.11.2010 19:33:14 ]: [   >>>   ] [ 0  ]: WELCOME
[ 21.11.2010 19:33:14 ]: [ NEWUSER ] [ 0 ]: TIME: 1290367994
[ 21.11.2010 19:33:14 ]: [   >>>   ] [ 0  ]: WELCOME
[ 21.11.2010 19:33:14 ]: [ NEWUSER ] [ 0 ]: TIME: 1290367994
[ 21.11.2010 19:33:14 ]: [   >>>   ] [ 0  ]: WELCOME
[ 21.11.2010 19:33:14 ]: [ NEWUSER ] [ 0 ]: TIME: 1290367994
[ 21.11.2010 19:33:14 ]: [   >>>   ] [ 0  ]: WELCOME
[ 21.11.2010 19:33:14 ]: [ NEWUSER ] [ 0 ]: TIME: 1290367994
[ 21.11.2010 19:33:14 ]: [   >>>   ] [ 0  ]: WELCOME
[ 21.11.2010 19:33:14 ]: [ NEWUSER ] [ 0 ]: TIME: 1290367994
[ 21.11.2010 19:33:14 ]: [   >>>   ] [ 0  ]: WELCOME
[ 21.11.2010 19:33:15 ]: [   >>>   ] [ 0  (0) ]: SHUTDOWN;50;6
[ 21.11.2010 19:33:15 ]: [   >>>   ] [ 0  (0) ]: SHUTDOWN;50;6
[ 21.11.2010 19:33:15 ]: [   >>>   ] [ 0  (0) ]: SHUTDOWN;50;6
[ 21.11.2010 19:33:15 ]: [   >>>   ] [ 0  (0) ]: SHUTDOWN;50;6
[ 21.11.2010 19:33:15 ]: [   >>>   ] [ 0  (0) ]: SHUTDOWN;50;6
[ 21.11.2010 19:33:15 ]: [   >>>   ] [ 0  (0) ]: SHUTDOWN;50;6
[ 21.11.2010 19:33:15 ]: [   >>>   ] [ 0  (0) ]: SHUTDOWN;50;6
[ 21.11.2010 19:33:15 ]: [   >>>   ] [ 0  (0) ]: SHUTDOWN;50;6
[ 21.11.2010 19:33:15 ]: [   >>>   ] [ 0  (0) ]: SHUTDOWN;50;6
[ 21.11.2010 19:33:15 ]: [   >>>   ] [ 0  (0) ]: SHUTDOWN;50;6
[ 21.11.2010 19:33:16 ]: [   >>>   ] [ 0  (0) ]: SHUTDOWN;50;5
[ 21.11.2010 19:33:16 ]: [   >>>   ] [ 0  (0) ]: SHUTDOWN;50;5
[ 21.11.2010 19:33:16 ]: [   >>>   ] [ 0  (0) ]: SHUTDOWN;50;5
[ 21.11.2010 19:33:16 ]: [   >>>   ] [ 0  (0) ]: SHUTDOWN;50;5
[ 21.11.2010 19:33:16 ]: [   >>>   ] [ 0  (0) ]: SHUTDOWN;50;5
[ 21.11.2010 19:33:16 ]: [   >>>   ] [ 0  (0) ]: SHUTDOWN;50;5
[ 21.11.2010 19:33:16 ]: [   >>>   ] [ 0  (0) ]: SHUTDOWN;50;5
[ 21.11.2010 19:33:16 ]: [   >>>   ] [ 0  (0) ]: SHUTDOWN;50;5
[ 21.11.2010 19:33:16 ]: [   >>>   ] [ 0  (0) ]: SHUTDOWN;50;5
[ 21.11.2010 19:33:16 ]: [   >>>   ] [ 0  (0) ]: SHUTDOWN;50;5
[ 21.11.2010 19:33:17 ]: [   >>>   ] [ 0  (0) ]: SHUTDOWN;50;4
[ 21.11.2010 19:33:17 ]: [   >>>   ] [ 0  (0) ]: SHUTDOWN;50;4
[ 21.11.2010 19:33:17 ]: [   >>>   ] [ 0  (0) ]: SHUTDOWN;50;4
[ 21.11.2010 19:33:17 ]: [   >>>   ] [ 0  (0) ]: SHUTDOWN;50;4
[ 21.11.2010 19:33:17 ]: [   >>>   ] [ 0  (0) ]: SHUTDOWN;50;4
[ 21.11.2010 19:33:17 ]: [   >>>   ] [ 0  (0) ]: SHUTDOWN;50;4
[ 21.11.2010 19:33:17 ]: [   >>>   ] [ 0  (0) ]: SHUTDOWN;50;4
[ 21.11.2010 19:33:17 ]: [   >>>   ] [ 0  (0) ]: SHUTDOWN;50;4
[ 21.11.2010 19:33:17 ]: [   >>>   ] [ 0  (0) ]: SHUTDOWN;50;4
[ 21.11.2010 19:33:17 ]: [   >>>   ] [ 0  (0) ]: SHUTDOWN;50;4
[ 21.11.2010 19:33:18 ]: [   >>>   ] [ 0  (0) ]: SHUTDOWN;50;3
[ 21.11.2010 19:33:18 ]: [   >>>   ] [ 0  (0) ]: SHUTDOWN;50;3
[ 21.11.2010 19:33:18 ]: [   >>>   ] [ 0  (0) ]: SHUTDOWN;50;3
[ 21.11.2010 19:33:18 ]: [   >>>   ] [ 0  (0) ]: SHUTDOWN;50;3
[ 21.11.2010 19:33:18 ]: [   >>>   ] [ 0  (0) ]: SHUTDOWN;50;3
[ 21.11.2010 19:33:18 ]: [   >>>   ] [ 0  (0) ]: SHUTDOWN;50;3
[ 21.11.2010 19:33:18 ]: [   >>>   ] [ 0  (0) ]: SHUTDOWN;50;3
[ 21.11.2010 19:33:18 ]: [   >>>   ] [ 0  (0) ]: SHUTDOWN;50;3
[ 21.11.2010 19:33:18 ]: [   >>>   ] [ 0  (0) ]: SHUTDOWN;50;3
[ 21.11.2010 19:33:18 ]: [   >>>   ] [ 0  (0) ]: SHUTDOWN;50;3
[ 21.11.2010 19:33:18 ]: [ NEWUSER ] [ 0 ]: TIME: 1290367998
[ 21.11.2010 19:33:18 ]: [   >>>   ] [ 0  ]: WELCOME
[ 21.11.2010 19:33:19 ]: [   >>>   ] [ 0  (0) ]: SHUTDOWN;50;2
[ 21.11.2010 19:33:19 ]: [  KILLD  ] [ 0 ]: TIME: 1290367999
[ 21.11.2010 19:33:19 ]: [  KILLD  ] [ 0 ]: TIME: 1290367999
[ 21.11.2010 19:33:19 ]: [  KILLD  ] [ 0 ]: TIME: 1290367999
[ 21.11.2010 19:33:19 ]: [  KILLD  ] [ 0 ]: TIME: 1290367999
[ 21.11.2010 19:33:19 ]: [  KILLD  ] [ 0 ]: TIME: 1290367999
[ 21.11.2010 19:33:19 ]: [  KILLD  ] [ 0 ]: TIME: 1290367999
[ 21.11.2010 19:33:19 ]: [  KILLD  ] [ 0 ]: TIME: 1290367999
[ 21.11.2010 19:33:19 ]: [  KILLD  ] [ 0 ]: TIME: 1290367999
[ 21.11.2010 19:33:19 ]: [  KILLD  ] [ 0 ]: TIME: 1290367999
[ 21.11.2010 19:33:19 ]: [  KILLD  ] [ 0 ]: TIME: 1290367999
[ 21.11.2010 19:33:20 ]: [   >>>   ] [ 0  (0) ]: SHUTDOWN;50;1
[ 21.11.2010 19:33:21 ]: [   >>>   ] [ 0  (0) ]: SHUTDOWN;51
[ 21.11.2010 19:33:21 ]: SHUTDOWN COMPLETE AT 1290368001
