[ 28.11.2010 11:01:47 ]: Using Syslog: ./syslog/1290942107.log
[ 28.11.2010 11:01:47 ]: Game Server v0.2.1 starting up...
[ 28.11.2010 11:01:51 ]: PLAYER DB			READY
[ 28.11.2010 11:01:56 ]: GAME DB			READY
[ 28.11.2010 11:01:56 ]: CACHING ITEMS...
[ 28.11.2010 11:01:56 ]: ADDED ITEM: 49; 1
[ 28.11.2010 11:01:56 ]: ADDED ITEM: 50; 1
[ 28.11.2010 11:01:56 ]: ADDED ITEM: 51; 1
[ 28.11.2010 11:01:56 ]: ADDED ITEM: 52; 1
[ 28.11.2010 11:01:56 ]: ADDED ITEM: 53; 1
[ 28.11.2010 11:01:56 ]: ADDED ITEM: 54; 1
[ 28.11.2010 11:01:56 ]: ADDED ITEM: 55; 1
[ 28.11.2010 11:01:56 ]: ADDED ITEM: 56; 2
[ 28.11.2010 11:01:56 ]: ADDED ITEM: 57; 1
[ 28.11.2010 11:01:56 ]: LISTEN THREAD			READY
[ 28.11.2010 11:01:56 ]: NPC CONTROL			READY
[ 28.11.2010 11:01:56 ]: GAME SERVER READY		READY
[ 28.11.2010 11:01:57 ]: [ NEWUSER ] [ 0 ]: TIME: 1290942117
[ 28.11.2010 11:01:57 ]: [   >>>   ] [ 0  ]: WELCOME
[ 28.11.2010 11:02:01 ]: [   <<<   ] [ 0  (0) ]: login;xenor;0;lalaftw#!
[ 28.11.2010 11:02:01 ]: [   >>>   ] [ 1 xenor (7) ]: LOGIN;OK
[ 28.11.2010 11:02:01 ]: ADDED ITEM: 58; 1
[ 28.11.2010 11:02:01 ]: ADDED ITEM: 59; 2
[ 28.11.2010 11:02:01 ]: [   >>>   ] [ 1 xenor (7) ]: ITEM;OK;49;1;0;0;0
[ 28.11.2010 11:02:01 ]: [   >>>   ] [ 1 xenor (7) ]: ITEM;OK;50;1;2;3;4
[ 28.11.2010 11:02:01 ]: [   >>>   ] [ 1 xenor (7) ]: ITEM;OK;51;1;0;0;0
[ 28.11.2010 11:02:01 ]: [   >>>   ] [ 1 xenor (7) ]: ITEM;OK;52;1;0;0;0
[ 28.11.2010 11:02:01 ]: [   >>>   ] [ 1 xenor (7) ]: ITEM;OK;53;1;4;5;6
[ 28.11.2010 11:02:01 ]: [   >>>   ] [ 1 xenor (7) ]: ITEM;OK;54;1;0;0;0
[ 28.11.2010 11:02:01 ]: [   >>>   ] [ 1 xenor (7) ]: ITEM;OK;55;1;0;0;0
[ 28.11.2010 11:02:01 ]: [   >>>   ] [ 1 xenor (7) ]: ITEM;OK;56;2;0;0;0
[ 28.11.2010 11:02:01 ]: [   >>>   ] [ 1 xenor (7) ]: ITEM;OK;57;1;0;0;0
[ 28.11.2010 11:02:01 ]: [   >>>   ] [ 1 xenor (7) ]: ITEM;OK;58;1
[ 28.11.2010 11:02:01 ]: [   >>>   ] [ 1 xenor (7) ]: ITEM;OK;59;2
