[ 27.11.2010 15:31:33 ]: Using Syslog: ./syslog/1290871894.log
[ 27.11.2010 15:31:33 ]: Game Server v0.2.1 starting up...
[ 27.11.2010 15:31:40 ]: PLAYER DB			READY
[ 27.11.2010 15:31:44 ]: GAME DB			READY
[ 27.11.2010 15:31:44 ]: CACHING ITEMS...
[ 27.11.2010 15:31:44 ]: ADDED ITEM: 49; 1
[ 27.11.2010 15:31:44 ]: ADDED ITEM: 50; 1
[ 27.11.2010 15:31:44 ]: ADDED ITEM: 51; 1
[ 27.11.2010 15:31:44 ]: ADDED ITEM: 52; 1
[ 27.11.2010 15:31:44 ]: ADDED ITEM: 53; 1
[ 27.11.2010 15:31:44 ]: ADDED ITEM: 54; 1
[ 27.11.2010 15:31:44 ]: ADDED ITEM: 55; 1
[ 27.11.2010 15:31:44 ]: ADDED ITEM: 56; 2
[ 27.11.2010 15:31:44 ]: LISTEN THREAD			READY
[ 27.11.2010 15:31:44 ]: NPC CONTROL			READY
[ 27.11.2010 15:31:44 ]: GAME SERVER READY		READY
[ 27.11.2010 15:31:48 ]: [ NEWUSER ] [ 0 ]: TIME: 1290871908
[ 27.11.2010 15:31:48 ]: [   >>>   ] [ 0  ]: WELCOME
[ 27.11.2010 15:31:54 ]: [   <<<   ] [ 0  (0) ]: spawn;1001
[ 27.11.2010 15:31:54 ]: [   >>>   ] [ 0  (0) ]: SPAWN;OK;1;1001;-2;-10;4
[ 27.11.2010 15:32:02 ]: [   <<<   ] [ 0  (0) ]: item;1
[ 27.11.2010 15:32:02 ]: ADDED ITEM: 57; 1
[ 27.11.2010 15:32:02 ]: [   >>>   ] [ 0  (0) ]: ITEM;OK;57;1
