[ 27.11.2010 15:01:28 ]: Using Syslog: ./syslog/1290870088.log
[ 27.11.2010 15:01:28 ]: Game Server v0.2.1 starting up...
[ 27.11.2010 15:01:33 ]: PLAYER DB			READY
[ 27.11.2010 15:01:37 ]: GAME DB			READY
[ 27.11.2010 15:01:37 ]: CACHING ITEMS...
[ 27.11.2010 15:01:37 ]: ADDED ITEM: 49; 1
[ 27.11.2010 15:01:37 ]: ADDED ITEM: 50; 1
[ 27.11.2010 15:01:37 ]: ADDED ITEM: 51; 1
[ 27.11.2010 15:01:37 ]: ADDED ITEM: 52; 1
[ 27.11.2010 15:01:37 ]: ADDED ITEM: 53; 1
[ 27.11.2010 15:01:37 ]: ADDED ITEM: 54; 1
[ 27.11.2010 15:01:37 ]: ADDED ITEM: 55; 1
[ 27.11.2010 15:01:37 ]: LISTEN THREAD			READY
[ 27.11.2010 15:01:37 ]: NPC CONTROL			READY
[ 27.11.2010 15:01:37 ]: GAME SERVER READY		READY
[ 27.11.2010 15:01:38 ]: [ NEWUSER ] [ 0 ]: TIME: 1290870098
[ 27.11.2010 15:01:38 ]: [   >>>   ] [ 0  ]: WELCOME
[ 27.11.2010 15:01:38 ]: [   <<<   ] [ 0  (0) ]: LOGIN;xenor;0;lalaftw#!
[ 27.11.2010 15:01:38 ]: [   >>>   ] [ 1 xenor (7) ]: LOGIN;OK
[ 27.11.2010 15:01:38 ]: [   >>>   ] [ 1 xenor (7) ]: ITEM;OK;49;1
[ 27.11.2010 15:01:38 ]: [   >>>   ] [ 1 xenor (7) ]: ITEM;OK;50;1
[ 27.11.2010 15:01:38 ]: [   >>>   ] [ 1 xenor (7) ]: ITEM;OK;51;1
[ 27.11.2010 15:01:38 ]: [   >>>   ] [ 1 xenor (7) ]: ITEM;OK;52;1
[ 27.11.2010 15:01:38 ]: [   >>>   ] [ 1 xenor (7) ]: ITEM;OK;53;1
[ 27.11.2010 15:01:38 ]: [   >>>   ] [ 1 xenor (7) ]: ITEM;OK;54;1
[ 27.11.2010 15:01:38 ]: [   >>>   ] [ 1 xenor (7) ]: ITEM;OK;55;1
