[ 22.11.2010 19:34:18 ]: Using Syslog: ./syslog/1290454459.log
[ 22.11.2010 19:34:18 ]: Game Server v0.2.1 starting up...
[ 22.11.2010 19:34:23 ]: PLAYER DB			READY
[ 22.11.2010 19:34:28 ]: GAME DB			READY
[ 22.11.2010 19:34:28 ]: LISTEN THREAD			READY
[ 22.11.2010 19:34:28 ]: NPC CONTROL			READY
[ 22.11.2010 19:34:28 ]: GAME SERVER READY		READY
[ 22.11.2010 19:34:29 ]: [ NEWUSER ] [ 0 ]: TIME: 1290454470
[ 22.11.2010 19:34:29 ]: [   >>>   ] [ 0  ]: WELCOME
[ 22.11.2010 19:34:30 ]: [ NEWUSER ] [ 0 ]: TIME: 1290454471
[ 22.11.2010 19:34:30 ]: [   >>>   ] [ 0  ]: WELCOME
[ 22.11.2010 19:34:30 ]: [ NEWUSER ] [ 0 ]: TIME: 1290454471
[ 22.11.2010 19:34:30 ]: [   >>>   ] [ 0  ]: WELCOME
[ 22.11.2010 19:34:30 ]: [ NEWUSER ] [ 0 ]: TIME: 1290454471
[ 22.11.2010 19:34:30 ]: [   >>>   ] [ 0  ]: WELCOME
[ 22.11.2010 19:34:30 ]: [ NEWUSER ] [ 0 ]: TIME: 1290454471
[ 22.11.2010 19:34:30 ]: [   >>>   ] [ 0  ]: WELCOME
[ 22.11.2010 19:34:30 ]: [ NEWUSER ] [ 0 ]: TIME: 1290454471
[ 22.11.2010 19:34:30 ]: [   >>>   ] [ 0  ]: WELCOME
[ 22.11.2010 19:34:30 ]: [ NEWUSER ] [ 0 ]: TIME: 1290454471
[ 22.11.2010 19:34:30 ]: [   >>>   ] [ 0  ]: WELCOME
[ 22.11.2010 19:34:30 ]: [ NEWUSER ] [ 0 ]: TIME: 1290454471
[ 22.11.2010 19:34:30 ]: [   >>>   ] [ 0  ]: WELCOME
[ 22.11.2010 19:34:30 ]: [ NEWUSER ] [ 0 ]: TIME: 1290454471
[ 22.11.2010 19:34:30 ]: [   >>>   ] [ 0  ]: WELCOME
[ 22.11.2010 19:34:31 ]: [ NEWUSER ] [ 0 ]: TIME: 1290454471
[ 22.11.2010 19:34:31 ]: [   >>>   ] [ 0  ]: WELCOME
[ 22.11.2010 19:34:31 ]: [ NEWUSER ] [ 0 ]: TIME: 1290454471
[ 22.11.2010 19:34:31 ]: [   >>>   ] [ 0  ]: WELCOME
[ 22.11.2010 19:34:32 ]: [ NEWUSER ] [ 0 ]: TIME: 1290454473
[ 22.11.2010 19:34:32 ]: [   >>>   ] [ 0  ]: WELCOME
[ 22.11.2010 19:34:32 ]: [ NEWUSER ] [ 0 ]: TIME: 1290454473
[ 22.11.2010 19:34:32 ]: [   >>>   ] [ 0  ]: WELCOME
[ 22.11.2010 19:34:32 ]: [ NEWUSER ] [ 0 ]: TIME: 1290454473
[ 22.11.2010 19:34:32 ]: [   >>>   ] [ 0  ]: WELCOME
[ 22.11.2010 19:34:32 ]: [ NEWUSER ] [ 0 ]: TIME: 1290454473
[ 22.11.2010 19:34:32 ]: [   >>>   ] [ 0  ]: WELCOME
[ 22.11.2010 19:34:32 ]: [ NEWUSER ] [ 0 ]: TIME: 1290454473
[ 22.11.2010 19:34:32 ]: [   >>>   ] [ 0  ]: WELCOME
[ 22.11.2010 19:34:32 ]: [ NEWUSER ] [ 0 ]: TIME: 1290454473
[ 22.11.2010 19:34:32 ]: [   >>>   ] [ 0  ]: WELCOME
[ 22.11.2010 19:34:32 ]: [ NEWUSER ] [ 0 ]: TIME: 1290454473
[ 22.11.2010 19:34:32 ]: [   >>>   ] [ 0  ]: WELCOME
[ 22.11.2010 19:34:32 ]: [ NEWUSER ] [ 0 ]: TIME: 1290454473
[ 22.11.2010 19:34:32 ]: [   >>>   ] [ 0  ]: WELCOME
[ 22.11.2010 19:34:32 ]: [ NEWUSER ] [ 0 ]: TIME: 1290454473
[ 22.11.2010 19:34:32 ]: [   >>>   ] [ 0  ]: WELCOME
[ 22.11.2010 19:34:35 ]: [   <<<   ] [ 0  (0) ]: notice;opfer
[ 22.11.2010 19:34:35 ]: [    N    ] [ 0 ]: opfer
[ 22.11.2010 19:34:35 ]: [   >>>   ] [ 0  (0) ]: NOTICE;opfer
[ 22.11.2010 19:34:35 ]: [  KILLD  ] [ 0 ]: TIME: 1290454475
[ 22.11.2010 19:34:35 ]: [  KILLD  ] [ 0 ]: TIME: 1290454475
[ 22.11.2010 19:34:35 ]: [  KILLD  ] [ 0 ]: TIME: 1290454475
[ 22.11.2010 19:34:35 ]: [  KILLD  ] [ 0 ]: TIME: 1290454475
[ 22.11.2010 19:34:35 ]: [  KILLD  ] [ 0 ]: TIME: 1290454475
[ 22.11.2010 19:34:35 ]: [  KILLD  ] [ 0 ]: TIME: 1290454475
[ 22.11.2010 19:34:35 ]: [  KILLD  ] [ 0 ]: TIME: 1290454475
[ 22.11.2010 19:34:35 ]: [  KILLD  ] [ 0 ]: TIME: 1290454475
[ 22.11.2010 19:34:35 ]: [  KILLD  ] [ 0 ]: TIME: 1290454475
[ 22.11.2010 19:34:35 ]: [  KILLD  ] [ 0 ]: TIME: 1290454475
[ 22.11.2010 19:34:35 ]: [   >>>   ] [ 0  (0) ]: NOTICE;opfer
[ 22.11.2010 19:34:35 ]: [   >>>   ] [ 0  (0) ]: NOTICE;opfer
[ 22.11.2010 19:34:35 ]: [   >>>   ] [ 0  (0) ]: NOTICE;opfer
[ 22.11.2010 19:34:35 ]: [   >>>   ] [ 0  (0) ]: NOTICE;opfer
[ 22.11.2010 19:34:35 ]: [   >>>   ] [ 0  (0) ]: NOTICE;opfer
[ 22.11.2010 19:34:35 ]: [   >>>   ] [ 0  (0) ]: NOTICE;opfer
[ 22.11.2010 19:34:35 ]: [   >>>   ] [ 0  (0) ]: NOTICE;opfer
[ 22.11.2010 19:34:35 ]: [   >>>   ] [ 0  (0) ]: NOTICE;opfer
[ 22.11.2010 19:34:35 ]: [   >>>   ] [ 0  (0) ]: NOTICE;opfer
[ 22.11.2010 19:34:37 ]: [ NEWUSER ] [ 0 ]: TIME: 1290454477
[ 22.11.2010 19:34:37 ]: [   >>>   ] [ 0  ]: WELCOME
[ 22.11.2010 19:34:38 ]: [ NEWUSER ] [ 0 ]: TIME: 1290454478
[ 22.11.2010 19:34:38 ]: [   >>>   ] [ 0  ]: WELCOME
[ 22.11.2010 19:34:38 ]: [ NEWUSER ] [ 0 ]: TIME: 1290454478
[ 22.11.2010 19:34:38 ]: [   >>>   ] [ 0  ]: WELCOME
[ 22.11.2010 19:34:38 ]: [ NEWUSER ] [ 0 ]: TIME: 1290454478
[ 22.11.2010 19:34:38 ]: [   >>>   ] [ 0  ]: WELCOME
[ 22.11.2010 19:34:38 ]: [ NEWUSER ] [ 0 ]: TIME: 1290454478
[ 22.11.2010 19:34:38 ]: [   >>>   ] [ 0  ]: WELCOME
[ 22.11.2010 19:34:38 ]: [ NEWUSER ] [ 0 ]: TIME: 1290454478
[ 22.11.2010 19:34:38 ]: [   >>>   ] [ 0  ]: WELCOME
[ 22.11.2010 19:34:38 ]: [ NEWUSER ] [ 0 ]: TIME: 1290454478
[ 22.11.2010 19:34:38 ]: [   >>>   ] [ 0  ]: WELCOME
[ 22.11.2010 19:34:38 ]: [ NEWUSER ] [ 0 ]: TIME: 1290454478
[ 22.11.2010 19:34:38 ]: [   >>>   ] [ 0  ]: WELCOME
[ 22.11.2010 19:34:38 ]: [ NEWUSER ] [ 0 ]: TIME: 1290454478
[ 22.11.2010 19:34:38 ]: [   >>>   ] [ 0  ]: WELCOME
[ 22.11.2010 19:34:38 ]: [ NEWUSER ] [ 0 ]: TIME: 1290454478
[ 22.11.2010 19:34:38 ]: [   >>>   ] [ 0  ]: WELCOME
[ 22.11.2010 19:34:40 ]: [   <<<   ] [ 0  (0) ]: notice;opfer
[ 22.11.2010 19:34:40 ]: [    N    ] [ 0 ]: opfer
[ 22.11.2010 19:34:40 ]: [   >>>   ] [ 0  (0) ]: NOTICE;opfer
[ 22.11.2010 19:34:40 ]: [  KILLD  ] [ 0 ]: TIME: 1290454480
[ 22.11.2010 19:34:40 ]: [  KILLD  ] [ 0 ]: TIME: 1290454480
[ 22.11.2010 19:34:40 ]: [  KILLD  ] [ 0 ]: TIME: 1290454480
[ 22.11.2010 19:34:40 ]: [  KILLD  ] [ 0 ]: TIME: 1290454480
[ 22.11.2010 19:34:40 ]: [  KILLD  ] [ 0 ]: TIME: 1290454480
[ 22.11.2010 19:34:40 ]: [  KILLD  ] [ 0 ]: TIME: 1290454480
[ 22.11.2010 19:34:40 ]: [  KILLD  ] [ 0 ]: TIME: 1290454480
[ 22.11.2010 19:34:40 ]: [  KILLD  ] [ 0 ]: TIME: 1290454480
[ 22.11.2010 19:34:40 ]: [  KILLD  ] [ 0 ]: TIME: 1290454480
[ 22.11.2010 19:34:40 ]: [  KILLD  ] [ 0 ]: TIME: 1290454480
[ 22.11.2010 19:34:40 ]: [   >>>   ] [ 0  (0) ]: NOTICE;opfer
[ 22.11.2010 19:34:40 ]: [   >>>   ] [ 0  (0) ]: NOTICE;opfer
[ 22.11.2010 19:34:40 ]: [   >>>   ] [ 0  (0) ]: NOTICE;opfer
[ 22.11.2010 19:34:40 ]: [   >>>   ] [ 0  (0) ]: NOTICE;opfer
[ 22.11.2010 19:34:40 ]: [   >>>   ] [ 0  (0) ]: NOTICE;opfer
[ 22.11.2010 19:34:40 ]: [   >>>   ] [ 0  (0) ]: NOTICE;opfer
[ 22.11.2010 19:34:40 ]: [   >>>   ] [ 0  (0) ]: NOTICE;opfer
[ 22.11.2010 19:34:40 ]: [   >>>   ] [ 0  (0) ]: NOTICE;opfer
[ 22.11.2010 19:34:40 ]: [   >>>   ] [ 0  (0) ]: NOTICE;opfer
[ 22.11.2010 19:34:42 ]: [ NEWUSER ] [ 0 ]: TIME: 1290454482
[ 22.11.2010 19:34:42 ]: [   >>>   ] [ 0  ]: WELCOME
