[ 26.11.2010 20:02:20 ]: Using Syslog: ./syslog/1290801741.log
[ 26.11.2010 20:02:20 ]: Game Server v0.2.1 starting up...
[ 26.11.2010 20:02:25 ]: PLAYER DB			READY
[ 26.11.2010 20:02:30 ]: GAME DB			READY
[ 26.11.2010 20:02:30 ]: LISTEN THREAD			READY
[ 26.11.2010 20:02:30 ]: NPC CONTROL			READY
[ 26.11.2010 20:02:30 ]: GAME SERVER READY		READY
[ 26.11.2010 20:02:31 ]: [ NEWUSER ] [ 0 ]: TIME: 1290801751
[ 26.11.2010 20:02:31 ]: [   >>>   ] [ 0  ]: WELCOME
[ 26.11.2010 20:02:33 ]: [   <<<   ] [ 0  (0) ]: notice;lolwas
[ 26.11.2010 20:02:33 ]: [    N    ] [ 0 ]: lolwas
[ 26.11.2010 20:02:33 ]: [   >>>   ] [ 0  (0) ]: NOTICE;lolwas
[ 26.11.2010 20:02:38 ]: [   <<<   ] [ 0  (0) ]: message;xenor;opfer
[ 26.11.2010 20:02:38 ]: [   >>>   ] [ 0  (0) ]: MESSAGE;ERROR;30
[ 26.11.2010 20:02:44 ]: [   <<<   ] [ 0  (0) ]: login;xenor;0;lalaftw#!
[ 26.11.2010 20:02:44 ]: [   >>>   ] [ 1 xenor (7) ]: LOGIN;OK
[ 26.11.2010 20:02:51 ]: [ NEWUSER ] [ 0 ]: TIME: 1290801771
[ 26.11.2010 20:02:51 ]: [   >>>   ] [ 0  ]: WELCOME
[ 26.11.2010 20:02:53 ]: [   <<<   ] [ 0  (0) ]: log;xenor
[ 26.11.2010 20:02:53 ]: [   >>>   ] [ 0  (0) ]: LOG;OK
[ 26.11.2010 20:02:55 ]: [   <<<   ] [ 1 xenor (7) ]: opdfer
[ 26.11.2010 20:02:55 ]: [   >>>   ] [ 0  ]: [   <<<   ] [ 1 xenor (7) ]: opdfer
[ 26.11.2010 20:02:55 ]: [   >>>   ] [ 1 xenor (7) ]: ERROR;20
[ 26.11.2010 20:02:55 ]: [   >>>   ] [ 0  ]: [   >>>   ] [ 1 xenor (7) ]: ERROR;20
[ 26.11.2010 20:02:57 ]: [   <<<   ] [ 1 xenor (7) ]: opfer
[ 26.11.2010 20:02:57 ]: [   >>>   ] [ 0  ]: [   <<<   ] [ 1 xenor (7) ]: opfer
[ 26.11.2010 20:02:57 ]: [   >>>   ] [ 1 xenor (7) ]: ERROR;20
[ 26.11.2010 20:02:57 ]: [   >>>   ] [ 0  ]: [   >>>   ] [ 1 xenor (7) ]: ERROR;20
[ 26.11.2010 20:05:07 ]: [   <<<   ] [ 0  (0) ]: log;fesf
[ 26.11.2010 20:05:07 ]: [ NEWUSER ] [ 0 ]: TIME: 1290801907
[ 26.11.2010 20:05:07 ]: [   >>>   ] [ 0  (0) ]: LOG;OK
