[ 23.11.2010 17:45:37 ]: Using Syslog: ./syslog/1290534337.log
[ 23.11.2010 17:45:37 ]: Game Server v0.2.1 starting up...
[ 23.11.2010 17:45:43 ]: PLAYER DB			READY
[ 23.11.2010 17:45:47 ]: GAME DB			READY
[ 23.11.2010 17:45:47 ]: LISTEN THREAD			READY
[ 23.11.2010 17:45:47 ]: NPC CONTROL			READY
[ 23.11.2010 17:45:47 ]: GAME SERVER READY		READY
[ 23.11.2010 17:46:22 ]: [ NEWUSER ] [ 0 ]: TIME: 1290534382
[ 23.11.2010 17:46:22 ]: [   >>>   ] [ 0  ]: WELCOME
[ 23.11.2010 17:46:23 ]: [   <<<   ] [ 0  (0) ]: lolwas
[ 23.11.2010 17:46:23 ]: [   >>>   ] [ 0  (0) ]: ERROR;20
[ 23.11.2010 17:46:24 ]: [   <<<   ] [ 0  (0) ]: opfer
[ 23.11.2010 17:46:24 ]: [   >>>   ] [ 0  (0) ]: ERROR;20
[ 23.11.2010 17:46:26 ]: [   <<<   ] [ 0  (0) ]: ;
[ 23.11.2010 17:46:26 ]: [   >>>   ] [ 0  (0) ]: ERROR;20
[ 23.11.2010 17:46:27 ]: [   <<<   ] [ 0  (0) ]: ;FU
[ 23.11.2010 17:46:27 ]: [   >>>   ] [ 0  (0) ]: ERROR;20
[ 23.11.2010 17:46:30 ]: [   <<<   ] [ 0  (0) ]: ;;HELP
[ 23.11.2010 17:46:30 ]: [   >>>   ] [ 0  (0) ]: ERROR;20
[ 23.11.2010 17:46:34 ]: [   <<<   ] [ 0  (0) ]: help
[ 23.11.2010 17:46:34 ]: [   >>>   ] [ 0  (0) ]: ERROR;20
[ 23.11.2010 17:48:10 ]: [   <<<   ] [ 0  (0) ]: ;;ADMINME
[ 23.11.2010 17:48:10 ]: [   >>>   ] [ 0  (0) ]: ERROR;20
[ 23.11.2010 17:48:21 ]: [   <<<   ] [ 0  (0) ]: ;;ADMINLEVEL;7
[ 23.11.2010 17:48:21 ]: [   >>>   ] [ 0  (0) ]: ERROR;20
[ 23.11.2010 17:48:27 ]: [   <<<   ] [ 0  (0) ]: ;;;7
[ 23.11.2010 17:48:27 ]: [   >>>   ] [ 0  (0) ]: ERROR;20
[ 23.11.2010 17:51:49 ]: [   <<<   ] [ 0  (0) ]: ;;;xenor;
[ 23.11.2010 17:51:49 ]: [   >>>   ] [ 0  (0) ]: ERROR;20
[ 23.11.2010 17:51:55 ]: [   <<<   ] [ 0  (0) ]: LOGIN;xenor;0;lalaftw#!
[ 23.11.2010 17:51:55 ]: [   >>>   ] [ 1 xenor (7) ]: LOGIN;OK
[ 23.11.2010 17:57:51 ]: [   <<<   ] [ 1 xenor (7) ]: spawn;1001
[ 23.11.2010 17:57:51 ]: [   >>>   ] [ 1 xenor (7) ]: SPAWN;OK;1;1001;7;-3;-6
[ 23.11.2010 17:57:52 ]: [   <<<   ] [ 1 xenor (7) ]: spawn;1002
[ 23.11.2010 17:57:52 ]: [   >>>   ] [ 1 xenor (7) ]: SPAWN;OK;2;1002;-6;-4;-9
[ 23.11.2010 17:57:53 ]: [   <<<   ] [ 1 xenor (7) ]: aggr
[ 23.11.2010 17:57:53 ]: [   >>>   ] [ 1 xenor (7) ]: ATTACK;1;1001;1;10
[ 23.11.2010 17:57:53 ]: [   >>>   ] [ 1 xenor (7) ]: ATTACK;2;1002;1;10
[ 23.11.2010 17:57:55 ]: [   >>>   ] [ 1 xenor (7) ]: ATTACK;1;1001;1;10
[ 23.11.2010 17:57:55 ]: [   >>>   ] [ 1 xenor (7) ]: ATTACK;2;1002;1;10
[ 23.11.2010 17:57:57 ]: [   >>>   ] [ 1 xenor (7) ]: ATTACK;1;1001;1;10
[ 23.11.2010 17:57:57 ]: [   >>>   ] [ 1 xenor (7) ]: ATTACK;2;1002;1;10
[ 23.11.2010 17:57:59 ]: [   >>>   ] [ 1 xenor (7) ]: ATTACK;1;1001;1;10
[ 23.11.2010 17:57:59 ]: [   >>>   ] [ 1 xenor (7) ]: ATTACK;2;1002;1;10
[ 23.11.2010 17:58:01 ]: [   >>>   ] [ 1 xenor (7) ]: ATTACK;1;1001;1;10
[ 23.11.2010 17:58:01 ]: [   >>>   ] [ 1 xenor (7) ]: ATTACK;2;1002;1;10
[ 23.11.2010 17:58:03 ]: [   >>>   ] [ 1 xenor (7) ]: ATTACK;1;1001;1;10
[ 23.11.2010 17:58:03 ]: [   >>>   ] [ 1 xenor (7) ]: ATTACK;2;1002;1;10
[ 23.11.2010 17:58:05 ]: [   >>>   ] [ 1 xenor (7) ]: ATTACK;1;1001;1;10
[ 23.11.2010 17:58:05 ]: [   >>>   ] [ 1 xenor (7) ]: ATTACK;2;1002;1;10
[ 23.11.2010 17:58:07 ]: [   >>>   ] [ 1 xenor (7) ]: ATTACK;1;1001;1;10
[ 23.11.2010 17:58:07 ]: [   >>>   ] [ 1 xenor (7) ]: ATTACK;2;1002;1;10
[ 23.11.2010 17:58:09 ]: [   >>>   ] [ 1 xenor (7) ]: ATTACK;1;1001;1;10
[ 23.11.2010 17:58:09 ]: [   >>>   ] [ 1 xenor (7) ]: ATTACK;2;1002;1;10
[ 23.11.2010 17:58:10 ]: [   <<<   ] [ 1 xenor (7) ]: quit
[ 23.11.2010 17:58:10 ]: [   >>>   ] [ 1 xenor ]: BYE
[ 23.11.2010 17:58:10 ]: [  KILLD  ] [ 1 ]: TIME: 1290535091
[ 23.11.2010 17:58:11 ]: [ NEWUSER ] [ 0 ]: TIME: 1290535091
[ 23.11.2010 17:58:11 ]: [   >>>   ] [ 0  ]: WELCOME
[ 23.11.2010 17:58:14 ]: [   <<<   ] [ 0  (0) ]: login;Xenor;0;lalaftw#!
[ 23.11.2010 17:58:14 ]: [   >>>   ] [ 1 xenor (7) ]: LOGIN;OK
[ 23.11.2010 18:08:41 ]: [   <<<   ] [ 1 xenor (7) ]: shutdown
[ 23.11.2010 18:08:41 ]: [   >>>   ] [ 1 xenor (7) ]: SHUTDOWN;50;10
[ 23.11.2010 18:08:42 ]: [   >>>   ] [ 1 xenor (7) ]: SHUTDOWN;50;9
[ 23.11.2010 18:08:43 ]: [   >>>   ] [ 1 xenor (7) ]: SHUTDOWN;50;8
[ 23.11.2010 18:08:44 ]: [   >>>   ] [ 1 xenor (7) ]: SHUTDOWN;50;7
[ 23.11.2010 18:08:45 ]: [   >>>   ] [ 1 xenor (7) ]: SHUTDOWN;50;6
[ 23.11.2010 18:08:46 ]: [   >>>   ] [ 1 xenor (7) ]: SHUTDOWN;50;5
[ 23.11.2010 18:08:47 ]: [   >>>   ] [ 1 xenor (7) ]: SHUTDOWN;50;4
[ 23.11.2010 18:08:48 ]: [   >>>   ] [ 1 xenor (7) ]: SHUTDOWN;50;3
[ 23.11.2010 18:08:49 ]: [   >>>   ] [ 1 xenor (7) ]: SHUTDOWN;50;2
[ 23.11.2010 18:08:50 ]: [   >>>   ] [ 1 xenor (7) ]: SHUTDOWN;50;1
[ 23.11.2010 18:08:51 ]: [   >>>   ] [ 1 xenor (7) ]: SHUTDOWN;51
[ 23.11.2010 18:08:51 ]: [  KILLD  ] [ 1 ]: TIME: 1290535731
[ 23.11.2010 18:08:51 ]: SHUTDOWN COMPLETE AT 1290535731
