[ 18.11.2010 17:24:40 ]: Using Syslog: ./syslog/1290101081.log
[ 18.11.2010 17:24:40 ]: Game Server v0.1.5 starting up...
[ 18.11.2010 17:24:45 ]: PLAYER CONNECTED
[ 18.11.2010 17:24:50 ]: GAME CONNECTED
[ 18.11.2010 17:24:50 ]: CACHING GAME DATABASE
[ 18.11.2010 17:24:50 ]: DONE.
[ 18.11.2010 17:24:50 ]: LISTEN THREAD - READY
[ 18.11.2010 17:24:50 ]: PING THREAD READY
[ 18.11.2010 17:24:50 ]: SERVER UP AND RUNNING - READY
[ 18.11.2010 17:24:58 ]: [ NEWUSER ] [ 0 ]: TIME: 1290101099
[ 18.11.2010 17:24:58 ]: [   >>>   ] [ 0  ]: WELCOME
[ 18.11.2010 17:24:58 ]: [   <<<   ] [ 0  ]: LOGIN;xenor;0;lalaftw#!
[ 18.11.2010 17:24:58 ]: [   >>>   ] [ 1 xenor (7) ]: LOGIN;OK
[ 18.11.2010 17:24:59 ]: [   >>>   ] [ 1 xenor ]: PING
[ 18.11.2010 17:24:59 ]: [   <<<   ] [ 1 xenor ]: PONG
[ 18.11.2010 17:25:00 ]: [   >>>   ] [ 1 xenor ]: PING
[ 18.11.2010 17:25:00 ]: [   <<<   ] [ 1 xenor ]: PONG
[ 18.11.2010 17:25:01 ]: [   >>>   ] [ 1 xenor ]: PING
[ 18.11.2010 17:25:01 ]: [   <<<   ] [ 1 xenor ]: PONG
[ 18.11.2010 17:25:02 ]: [   >>>   ] [ 1 xenor ]: PING
[ 18.11.2010 17:25:02 ]: [   <<<   ] [ 1 xenor ]: PONG
[ 18.11.2010 17:25:03 ]: [   >>>   ] [ 1 xenor ]: PING
[ 18.11.2010 17:25:03 ]: [   <<<   ] [ 1 xenor ]: PONG
[ 18.11.2010 17:25:03 ]: [ NEWUSER ] [ 0 ]: TIME: 1290101104
[ 18.11.2010 17:25:03 ]: [   >>>   ] [ 0  ]: WELCOME
[ 18.11.2010 17:25:03 ]: [   <<<   ] [ 0  ]: LOGIN;xenor;0;lalaftw#!
[ 18.11.2010 17:25:03 ]: [   >>>   ] [ 1 xenor (7) ]: LOGIN;OK
[ 18.11.2010 17:25:03 ]: [   <<<   ] [ 1 xenor ]: 
[ 18.11.2010 17:25:03 ]: [   >>>   ] [ 1 xenor (7) ]: ERROR;20
[ 18.11.2010 17:25:03 ]: [   <<<   ] [ 1 xenor ]: LOG;xenor
[ 18.11.2010 17:25:04 ]: [   >>>   ] [ 1 xenor ]: PING
[ 18.11.2010 17:25:04 ]: [   >>>   ] [ 1 xenor ]: [   >>>   ] [ 1 xenor ]: PING
[ 18.11.2010 17:25:04 ]: [   >>>   ] [ 1 xenor ]: PING
[ 18.11.2010 17:25:04 ]: [   <<<   ] [ 1 xenor ]: PONG
[ 18.11.2010 17:25:04 ]: [   >>>   ] [ 1 xenor ]: [   <<<   ] [ 1 xenor ]: PONG
[ 18.11.2010 17:25:04 ]: [   <<<   ] [ 1 xenor ]: PONG
[ 18.11.2010 17:25:05 ]: [   >>>   ] [ 1 xenor ]: PING
[ 18.11.2010 17:25:05 ]: [   >>>   ] [ 1 xenor ]: [   >>>   ] [ 1 xenor ]: PING
[ 18.11.2010 17:25:05 ]: [   >>>   ] [ 1 xenor ]: PING
[ 18.11.2010 17:25:05 ]: [   <<<   ] [ 1 xenor ]: PONG
[ 18.11.2010 17:25:05 ]: [   >>>   ] [ 1 xenor ]: [   <<<   ] [ 1 xenor ]: PONG
[ 18.11.2010 17:25:05 ]: [   <<<   ] [ 1 xenor ]: PONG
[ 18.11.2010 17:25:06 ]: [   >>>   ] [ 1 xenor ]: PING
[ 18.11.2010 17:25:06 ]: [   >>>   ] [ 1 xenor ]: [   >>>   ] [ 1 xenor ]: PING
[ 18.11.2010 17:25:06 ]: [   >>>   ] [ 1 xenor ]: PING
[ 18.11.2010 17:25:06 ]: [   <<<   ] [ 1 xenor ]: PONG
[ 18.11.2010 17:25:06 ]: [   >>>   ] [ 1 xenor ]: [   <<<   ] [ 1 xenor ]: PONG
[ 18.11.2010 17:25:06 ]: [   <<<   ] [ 1 xenor ]: PONG
[ 18.11.2010 17:25:07 ]: [   >>>   ] [ 1 xenor ]: PING
[ 18.11.2010 17:25:07 ]: [   >>>   ] [ 1 xenor ]: [   >>>   ] [ 1 xenor ]: PING
[ 18.11.2010 17:25:07 ]: [   >>>   ] [ 1 xenor ]: PING
[ 18.11.2010 17:25:07 ]: [   <<<   ] [ 1 xenor ]: PONG
[ 18.11.2010 17:25:07 ]: [   >>>   ] [ 1 xenor ]: [   <<<   ] [ 1 xenor ]: PONG
[ 18.11.2010 17:25:07 ]: [   <<<   ] [ 1 xenor ]: PONG
[ 18.11.2010 17:25:08 ]: [   >>>   ] [ 1 xenor ]: PING
[ 18.11.2010 17:25:08 ]: [   >>>   ] [ 1 xenor ]: [   >>>   ] [ 1 xenor ]: PING
[ 18.11.2010 17:25:08 ]: [   >>>   ] [ 1 xenor ]: PING
[ 18.11.2010 17:25:08 ]: [   <<<   ] [ 1 xenor ]: PONG
[ 18.11.2010 17:25:08 ]: [   >>>   ] [ 1 xenor ]: [   <<<   ] [ 1 xenor ]: PONG
[ 18.11.2010 17:25:08 ]: [   <<<   ] [ 1 xenor ]: PONG
[ 18.11.2010 17:25:09 ]: [   >>>   ] [ 1 xenor ]: PING
[ 18.11.2010 17:25:09 ]: [   >>>   ] [ 1 xenor ]: [   >>>   ] [ 1 xenor ]: PING
[ 18.11.2010 17:25:09 ]: [   >>>   ] [ 1 xenor ]: PING
[ 18.11.2010 17:25:09 ]: [   <<<   ] [ 1 xenor ]: PONG
[ 18.11.2010 17:25:09 ]: [   >>>   ] [ 1 xenor ]: [   <<<   ] [ 1 xenor ]: PONG
[ 18.11.2010 17:25:09 ]: [   <<<   ] [ 1 xenor ]: PONG
[ 18.11.2010 17:25:10 ]: [   >>>   ] [ 1 xenor ]: PING
[ 18.11.2010 17:25:10 ]: [   >>>   ] [ 1 xenor ]: [   >>>   ] [ 1 xenor ]: PING
[ 18.11.2010 17:25:10 ]: [   >>>   ] [ 1 xenor ]: PING
[ 18.11.2010 17:25:10 ]: [   <<<   ] [ 1 xenor ]: PONG
[ 18.11.2010 17:25:10 ]: [   >>>   ] [ 1 xenor ]: [   <<<   ] [ 1 xenor ]: PONG
[ 18.11.2010 17:25:10 ]: [   <<<   ] [ 1 xenor ]: PONG
[ 18.11.2010 17:25:11 ]: [   >>>   ] [ 1 xenor ]: PING
[ 18.11.2010 17:25:11 ]: [   >>>   ] [ 1 xenor ]: [   >>>   ] [ 1 xenor ]: PING
[ 18.11.2010 17:25:11 ]: [   >>>   ] [ 1 xenor ]: PING
[ 18.11.2010 17:25:11 ]: [   <<<   ] [ 1 xenor ]: PONG
[ 18.11.2010 17:25:11 ]: [   >>>   ] [ 1 xenor ]: [   <<<   ] [ 1 xenor ]: PONG
[ 18.11.2010 17:25:11 ]: [   <<<   ] [ 1 xenor ]: PONG
[ 18.11.2010 17:25:12 ]: [   >>>   ] [ 1 xenor ]: PING
[ 18.11.2010 17:25:12 ]: [   >>>   ] [ 1 xenor ]: [   >>>   ] [ 1 xenor ]: PING
[ 18.11.2010 17:25:12 ]: [   >>>   ] [ 1 xenor ]: PING
[ 18.11.2010 17:25:12 ]: [   <<<   ] [ 1 xenor ]: PONG
[ 18.11.2010 17:25:12 ]: [   >>>   ] [ 1 xenor ]: [   <<<   ] [ 1 xenor ]: PONG
[ 18.11.2010 17:25:12 ]: [   <<<   ] [ 1 xenor ]: PONG
[ 18.11.2010 17:25:13 ]: [   >>>   ] [ 1 xenor ]: PING
[ 18.11.2010 17:25:13 ]: [   >>>   ] [ 1 xenor ]: [   >>>   ] [ 1 xenor ]: PING
[ 18.11.2010 17:25:13 ]: [   >>>   ] [ 1 xenor ]: PING
[ 18.11.2010 17:25:13 ]: [   <<<   ] [ 1 xenor ]: PONG
[ 18.11.2010 17:25:13 ]: [   >>>   ] [ 1 xenor ]: [   <<<   ] [ 1 xenor ]: PONG
[ 18.11.2010 17:25:13 ]: [   <<<   ] [ 1 xenor ]: PONG
[ 18.11.2010 17:25:14 ]: [   >>>   ] [ 1 xenor ]: PING
[ 18.11.2010 17:25:14 ]: [   >>>   ] [ 1 xenor ]: [   >>>   ] [ 1 xenor ]: PING
[ 18.11.2010 17:25:14 ]: [   >>>   ] [ 1 xenor ]: PING
[ 18.11.2010 17:25:14 ]: [   <<<   ] [ 1 xenor ]: PONG
[ 18.11.2010 17:25:14 ]: [   >>>   ] [ 1 xenor ]: [   <<<   ] [ 1 xenor ]: PONG
[ 18.11.2010 17:25:14 ]: [   <<<   ] [ 1 xenor ]: PONG
[ 18.11.2010 17:25:15 ]: [   >>>   ] [ 1 xenor ]: PING
[ 18.11.2010 17:25:15 ]: [   >>>   ] [ 1 xenor ]: [   >>>   ] [ 1 xenor ]: PING
[ 18.11.2010 17:25:15 ]: [   >>>   ] [ 1 xenor ]: PING
[ 18.11.2010 17:25:15 ]: [   <<<   ] [ 1 xenor ]: PONG
[ 18.11.2010 17:25:15 ]: [   >>>   ] [ 1 xenor ]: [   <<<   ] [ 1 xenor ]: PONG
[ 18.11.2010 17:25:15 ]: [   <<<   ] [ 1 xenor ]: PONG
[ 18.11.2010 17:25:16 ]: [   >>>   ] [ 1 xenor ]: PING
[ 18.11.2010 17:25:16 ]: [   >>>   ] [ 1 xenor ]: [   >>>   ] [ 1 xenor ]: PING
[ 18.11.2010 17:25:16 ]: [   >>>   ] [ 1 xenor ]: PING
[ 18.11.2010 17:25:16 ]: [   <<<   ] [ 1 xenor ]: PONG
[ 18.11.2010 17:25:16 ]: [   >>>   ] [ 1 xenor ]: [   <<<   ] [ 1 xenor ]: PONG
[ 18.11.2010 17:25:16 ]: [   <<<   ] [ 1 xenor ]: PONG
[ 18.11.2010 17:25:17 ]: [   >>>   ] [ 1 xenor ]: PING
[ 18.11.2010 17:25:17 ]: [   >>>   ] [ 1 xenor ]: [   >>>   ] [ 1 xenor ]: PING
[ 18.11.2010 17:25:17 ]: [   >>>   ] [ 1 xenor ]: PING
[ 18.11.2010 17:25:17 ]: [   <<<   ] [ 1 xenor ]: PONG
[ 18.11.2010 17:25:17 ]: [   >>>   ] [ 1 xenor ]: [   <<<   ] [ 1 xenor ]: PONG
[ 18.11.2010 17:25:17 ]: [   <<<   ] [ 1 xenor ]: PONG
[ 18.11.2010 17:25:18 ]: [   >>>   ] [ 1 xenor ]: PING
[ 18.11.2010 17:25:18 ]: [   >>>   ] [ 1 xenor ]: [   >>>   ] [ 1 xenor ]: PING
[ 18.11.2010 17:25:18 ]: [   >>>   ] [ 1 xenor ]: PING
[ 18.11.2010 17:25:18 ]: [   <<<   ] [ 1 xenor ]: PONG
[ 18.11.2010 17:25:18 ]: [   >>>   ] [ 1 xenor ]: [   <<<   ] [ 1 xenor ]: PONG
[ 18.11.2010 17:25:18 ]: [   <<<   ] [ 1 xenor ]: PONG
[ 18.11.2010 17:25:19 ]: [   >>>   ] [ 1 xenor ]: PING
[ 18.11.2010 17:25:19 ]: [   >>>   ] [ 1 xenor ]: [   >>>   ] [ 1 xenor ]: PING
[ 18.11.2010 17:25:19 ]: [   >>>   ] [ 1 xenor ]: PING
[ 18.11.2010 17:25:19 ]: [   <<<   ] [ 1 xenor ]: PONG
[ 18.11.2010 17:25:19 ]: [   >>>   ] [ 1 xenor ]: [   <<<   ] [ 1 xenor ]: PONG
[ 18.11.2010 17:25:19 ]: [   <<<   ] [ 1 xenor ]: PONG
[ 18.11.2010 17:25:20 ]: [   >>>   ] [ 1 xenor ]: PING
[ 18.11.2010 17:25:20 ]: [   >>>   ] [ 1 xenor ]: [   >>>   ] [ 1 xenor ]: PING
[ 18.11.2010 17:25:20 ]: [   >>>   ] [ 1 xenor ]: PING
[ 18.11.2010 17:25:20 ]: [   <<<   ] [ 1 xenor ]: PONG
[ 18.11.2010 17:25:20 ]: [   >>>   ] [ 1 xenor ]: [   <<<   ] [ 1 xenor ]: PONG
[ 18.11.2010 17:25:20 ]: [   <<<   ] [ 1 xenor ]: PONG
[ 18.11.2010 17:25:21 ]: [   >>>   ] [ 1 xenor ]: PING
[ 18.11.2010 17:25:21 ]: [   >>>   ] [ 1 xenor ]: [   >>>   ] [ 1 xenor ]: PING
[ 18.11.2010 17:25:21 ]: [   >>>   ] [ 1 xenor ]: PING
[ 18.11.2010 17:25:21 ]: [   <<<   ] [ 1 xenor ]: PONG
[ 18.11.2010 17:25:21 ]: [   >>>   ] [ 1 xenor ]: [   <<<   ] [ 1 xenor ]: PONG
[ 18.11.2010 17:25:21 ]: [   <<<   ] [ 1 xenor ]: PONG
[ 18.11.2010 17:25:22 ]: [   >>>   ] [ 1 xenor ]: PING
[ 18.11.2010 17:25:22 ]: [   >>>   ] [ 1 xenor ]: [   >>>   ] [ 1 xenor ]: PING
[ 18.11.2010 17:25:22 ]: [   >>>   ] [ 1 xenor ]: PING
[ 18.11.2010 17:25:22 ]: [   <<<   ] [ 1 xenor ]: PONG
[ 18.11.2010 17:25:22 ]: [   >>>   ] [ 1 xenor ]: [   <<<   ] [ 1 xenor ]: PONG
[ 18.11.2010 17:25:22 ]: [   <<<   ] [ 1 xenor ]: PONG
[ 18.11.2010 17:25:23 ]: [   >>>   ] [ 1 xenor ]: PING
[ 18.11.2010 17:25:23 ]: [   >>>   ] [ 1 xenor ]: [   >>>   ] [ 1 xenor ]: PING
[ 18.11.2010 17:25:23 ]: [   >>>   ] [ 1 xenor ]: PING
[ 18.11.2010 17:25:23 ]: [   <<<   ] [ 1 xenor ]: PONG
[ 18.11.2010 17:25:23 ]: [   >>>   ] [ 1 xenor ]: [   <<<   ] [ 1 xenor ]: PONG
[ 18.11.2010 17:25:23 ]: [   <<<   ] [ 1 xenor ]: PONG
[ 18.11.2010 17:25:24 ]: [   >>>   ] [ 1 xenor ]: PING
[ 18.11.2010 17:25:24 ]: [   >>>   ] [ 1 xenor ]: [   >>>   ] [ 1 xenor ]: PING
[ 18.11.2010 17:25:24 ]: [   >>>   ] [ 1 xenor ]: PING
[ 18.11.2010 17:25:24 ]: [   <<<   ] [ 1 xenor ]: PONG
[ 18.11.2010 17:25:24 ]: [   >>>   ] [ 1 xenor ]: [   <<<   ] [ 1 xenor ]: PONG
[ 18.11.2010 17:25:24 ]: [   <<<   ] [ 1 xenor ]: PONG
[ 18.11.2010 17:25:25 ]: [   >>>   ] [ 1 xenor ]: PING
[ 18.11.2010 17:25:25 ]: [   >>>   ] [ 1 xenor ]: [   >>>   ] [ 1 xenor ]: PING
[ 18.11.2010 17:25:25 ]: [   >>>   ] [ 1 xenor ]: PING
[ 18.11.2010 17:25:25 ]: [   <<<   ] [ 1 xenor ]: PONG
[ 18.11.2010 17:25:25 ]: [   >>>   ] [ 1 xenor ]: [   <<<   ] [ 1 xenor ]: PONG
[ 18.11.2010 17:25:25 ]: [   <<<   ] [ 1 xenor ]: PONG
[ 18.11.2010 17:25:26 ]: [   >>>   ] [ 1 xenor ]: PING
[ 18.11.2010 17:25:26 ]: [   >>>   ] [ 1 xenor ]: [   >>>   ] [ 1 xenor ]: PING
[ 18.11.2010 17:25:26 ]: [   >>>   ] [ 1 xenor ]: PING
[ 18.11.2010 17:25:26 ]: [   <<<   ] [ 1 xenor ]: PONG
[ 18.11.2010 17:25:26 ]: [   >>>   ] [ 1 xenor ]: [   <<<   ] [ 1 xenor ]: PONG
[ 18.11.2010 17:25:26 ]: [   <<<   ] [ 1 xenor ]: PONG
[ 18.11.2010 17:25:27 ]: [   >>>   ] [ 1 xenor ]: PING
[ 18.11.2010 17:25:27 ]: [   >>>   ] [ 1 xenor ]: [   >>>   ] [ 1 xenor ]: PING
[ 18.11.2010 17:25:27 ]: [   >>>   ] [ 1 xenor ]: PING
[ 18.11.2010 17:25:27 ]: [   <<<   ] [ 1 xenor ]: PONG
[ 18.11.2010 17:25:27 ]: [   >>>   ] [ 1 xenor ]: [   <<<   ] [ 1 xenor ]: PONG
[ 18.11.2010 17:25:27 ]: [   <<<   ] [ 1 xenor ]: PONG
[ 18.11.2010 17:25:28 ]: [   >>>   ] [ 1 xenor ]: PING
[ 18.11.2010 17:25:28 ]: [   >>>   ] [ 1 xenor ]: [   >>>   ] [ 1 xenor ]: PING
[ 18.11.2010 17:25:28 ]: [   >>>   ] [ 1 xenor ]: PING
[ 18.11.2010 17:25:28 ]: [   <<<   ] [ 1 xenor ]: PONG
[ 18.11.2010 17:25:28 ]: [   >>>   ] [ 1 xenor ]: [   <<<   ] [ 1 xenor ]: PONG
[ 18.11.2010 17:25:28 ]: [   <<<   ] [ 1 xenor ]: PONG
[ 18.11.2010 17:25:29 ]: [   >>>   ] [ 1 xenor ]: PING
[ 18.11.2010 17:25:29 ]: [   >>>   ] [ 1 xenor ]: [   >>>   ] [ 1 xenor ]: PING
[ 18.11.2010 17:25:29 ]: [   >>>   ] [ 1 xenor ]: PING
[ 18.11.2010 17:25:29 ]: [   <<<   ] [ 1 xenor ]: PONG
[ 18.11.2010 17:25:29 ]: [   >>>   ] [ 1 xenor ]: [   <<<   ] [ 1 xenor ]: PONG
[ 18.11.2010 17:25:29 ]: [   <<<   ] [ 1 xenor ]: PONG
[ 18.11.2010 17:25:30 ]: [   >>>   ] [ 1 xenor ]: PING
[ 18.11.2010 17:25:30 ]: [   >>>   ] [ 1 xenor ]: [   >>>   ] [ 1 xenor ]: PING
[ 18.11.2010 17:25:30 ]: [   >>>   ] [ 1 xenor ]: PING
[ 18.11.2010 17:25:30 ]: [   <<<   ] [ 1 xenor ]: PONG
[ 18.11.2010 17:25:30 ]: [   >>>   ] [ 1 xenor ]: [   <<<   ] [ 1 xenor ]: PONG
[ 18.11.2010 17:25:30 ]: [   <<<   ] [ 1 xenor ]: PONG
[ 18.11.2010 17:25:31 ]: [   >>>   ] [ 1 xenor ]: PING
[ 18.11.2010 17:25:31 ]: [   >>>   ] [ 1 xenor ]: [   >>>   ] [ 1 xenor ]: PING
[ 18.11.2010 17:25:31 ]: [   >>>   ] [ 1 xenor ]: PING
[ 18.11.2010 17:25:31 ]: [   <<<   ] [ 1 xenor ]: PONG
[ 18.11.2010 17:25:31 ]: [   >>>   ] [ 1 xenor ]: [   <<<   ] [ 1 xenor ]: PONG
[ 18.11.2010 17:25:31 ]: [   <<<   ] [ 1 xenor ]: PONG
[ 18.11.2010 17:25:32 ]: [   >>>   ] [ 1 xenor ]: PING
[ 18.11.2010 17:25:32 ]: [   >>>   ] [ 1 xenor ]: [   >>>   ] [ 1 xenor ]: PING
[ 18.11.2010 17:25:32 ]: [   >>>   ] [ 1 xenor ]: PING
[ 18.11.2010 17:25:32 ]: [   <<<   ] [ 1 xenor ]: PONG
[ 18.11.2010 17:25:32 ]: [   >>>   ] [ 1 xenor ]: [   <<<   ] [ 1 xenor ]: PONG
[ 18.11.2010 17:25:32 ]: [   <<<   ] [ 1 xenor ]: PONG
[ 18.11.2010 17:25:33 ]: [   >>>   ] [ 1 xenor ]: PING
[ 18.11.2010 17:25:33 ]: [   >>>   ] [ 1 xenor ]: [   >>>   ] [ 1 xenor ]: PING
[ 18.11.2010 17:25:33 ]: [   >>>   ] [ 1 xenor ]: PING
[ 18.11.2010 17:25:33 ]: [   <<<   ] [ 1 xenor ]: PONG
[ 18.11.2010 17:25:33 ]: [   >>>   ] [ 1 xenor ]: [   <<<   ] [ 1 xenor ]: PONG
[ 18.11.2010 17:25:33 ]: [   <<<   ] [ 1 xenor ]: PONG
[ 18.11.2010 17:25:34 ]: [   >>>   ] [ 1 xenor ]: PING
[ 18.11.2010 17:25:34 ]: [   >>>   ] [ 1 xenor ]: [   >>>   ] [ 1 xenor ]: PING
[ 18.11.2010 17:25:34 ]: [   >>>   ] [ 1 xenor ]: PING
[ 18.11.2010 17:25:34 ]: [   <<<   ] [ 1 xenor ]: PONG
[ 18.11.2010 17:25:34 ]: [   >>>   ] [ 1 xenor ]: [   <<<   ] [ 1 xenor ]: PONG
[ 18.11.2010 17:25:34 ]: [   <<<   ] [ 1 xenor ]: PONG
[ 18.11.2010 17:25:35 ]: [   >>>   ] [ 1 xenor ]: PING
[ 18.11.2010 17:25:35 ]: [   >>>   ] [ 1 xenor ]: [   >>>   ] [ 1 xenor ]: PING
[ 18.11.2010 17:25:35 ]: [   >>>   ] [ 1 xenor ]: PING
[ 18.11.2010 17:25:35 ]: [   <<<   ] [ 1 xenor ]: PONG
[ 18.11.2010 17:25:35 ]: [   >>>   ] [ 1 xenor ]: [   <<<   ] [ 1 xenor ]: PONG
[ 18.11.2010 17:25:35 ]: [   <<<   ] [ 1 xenor ]: PONG
[ 18.11.2010 17:25:36 ]: [   >>>   ] [ 1 xenor ]: PING
[ 18.11.2010 17:25:36 ]: [   >>>   ] [ 1 xenor ]: [   >>>   ] [ 1 xenor ]: PING
[ 18.11.2010 17:25:36 ]: [   >>>   ] [ 1 xenor ]: PING
[ 18.11.2010 17:25:36 ]: [   <<<   ] [ 1 xenor ]: PONG
[ 18.11.2010 17:25:36 ]: [   >>>   ] [ 1 xenor ]: [   <<<   ] [ 1 xenor ]: PONG
[ 18.11.2010 17:25:36 ]: [   <<<   ] [ 1 xenor ]: PONG
[ 18.11.2010 17:25:37 ]: [   >>>   ] [ 1 xenor ]: PING
[ 18.11.2010 17:25:37 ]: [   >>>   ] [ 1 xenor ]: [   >>>   ] [ 1 xenor ]: PING
[ 18.11.2010 17:25:37 ]: [   >>>   ] [ 1 xenor ]: PING
[ 18.11.2010 17:25:37 ]: [   <<<   ] [ 1 xenor ]: PONG
[ 18.11.2010 17:25:37 ]: [   >>>   ] [ 1 xenor ]: [   <<<   ] [ 1 xenor ]: PONG
[ 18.11.2010 17:25:37 ]: [   <<<   ] [ 1 xenor ]: PONG
[ 18.11.2010 17:25:38 ]: [   >>>   ] [ 1 xenor ]: PING
[ 18.11.2010 17:25:38 ]: [   >>>   ] [ 1 xenor ]: [   >>>   ] [ 1 xenor ]: PING
[ 18.11.2010 17:25:38 ]: [   >>>   ] [ 1 xenor ]: PING
[ 18.11.2010 17:25:38 ]: [   <<<   ] [ 1 xenor ]: PONG
[ 18.11.2010 17:25:38 ]: [   >>>   ] [ 1 xenor ]: [   <<<   ] [ 1 xenor ]: PONG
[ 18.11.2010 17:25:38 ]: [   <<<   ] [ 1 xenor ]: PONG
[ 18.11.2010 17:25:39 ]: [   >>>   ] [ 1 xenor ]: PING
[ 18.11.2010 17:25:39 ]: [   >>>   ] [ 1 xenor ]: [   >>>   ] [ 1 xenor ]: PING
[ 18.11.2010 17:25:39 ]: [   >>>   ] [ 1 xenor ]: PING
[ 18.11.2010 17:25:39 ]: [   <<<   ] [ 1 xenor ]: PONG
[ 18.11.2010 17:25:39 ]: [   >>>   ] [ 1 xenor ]: [   <<<   ] [ 1 xenor ]: PONG
[ 18.11.2010 17:25:39 ]: [   <<<   ] [ 1 xenor ]: PONG
