[ 21.11.2010 15:33:15 ]: Using Syslog: ./syslog/1290353596.log
[ 21.11.2010 15:33:15 ]: Game Server v0.2.1 starting up...
[ 21.11.2010 15:33:20 ]: PLAYER DB			READY
[ 21.11.2010 15:33:25 ]: GAME DB			READY
[ 21.11.2010 15:33:25 ]: LISTEN THREAD			READY
[ 21.11.2010 15:33:25 ]: NPC CONTROL			READY
[ 21.11.2010 15:33:25 ]: GAME SERVER READY		READY
[ 21.11.2010 15:33:25 ]: [ NEWUSER ] [ 0 ]: TIME: 1290353606
[ 21.11.2010 15:33:25 ]: [   >>>   ] [ 0  ]: WELCOME
[ 21.11.2010 15:33:28 ]: [   <<<   ] [ 0  (0) ]: shutdown
[ 21.11.2010 15:33:28 ]: [   >>>   ] [ 0  (0) ]: SHUTDOWN;50;10
[ 21.11.2010 15:33:29 ]: [   >>>   ] [ 0  (0) ]: SHUTDOWN;50;9
[ 21.11.2010 15:33:29 ]: [ NEWUSER ] [ 0 ]: TIME: 1290353609
[ 21.11.2010 15:33:29 ]: [   >>>   ] [ 0  ]: WELCOME
[ 21.11.2010 15:33:30 ]: [   >>>   ] [ 0  (0) ]: SHUTDOWN;50;8
[ 21.11.2010 15:33:30 ]: [   >>>   ] [ 0  (0) ]: SHUTDOWN;50;8
[ 21.11.2010 15:33:31 ]: [   >>>   ] [ 0  (0) ]: SHUTDOWN;50;7
[ 21.11.2010 15:33:31 ]: [   >>>   ] [ 0  (0) ]: SHUTDOWN;50;7
[ 21.11.2010 15:33:32 ]: [   >>>   ] [ 0  (0) ]: SHUTDOWN;50;6
[ 21.11.2010 15:33:32 ]: [   >>>   ] [ 0  (0) ]: SHUTDOWN;50;6
[ 21.11.2010 15:33:33 ]: [   >>>   ] [ 0  (0) ]: SHUTDOWN;50;5
[ 21.11.2010 15:33:33 ]: [   >>>   ] [ 0  (0) ]: SHUTDOWN;50;5
[ 21.11.2010 15:33:34 ]: [   >>>   ] [ 0  (0) ]: SHUTDOWN;50;4
[ 21.11.2010 15:33:34 ]: [   >>>   ] [ 0  (0) ]: SHUTDOWN;50;4
[ 21.11.2010 15:33:35 ]: [   >>>   ] [ 0  (0) ]: SHUTDOWN;50;3
[ 21.11.2010 15:33:35 ]: [   >>>   ] [ 0  (0) ]: SHUTDOWN;50;3
[ 21.11.2010 15:33:36 ]: [   >>>   ] [ 0  (0) ]: SHUTDOWN;50;2
[ 21.11.2010 15:33:36 ]: [   >>>   ] [ 0  (0) ]: SHUTDOWN;50;2
[ 21.11.2010 15:33:37 ]: [   >>>   ] [ 0  (0) ]: SHUTDOWN;50;1
[ 21.11.2010 15:33:37 ]: [   >>>   ] [ 0  (0) ]: SHUTDOWN;50;1
[ 21.11.2010 15:33:38 ]: [   >>>   ] [ 0  (0) ]: SHUTDOWN;51
[ 21.11.2010 15:33:38 ]: [   >>>   ] [ 0  (0) ]: SHUTDOWN;51
[ 21.11.2010 15:33:38 ]: SHUTDOWN COMPLETE AT 1290353618
