[ 22.11.2010 16:27:35 ]: Using Syslog: ./syslog/1290443256.log
[ 22.11.2010 16:27:35 ]: Game Server v0.2.1 starting up...
[ 22.11.2010 16:27:40 ]: PLAYER DB			READY
[ 22.11.2010 16:27:44 ]: GAME DB			READY
[ 22.11.2010 16:27:44 ]: LISTEN THREAD			READY
[ 22.11.2010 16:27:44 ]: QUEST PARSER			READY
[ 22.11.2010 16:27:44 ]: NPC CONTROL			READY
[ 22.11.2010 16:27:44 ]: GAME SERVER READY		READY
[ 22.11.2010 16:27:50 ]: [ NEWUSER ] [ 0 ]: TIME: 1290443270
[ 22.11.2010 16:27:50 ]: [   >>>   ] [ 0  ]: WELCOME
[ 22.11.2010 16:27:51 ]: [ NEWUSER ] [ 0 ]: TIME: 1290443271
[ 22.11.2010 16:27:51 ]: [   >>>   ] [ 0  ]: WELCOME
[ 22.11.2010 16:27:53 ]: [   <<<   ] [ 0  (0) ]: log;xenor
[ 22.11.2010 16:27:53 ]: [ NEWUSER ] [ 0 ]: TIME: 1290443274
[ 22.11.2010 16:28:01 ]: [   <<<   ] [ 0  (0) ]: login;xenor;0;lalaftw#!
[ 22.11.2010 16:28:01 ]: [   >>>   ] [ 1 xenor (7) ]: LOGIN;OK
[ 22.11.2010 16:28:04 ]: [   <<<   ] [ 0  (0) ]: log;xenor
[ 22.11.2010 16:28:08 ]: [   <<<   ] [ 1 xenor (7) ]: opfer
[ 22.11.2010 16:28:08 ]: [   >>>   ] [ 0  ]: [   <<<   ] [ 1 xenor (7) ]: opfer
[ 22.11.2010 16:28:08 ]: [   >>>   ] [ 1 xenor (7) ]: ERROR;20
[ 22.11.2010 16:28:08 ]: [   >>>   ] [ 0  ]: [   >>>   ] [ 1 xenor (7) ]: ERROR;20
[ 22.11.2010 16:28:25 ]: [   <<<   ] [ 1 xenor (7) ]: spawn;1001
[ 22.11.2010 16:28:25 ]: [   >>>   ] [ 0  ]: [   <<<   ] [ 1 xenor (7) ]: spawn;1001
[ 22.11.2010 16:28:25 ]: [   >>>   ] [ 1 xenor (7) ]: SPAWN;OK;1;1001;-5;4;5
[ 22.11.2010 16:28:25 ]: [   >>>   ] [ 0  ]: [   >>>   ] [ 1 xenor (7) ]: SPAWN;OK;1;1001;-5;4;5
[ 22.11.2010 16:28:25 ]: [   <<<   ] [ 1 xenor (7) ]: aggr
[ 22.11.2010 16:28:25 ]: [   >>>   ] [ 0  ]: [   <<<   ] [ 1 xenor (7) ]: aggr
[ 22.11.2010 16:28:25 ]: [   >>>   ] [ 1 xenor (7) ]: ATTACK;1;1001;1;10
[ 22.11.2010 16:28:25 ]: [   >>>   ] [ 0  ]: [   >>>   ] [ 1 xenor (7) ]: ATTACK;1;1001;1;10
[ 22.11.2010 16:28:27 ]: [   >>>   ] [ 1 xenor (7) ]: ATTACK;1;1001;1;10
[ 22.11.2010 16:28:27 ]: [   >>>   ] [ 0  ]: [   >>>   ] [ 1 xenor (7) ]: ATTACK;1;1001;1;10
[ 22.11.2010 16:28:29 ]: [   >>>   ] [ 1 xenor (7) ]: ATTACK;1;1001;1;10
[ 22.11.2010 16:28:29 ]: [   >>>   ] [ 0  ]: [   >>>   ] [ 1 xenor (7) ]: ATTACK;1;1001;1;10
[ 22.11.2010 16:28:31 ]: [   >>>   ] [ 1 xenor (7) ]: ATTACK;1;1001;1;10
[ 22.11.2010 16:28:31 ]: [   >>>   ] [ 0  ]: [   >>>   ] [ 1 xenor (7) ]: ATTACK;1;1001;1;10
[ 22.11.2010 16:28:33 ]: [   >>>   ] [ 1 xenor (7) ]: ATTACK;1;1001;1;10
[ 22.11.2010 16:28:33 ]: [   >>>   ] [ 0  ]: [   >>>   ] [ 1 xenor (7) ]: ATTACK;1;1001;1;10
[ 22.11.2010 16:28:35 ]: [   >>>   ] [ 1 xenor (7) ]: ATTACK;1;1001;1;10
[ 22.11.2010 16:28:35 ]: [   >>>   ] [ 0  ]: [   >>>   ] [ 1 xenor (7) ]: ATTACK;1;1001;1;10
[ 22.11.2010 16:28:37 ]: [   >>>   ] [ 1 xenor (7) ]: ATTACK;1;1001;1;10
[ 22.11.2010 16:28:37 ]: [   >>>   ] [ 0  ]: [   >>>   ] [ 1 xenor (7) ]: ATTACK;1;1001;1;10
[ 22.11.2010 16:28:39 ]: [   >>>   ] [ 1 xenor (7) ]: ATTACK;1;1001;1;10
[ 22.11.2010 16:28:39 ]: [   >>>   ] [ 0  ]: [   >>>   ] [ 1 xenor (7) ]: ATTACK;1;1001;1;10
[ 22.11.2010 16:28:41 ]: [   >>>   ] [ 1 xenor (7) ]: ATTACK;1;1001;1;10
[ 22.11.2010 16:28:41 ]: [   >>>   ] [ 0  ]: [   >>>   ] [ 1 xenor (7) ]: ATTACK;1;1001;1;10
[ 22.11.2010 16:28:42 ]: [   <<<   ] [ 1 xenor (7) ]: quit
[ 22.11.2010 16:28:42 ]: [   >>>   ] [ 0  ]: [   <<<   ] [ 1 xenor (7) ]: quit
[ 22.11.2010 16:28:42 ]: [   >>>   ] [ 1 xenor ]: BYE
[ 22.11.2010 16:28:42 ]: [   >>>   ] [ 0  ]: [   >>>   ] [ 1 xenor ]: BYE
[ 22.11.2010 16:28:42 ]: [  KILLD  ] [ 1 ]: TIME: 1290443323
[ 22.11.2010 16:28:45 ]: [ NEWUSER ] [ 0 ]: TIME: 1290443326
[ 22.11.2010 16:28:45 ]: [   >>>   ] [ 0  ]: WELCOME
[ 22.11.2010 16:28:49 ]: [   <<<   ] [ 0  (0) ]: login;xenor;0;lalaftw#!
[ 22.11.2010 16:28:49 ]: [   >>>   ] [ 1 xenor (7) ]: LOGIN;OK
[ 22.11.2010 16:30:35 ]: [   <<<   ] [ 1 xenor (7) ]: shutdown
[ 22.11.2010 16:30:35 ]: [   >>>   ] [ 0  (0) ]: SHUTDOWN;50;10
[ 22.11.2010 16:30:35 ]: [   >>>   ] [ 1 xenor (7) ]: SHUTDOWN;50;10
[ 22.11.2010 16:30:36 ]: [   >>>   ] [ 0  (0) ]: SHUTDOWN;50;9
[ 22.11.2010 16:30:36 ]: [   >>>   ] [ 1 xenor (7) ]: SHUTDOWN;50;9
[ 22.11.2010 16:30:37 ]: [   >>>   ] [ 0  (0) ]: SHUTDOWN;50;8
[ 22.11.2010 16:30:37 ]: [   >>>   ] [ 1 xenor (7) ]: SHUTDOWN;50;8
[ 22.11.2010 16:30:38 ]: [   >>>   ] [ 0  (0) ]: SHUTDOWN;50;7
[ 22.11.2010 16:30:38 ]: [   >>>   ] [ 1 xenor (7) ]: SHUTDOWN;50;7
[ 22.11.2010 16:30:39 ]: [   >>>   ] [ 0  (0) ]: SHUTDOWN;50;6
[ 22.11.2010 16:30:39 ]: [   >>>   ] [ 1 xenor (7) ]: SHUTDOWN;50;6
[ 22.11.2010 16:30:40 ]: [   >>>   ] [ 0  (0) ]: SHUTDOWN;50;5
[ 22.11.2010 16:30:40 ]: [   >>>   ] [ 1 xenor (7) ]: SHUTDOWN;50;5
[ 22.11.2010 16:30:41 ]: [   >>>   ] [ 0  (0) ]: SHUTDOWN;50;4
[ 22.11.2010 16:30:41 ]: [   >>>   ] [ 1 xenor (7) ]: SHUTDOWN;50;4
[ 22.11.2010 16:30:42 ]: [   >>>   ] [ 0  (0) ]: SHUTDOWN;50;3
[ 22.11.2010 16:30:42 ]: [   >>>   ] [ 1 xenor (7) ]: SHUTDOWN;50;3
[ 22.11.2010 16:30:43 ]: [   >>>   ] [ 0  (0) ]: SHUTDOWN;50;2
[ 22.11.2010 16:30:43 ]: [   >>>   ] [ 1 xenor (7) ]: SHUTDOWN;50;2
[ 22.11.2010 16:30:44 ]: [   >>>   ] [ 0  (0) ]: SHUTDOWN;50;1
[ 22.11.2010 16:30:44 ]: [   >>>   ] [ 1 xenor (7) ]: SHUTDOWN;50;1
[ 22.11.2010 16:30:45 ]: [   >>>   ] [ 0  (0) ]: SHUTDOWN;51
[ 22.11.2010 16:30:45 ]: [   >>>   ] [ 1 xenor (7) ]: SHUTDOWN;51
[ 22.11.2010 16:30:45 ]: SHUTDOWN COMPLETE AT 1290443445
