[ 21.11.2010 10:06:52 ]: Using Syslog: ./syslog/1290334013.log
[ 21.11.2010 10:06:52 ]: Game Server v0.2.1 starting up...
[ 21.11.2010 10:06:57 ]: PLAYER DB			READY
[ 21.11.2010 10:07:02 ]: GAME DB			READY
[ 21.11.2010 10:07:02 ]: LISTEN THREAD			READY
[ 21.11.2010 10:07:02 ]: NPC CONTROL			READY
[ 21.11.2010 10:07:02 ]: GAME SERVER READY		READY
[ 21.11.2010 10:07:03 ]: [ NEWUSER ] [ 0 ]: TIME: 1290334023
[ 21.11.2010 10:07:03 ]: [   >>>   ] [ 0  ]: WELCOME
[ 21.11.2010 10:07:05 ]: [   <<<   ] [ 0  (0) ]: spawn;1001
[ 21.11.2010 10:07:05 ]: [   >>>   ] [ 0  (0) ]: SPAWN;OK;1001;9;-1;-6
[ 21.11.2010 10:07:05 ]: [   >>>   ] [ 0  (0) ]: MOB 1001 IN RANGE.
[ 21.11.2010 10:07:06 ]: [   >>>   ] [ 0  (0) ]: MOB 1001 IN RANGE.
[ 21.11.2010 10:07:07 ]: [   >>>   ] [ 0  (0) ]: MOB 1001 IN RANGE.
[ 21.11.2010 10:07:08 ]: [   >>>   ] [ 0  (0) ]: MOB 1001 IN RANGE.
[ 21.11.2010 10:07:09 ]: [   >>>   ] [ 0  (0) ]: MOB 1001 IN RANGE.
[ 21.11.2010 10:07:10 ]: [   >>>   ] [ 0  (0) ]: MOB 1001 IN RANGE.
[ 21.11.2010 10:07:11 ]: [   >>>   ] [ 0  (0) ]: MOB 1001 IN RANGE.
[ 21.11.2010 10:07:12 ]: [   >>>   ] [ 0  (0) ]: MOB 1001 IN RANGE.
[ 21.11.2010 10:07:12 ]: [   <<<   ] [ 0  (0) ]: warp;2000;2000;2000
[ 21.11.2010 10:07:12 ]: [   >>>   ] [ 0  (0) ]: WARP;OK;2000;2000;2000
[ 21.11.2010 10:07:22 ]: [   <<<   ] [ 0  (0) ]: warp;1900;1900;1900
[ 21.11.2010 10:07:22 ]: [   >>>   ] [ 0  (0) ]: WARP;OK;1900;1900;1900
[ 21.11.2010 10:07:23 ]: [   >>>   ] [ 0  (0) ]: MOB 1001 IN RANGE.
[ 21.11.2010 10:07:24 ]: [   >>>   ] [ 0  (0) ]: MOB 1001 IN RANGE.
[ 21.11.2010 10:07:25 ]: [   >>>   ] [ 0  (0) ]: MOB 1001 IN RANGE.
[ 21.11.2010 10:07:26 ]: [   >>>   ] [ 0  (0) ]: MOB 1001 IN RANGE.
[ 21.11.2010 10:07:27 ]: [   >>>   ] [ 0  (0) ]: MOB 1001 IN RANGE.
[ 21.11.2010 10:07:28 ]: [   >>>   ] [ 0  (0) ]: MOB 1001 IN RANGE.
[ 21.11.2010 10:07:29 ]: [   >>>   ] [ 0  (0) ]: MOB 1001 IN RANGE.
[ 21.11.2010 10:07:30 ]: [   >>>   ] [ 0  (0) ]: MOB 1001 IN RANGE.
[ 21.11.2010 10:07:31 ]: [   >>>   ] [ 0  (0) ]: MOB 1001 IN RANGE.
[ 21.11.2010 10:07:32 ]: [   >>>   ] [ 0  (0) ]: MOB 1001 IN RANGE.
[ 21.11.2010 10:07:33 ]: [   >>>   ] [ 0  (0) ]: MOB 1001 IN RANGE.
[ 21.11.2010 10:07:34 ]: [   >>>   ] [ 0  (0) ]: MOB 1001 IN RANGE.
[ 21.11.2010 10:07:35 ]: [   >>>   ] [ 0  (0) ]: MOB 1001 IN RANGE.
[ 21.11.2010 10:07:36 ]: [   >>>   ] [ 0  (0) ]: MOB 1001 IN RANGE.
[ 21.11.2010 10:07:37 ]: [   >>>   ] [ 0  (0) ]: MOB 1001 IN RANGE.
[ 21.11.2010 10:07:38 ]: [   >>>   ] [ 0  (0) ]: MOB 1001 IN RANGE.
[ 21.11.2010 10:07:39 ]: [   >>>   ] [ 0  (0) ]: MOB 1001 IN RANGE.
[ 21.11.2010 10:07:40 ]: [   >>>   ] [ 0  (0) ]: MOB 1001 IN RANGE.
[ 21.11.2010 10:07:41 ]: [   >>>   ] [ 0  (0) ]: MOB 1001 IN RANGE.
[ 21.11.2010 10:07:42 ]: [   >>>   ] [ 0  (0) ]: MOB 1001 IN RANGE.
[ 21.11.2010 10:07:43 ]: [   >>>   ] [ 0  (0) ]: MOB 1001 IN RANGE.
[ 21.11.2010 10:07:44 ]: [   >>>   ] [ 0  (0) ]: MOB 1001 IN RANGE.
[ 21.11.2010 10:07:45 ]: [   >>>   ] [ 0  (0) ]: MOB 1001 IN RANGE.
[ 21.11.2010 10:07:46 ]: [   >>>   ] [ 0  (0) ]: MOB 1001 IN RANGE.
[ 21.11.2010 10:07:47 ]: [   >>>   ] [ 0  (0) ]: MOB 1001 IN RANGE.
[ 21.11.2010 10:07:48 ]: [   >>>   ] [ 0  (0) ]: MOB 1001 IN RANGE.
[ 21.11.2010 10:07:49 ]: [   >>>   ] [ 0  (0) ]: MOB 1001 IN RANGE.
[ 21.11.2010 10:07:50 ]: [   >>>   ] [ 0  (0) ]: MOB 1001 IN RANGE.
[ 21.11.2010 10:07:51 ]: [   >>>   ] [ 0  (0) ]: MOB 1001 IN RANGE.
[ 21.11.2010 10:07:52 ]: [   >>>   ] [ 0  (0) ]: MOB 1001 IN RANGE.
[ 21.11.2010 10:07:53 ]: [   >>>   ] [ 0  (0) ]: MOB 1001 IN RANGE.
[ 21.11.2010 10:07:54 ]: [   >>>   ] [ 0  (0) ]: MOB 1001 IN RANGE.
[ 21.11.2010 10:07:55 ]: [   >>>   ] [ 0  (0) ]: MOB 1001 IN RANGE.
[ 21.11.2010 10:07:56 ]: [   >>>   ] [ 0  (0) ]: MOB 1001 IN RANGE.
[ 21.11.2010 10:07:57 ]: [   >>>   ] [ 0  (0) ]: MOB 1001 IN RANGE.
[ 21.11.2010 10:07:58 ]: [   >>>   ] [ 0  (0) ]: MOB 1001 IN RANGE.
[ 21.11.2010 10:07:59 ]: [   >>>   ] [ 0  (0) ]: MOB 1001 IN RANGE.
[ 21.11.2010 10:08:00 ]: [   >>>   ] [ 0  (0) ]: MOB 1001 IN RANGE.
[ 21.11.2010 10:08:01 ]: [   >>>   ] [ 0  (0) ]: MOB 1001 IN RANGE.
[ 21.11.2010 10:08:02 ]: [   >>>   ] [ 0  (0) ]: MOB 1001 IN RANGE.
[ 21.11.2010 10:08:03 ]: [   >>>   ] [ 0  (0) ]: MOB 1001 IN RANGE.
[ 21.11.2010 10:08:04 ]: [   >>>   ] [ 0  (0) ]: MOB 1001 IN RANGE.
[ 21.11.2010 10:08:05 ]: [   >>>   ] [ 0  (0) ]: MOB 1001 IN RANGE.
[ 21.11.2010 10:08:06 ]: [   >>>   ] [ 0  (0) ]: MOB 1001 IN RANGE.
[ 21.11.2010 10:08:07 ]: [   >>>   ] [ 0  (0) ]: MOB 1001 IN RANGE.
[ 21.11.2010 10:08:08 ]: [   >>>   ] [ 0  (0) ]: MOB 1001 IN RANGE.
[ 21.11.2010 10:08:09 ]: [   >>>   ] [ 0  (0) ]: MOB 1001 IN RANGE.
[ 21.11.2010 10:08:10 ]: [   >>>   ] [ 0  (0) ]: MOB 1001 IN RANGE.
[ 21.11.2010 10:08:10 ]: [   <<<   ] [ 0  (0) ]: purge
[ 21.11.2010 10:08:10 ]: [   >>>   ] [ 0  (0) ]: ERROR;20
[ 21.11.2010 10:08:11 ]: [   >>>   ] [ 0  (0) ]: MOB 1001 IN RANGE.
[ 21.11.2010 10:08:12 ]: [   >>>   ] [ 0  (0) ]: MOB 1001 IN RANGE.
[ 21.11.2010 10:08:13 ]: [   >>>   ] [ 0  (0) ]: MOB 1001 IN RANGE.
[ 21.11.2010 10:08:14 ]: [   >>>   ] [ 0  (0) ]: MOB 1001 IN RANGE.
[ 21.11.2010 10:08:15 ]: [   >>>   ] [ 0  (0) ]: MOB 1001 IN RANGE.
[ 21.11.2010 10:08:16 ]: [   >>>   ] [ 0  (0) ]: MOB 1001 IN RANGE.
[ 21.11.2010 10:08:17 ]: [   >>>   ] [ 0  (0) ]: MOB 1001 IN RANGE.
[ 21.11.2010 10:08:18 ]: [   >>>   ] [ 0  (0) ]: MOB 1001 IN RANGE.
[ 21.11.2010 10:08:19 ]: [   >>>   ] [ 0  (0) ]: MOB 1001 IN RANGE.
[ 21.11.2010 10:08:20 ]: [   >>>   ] [ 0  (0) ]: MOB 1001 IN RANGE.
[ 21.11.2010 10:08:21 ]: [   >>>   ] [ 0  (0) ]: MOB 1001 IN RANGE.
[ 21.11.2010 10:08:22 ]: [   >>>   ] [ 0  (0) ]: MOB 1001 IN RANGE.
[ 21.11.2010 10:08:23 ]: [   >>>   ] [ 0  (0) ]: MOB 1001 IN RANGE.
[ 21.11.2010 10:08:24 ]: [   >>>   ] [ 0  (0) ]: MOB 1001 IN RANGE.
[ 21.11.2010 10:08:25 ]: [   >>>   ] [ 0  (0) ]: MOB 1001 IN RANGE.
[ 21.11.2010 10:08:26 ]: [   >>>   ] [ 0  (0) ]: MOB 1001 IN RANGE.
[ 21.11.2010 10:08:27 ]: [   >>>   ] [ 0  (0) ]: MOB 1001 IN RANGE.
[ 21.11.2010 10:08:28 ]: [   >>>   ] [ 0  (0) ]: MOB 1001 IN RANGE.
[ 21.11.2010 10:08:29 ]: [   >>>   ] [ 0  (0) ]: MOB 1001 IN RANGE.
[ 21.11.2010 10:08:30 ]: [   >>>   ] [ 0  (0) ]: MOB 1001 IN RANGE.
[ 21.11.2010 10:08:31 ]: [   >>>   ] [ 0  (0) ]: MOB 1001 IN RANGE.
[ 21.11.2010 10:08:32 ]: [   >>>   ] [ 0  (0) ]: MOB 1001 IN RANGE.
[ 21.11.2010 10:08:33 ]: [   >>>   ] [ 0  (0) ]: MOB 1001 IN RANGE.
[ 21.11.2010 10:08:34 ]: [   >>>   ] [ 0  (0) ]: MOB 1001 IN RANGE.
[ 21.11.2010 10:08:35 ]: [   >>>   ] [ 0  (0) ]: MOB 1001 IN RANGE.
[ 21.11.2010 10:08:36 ]: [   >>>   ] [ 0  (0) ]: MOB 1001 IN RANGE.
[ 21.11.2010 10:08:37 ]: [   >>>   ] [ 0  (0) ]: MOB 1001 IN RANGE.
[ 21.11.2010 10:08:38 ]: [   >>>   ] [ 0  (0) ]: MOB 1001 IN RANGE.
[ 21.11.2010 10:08:39 ]: [   >>>   ] [ 0  (0) ]: MOB 1001 IN RANGE.
[ 21.11.2010 10:08:40 ]: [   >>>   ] [ 0  (0) ]: MOB 1001 IN RANGE.
[ 21.11.2010 10:08:41 ]: [   >>>   ] [ 0  (0) ]: MOB 1001 IN RANGE.
[ 21.11.2010 10:08:42 ]: [   >>>   ] [ 0  (0) ]: MOB 1001 IN RANGE.
[ 21.11.2010 10:08:43 ]: [   >>>   ] [ 0  (0) ]: MOB 1001 IN RANGE.
[ 21.11.2010 10:08:44 ]: [   >>>   ] [ 0  (0) ]: MOB 1001 IN RANGE.
[ 21.11.2010 10:08:45 ]: [   >>>   ] [ 0  (0) ]: MOB 1001 IN RANGE.
[ 21.11.2010 10:08:46 ]: [   >>>   ] [ 0  (0) ]: MOB 1001 IN RANGE.
[ 21.11.2010 10:08:47 ]: [   >>>   ] [ 0  (0) ]: MOB 1001 IN RANGE.
[ 21.11.2010 10:08:48 ]: [   >>>   ] [ 0  (0) ]: MOB 1001 IN RANGE.
[ 21.11.2010 10:08:49 ]: [   >>>   ] [ 0  (0) ]: MOB 1001 IN RANGE.
[ 21.11.2010 10:08:50 ]: [   >>>   ] [ 0  (0) ]: MOB 1001 IN RANGE.
[ 21.11.2010 10:08:51 ]: [   >>>   ] [ 0  (0) ]: MOB 1001 IN RANGE.
[ 21.11.2010 10:08:52 ]: [   >>>   ] [ 0  (0) ]: MOB 1001 IN RANGE.
[ 21.11.2010 10:08:53 ]: [   >>>   ] [ 0  (0) ]: MOB 1001 IN RANGE.
[ 21.11.2010 10:08:54 ]: [   >>>   ] [ 0  (0) ]: MOB 1001 IN RANGE.
[ 21.11.2010 10:08:55 ]: [   >>>   ] [ 0  (0) ]: MOB 1001 IN RANGE.
[ 21.11.2010 10:08:56 ]: [   >>>   ] [ 0  (0) ]: MOB 1001 IN RANGE.
[ 21.11.2010 10:08:57 ]: [   >>>   ] [ 0  (0) ]: MOB 1001 IN RANGE.
[ 21.11.2010 10:08:58 ]: [   >>>   ] [ 0  (0) ]: MOB 1001 IN RANGE.
[ 21.11.2010 10:08:59 ]: [   >>>   ] [ 0  (0) ]: MOB 1001 IN RANGE.
[ 21.11.2010 10:09:00 ]: [   >>>   ] [ 0  (0) ]: MOB 1001 IN RANGE.
[ 21.11.2010 10:09:01 ]: [   >>>   ] [ 0  (0) ]: MOB 1001 IN RANGE.
[ 21.11.2010 10:09:02 ]: [   >>>   ] [ 0  (0) ]: MOB 1001 IN RANGE.
[ 21.11.2010 10:09:03 ]: [   >>>   ] [ 0  (0) ]: MOB 1001 IN RANGE.
[ 21.11.2010 10:09:04 ]: [   >>>   ] [ 0  (0) ]: MOB 1001 IN RANGE.
[ 21.11.2010 10:09:05 ]: [   >>>   ] [ 0  (0) ]: MOB 1001 IN RANGE.
[ 21.11.2010 10:09:06 ]: [   >>>   ] [ 0  (0) ]: MOB 1001 IN RANGE.
[ 21.11.2010 10:09:07 ]: [   >>>   ] [ 0  (0) ]: MOB 1001 IN RANGE.
[ 21.11.2010 10:09:08 ]: [   >>>   ] [ 0  (0) ]: MOB 1001 IN RANGE.
[ 21.11.2010 10:09:09 ]: [   >>>   ] [ 0  (0) ]: MOB 1001 IN RANGE.
[ 21.11.2010 10:09:10 ]: [   >>>   ] [ 0  (0) ]: MOB 1001 IN RANGE.
[ 21.11.2010 10:09:11 ]: [   >>>   ] [ 0  (0) ]: MOB 1001 IN RANGE.
[ 21.11.2010 10:09:12 ]: [   >>>   ] [ 0  (0) ]: MOB 1001 IN RANGE.
[ 21.11.2010 10:09:13 ]: [   >>>   ] [ 0  (0) ]: MOB 1001 IN RANGE.
[ 21.11.2010 10:09:14 ]: [   >>>   ] [ 0  (0) ]: MOB 1001 IN RANGE.
[ 21.11.2010 10:09:15 ]: [   >>>   ] [ 0  (0) ]: MOB 1001 IN RANGE.
[ 21.11.2010 10:09:16 ]: [   >>>   ] [ 0  (0) ]: MOB 1001 IN RANGE.
[ 21.11.2010 10:09:17 ]: [   >>>   ] [ 0  (0) ]: MOB 1001 IN RANGE.
[ 21.11.2010 10:09:18 ]: [   >>>   ] [ 0  (0) ]: MOB 1001 IN RANGE.
[ 21.11.2010 10:09:19 ]: [   >>>   ] [ 0  (0) ]: MOB 1001 IN RANGE.
[ 21.11.2010 10:09:20 ]: [   >>>   ] [ 0  (0) ]: MOB 1001 IN RANGE.
[ 21.11.2010 10:09:21 ]: [   >>>   ] [ 0  (0) ]: MOB 1001 IN RANGE.
[ 21.11.2010 10:09:22 ]: [   >>>   ] [ 0  (0) ]: MOB 1001 IN RANGE.
[ 21.11.2010 10:09:23 ]: [   >>>   ] [ 0  (0) ]: MOB 1001 IN RANGE.
[ 21.11.2010 10:09:24 ]: [   >>>   ] [ 0  (0) ]: MOB 1001 IN RANGE.
[ 21.11.2010 10:09:25 ]: [   >>>   ] [ 0  (0) ]: MOB 1001 IN RANGE.
[ 21.11.2010 10:09:26 ]: [   >>>   ] [ 0  (0) ]: MOB 1001 IN RANGE.
[ 21.11.2010 10:09:27 ]: [   >>>   ] [ 0  (0) ]: MOB 1001 IN RANGE.
[ 21.11.2010 10:09:28 ]: [   >>>   ] [ 0  (0) ]: MOB 1001 IN RANGE.
[ 21.11.2010 10:09:29 ]: [   >>>   ] [ 0  (0) ]: MOB 1001 IN RANGE.
[ 21.11.2010 10:09:30 ]: [   >>>   ] [ 0  (0) ]: MOB 1001 IN RANGE.
[ 21.11.2010 10:09:31 ]: [   >>>   ] [ 0  (0) ]: MOB 1001 IN RANGE.
[ 21.11.2010 10:09:32 ]: [   >>>   ] [ 0  (0) ]: MOB 1001 IN RANGE.
[ 21.11.2010 10:09:33 ]: [   >>>   ] [ 0  (0) ]: MOB 1001 IN RANGE.
[ 21.11.2010 10:09:34 ]: [   >>>   ] [ 0  (0) ]: MOB 1001 IN RANGE.
[ 21.11.2010 10:09:35 ]: [   >>>   ] [ 0  (0) ]: MOB 1001 IN RANGE.
[ 21.11.2010 10:09:36 ]: [   >>>   ] [ 0  (0) ]: MOB 1001 IN RANGE.
[ 21.11.2010 10:09:37 ]: [   >>>   ] [ 0  (0) ]: MOB 1001 IN RANGE.
[ 21.11.2010 10:09:38 ]: [   >>>   ] [ 0  (0) ]: MOB 1001 IN RANGE.
[ 21.11.2010 10:09:39 ]: [   >>>   ] [ 0  (0) ]: MOB 1001 IN RANGE.
[ 21.11.2010 10:09:40 ]: [   >>>   ] [ 0  (0) ]: MOB 1001 IN RANGE.
[ 21.11.2010 10:09:41 ]: [   >>>   ] [ 0  (0) ]: MOB 1001 IN RANGE.
[ 21.11.2010 10:09:42 ]: [   >>>   ] [ 0  (0) ]: MOB 1001 IN RANGE.
[ 21.11.2010 10:09:43 ]: [   >>>   ] [ 0  (0) ]: MOB 1001 IN RANGE.
[ 21.11.2010 10:09:44 ]: [   >>>   ] [ 0  (0) ]: MOB 1001 IN RANGE.
[ 21.11.2010 10:09:45 ]: [   >>>   ] [ 0  (0) ]: MOB 1001 IN RANGE.
[ 21.11.2010 10:09:46 ]: [   >>>   ] [ 0  (0) ]: MOB 1001 IN RANGE.
[ 21.11.2010 10:09:47 ]: [   >>>   ] [ 0  (0) ]: MOB 1001 IN RANGE.
[ 21.11.2010 10:09:48 ]: [   >>>   ] [ 0  (0) ]: MOB 1001 IN RANGE.
[ 21.11.2010 10:09:49 ]: [   >>>   ] [ 0  (0) ]: MOB 1001 IN RANGE.
[ 21.11.2010 10:09:50 ]: [   >>>   ] [ 0  (0) ]: MOB 1001 IN RANGE.
[ 21.11.2010 10:09:51 ]: [   >>>   ] [ 0  (0) ]: MOB 1001 IN RANGE.
[ 21.11.2010 10:09:52 ]: [   >>>   ] [ 0  (0) ]: MOB 1001 IN RANGE.
[ 21.11.2010 10:09:53 ]: [   >>>   ] [ 0  (0) ]: MOB 1001 IN RANGE.
[ 21.11.2010 10:09:54 ]: [   >>>   ] [ 0  (0) ]: MOB 1001 IN RANGE.
[ 21.11.2010 10:09:55 ]: [   >>>   ] [ 0  (0) ]: MOB 1001 IN RANGE.
[ 21.11.2010 10:09:56 ]: [   >>>   ] [ 0  (0) ]: MOB 1001 IN RANGE.
[ 21.11.2010 10:09:57 ]: [   >>>   ] [ 0  (0) ]: MOB 1001 IN RANGE.
[ 21.11.2010 10:09:58 ]: [   >>>   ] [ 0  (0) ]: MOB 1001 IN RANGE.
[ 21.11.2010 10:09:59 ]: [   >>>   ] [ 0  (0) ]: MOB 1001 IN RANGE.
[ 21.11.2010 10:10:00 ]: [   >>>   ] [ 0  (0) ]: MOB 1001 IN RANGE.
[ 21.11.2010 10:10:01 ]: [   >>>   ] [ 0  (0) ]: MOB 1001 IN RANGE.
[ 21.11.2010 10:10:02 ]: [   >>>   ] [ 0  (0) ]: MOB 1001 IN RANGE.
[ 21.11.2010 10:10:03 ]: [   >>>   ] [ 0  (0) ]: MOB 1001 IN RANGE.
[ 21.11.2010 10:10:04 ]: [   >>>   ] [ 0  (0) ]: MOB 1001 IN RANGE.
[ 21.11.2010 10:10:05 ]: [   >>>   ] [ 0  (0) ]: MOB 1001 IN RANGE.
[ 21.11.2010 10:10:06 ]: [   >>>   ] [ 0  (0) ]: MOB 1001 IN RANGE.
[ 21.11.2010 10:10:07 ]: [   >>>   ] [ 0  (0) ]: MOB 1001 IN RANGE.
[ 21.11.2010 10:10:08 ]: [   >>>   ] [ 0  (0) ]: MOB 1001 IN RANGE.
[ 21.11.2010 10:10:09 ]: [   >>>   ] [ 0  (0) ]: MOB 1001 IN RANGE.
[ 21.11.2010 10:10:10 ]: [   >>>   ] [ 0  (0) ]: MOB 1001 IN RANGE.
[ 21.11.2010 10:10:11 ]: [   >>>   ] [ 0  (0) ]: MOB 1001 IN RANGE.
[ 21.11.2010 10:10:12 ]: [   >>>   ] [ 0  (0) ]: MOB 1001 IN RANGE.
[ 21.11.2010 10:10:13 ]: [   >>>   ] [ 0  (0) ]: MOB 1001 IN RANGE.
[ 21.11.2010 10:10:14 ]: [   >>>   ] [ 0  (0) ]: MOB 1001 IN RANGE.
[ 21.11.2010 10:10:15 ]: [   >>>   ] [ 0  (0) ]: MOB 1001 IN RANGE.
[ 21.11.2010 10:10:16 ]: [   >>>   ] [ 0  (0) ]: MOB 1001 IN RANGE.
[ 21.11.2010 10:10:17 ]: [   >>>   ] [ 0  (0) ]: MOB 1001 IN RANGE.
[ 21.11.2010 10:10:18 ]: [   >>>   ] [ 0  (0) ]: MOB 1001 IN RANGE.
[ 21.11.2010 10:10:19 ]: [   >>>   ] [ 0  (0) ]: MOB 1001 IN RANGE.
[ 21.11.2010 10:10:20 ]: [   >>>   ] [ 0  (0) ]: MOB 1001 IN RANGE.
[ 21.11.2010 10:10:21 ]: [   >>>   ] [ 0  (0) ]: MOB 1001 IN RANGE.
[ 21.11.2010 10:10:22 ]: [   >>>   ] [ 0  (0) ]: MOB 1001 IN RANGE.
[ 21.11.2010 10:10:23 ]: [   >>>   ] [ 0  (0) ]: MOB 1001 IN RANGE.
[ 21.11.2010 10:10:24 ]: [   >>>   ] [ 0  (0) ]: MOB 1001 IN RANGE.
[ 21.11.2010 10:10:25 ]: [   >>>   ] [ 0  (0) ]: MOB 1001 IN RANGE.
[ 21.11.2010 10:10:26 ]: [   >>>   ] [ 0  (0) ]: MOB 1001 IN RANGE.
[ 21.11.2010 10:10:27 ]: [   >>>   ] [ 0  (0) ]: MOB 1001 IN RANGE.
[ 21.11.2010 10:10:28 ]: [   >>>   ] [ 0  (0) ]: MOB 1001 IN RANGE.
[ 21.11.2010 10:10:29 ]: [   >>>   ] [ 0  (0) ]: MOB 1001 IN RANGE.
[ 21.11.2010 10:10:30 ]: [   >>>   ] [ 0  (0) ]: MOB 1001 IN RANGE.
[ 21.11.2010 10:10:31 ]: [   >>>   ] [ 0  (0) ]: MOB 1001 IN RANGE.
[ 21.11.2010 10:10:32 ]: [   >>>   ] [ 0  (0) ]: MOB 1001 IN RANGE.
[ 21.11.2010 10:10:33 ]: [   >>>   ] [ 0  (0) ]: MOB 1001 IN RANGE.
[ 21.11.2010 10:10:34 ]: [   >>>   ] [ 0  (0) ]: MOB 1001 IN RANGE.
[ 21.11.2010 10:10:35 ]: [   >>>   ] [ 0  (0) ]: MOB 1001 IN RANGE.
[ 21.11.2010 10:10:36 ]: [   >>>   ] [ 0  (0) ]: MOB 1001 IN RANGE.
[ 21.11.2010 10:10:37 ]: [   >>>   ] [ 0  (0) ]: MOB 1001 IN RANGE.
[ 21.11.2010 10:10:38 ]: [   >>>   ] [ 0  (0) ]: MOB 1001 IN RANGE.
[ 21.11.2010 10:10:39 ]: [   >>>   ] [ 0  (0) ]: MOB 1001 IN RANGE.
[ 21.11.2010 10:10:40 ]: [   >>>   ] [ 0  (0) ]: MOB 1001 IN RANGE.
[ 21.11.2010 10:10:41 ]: [   >>>   ] [ 0  (0) ]: MOB 1001 IN RANGE.
[ 21.11.2010 10:10:42 ]: [   >>>   ] [ 0  (0) ]: MOB 1001 IN RANGE.
[ 21.11.2010 10:10:43 ]: [   >>>   ] [ 0  (0) ]: MOB 1001 IN RANGE.
[ 21.11.2010 10:10:44 ]: [   >>>   ] [ 0  (0) ]: MOB 1001 IN RANGE.
[ 21.11.2010 10:10:45 ]: [   >>>   ] [ 0  (0) ]: MOB 1001 IN RANGE.
[ 21.11.2010 10:10:46 ]: [   >>>   ] [ 0  (0) ]: MOB 1001 IN RANGE.
[ 21.11.2010 10:10:47 ]: [   >>>   ] [ 0  (0) ]: MOB 1001 IN RANGE.
[ 21.11.2010 10:10:48 ]: [   >>>   ] [ 0  (0) ]: MOB 1001 IN RANGE.
[ 21.11.2010 10:10:49 ]: [   >>>   ] [ 0  (0) ]: MOB 1001 IN RANGE.
[ 21.11.2010 10:10:50 ]: [   >>>   ] [ 0  (0) ]: MOB 1001 IN RANGE.
[ 21.11.2010 10:10:51 ]: [   >>>   ] [ 0  (0) ]: MOB 1001 IN RANGE.
[ 21.11.2010 10:10:52 ]: [   >>>   ] [ 0  (0) ]: MOB 1001 IN RANGE.
[ 21.11.2010 10:10:53 ]: [   >>>   ] [ 0  (0) ]: MOB 1001 IN RANGE.
[ 21.11.2010 10:10:54 ]: [   >>>   ] [ 0  (0) ]: MOB 1001 IN RANGE.
[ 21.11.2010 10:10:55 ]: [   >>>   ] [ 0  (0) ]: MOB 1001 IN RANGE.
[ 21.11.2010 10:10:56 ]: [   >>>   ] [ 0  (0) ]: MOB 1001 IN RANGE.
[ 21.11.2010 10:10:57 ]: [   >>>   ] [ 0  (0) ]: MOB 1001 IN RANGE.
[ 21.11.2010 10:10:58 ]: [   >>>   ] [ 0  (0) ]: MOB 1001 IN RANGE.
[ 21.11.2010 10:10:59 ]: [   >>>   ] [ 0  (0) ]: MOB 1001 IN RANGE.
[ 21.11.2010 10:11:00 ]: [   >>>   ] [ 0  (0) ]: MOB 1001 IN RANGE.
[ 21.11.2010 10:11:01 ]: [   >>>   ] [ 0  (0) ]: MOB 1001 IN RANGE.
[ 21.11.2010 10:11:02 ]: [   >>>   ] [ 0  (0) ]: MOB 1001 IN RANGE.
[ 21.11.2010 10:11:03 ]: [   >>>   ] [ 0  (0) ]: MOB 1001 IN RANGE.
[ 21.11.2010 10:11:04 ]: [   >>>   ] [ 0  (0) ]: MOB 1001 IN RANGE.
[ 21.11.2010 10:11:05 ]: [   >>>   ] [ 0  (0) ]: MOB 1001 IN RANGE.
[ 21.11.2010 10:11:06 ]: [   >>>   ] [ 0  (0) ]: MOB 1001 IN RANGE.
[ 21.11.2010 10:11:07 ]: [   >>>   ] [ 0  (0) ]: MOB 1001 IN RANGE.
[ 21.11.2010 10:11:08 ]: [   >>>   ] [ 0  (0) ]: MOB 1001 IN RANGE.
[ 21.11.2010 10:11:09 ]: [   >>>   ] [ 0  (0) ]: MOB 1001 IN RANGE.
[ 21.11.2010 10:11:10 ]: [   >>>   ] [ 0  (0) ]: MOB 1001 IN RANGE.
[ 21.11.2010 10:11:11 ]: [   >>>   ] [ 0  (0) ]: MOB 1001 IN RANGE.
[ 21.11.2010 10:11:12 ]: [   >>>   ] [ 0  (0) ]: MOB 1001 IN RANGE.
[ 21.11.2010 10:11:13 ]: [   >>>   ] [ 0  (0) ]: MOB 1001 IN RANGE.
[ 21.11.2010 10:11:14 ]: [   >>>   ] [ 0  (0) ]: MOB 1001 IN RANGE.
[ 21.11.2010 10:11:15 ]: [   >>>   ] [ 0  (0) ]: MOB 1001 IN RANGE.
[ 21.11.2010 10:11:16 ]: [   >>>   ] [ 0  (0) ]: MOB 1001 IN RANGE.
[ 21.11.2010 10:11:17 ]: [   >>>   ] [ 0  (0) ]: MOB 1001 IN RANGE.
[ 21.11.2010 10:11:18 ]: [   >>>   ] [ 0  (0) ]: MOB 1001 IN RANGE.
[ 21.11.2010 10:11:19 ]: [   >>>   ] [ 0  (0) ]: MOB 1001 IN RANGE.
[ 21.11.2010 10:11:20 ]: [   >>>   ] [ 0  (0) ]: MOB 1001 IN RANGE.
[ 21.11.2010 10:11:21 ]: [   >>>   ] [ 0  (0) ]: MOB 1001 IN RANGE.
[ 21.11.2010 10:11:22 ]: [   >>>   ] [ 0  (0) ]: MOB 1001 IN RANGE.
[ 21.11.2010 10:11:23 ]: [   >>>   ] [ 0  (0) ]: MOB 1001 IN RANGE.
[ 21.11.2010 10:11:24 ]: [   >>>   ] [ 0  (0) ]: MOB 1001 IN RANGE.
[ 21.11.2010 10:11:25 ]: [   >>>   ] [ 0  (0) ]: MOB 1001 IN RANGE.
[ 21.11.2010 10:11:26 ]: [   >>>   ] [ 0  (0) ]: MOB 1001 IN RANGE.
[ 21.11.2010 10:11:27 ]: [   >>>   ] [ 0  (0) ]: MOB 1001 IN RANGE.
[ 21.11.2010 10:11:28 ]: [   >>>   ] [ 0  (0) ]: MOB 1001 IN RANGE.
[ 21.11.2010 10:11:29 ]: [   >>>   ] [ 0  (0) ]: MOB 1001 IN RANGE.
[ 21.11.2010 10:11:30 ]: [   >>>   ] [ 0  (0) ]: MOB 1001 IN RANGE.
[ 21.11.2010 10:11:31 ]: [   >>>   ] [ 0  (0) ]: MOB 1001 IN RANGE.
[ 21.11.2010 10:11:32 ]: [   >>>   ] [ 0  (0) ]: MOB 1001 IN RANGE.
[ 21.11.2010 10:11:33 ]: [   >>>   ] [ 0  (0) ]: MOB 1001 IN RANGE.
[ 21.11.2010 10:11:34 ]: [   >>>   ] [ 0  (0) ]: MOB 1001 IN RANGE.
[ 21.11.2010 10:11:35 ]: [   >>>   ] [ 0  (0) ]: MOB 1001 IN RANGE.
[ 21.11.2010 10:11:36 ]: [   >>>   ] [ 0  (0) ]: MOB 1001 IN RANGE.
[ 21.11.2010 10:11:37 ]: [   >>>   ] [ 0  (0) ]: MOB 1001 IN RANGE.
[ 21.11.2010 10:11:38 ]: [   >>>   ] [ 0  (0) ]: MOB 1001 IN RANGE.
[ 21.11.2010 10:11:39 ]: [   >>>   ] [ 0  (0) ]: MOB 1001 IN RANGE.
[ 21.11.2010 10:11:40 ]: [   >>>   ] [ 0  (0) ]: MOB 1001 IN RANGE.
[ 21.11.2010 10:11:41 ]: [   >>>   ] [ 0  (0) ]: MOB 1001 IN RANGE.
[ 21.11.2010 10:11:42 ]: [   >>>   ] [ 0  (0) ]: MOB 1001 IN RANGE.
[ 21.11.2010 10:11:43 ]: [   >>>   ] [ 0  (0) ]: MOB 1001 IN RANGE.
[ 21.11.2010 10:11:44 ]: [   >>>   ] [ 0  (0) ]: MOB 1001 IN RANGE.
[ 21.11.2010 10:11:45 ]: [   >>>   ] [ 0  (0) ]: MOB 1001 IN RANGE.
[ 21.11.2010 10:11:46 ]: [   >>>   ] [ 0  (0) ]: MOB 1001 IN RANGE.
[ 21.11.2010 10:11:47 ]: [   >>>   ] [ 0  (0) ]: MOB 1001 IN RANGE.
[ 21.11.2010 10:11:48 ]: [   >>>   ] [ 0  (0) ]: MOB 1001 IN RANGE.
[ 21.11.2010 10:11:49 ]: [   >>>   ] [ 0  (0) ]: MOB 1001 IN RANGE.
[ 21.11.2010 10:11:50 ]: [   >>>   ] [ 0  (0) ]: MOB 1001 IN RANGE.
[ 21.11.2010 10:11:51 ]: [   >>>   ] [ 0  (0) ]: MOB 1001 IN RANGE.
[ 21.11.2010 10:11:52 ]: [   >>>   ] [ 0  (0) ]: MOB 1001 IN RANGE.
[ 21.11.2010 10:11:53 ]: [   >>>   ] [ 0  (0) ]: MOB 1001 IN RANGE.
[ 21.11.2010 10:11:54 ]: [   >>>   ] [ 0  (0) ]: MOB 1001 IN RANGE.
[ 21.11.2010 10:11:55 ]: [   >>>   ] [ 0  (0) ]: MOB 1001 IN RANGE.
[ 21.11.2010 10:11:56 ]: [   >>>   ] [ 0  (0) ]: MOB 1001 IN RANGE.
[ 21.11.2010 10:11:57 ]: [   >>>   ] [ 0  (0) ]: MOB 1001 IN RANGE.
[ 21.11.2010 10:11:58 ]: [   >>>   ] [ 0  (0) ]: MOB 1001 IN RANGE.
[ 21.11.2010 10:11:59 ]: [   >>>   ] [ 0  (0) ]: MOB 1001 IN RANGE.
[ 21.11.2010 10:12:00 ]: [   >>>   ] [ 0  (0) ]: MOB 1001 IN RANGE.
[ 21.11.2010 10:12:01 ]: [   >>>   ] [ 0  (0) ]: MOB 1001 IN RANGE.
[ 21.11.2010 10:12:02 ]: [   >>>   ] [ 0  (0) ]: MOB 1001 IN RANGE.
[ 21.11.2010 10:12:03 ]: [   >>>   ] [ 0  (0) ]: MOB 1001 IN RANGE.
[ 21.11.2010 10:12:04 ]: [   >>>   ] [ 0  (0) ]: MOB 1001 IN RANGE.
[ 21.11.2010 10:12:05 ]: [   >>>   ] [ 0  (0) ]: MOB 1001 IN RANGE.
[ 21.11.2010 10:12:06 ]: [   >>>   ] [ 0  (0) ]: MOB 1001 IN RANGE.
[ 21.11.2010 10:12:07 ]: [   >>>   ] [ 0  (0) ]: MOB 1001 IN RANGE.
[ 21.11.2010 10:12:08 ]: [   >>>   ] [ 0  (0) ]: MOB 1001 IN RANGE.
[ 21.11.2010 10:12:09 ]: [   >>>   ] [ 0  (0) ]: MOB 1001 IN RANGE.
[ 21.11.2010 10:12:10 ]: [   >>>   ] [ 0  (0) ]: MOB 1001 IN RANGE.
[ 21.11.2010 10:12:11 ]: [   >>>   ] [ 0  (0) ]: MOB 1001 IN RANGE.
[ 21.11.2010 10:12:12 ]: [   >>>   ] [ 0  (0) ]: MOB 1001 IN RANGE.
[ 21.11.2010 10:12:13 ]: [   >>>   ] [ 0  (0) ]: MOB 1001 IN RANGE.
[ 21.11.2010 10:12:14 ]: [   >>>   ] [ 0  (0) ]: MOB 1001 IN RANGE.
[ 21.11.2010 10:12:15 ]: [   >>>   ] [ 0  (0) ]: MOB 1001 IN RANGE.
[ 21.11.2010 10:12:16 ]: [   >>>   ] [ 0  (0) ]: MOB 1001 IN RANGE.
[ 21.11.2010 10:12:17 ]: [   >>>   ] [ 0  (0) ]: MOB 1001 IN RANGE.
[ 21.11.2010 10:12:18 ]: [   >>>   ] [ 0  (0) ]: MOB 1001 IN RANGE.
[ 21.11.2010 10:12:19 ]: [   >>>   ] [ 0  (0) ]: MOB 1001 IN RANGE.
[ 21.11.2010 10:12:20 ]: [   >>>   ] [ 0  (0) ]: MOB 1001 IN RANGE.
[ 21.11.2010 10:12:21 ]: [   >>>   ] [ 0  (0) ]: MOB 1001 IN RANGE.
[ 21.11.2010 10:12:22 ]: [   >>>   ] [ 0  (0) ]: MOB 1001 IN RANGE.
[ 21.11.2010 10:12:23 ]: [   >>>   ] [ 0  (0) ]: MOB 1001 IN RANGE.
[ 21.11.2010 10:12:24 ]: [   >>>   ] [ 0  (0) ]: MOB 1001 IN RANGE.
[ 21.11.2010 10:12:25 ]: [   >>>   ] [ 0  (0) ]: MOB 1001 IN RANGE.
[ 21.11.2010 10:12:26 ]: [   >>>   ] [ 0  (0) ]: MOB 1001 IN RANGE.
[ 21.11.2010 10:12:27 ]: [   >>>   ] [ 0  (0) ]: MOB 1001 IN RANGE.
[ 21.11.2010 10:12:28 ]: [   >>>   ] [ 0  (0) ]: MOB 1001 IN RANGE.
[ 21.11.2010 10:12:29 ]: [   >>>   ] [ 0  (0) ]: MOB 1001 IN RANGE.
[ 21.11.2010 10:12:30 ]: [   >>>   ] [ 0  (0) ]: MOB 1001 IN RANGE.
[ 21.11.2010 10:12:31 ]: [   >>>   ] [ 0  (0) ]: MOB 1001 IN RANGE.
[ 21.11.2010 10:12:32 ]: [   >>>   ] [ 0  (0) ]: MOB 1001 IN RANGE.
[ 21.11.2010 10:12:33 ]: [   >>>   ] [ 0  (0) ]: MOB 1001 IN RANGE.
[ 21.11.2010 10:12:34 ]: [   >>>   ] [ 0  (0) ]: MOB 1001 IN RANGE.
[ 21.11.2010 10:12:35 ]: [   >>>   ] [ 0  (0) ]: MOB 1001 IN RANGE.
[ 21.11.2010 10:12:36 ]: [   >>>   ] [ 0  (0) ]: MOB 1001 IN RANGE.
[ 21.11.2010 10:12:37 ]: [   >>>   ] [ 0  (0) ]: MOB 1001 IN RANGE.
[ 21.11.2010 10:12:38 ]: [   >>>   ] [ 0  (0) ]: MOB 1001 IN RANGE.
[ 21.11.2010 10:12:39 ]: [   >>>   ] [ 0  (0) ]: MOB 1001 IN RANGE.
[ 21.11.2010 10:12:40 ]: [   >>>   ] [ 0  (0) ]: MOB 1001 IN RANGE.
[ 21.11.2010 10:12:41 ]: [   >>>   ] [ 0  (0) ]: MOB 1001 IN RANGE.
[ 21.11.2010 10:12:42 ]: [   >>>   ] [ 0  (0) ]: MOB 1001 IN RANGE.
[ 21.11.2010 10:12:43 ]: [   >>>   ] [ 0  (0) ]: MOB 1001 IN RANGE.
[ 21.11.2010 10:12:44 ]: [   >>>   ] [ 0  (0) ]: MOB 1001 IN RANGE.
[ 21.11.2010 10:12:45 ]: [   >>>   ] [ 0  (0) ]: MOB 1001 IN RANGE.
[ 21.11.2010 10:12:46 ]: [   >>>   ] [ 0  (0) ]: MOB 1001 IN RANGE.
[ 21.11.2010 10:12:47 ]: [   >>>   ] [ 0  (0) ]: MOB 1001 IN RANGE.
[ 21.11.2010 10:12:48 ]: [   >>>   ] [ 0  (0) ]: MOB 1001 IN RANGE.
[ 21.11.2010 10:12:49 ]: [   >>>   ] [ 0  (0) ]: MOB 1001 IN RANGE.
[ 21.11.2010 10:12:50 ]: [   >>>   ] [ 0  (0) ]: MOB 1001 IN RANGE.
[ 21.11.2010 10:12:51 ]: [   >>>   ] [ 0  (0) ]: MOB 1001 IN RANGE.
[ 21.11.2010 10:12:52 ]: [   >>>   ] [ 0  (0) ]: MOB 1001 IN RANGE.
[ 21.11.2010 10:12:53 ]: [   >>>   ] [ 0  (0) ]: MOB 1001 IN RANGE.
[ 21.11.2010 10:12:54 ]: [   >>>   ] [ 0  (0) ]: MOB 1001 IN RANGE.
[ 21.11.2010 10:12:55 ]: [   >>>   ] [ 0  (0) ]: MOB 1001 IN RANGE.
[ 21.11.2010 10:12:56 ]: [   >>>   ] [ 0  (0) ]: MOB 1001 IN RANGE.
[ 21.11.2010 10:12:57 ]: [   >>>   ] [ 0  (0) ]: MOB 1001 IN RANGE.
[ 21.11.2010 10:12:58 ]: [   >>>   ] [ 0  (0) ]: MOB 1001 IN RANGE.
[ 21.11.2010 10:12:59 ]: [   >>>   ] [ 0  (0) ]: MOB 1001 IN RANGE.
[ 21.11.2010 10:13:00 ]: [   >>>   ] [ 0  (0) ]: MOB 1001 IN RANGE.
[ 21.11.2010 10:13:01 ]: [   >>>   ] [ 0  (0) ]: MOB 1001 IN RANGE.
[ 21.11.2010 10:13:02 ]: [   >>>   ] [ 0  (0) ]: MOB 1001 IN RANGE.
[ 21.11.2010 10:13:03 ]: [   >>>   ] [ 0  (0) ]: MOB 1001 IN RANGE.
[ 21.11.2010 10:13:04 ]: [   >>>   ] [ 0  (0) ]: MOB 1001 IN RANGE.
[ 21.11.2010 10:13:05 ]: [   >>>   ] [ 0  (0) ]: MOB 1001 IN RANGE.
[ 21.11.2010 10:13:06 ]: [   >>>   ] [ 0  (0) ]: MOB 1001 IN RANGE.
[ 21.11.2010 10:13:07 ]: [   >>>   ] [ 0  (0) ]: MOB 1001 IN RANGE.
[ 21.11.2010 10:13:08 ]: [   >>>   ] [ 0  (0) ]: MOB 1001 IN RANGE.
[ 21.11.2010 10:13:09 ]: [   >>>   ] [ 0  (0) ]: MOB 1001 IN RANGE.
[ 21.11.2010 10:13:10 ]: [   >>>   ] [ 0  (0) ]: MOB 1001 IN RANGE.
[ 21.11.2010 10:13:11 ]: [   >>>   ] [ 0  (0) ]: MOB 1001 IN RANGE.
[ 21.11.2010 10:13:12 ]: [   >>>   ] [ 0  (0) ]: MOB 1001 IN RANGE.
[ 21.11.2010 10:13:13 ]: [   >>>   ] [ 0  (0) ]: MOB 1001 IN RANGE.
[ 21.11.2010 10:13:14 ]: [   >>>   ] [ 0  (0) ]: MOB 1001 IN RANGE.
[ 21.11.2010 10:13:15 ]: [   >>>   ] [ 0  (0) ]: MOB 1001 IN RANGE.
[ 21.11.2010 10:13:16 ]: [   >>>   ] [ 0  (0) ]: MOB 1001 IN RANGE.
[ 21.11.2010 10:13:17 ]: [   >>>   ] [ 0  (0) ]: MOB 1001 IN RANGE.
[ 21.11.2010 10:13:18 ]: [   >>>   ] [ 0  (0) ]: MOB 1001 IN RANGE.
[ 21.11.2010 10:13:19 ]: [   >>>   ] [ 0  (0) ]: MOB 1001 IN RANGE.
[ 21.11.2010 10:13:20 ]: [   >>>   ] [ 0  (0) ]: MOB 1001 IN RANGE.
[ 21.11.2010 10:13:21 ]: [   >>>   ] [ 0  (0) ]: MOB 1001 IN RANGE.
[ 21.11.2010 10:13:22 ]: [   >>>   ] [ 0  (0) ]: MOB 1001 IN RANGE.
[ 21.11.2010 10:13:23 ]: [   >>>   ] [ 0  (0) ]: MOB 1001 IN RANGE.
[ 21.11.2010 10:13:24 ]: [   >>>   ] [ 0  (0) ]: MOB 1001 IN RANGE.
[ 21.11.2010 10:13:25 ]: [   >>>   ] [ 0  (0) ]: MOB 1001 IN RANGE.
[ 21.11.2010 10:13:26 ]: [   >>>   ] [ 0  (0) ]: MOB 1001 IN RANGE.
[ 21.11.2010 10:13:27 ]: [   >>>   ] [ 0  (0) ]: MOB 1001 IN RANGE.
[ 21.11.2010 10:13:28 ]: [   >>>   ] [ 0  (0) ]: MOB 1001 IN RANGE.
[ 21.11.2010 10:13:29 ]: [   >>>   ] [ 0  (0) ]: MOB 1001 IN RANGE.
[ 21.11.2010 10:13:30 ]: [   >>>   ] [ 0  (0) ]: MOB 1001 IN RANGE.
[ 21.11.2010 10:13:31 ]: [   >>>   ] [ 0  (0) ]: MOB 1001 IN RANGE.
[ 21.11.2010 10:13:32 ]: [   >>>   ] [ 0  (0) ]: MOB 1001 IN RANGE.
[ 21.11.2010 10:13:33 ]: [   >>>   ] [ 0  (0) ]: MOB 1001 IN RANGE.
[ 21.11.2010 10:13:34 ]: [   >>>   ] [ 0  (0) ]: MOB 1001 IN RANGE.
[ 21.11.2010 10:13:35 ]: [   >>>   ] [ 0  (0) ]: MOB 1001 IN RANGE.
[ 21.11.2010 10:13:36 ]: [   >>>   ] [ 0  (0) ]: MOB 1001 IN RANGE.
[ 21.11.2010 10:13:37 ]: [   >>>   ] [ 0  (0) ]: MOB 1001 IN RANGE.
[ 21.11.2010 10:13:38 ]: [   >>>   ] [ 0  (0) ]: MOB 1001 IN RANGE.
[ 21.11.2010 10:13:39 ]: [   >>>   ] [ 0  (0) ]: MOB 1001 IN RANGE.
[ 21.11.2010 10:13:40 ]: [   >>>   ] [ 0  (0) ]: MOB 1001 IN RANGE.
[ 21.11.2010 10:13:41 ]: [   >>>   ] [ 0  (0) ]: MOB 1001 IN RANGE.
[ 21.11.2010 10:13:42 ]: [   >>>   ] [ 0  (0) ]: MOB 1001 IN RANGE.
[ 21.11.2010 10:13:43 ]: [   >>>   ] [ 0  (0) ]: MOB 1001 IN RANGE.
[ 21.11.2010 10:13:44 ]: [   >>>   ] [ 0  (0) ]: MOB 1001 IN RANGE.
[ 21.11.2010 10:13:45 ]: [   >>>   ] [ 0  (0) ]: MOB 1001 IN RANGE.
[ 21.11.2010 10:13:46 ]: [   >>>   ] [ 0  (0) ]: MOB 1001 IN RANGE.
[ 21.11.2010 10:13:47 ]: [   >>>   ] [ 0  (0) ]: MOB 1001 IN RANGE.
[ 21.11.2010 10:13:48 ]: [   >>>   ] [ 0  (0) ]: MOB 1001 IN RANGE.
[ 21.11.2010 10:13:49 ]: [   >>>   ] [ 0  (0) ]: MOB 1001 IN RANGE.
[ 21.11.2010 10:13:50 ]: [   >>>   ] [ 0  (0) ]: MOB 1001 IN RANGE.
[ 21.11.2010 10:13:51 ]: [   >>>   ] [ 0  (0) ]: MOB 1001 IN RANGE.
[ 21.11.2010 10:13:52 ]: [   >>>   ] [ 0  (0) ]: MOB 1001 IN RANGE.
[ 21.11.2010 10:13:53 ]: [   >>>   ] [ 0  (0) ]: MOB 1001 IN RANGE.
[ 21.11.2010 10:13:54 ]: [   >>>   ] [ 0  (0) ]: MOB 1001 IN RANGE.
[ 21.11.2010 10:13:55 ]: [   >>>   ] [ 0  (0) ]: MOB 1001 IN RANGE.
[ 21.11.2010 10:13:56 ]: [   >>>   ] [ 0  (0) ]: MOB 1001 IN RANGE.
[ 21.11.2010 10:13:57 ]: [   >>>   ] [ 0  (0) ]: MOB 1001 IN RANGE.
[ 21.11.2010 10:13:58 ]: [   >>>   ] [ 0  (0) ]: MOB 1001 IN RANGE.
[ 21.11.2010 10:13:59 ]: [   >>>   ] [ 0  (0) ]: MOB 1001 IN RANGE.
[ 21.11.2010 10:14:00 ]: [   >>>   ] [ 0  (0) ]: MOB 1001 IN RANGE.
[ 21.11.2010 10:14:01 ]: [   >>>   ] [ 0  (0) ]: MOB 1001 IN RANGE.
[ 21.11.2010 10:14:02 ]: [   >>>   ] [ 0  (0) ]: MOB 1001 IN RANGE.
[ 21.11.2010 10:14:03 ]: [   >>>   ] [ 0  (0) ]: MOB 1001 IN RANGE.
[ 21.11.2010 10:14:04 ]: [   >>>   ] [ 0  (0) ]: MOB 1001 IN RANGE.
[ 21.11.2010 10:14:05 ]: [   >>>   ] [ 0  (0) ]: MOB 1001 IN RANGE.
[ 21.11.2010 10:14:06 ]: [   >>>   ] [ 0  (0) ]: MOB 1001 IN RANGE.
[ 21.11.2010 10:14:07 ]: [   >>>   ] [ 0  (0) ]: MOB 1001 IN RANGE.
[ 21.11.2010 10:14:08 ]: [   >>>   ] [ 0  (0) ]: MOB 1001 IN RANGE.
[ 21.11.2010 10:14:09 ]: [   >>>   ] [ 0  (0) ]: MOB 1001 IN RANGE.
[ 21.11.2010 10:14:10 ]: [   >>>   ] [ 0  (0) ]: MOB 1001 IN RANGE.
[ 21.11.2010 10:14:11 ]: [   >>>   ] [ 0  (0) ]: MOB 1001 IN RANGE.
[ 21.11.2010 10:14:12 ]: [   >>>   ] [ 0  (0) ]: MOB 1001 IN RANGE.
[ 21.11.2010 10:14:13 ]: [   >>>   ] [ 0  (0) ]: MOB 1001 IN RANGE.
[ 21.11.2010 10:14:14 ]: [   >>>   ] [ 0  (0) ]: MOB 1001 IN RANGE.
[ 21.11.2010 10:14:15 ]: [   >>>   ] [ 0  (0) ]: MOB 1001 IN RANGE.
[ 21.11.2010 10:14:16 ]: [   >>>   ] [ 0  (0) ]: MOB 1001 IN RANGE.
[ 21.11.2010 10:14:17 ]: [   >>>   ] [ 0  (0) ]: MOB 1001 IN RANGE.
[ 21.11.2010 10:14:18 ]: [   >>>   ] [ 0  (0) ]: MOB 1001 IN RANGE.
[ 21.11.2010 10:14:19 ]: [   >>>   ] [ 0  (0) ]: MOB 1001 IN RANGE.
[ 21.11.2010 10:14:20 ]: [   >>>   ] [ 0  (0) ]: MOB 1001 IN RANGE.
[ 21.11.2010 10:14:21 ]: [   >>>   ] [ 0  (0) ]: MOB 1001 IN RANGE.
[ 21.11.2010 10:14:22 ]: [   >>>   ] [ 0  (0) ]: MOB 1001 IN RANGE.
[ 21.11.2010 10:14:23 ]: [   >>>   ] [ 0  (0) ]: MOB 1001 IN RANGE.
[ 21.11.2010 10:14:24 ]: [   >>>   ] [ 0  (0) ]: MOB 1001 IN RANGE.
[ 21.11.2010 10:14:25 ]: [   >>>   ] [ 0  (0) ]: MOB 1001 IN RANGE.
[ 21.11.2010 10:14:26 ]: [   >>>   ] [ 0  (0) ]: MOB 1001 IN RANGE.
[ 21.11.2010 10:14:27 ]: [   >>>   ] [ 0  (0) ]: MOB 1001 IN RANGE.
[ 21.11.2010 10:14:28 ]: [   >>>   ] [ 0  (0) ]: MOB 1001 IN RANGE.
[ 21.11.2010 10:14:29 ]: [   >>>   ] [ 0  (0) ]: MOB 1001 IN RANGE.
[ 21.11.2010 10:14:30 ]: [   >>>   ] [ 0  (0) ]: MOB 1001 IN RANGE.
[ 21.11.2010 10:14:31 ]: [   >>>   ] [ 0  (0) ]: MOB 1001 IN RANGE.
[ 21.11.2010 10:14:32 ]: [   >>>   ] [ 0  (0) ]: MOB 1001 IN RANGE.
[ 21.11.2010 10:14:33 ]: [   >>>   ] [ 0  (0) ]: MOB 1001 IN RANGE.
[ 21.11.2010 10:14:34 ]: [   >>>   ] [ 0  (0) ]: MOB 1001 IN RANGE.
[ 21.11.2010 10:14:35 ]: [   >>>   ] [ 0  (0) ]: MOB 1001 IN RANGE.
[ 21.11.2010 10:14:36 ]: [   >>>   ] [ 0  (0) ]: MOB 1001 IN RANGE.
[ 21.11.2010 10:14:37 ]: [   >>>   ] [ 0  (0) ]: MOB 1001 IN RANGE.
[ 21.11.2010 10:14:38 ]: [   >>>   ] [ 0  (0) ]: MOB 1001 IN RANGE.
[ 21.11.2010 10:14:39 ]: [   >>>   ] [ 0  (0) ]: MOB 1001 IN RANGE.
[ 21.11.2010 10:14:40 ]: [   >>>   ] [ 0  (0) ]: MOB 1001 IN RANGE.
[ 21.11.2010 10:14:41 ]: [   >>>   ] [ 0  (0) ]: MOB 1001 IN RANGE.
[ 21.11.2010 10:14:42 ]: [   >>>   ] [ 0  (0) ]: MOB 1001 IN RANGE.
[ 21.11.2010 10:14:43 ]: [   >>>   ] [ 0  (0) ]: MOB 1001 IN RANGE.
[ 21.11.2010 10:14:44 ]: [   >>>   ] [ 0  (0) ]: MOB 1001 IN RANGE.
[ 21.11.2010 10:14:45 ]: [   >>>   ] [ 0  (0) ]: MOB 1001 IN RANGE.
[ 21.11.2010 10:14:46 ]: [   >>>   ] [ 0  (0) ]: MOB 1001 IN RANGE.
[ 21.11.2010 10:14:47 ]: [   >>>   ] [ 0  (0) ]: MOB 1001 IN RANGE.
[ 21.11.2010 10:14:48 ]: [   >>>   ] [ 0  (0) ]: MOB 1001 IN RANGE.
[ 21.11.2010 10:14:49 ]: [   >>>   ] [ 0  (0) ]: MOB 1001 IN RANGE.
[ 21.11.2010 10:14:50 ]: [   >>>   ] [ 0  (0) ]: MOB 1001 IN RANGE.
[ 21.11.2010 10:14:51 ]: [   >>>   ] [ 0  (0) ]: MOB 1001 IN RANGE.
[ 21.11.2010 10:14:52 ]: [   >>>   ] [ 0  (0) ]: MOB 1001 IN RANGE.
[ 21.11.2010 10:14:53 ]: [   >>>   ] [ 0  (0) ]: MOB 1001 IN RANGE.
[ 21.11.2010 10:14:54 ]: [   >>>   ] [ 0  (0) ]: MOB 1001 IN RANGE.
[ 21.11.2010 10:14:55 ]: [   >>>   ] [ 0  (0) ]: MOB 1001 IN RANGE.
[ 21.11.2010 10:14:56 ]: [   >>>   ] [ 0  (0) ]: MOB 1001 IN RANGE.
[ 21.11.2010 10:14:57 ]: [   >>>   ] [ 0  (0) ]: MOB 1001 IN RANGE.
[ 21.11.2010 10:14:58 ]: [   >>>   ] [ 0  (0) ]: MOB 1001 IN RANGE.
[ 21.11.2010 10:14:59 ]: [   >>>   ] [ 0  (0) ]: MOB 1001 IN RANGE.
[ 21.11.2010 10:15:00 ]: [   >>>   ] [ 0  (0) ]: MOB 1001 IN RANGE.
[ 21.11.2010 10:15:01 ]: [   >>>   ] [ 0  (0) ]: MOB 1001 IN RANGE.
[ 21.11.2010 10:15:02 ]: [   >>>   ] [ 0  (0) ]: MOB 1001 IN RANGE.
[ 21.11.2010 10:15:03 ]: [   >>>   ] [ 0  (0) ]: MOB 1001 IN RANGE.
[ 21.11.2010 10:15:04 ]: [   >>>   ] [ 0  (0) ]: MOB 1001 IN RANGE.
[ 21.11.2010 10:15:05 ]: [   >>>   ] [ 0  (0) ]: MOB 1001 IN RANGE.
[ 21.11.2010 10:15:06 ]: [   >>>   ] [ 0  (0) ]: MOB 1001 IN RANGE.
[ 21.11.2010 10:15:07 ]: [   >>>   ] [ 0  (0) ]: MOB 1001 IN RANGE.
[ 21.11.2010 10:15:08 ]: [   >>>   ] [ 0  (0) ]: MOB 1001 IN RANGE.
[ 21.11.2010 10:15:09 ]: [   >>>   ] [ 0  (0) ]: MOB 1001 IN RANGE.
[ 21.11.2010 10:15:10 ]: [   >>>   ] [ 0  (0) ]: MOB 1001 IN RANGE.
[ 21.11.2010 10:15:11 ]: [   >>>   ] [ 0  (0) ]: MOB 1001 IN RANGE.
[ 21.11.2010 10:15:12 ]: [   >>>   ] [ 0  (0) ]: MOB 1001 IN RANGE.
[ 21.11.2010 10:15:13 ]: [   >>>   ] [ 0  (0) ]: MOB 1001 IN RANGE.
[ 21.11.2010 10:15:14 ]: [   >>>   ] [ 0  (0) ]: MOB 1001 IN RANGE.
[ 21.11.2010 10:15:15 ]: [   >>>   ] [ 0  (0) ]: MOB 1001 IN RANGE.
[ 21.11.2010 10:15:16 ]: [   >>>   ] [ 0  (0) ]: MOB 1001 IN RANGE.
[ 21.11.2010 10:15:17 ]: [   >>>   ] [ 0  (0) ]: MOB 1001 IN RANGE.
[ 21.11.2010 10:15:18 ]: [   >>>   ] [ 0  (0) ]: MOB 1001 IN RANGE.
[ 21.11.2010 10:15:19 ]: [   >>>   ] [ 0  (0) ]: MOB 1001 IN RANGE.
[ 21.11.2010 10:15:20 ]: [   >>>   ] [ 0  (0) ]: MOB 1001 IN RANGE.
[ 21.11.2010 10:15:21 ]: [   >>>   ] [ 0  (0) ]: MOB 1001 IN RANGE.
[ 21.11.2010 10:15:22 ]: [   >>>   ] [ 0  (0) ]: MOB 1001 IN RANGE.
[ 21.11.2010 10:15:23 ]: [   >>>   ] [ 0  (0) ]: MOB 1001 IN RANGE.
[ 21.11.2010 10:15:24 ]: [   >>>   ] [ 0  (0) ]: MOB 1001 IN RANGE.
[ 21.11.2010 10:15:25 ]: [   >>>   ] [ 0  (0) ]: MOB 1001 IN RANGE.
[ 21.11.2010 10:15:26 ]: [   >>>   ] [ 0  (0) ]: MOB 1001 IN RANGE.
[ 21.11.2010 10:15:27 ]: [   >>>   ] [ 0  (0) ]: MOB 1001 IN RANGE.
[ 21.11.2010 10:15:28 ]: [   >>>   ] [ 0  (0) ]: MOB 1001 IN RANGE.
[ 21.11.2010 10:15:29 ]: [   >>>   ] [ 0  (0) ]: MOB 1001 IN RANGE.
[ 21.11.2010 10:15:30 ]: [   >>>   ] [ 0  (0) ]: MOB 1001 IN RANGE.
[ 21.11.2010 10:15:31 ]: [   >>>   ] [ 0  (0) ]: MOB 1001 IN RANGE.
[ 21.11.2010 10:15:32 ]: [   >>>   ] [ 0  (0) ]: MOB 1001 IN RANGE.
[ 21.11.2010 10:15:33 ]: [   <<<   ] [ 0  (0) ]: quit
[ 21.11.2010 10:15:33 ]: [   >>>   ] [ 0  ]: BYE
[ 21.11.2010 10:15:33 ]: [  KILLD  ] [ 0 ]: TIME: 1290334533
[ 21.11.2010 10:16:34 ]: [ NEWUSER ] [ 0 ]: TIME: 1290334594
[ 21.11.2010 10:16:34 ]: [   >>>   ] [ 0  ]: WELCOME
[ 21.11.2010 10:16:34 ]: [   >>>   ] [ 0  (0) ]: MOB 1001 IN RANGE.
[ 21.11.2010 10:16:35 ]: [   >>>   ] [ 0  (0) ]: MOB 1001 IN RANGE.
[ 21.11.2010 10:16:36 ]: [   >>>   ] [ 0  (0) ]: MOB 1001 IN RANGE.
[ 21.11.2010 10:16:37 ]: [   >>>   ] [ 0  (0) ]: MOB 1001 IN RANGE.
[ 21.11.2010 10:16:38 ]: [   >>>   ] [ 0  (0) ]: MOB 1001 IN RANGE.
[ 21.11.2010 10:16:39 ]: [   >>>   ] [ 0  (0) ]: MOB 1001 IN RANGE.
[ 21.11.2010 10:16:40 ]: [   >>>   ] [ 0  (0) ]: MOB 1001 IN RANGE.
[ 21.11.2010 10:16:41 ]: [   >>>   ] [ 0  (0) ]: MOB 1001 IN RANGE.
[ 21.11.2010 10:16:42 ]: [   >>>   ] [ 0  (0) ]: MOB 1001 IN RANGE.
[ 21.11.2010 10:16:43 ]: [   >>>   ] [ 0  (0) ]: MOB 1001 IN RANGE.
[ 21.11.2010 10:16:44 ]: [   >>>   ] [ 0  (0) ]: MOB 1001 IN RANGE.
[ 21.11.2010 10:16:45 ]: [   >>>   ] [ 0  (0) ]: MOB 1001 IN RANGE.
[ 21.11.2010 10:16:46 ]: [   >>>   ] [ 0  (0) ]: MOB 1001 IN RANGE.
[ 21.11.2010 10:16:47 ]: [   >>>   ] [ 0  (0) ]: MOB 1001 IN RANGE.
[ 21.11.2010 10:16:47 ]: [   <<<   ] [ 0  (0) ]: quit
[ 21.11.2010 10:16:47 ]: [   >>>   ] [ 0  ]: BYE
[ 21.11.2010 10:16:47 ]: [  KILLD  ] [ 0 ]: TIME: 1290334608
[ 21.11.2010 10:19:08 ]: [ NEWUSER ] [ 0 ]: TIME: 1290334749
[ 21.11.2010 10:19:08 ]: [   >>>   ] [ 0  ]: WELCOME
[ 21.11.2010 10:19:09 ]: [   >>>   ] [ 0  (0) ]: MOB 1001 IN RANGE.
[ 21.11.2010 10:19:10 ]: [   >>>   ] [ 0  (0) ]: MOB 1001 IN RANGE.
[ 21.11.2010 10:19:11 ]: [   >>>   ] [ 0  (0) ]: MOB 1001 IN RANGE.
[ 21.11.2010 10:19:12 ]: [   >>>   ] [ 0  (0) ]: MOB 1001 IN RANGE.
[ 21.11.2010 10:19:13 ]: [   >>>   ] [ 0  (0) ]: MOB 1001 IN RANGE.
[ 21.11.2010 10:19:14 ]: [   >>>   ] [ 0  (0) ]: MOB 1001 IN RANGE.
[ 21.11.2010 10:19:15 ]: [   >>>   ] [ 0  (0) ]: MOB 1001 IN RANGE.
[ 21.11.2010 10:19:16 ]: [   >>>   ] [ 0  (0) ]: MOB 1001 IN RANGE.
[ 21.11.2010 10:19:17 ]: [   >>>   ] [ 0  (0) ]: MOB 1001 IN RANGE.
[ 21.11.2010 10:19:18 ]: [   <<<   ] [ 0  (0) ]: login;xenor;0;lalaftw#!
[ 21.11.2010 10:19:18 ]: [   >>>   ] [ 1 xenor (7) ]: LOGIN;OK
[ 21.11.2010 10:19:18 ]: [   >>>   ] [ 1 xenor (7) ]: MOB 1001 IN RANGE.
[ 21.11.2010 10:19:19 ]: [   >>>   ] [ 1 xenor (7) ]: MOB 1001 IN RANGE.
[ 21.11.2010 10:19:20 ]: [   >>>   ] [ 1 xenor (7) ]: MOB 1001 IN RANGE.
[ 21.11.2010 10:19:21 ]: [   >>>   ] [ 1 xenor (7) ]: MOB 1001 IN RANGE.
[ 21.11.2010 10:19:22 ]: [   >>>   ] [ 1 xenor (7) ]: MOB 1001 IN RANGE.
[ 21.11.2010 10:19:23 ]: [   <<<   ] [ 1 xenor (7) ]: warp;10000;1000
