[ 27.11.2010 14:20:23 ]: Using Syslog: ./syslog/1290867623.log
[ 27.11.2010 14:20:23 ]: Game Server v0.2.1 starting up...
[ 27.11.2010 14:20:28 ]: PLAYER DB			READY
[ 27.11.2010 14:20:32 ]: GAME DB			READY
[ 27.11.2010 14:20:32 ]: CACHING ITEMS...
[ 27.11.2010 14:20:32 ]: LISTEN THREAD			READY
[ 27.11.2010 14:20:32 ]: NPC CONTROL			READY
[ 27.11.2010 14:20:32 ]: GAME SERVER READY		READY
[ 27.11.2010 14:20:50 ]: [ NEWUSER ] [ 0 ]: TIME: 1290867651
[ 27.11.2010 14:20:50 ]: [   >>>   ] [ 0  ]: WELCOME
[ 27.11.2010 14:20:52 ]: [   <<<   ] [ 0  (0) ]: item;1
[ 27.11.2010 14:20:52 ]: ADDED ITEM: 49; 1
[ 27.11.2010 14:20:52 ]: [   >>>   ] [ 0  (0) ]: ITEM;OK;49;1
[ 27.11.2010 14:20:54 ]: [   <<<   ] [ 0  (0) ]: item;1;2;3;4
[ 27.11.2010 14:20:54 ]: ADDED ITEM: 50; 1
[ 27.11.2010 14:20:54 ]: [   >>>   ] [ 0  (0) ]: ITEM;OK;50;1;2;3;4
[ 27.11.2010 14:21:15 ]: [   <<<   ] [ 0  (0) ]: item;1;
[ 27.11.2010 14:21:15 ]: [   >>>   ] [ 0  (0) ]: ERROR;22;ITEM;<vnum>
ERROR;22;ITEM;<vnum>;<x>;<y>;<z>
[ 27.11.2010 14:21:16 ]: [   <<<   ] [ 0  (0) ]: item;1
[ 27.11.2010 14:21:16 ]: ADDED ITEM: 51; 1
[ 27.11.2010 14:21:16 ]: [   >>>   ] [ 0  (0) ]: ITEM;OK;51;1
[ 27.11.2010 14:21:18 ]: [   <<<   ] [ 0  (0) ]: item;1
[ 27.11.2010 14:21:18 ]: ADDED ITEM: 52; 1
[ 27.11.2010 14:21:18 ]: [   >>>   ] [ 0  (0) ]: ITEM;OK;52;1
[ 27.11.2010 14:21:21 ]: [   <<<   ] [ 0  (0) ]: item;1;4;5;&
[ 27.11.2010 14:21:25 ]: [   <<<   ] [ 0  (0) ]: item;1;4;5;6
[ 27.11.2010 14:21:25 ]: ADDED ITEM: 53; 1
[ 27.11.2010 14:21:25 ]: [   >>>   ] [ 0  (0) ]: ITEM;OK;53;1;4;5;6
[ 27.11.2010 14:21:33 ]: [   <<<   ] [ 0  (0) ]: quit
[ 27.11.2010 14:21:33 ]: [   >>>   ] [ 0  ]: BYE
[ 27.11.2010 14:21:33 ]: [  KILLD  ] [ 0 ]: TIME: 1290867693
[ 27.11.2010 14:21:34 ]: [ NEWUSER ] [ 0 ]: TIME: 1290867695
[ 27.11.2010 14:21:34 ]: [   >>>   ] [ 0  ]: WELCOME
[ 27.11.2010 14:21:34 ]: [   <<<   ] [ 0  (0) ]: [A
[ 27.11.2010 14:21:34 ]: [   >>>   ] [ 0  (0) ]: ERROR;20
[ 27.11.2010 14:21:36 ]: [   <<<   ] [ 0  (0) ]: shutdown
[ 27.11.2010 14:21:36 ]: [   >>>   ] [ 0  (0) ]: SHUTDOWN;50;10
[ 27.11.2010 14:21:37 ]: [   >>>   ] [ 0  (0) ]: SHUTDOWN;50;9
[ 27.11.2010 14:21:38 ]: [   <<<   ] [ 0  (0) ]: quit
[ 27.11.2010 14:21:38 ]: [   >>>   ] [ 0  ]: BYE
[ 27.11.2010 14:21:38 ]: [  KILLD  ] [ 0 ]: TIME: 1290867698
[ 27.11.2010 14:21:46 ]: SHUTDOWN COMPLETE AT 1290867706
