[ 18.11.2010 17:14:00 ]: Using Syslog: ./syslog/1290100440.log
[ 18.11.2010 17:14:00 ]: Game Server v0.1.5 starting up...
[ 18.11.2010 17:14:05 ]: PLAYER CONNECTED
[ 18.11.2010 17:14:09 ]: GAME CONNECTED
[ 18.11.2010 17:14:09 ]: CACHING GAME DATABASE
[ 18.11.2010 17:14:09 ]: DONE.
[ 18.11.2010 17:14:09 ]: LISTEN THREAD - READY
[ 18.11.2010 17:14:09 ]: PING THREAD READY
[ 18.11.2010 17:14:09 ]: SERVER UP AND RUNNING - READY
[ 18.11.2010 17:14:22 ]: [ NEWUSER ] [ 0 ]: TIME: 1290100462
[ 18.11.2010 17:14:22 ]: [   >>>   ] [ 0  ]: WELCOME
[ 18.11.2010 17:14:22 ]: [   <<<   ] [ 0  ]: LOGIN;xenor;0;lalaftw#!
[ 18.11.2010 17:14:22 ]: [   >>>   ] [ 0  ]: PING
[ 18.11.2010 17:14:22 ]: [   >>>   ] [ 1 xenor (7) ]: LOGIN;OK
[ 18.11.2010 17:14:22 ]: [   <<<   ] [ 1 xenor ]: PONG
[ 18.11.2010 17:14:22 ]: [   >>>   ] [ 1 xenor ]: PING
[ 18.11.2010 17:14:22 ]: [   <<<   ] [ 1 xenor ]: PONG
[ 18.11.2010 17:14:22 ]: [   >>>   ] [ 1 xenor ]: PING
[ 18.11.2010 17:14:22 ]: [   <<<   ] [ 1 xenor ]: PONG
[ 18.11.2010 17:14:22 ]: [   >>>   ] [ 1 xenor ]: PING
[ 18.11.2010 17:14:22 ]: [   <<<   ] [ 1 xenor ]: PONG
[ 18.11.2010 17:14:22 ]: [   >>>   ] [ 1 xenor ]: PING
[ 18.11.2010 17:14:22 ]: [   <<<   ] [ 1 xenor ]: PONG
[ 18.11.2010 17:14:22 ]: [   >>>   ] [ 1 xenor (7) ]: ERROR;21
[ 18.11.2010 17:14:22 ]: [  KILLD  ] [ 1 ]: TIME: 1290100463
[ 18.11.2010 17:14:43 ]: [ NEWUSER ] [ 0 ]: TIME: 1290100483
[ 18.11.2010 17:14:43 ]: [   >>>   ] [ 0  ]: WELCOME
[ 18.11.2010 17:14:43 ]: [   <<<   ] [ 0  ]: LOGIN;xenor;0;lalaftw#!
[ 18.11.2010 17:14:43 ]: [   >>>   ] [ 1 xenor (7) ]: LOGIN;OK
[ 18.11.2010 17:14:43 ]: [   >>>   ] [ 1 xenor ]: PING
[ 18.11.2010 17:14:43 ]: [   <<<   ] [ 1 xenor ]: PONG
[ 18.11.2010 17:14:43 ]: [   >>>   ] [ 1 xenor ]: PING
[ 18.11.2010 17:14:43 ]: [   <<<   ] [ 1 xenor ]: PONG
[ 18.11.2010 17:14:43 ]: [   >>>   ] [ 1 xenor ]: PING
[ 18.11.2010 17:14:43 ]: [   <<<   ] [ 1 xenor ]: PONG
[ 18.11.2010 17:14:43 ]: [   >>>   ] [ 1 xenor (7) ]: ERROR;21
[ 18.11.2010 17:14:43 ]: [  KILLD  ] [ 1 ]: TIME: 1290100484
[ 18.11.2010 17:14:46 ]: [ NEWUSER ] [ 0 ]: TIME: 1290100487
[ 18.11.2010 17:14:46 ]: [   >>>   ] [ 0  ]: WELCOME
[ 18.11.2010 17:14:46 ]: [   <<<   ] [ 0  ]: LOGIN;xenor;0;lalaftw#!
[ 18.11.2010 17:14:46 ]: [   >>>   ] [ 1 xenor (7) ]: LOGIN;OK
[ 18.11.2010 17:14:46 ]: [   >>>   ] [ 1 xenor ]: PING
[ 18.11.2010 17:14:46 ]: [   <<<   ] [ 1 xenor ]: PONG
[ 18.11.2010 17:14:46 ]: [   >>>   ] [ 1 xenor ]: PING
[ 18.11.2010 17:14:46 ]: [   <<<   ] [ 1 xenor ]: PONG
[ 18.11.2010 17:14:47 ]: [   >>>   ] [ 1 xenor ]: PING
[ 18.11.2010 17:14:47 ]: [   <<<   ] [ 1 xenor ]: PONG
[ 18.11.2010 17:14:47 ]: [   >>>   ] [ 1 xenor ]: PING
[ 18.11.2010 17:14:47 ]: [   <<<   ] [ 1 xenor ]: PONG
[ 18.11.2010 17:14:47 ]: [   >>>   ] [ 1 xenor ]: PING
[ 18.11.2010 17:14:47 ]: [   <<<   ] [ 1 xenor ]: PONG
[ 18.11.2010 17:14:47 ]: [   >>>   ] [ 1 xenor ]: PING
[ 18.11.2010 17:14:47 ]: [   <<<   ] [ 1 xenor ]: PONG
[ 18.11.2010 17:14:47 ]: [   >>>   ] [ 1 xenor ]: PING
[ 18.11.2010 17:14:47 ]: [   <<<   ] [ 1 xenor ]: PONG
[ 18.11.2010 17:14:47 ]: [   >>>   ] [ 1 xenor (7) ]: ERROR;21
[ 18.11.2010 17:14:47 ]: [  KILLD  ] [ 1 ]: TIME: 1290100488
