[ 27.11.2010 16:31:27 ]: Using Syslog: ./syslog/1290875488.log
[ 27.11.2010 16:31:27 ]: Game Server v0.2.1 starting up...
[ 27.11.2010 16:31:33 ]: PLAYER DB			READY
[ 27.11.2010 16:31:38 ]: GAME DB			READY
[ 27.11.2010 16:31:38 ]: CACHING ITEMS...
[ 27.11.2010 16:31:38 ]: ADDED ITEM: 49; 1
[ 27.11.2010 16:31:38 ]: ADDED ITEM: 50; 1
[ 27.11.2010 16:31:38 ]: ADDED ITEM: 51; 1
[ 27.11.2010 16:31:38 ]: ADDED ITEM: 52; 1
[ 27.11.2010 16:31:38 ]: ADDED ITEM: 53; 1
[ 27.11.2010 16:31:38 ]: ADDED ITEM: 54; 1
[ 27.11.2010 16:31:38 ]: ADDED ITEM: 55; 1
[ 27.11.2010 16:31:38 ]: ADDED ITEM: 56; 2
[ 27.11.2010 16:31:38 ]: ADDED ITEM: 57; 1
[ 27.11.2010 16:31:38 ]: LISTEN THREAD			READY
[ 27.11.2010 16:31:38 ]: NPC CONTROL			READY
[ 27.11.2010 16:31:38 ]: GAME SERVER READY		READY
[ 27.11.2010 16:32:52 ]: [ NEWUSER ] [ 0 ]: TIME: 1290875572
[ 27.11.2010 16:32:52 ]: [   >>>   ] [ 0  ]: WELCOME
[ 27.11.2010 16:32:58 ]: [   <<<   ] [ 0  (0) ]: login;xenor;0;lalaftw#!
[ 27.11.2010 16:32:58 ]: [   >>>   ] [ 1 xenor (7) ]: LOGIN;OK
[ 27.11.2010 16:32:58 ]: [   >>>   ] [ 1 xenor (7) ]: ITEM;OK;49;1
[ 27.11.2010 16:32:58 ]: [   >>>   ] [ 1 xenor (7) ]: ITEM;OK;50;1
[ 27.11.2010 16:32:58 ]: [   >>>   ] [ 1 xenor (7) ]: ITEM;OK;51;1
[ 27.11.2010 16:32:58 ]: [   >>>   ] [ 1 xenor (7) ]: ITEM;OK;52;1
[ 27.11.2010 16:32:58 ]: [   >>>   ] [ 1 xenor (7) ]: ITEM;OK;53;1
[ 27.11.2010 16:32:58 ]: [   >>>   ] [ 1 xenor (7) ]: ITEM;OK;54;1
[ 27.11.2010 16:32:58 ]: [   >>>   ] [ 1 xenor (7) ]: ITEM;OK;55;1
[ 27.11.2010 16:32:58 ]: [   >>>   ] [ 1 xenor (7) ]: ITEM;OK;56;2
[ 27.11.2010 16:32:58 ]: [   >>>   ] [ 1 xenor (7) ]: ITEM;OK;57;1
[ 27.11.2010 16:33:01 ]: [ NEWUSER ] [ 0 ]: TIME: 1290875581
[ 27.11.2010 16:33:01 ]: [   >>>   ] [ 0  ]: WELCOME
[ 27.11.2010 16:33:01 ]: [   <<<   ] [ 0  (0) ]: LOG;xenor
[ 27.11.2010 16:33:01 ]: [   >>>   ] [ 0  (0) ]: LOG;OK
[ 27.11.2010 16:33:12 ]: [   <<<   ] [ 1 xenor (7) ]: lolwas
[ 27.11.2010 16:33:12 ]: [   >>>   ] [ 0  ]: [   <<<   ] [ 1 xenor (7) ]: lolwas
[ 27.11.2010 16:33:12 ]: [   >>>   ] [ 1 xenor (7) ]: ERROR;20
[ 27.11.2010 16:33:12 ]: [   >>>   ] [ 0  ]: [   >>>   ] [ 1 xenor (7) ]: ERROR;20
