[ 21.11.2010 19:30:21 ]: Using Syslog: ./syslog/1290367822.log
[ 21.11.2010 19:30:21 ]: Game Server v0.2.1 starting up...
[ 21.11.2010 19:30:26 ]: PLAYER DB			READY
[ 21.11.2010 19:30:30 ]: GAME DB			READY
[ 21.11.2010 19:30:30 ]: LISTEN THREAD			READY
[ 21.11.2010 19:30:30 ]: NPC CONTROL			READY
[ 21.11.2010 19:30:30 ]: GAME SERVER READY		READY
[ 21.11.2010 19:30:31 ]: [ NEWUSER ] [ 0 ]: TIME: 1290367832
[ 21.11.2010 19:30:31 ]: [   >>>   ] [ 0  ]: WELCOME
[ 21.11.2010 19:30:31 ]: [ NEWUSER ] [ 0 ]: TIME: 1290367832
[ 21.11.2010 19:30:31 ]: [   >>>   ] [ 0  ]: WELCOME
[ 21.11.2010 19:30:31 ]: [ NEWUSER ] [ 0 ]: TIME: 1290367832
[ 21.11.2010 19:30:31 ]: [   >>>   ] [ 0  ]: WELCOME
[ 21.11.2010 19:30:31 ]: [ NEWUSER ] [ 0 ]: TIME: 1290367832
[ 21.11.2010 19:30:31 ]: [   >>>   ] [ 0  ]: WELCOME
[ 21.11.2010 19:30:31 ]: [ NEWUSER ] [ 0 ]: TIME: 1290367832
[ 21.11.2010 19:30:31 ]: [   >>>   ] [ 0  ]: WELCOME
[ 21.11.2010 19:30:31 ]: [ NEWUSER ] [ 0 ]: TIME: 1290367832
[ 21.11.2010 19:30:31 ]: [   >>>   ] [ 0  ]: WELCOME
[ 21.11.2010 19:30:31 ]: [ NEWUSER ] [ 0 ]: TIME: 1290367832
[ 21.11.2010 19:30:31 ]: [   >>>   ] [ 0  ]: WELCOME
[ 21.11.2010 19:30:31 ]: [ NEWUSER ] [ 0 ]: TIME: 1290367832
[ 21.11.2010 19:30:31 ]: [   >>>   ] [ 0  ]: WELCOME
[ 21.11.2010 19:30:32 ]: [ NEWUSER ] [ 0 ]: TIME: 1290367832
[ 21.11.2010 19:30:32 ]: [   >>>   ] [ 0  ]: WELCOME
[ 21.11.2010 19:30:32 ]: [ NEWUSER ] [ 0 ]: TIME: 1290367832
[ 21.11.2010 19:30:32 ]: [   >>>   ] [ 0  ]: WELCOME
[ 21.11.2010 19:30:32 ]: [ NEWUSER ] [ 0 ]: TIME: 1290367833
[ 21.11.2010 19:30:32 ]: [   >>>   ] [ 0  ]: WELCOME
[ 21.11.2010 19:30:32 ]: [ NEWUSER ] [ 0 ]: TIME: 1290367833
[ 21.11.2010 19:30:32 ]: [   >>>   ] [ 0  ]: WELCOME
[ 21.11.2010 19:30:32 ]: [ NEWUSER ] [ 0 ]: TIME: 1290367833
[ 21.11.2010 19:30:32 ]: [   >>>   ] [ 0  ]: WELCOME
[ 21.11.2010 19:30:33 ]: [ NEWUSER ] [ 0 ]: TIME: 1290367833
[ 21.11.2010 19:30:33 ]: [   >>>   ] [ 0  ]: WELCOME
[ 21.11.2010 19:30:33 ]: [ NEWUSER ] [ 0 ]: TIME: 1290367833
[ 21.11.2010 19:30:33 ]: [   >>>   ] [ 0  ]: WELCOME
[ 21.11.2010 19:30:33 ]: [ NEWUSER ] [ 0 ]: TIME: 1290367833
[ 21.11.2010 19:30:33 ]: [   >>>   ] [ 0  ]: WELCOME
[ 21.11.2010 19:30:33 ]: [ NEWUSER ] [ 0 ]: TIME: 1290367833
[ 21.11.2010 19:30:33 ]: [   >>>   ] [ 0  ]: WELCOME
[ 21.11.2010 19:30:33 ]: [ NEWUSER ] [ 0 ]: TIME: 1290367833
[ 21.11.2010 19:30:33 ]: [   >>>   ] [ 0  ]: WELCOME
[ 21.11.2010 19:30:34 ]: [ NEWUSER ] [ 0 ]: TIME: 1290367835
[ 21.11.2010 19:30:34 ]: [   >>>   ] [ 0  ]: WELCOME
[ 21.11.2010 19:30:35 ]: [ NEWUSER ] [ 0 ]: TIME: 1290367836
[ 21.11.2010 19:30:35 ]: [   >>>   ] [ 0  ]: WELCOME
[ 21.11.2010 19:30:36 ]: [   <<<   ] [ 0  (0) ]: notice;opfer
[ 21.11.2010 19:30:36 ]: [    N    ] [ 0 ]: opfer
[ 21.11.2010 19:30:36 ]: [  KILLD  ] [ 0 ]: TIME: 1290367836
[ 21.11.2010 19:30:36 ]: [  KILLD  ] [ 0 ]: TIME: 1290367836
[ 21.11.2010 19:30:36 ]: [  KILLD  ] [ 0 ]: TIME: 1290367836
[ 21.11.2010 19:30:36 ]: [  KILLD  ] [ 0 ]: TIME: 1290367836
[ 21.11.2010 19:30:36 ]: [  KILLD  ] [ 0 ]: TIME: 1290367836
[ 21.11.2010 19:30:36 ]: [  KILLD  ] [ 0 ]: TIME: 1290367836
[ 21.11.2010 19:30:36 ]: [  KILLD  ] [ 0 ]: TIME: 1290367836
[ 21.11.2010 19:30:36 ]: [  KILLD  ] [ 0 ]: TIME: 1290367836
[ 21.11.2010 19:30:36 ]: [  KILLD  ] [ 0 ]: TIME: 1290367836
[ 21.11.2010 19:30:36 ]: [  KILLD  ] [ 0 ]: TIME: 1290367836
[ 21.11.2010 19:30:36 ]: [   >>>   ] [ 0  (0) ]: NOTICE;opfer
[ 21.11.2010 19:30:36 ]: [   >>>   ] [ 0  (0) ]: NOTICE;opfer
[ 21.11.2010 19:30:36 ]: [   >>>   ] [ 0  (0) ]: NOTICE;opfer
[ 21.11.2010 19:30:36 ]: [   >>>   ] [ 0  (0) ]: NOTICE;opfer
[ 21.11.2010 19:30:36 ]: [   >>>   ] [ 0  (0) ]: NOTICE;opfer
[ 21.11.2010 19:30:36 ]: [   >>>   ] [ 0  (0) ]: NOTICE;opfer
[ 21.11.2010 19:30:36 ]: [   >>>   ] [ 0  (0) ]: NOTICE;opfer
[ 21.11.2010 19:30:36 ]: [   >>>   ] [ 0  (0) ]: NOTICE;opfer
[ 21.11.2010 19:30:36 ]: [   >>>   ] [ 0  (0) ]: NOTICE;opfer
[ 21.11.2010 19:30:36 ]: [   >>>   ] [ 0  (0) ]: NOTICE;opfer
[ 21.11.2010 19:30:37 ]: [ NEWUSER ] [ 0 ]: TIME: 1290367837
[ 21.11.2010 19:30:37 ]: [   >>>   ] [ 0  ]: WELCOME
[ 21.11.2010 19:30:41 ]: [ NEWUSER ] [ 0 ]: TIME: 1290367841
[ 21.11.2010 19:30:41 ]: [   >>>   ] [ 0  ]: WELCOME
[ 21.11.2010 19:30:41 ]: [ NEWUSER ] [ 0 ]: TIME: 1290367841
[ 21.11.2010 19:30:41 ]: [   >>>   ] [ 0  ]: WELCOME
[ 21.11.2010 19:30:41 ]: [ NEWUSER ] [ 0 ]: TIME: 1290367841
[ 21.11.2010 19:30:41 ]: [   >>>   ] [ 0  ]: WELCOME
[ 21.11.2010 19:30:41 ]: [ NEWUSER ] [ 0 ]: TIME: 1290367841
[ 21.11.2010 19:30:41 ]: [   >>>   ] [ 0  ]: WELCOME
[ 21.11.2010 19:30:41 ]: [ NEWUSER ] [ 0 ]: TIME: 1290367841
[ 21.11.2010 19:30:41 ]: [   >>>   ] [ 0  ]: WELCOME
[ 21.11.2010 19:30:41 ]: [ NEWUSER ] [ 0 ]: TIME: 1290367841
[ 21.11.2010 19:30:41 ]: [   >>>   ] [ 0  ]: WELCOME
[ 21.11.2010 19:30:41 ]: [ NEWUSER ] [ 0 ]: TIME: 1290367841
[ 21.11.2010 19:30:41 ]: [   >>>   ] [ 0  ]: WELCOME
[ 21.11.2010 19:30:41 ]: [ NEWUSER ] [ 0 ]: TIME: 1290367841
[ 21.11.2010 19:30:41 ]: [   >>>   ] [ 0  ]: WELCOME
[ 21.11.2010 19:30:41 ]: [ NEWUSER ] [ 0 ]: TIME: 1290367842
[ 21.11.2010 19:30:41 ]: [   >>>   ] [ 0  ]: WELCOME
[ 21.11.2010 19:30:41 ]: [ NEWUSER ] [ 0 ]: TIME: 1290367842
[ 21.11.2010 19:30:41 ]: [   >>>   ] [ 0  ]: WELCOME
[ 21.11.2010 19:30:42 ]: [ NEWUSER ] [ 0 ]: TIME: 1290367843
[ 21.11.2010 19:30:42 ]: [   >>>   ] [ 0  ]: WELCOME
[ 21.11.2010 19:30:42 ]: [ NEWUSER ] [ 0 ]: TIME: 1290367843
[ 21.11.2010 19:30:42 ]: [   >>>   ] [ 0  ]: WELCOME
[ 21.11.2010 19:30:42 ]: [ NEWUSER ] [ 0 ]: TIME: 1290367843
[ 21.11.2010 19:30:42 ]: [   >>>   ] [ 0  ]: WELCOME
[ 21.11.2010 19:30:42 ]: [ NEWUSER ] [ 0 ]: TIME: 1290367843
[ 21.11.2010 19:30:42 ]: [   >>>   ] [ 0  ]: WELCOME
[ 21.11.2010 19:30:42 ]: [ NEWUSER ] [ 0 ]: TIME: 1290367843
[ 21.11.2010 19:30:42 ]: [   >>>   ] [ 0  ]: WELCOME
[ 21.11.2010 19:30:42 ]: [ NEWUSER ] [ 0 ]: TIME: 1290367843
[ 21.11.2010 19:30:42 ]: [   >>>   ] [ 0  ]: WELCOME
[ 21.11.2010 19:30:42 ]: [ NEWUSER ] [ 0 ]: TIME: 1290367843
[ 21.11.2010 19:30:42 ]: [   >>>   ] [ 0  ]: WELCOME
[ 21.11.2010 19:30:42 ]: [ NEWUSER ] [ 0 ]: TIME: 1290367843
[ 21.11.2010 19:30:42 ]: [   >>>   ] [ 0  ]: WELCOME
[ 21.11.2010 19:30:42 ]: [ NEWUSER ] [ 0 ]: TIME: 1290367843
[ 21.11.2010 19:30:42 ]: [   >>>   ] [ 0  ]: WELCOME
[ 21.11.2010 19:30:45 ]: [   <<<   ] [ 0  (0) ]: notice;opfer
[ 21.11.2010 19:30:45 ]: [    N    ] [ 0 ]: opfer
[ 21.11.2010 19:30:45 ]: [  KILLD  ] [ 0 ]: TIME: 1290367845
[ 21.11.2010 19:30:45 ]: [  KILLD  ] [ 0 ]: TIME: 1290367845
[ 21.11.2010 19:30:45 ]: [  KILLD  ] [ 0 ]: TIME: 1290367845
[ 21.11.2010 19:30:45 ]: [  KILLD  ] [ 0 ]: TIME: 1290367845
[ 21.11.2010 19:30:45 ]: [  KILLD  ] [ 0 ]: TIME: 1290367845
[ 21.11.2010 19:30:45 ]: [  KILLD  ] [ 0 ]: TIME: 1290367845
[ 21.11.2010 19:30:45 ]: [  KILLD  ] [ 0 ]: TIME: 1290367845
[ 21.11.2010 19:30:45 ]: [  KILLD  ] [ 0 ]: TIME: 1290367845
[ 21.11.2010 19:30:45 ]: [   >>>   ] [ 0  (0) ]: NOTICE;opfer
[ 21.11.2010 19:30:45 ]: [  KILLD  ] [ 0 ]: TIME: 1290367845
[ 21.11.2010 19:30:45 ]: [  KILLD  ] [ 0 ]: TIME: 1290367845
[ 21.11.2010 19:30:45 ]: [  KILLD  ] [ 0 ]: TIME: 1290367845
[ 21.11.2010 19:30:45 ]: [  KILLD  ] [ 0 ]: TIME: 1290367845
[ 21.11.2010 19:30:45 ]: [  KILLD  ] [ 0 ]: TIME: 1290367845
[ 21.11.2010 19:30:45 ]: [  KILLD  ] [ 0 ]: TIME: 1290367845
[ 21.11.2010 19:30:45 ]: [  KILLD  ] [ 0 ]: TIME: 1290367845
[ 21.11.2010 19:30:45 ]: [  KILLD  ] [ 0 ]: TIME: 1290367845
[ 21.11.2010 19:30:45 ]: [  KILLD  ] [ 0 ]: TIME: 1290367845
[ 21.11.2010 19:30:45 ]: [  KILLD  ] [ 0 ]: TIME: 1290367845
[ 21.11.2010 19:30:45 ]: [  KILLD  ] [ 0 ]: TIME: 1290367845
[ 21.11.2010 19:30:45 ]: [  KILLD  ] [ 0 ]: TIME: 1290367845
[ 21.11.2010 19:30:45 ]: [  KILLD  ] [ 0 ]: TIME: 1290367845
[ 21.11.2010 19:30:45 ]: [   >>>   ] [ 0  (0) ]: NOTICE;opfer
[ 21.11.2010 19:30:45 ]: [   >>>   ] [ 0  (0) ]: NOTICE;opfer
[ 21.11.2010 19:30:45 ]: [   >>>   ] [ 0  (0) ]: NOTICE;opfer
[ 21.11.2010 19:30:45 ]: [   >>>   ] [ 0  (0) ]: NOTICE;opfer
[ 21.11.2010 19:30:45 ]: [   >>>   ] [ 0  (0) ]: NOTICE;opfer
[ 21.11.2010 19:30:45 ]: [   >>>   ] [ 0  (0) ]: NOTICE;opfer
[ 21.11.2010 19:30:45 ]: [   >>>   ] [ 0  (0) ]: NOTICE;opfer
[ 21.11.2010 19:30:45 ]: [   >>>   ] [ 0  (0) ]: NOTICE;opfer
[ 21.11.2010 19:30:45 ]: [   >>>   ] [ 0  (0) ]: NOTICE;opfer
[ 21.11.2010 19:30:46 ]: [ NEWUSER ] [ 0 ]: TIME: 1290367847
[ 21.11.2010 19:30:46 ]: [   >>>   ] [ 0  ]: WELCOME
[ 21.11.2010 19:31:00 ]: [ NEWUSER ] [ 0 ]: TIME: 1290367860
[ 21.11.2010 19:31:00 ]: [   >>>   ] [ 0  ]: WELCOME
[ 21.11.2010 19:31:01 ]: [   <<<   ] [ 0  (0) ]: notice;opfer
[ 21.11.2010 19:31:01 ]: [    N    ] [ 0 ]: opfer
[ 21.11.2010 19:31:01 ]: [   >>>   ] [ 0  (0) ]: NOTICE;opfer
[ 21.11.2010 19:31:01 ]: [   >>>   ] [ 0  (0) ]: NOTICE;opfer
[ 21.11.2010 19:31:01 ]: [   >>>   ] [ 0  (0) ]: NOTICE;opfer
[ 21.11.2010 19:31:01 ]: [   >>>   ] [ 0  (0) ]: NOTICE;opfer
[ 21.11.2010 19:31:01 ]: [   >>>   ] [ 0  (0) ]: NOTICE;opfer
[ 21.11.2010 19:31:01 ]: [   >>>   ] [ 0  (0) ]: NOTICE;opfer
[ 21.11.2010 19:31:01 ]: [   >>>   ] [ 0  (0) ]: NOTICE;opfer
[ 21.11.2010 19:31:01 ]: [   >>>   ] [ 0  (0) ]: NOTICE;opfer
[ 21.11.2010 19:31:01 ]: [   >>>   ] [ 0  (0) ]: NOTICE;opfer
[ 21.11.2010 19:31:01 ]: [   >>>   ] [ 0  (0) ]: NOTICE;opfer
[ 21.11.2010 19:31:01 ]: [   >>>   ] [ 0  (0) ]: NOTICE;opfer
[ 21.11.2010 19:31:04 ]: [ NEWUSER ] [ 0 ]: TIME: 1290367864
[ 21.11.2010 19:31:04 ]: [   >>>   ] [ 0  ]: WELCOME
[ 21.11.2010 19:31:04 ]: [ NEWUSER ] [ 0 ]: TIME: 1290367864
[ 21.11.2010 19:31:04 ]: [   >>>   ] [ 0  ]: WELCOME
[ 21.11.2010 19:31:04 ]: [ NEWUSER ] [ 0 ]: TIME: 1290367864
[ 21.11.2010 19:31:04 ]: [   >>>   ] [ 0  ]: WELCOME
[ 21.11.2010 19:31:04 ]: [ NEWUSER ] [ 0 ]: TIME: 1290367864
[ 21.11.2010 19:31:04 ]: [   >>>   ] [ 0  ]: WELCOME
[ 21.11.2010 19:31:04 ]: [ NEWUSER ] [ 0 ]: TIME: 1290367864
[ 21.11.2010 19:31:04 ]: [   >>>   ] [ 0  ]: WELCOME
[ 21.11.2010 19:31:04 ]: [ NEWUSER ] [ 0 ]: TIME: 1290367864
[ 21.11.2010 19:31:04 ]: [   >>>   ] [ 0  ]: WELCOME
[ 21.11.2010 19:31:04 ]: [ NEWUSER ] [ 0 ]: TIME: 1290367864
[ 21.11.2010 19:31:04 ]: [   >>>   ] [ 0  ]: WELCOME
[ 21.11.2010 19:31:04 ]: [ NEWUSER ] [ 0 ]: TIME: 1290367864
[ 21.11.2010 19:31:04 ]: [   >>>   ] [ 0  ]: WELCOME
[ 21.11.2010 19:31:07 ]: [   <<<   ] [ 0  (0) ]: notice;opfer
[ 21.11.2010 19:31:07 ]: [    N    ] [ 0 ]: opfer
[ 21.11.2010 19:31:07 ]: [  KILLD  ] [ 0 ]: TIME: 1290367868
[ 21.11.2010 19:31:07 ]: [  KILLD  ] [ 0 ]: TIME: 1290367868
[ 21.11.2010 19:31:07 ]: [  KILLD  ] [ 0 ]: TIME: 1290367868
[ 21.11.2010 19:31:07 ]: [  KILLD  ] [ 0 ]: TIME: 1290367868
[ 21.11.2010 19:31:07 ]: [  KILLD  ] [ 0 ]: TIME: 1290367868
[ 21.11.2010 19:31:07 ]: [  KILLD  ] [ 0 ]: TIME: 1290367868
[ 21.11.2010 19:31:07 ]: [  KILLD  ] [ 0 ]: TIME: 1290367868
[ 21.11.2010 19:31:07 ]: [  KILLD  ] [ 0 ]: TIME: 1290367868
[ 21.11.2010 19:31:07 ]: [  KILLD  ] [ 0 ]: TIME: 1290367868
[ 21.11.2010 19:31:07 ]: [  KILLD  ] [ 0 ]: TIME: 1290367868
[ 21.11.2010 19:31:07 ]: [   >>>   ] [ 0  (0) ]: NOTICE;opfer
[ 21.11.2010 19:31:07 ]: [   >>>   ] [ 0  (0) ]: NOTICE;opfer
[ 21.11.2010 19:31:07 ]: [   >>>   ] [ 0  (0) ]: NOTICE;opfer
[ 21.11.2010 19:31:07 ]: [   >>>   ] [ 0  (0) ]: NOTICE;opfer
[ 21.11.2010 19:31:07 ]: [   >>>   ] [ 0  (0) ]: NOTICE;opfer
[ 21.11.2010 19:31:07 ]: [   >>>   ] [ 0  (0) ]: NOTICE;opfer
[ 21.11.2010 19:31:07 ]: [   >>>   ] [ 0  (0) ]: NOTICE;opfer
[ 21.11.2010 19:31:07 ]: [   >>>   ] [ 0  (0) ]: NOTICE;opfer
[ 21.11.2010 19:31:07 ]: [   >>>   ] [ 0  (0) ]: NOTICE;opfer
[ 21.11.2010 19:31:07 ]: [ NEWUSER ] [ 0 ]: TIME: 1290367868
[ 21.11.2010 19:31:07 ]: [   >>>   ] [ 0  ]: WELCOME
[ 21.11.2010 19:31:07 ]: [ NEWUSER ] [ 0 ]: TIME: 1290367868
[ 21.11.2010 19:31:07 ]: [   >>>   ] [ 0  ]: WELCOME
[ 21.11.2010 19:31:52 ]: [ NEWUSER ] [ 0 ]: TIME: 1290367913
[ 21.11.2010 19:31:52 ]: [   >>>   ] [ 0  ]: WELCOME
[ 21.11.2010 19:31:52 ]: [ NEWUSER ] [ 0 ]: TIME: 1290367913
[ 21.11.2010 19:31:52 ]: [   >>>   ] [ 0  ]: WELCOME
[ 21.11.2010 19:31:52 ]: [ NEWUSER ] [ 0 ]: TIME: 1290367913
[ 21.11.2010 19:31:52 ]: [   >>>   ] [ 0  ]: WELCOME
[ 21.11.2010 19:31:52 ]: [ NEWUSER ] [ 0 ]: TIME: 1290367913
[ 21.11.2010 19:31:52 ]: [   >>>   ] [ 0  ]: WELCOME
[ 21.11.2010 19:31:52 ]: [ NEWUSER ] [ 0 ]: TIME: 1290367913
[ 21.11.2010 19:31:52 ]: [   >>>   ] [ 0  ]: WELCOME
[ 21.11.2010 19:31:52 ]: [ NEWUSER ] [ 0 ]: TIME: 1290367913
[ 21.11.2010 19:31:52 ]: [   >>>   ] [ 0  ]: WELCOME
[ 21.11.2010 19:31:52 ]: [ NEWUSER ] [ 0 ]: TIME: 1290367913
[ 21.11.2010 19:31:52 ]: [   >>>   ] [ 0  ]: WELCOME
[ 21.11.2010 19:31:52 ]: [ NEWUSER ] [ 0 ]: TIME: 1290367913
[ 21.11.2010 19:31:52 ]: [   >>>   ] [ 0  ]: WELCOME
[ 21.11.2010 19:31:55 ]: [   <<<   ] [ 0  (0) ]: shutdown
[ 21.11.2010 19:31:55 ]: [   >>>   ] [ 0  (0) ]: SHUTDOWN;50;10
[ 21.11.2010 19:31:55 ]: [  KILLD  ] [ 0 ]: TIME: 1290367915
[ 21.11.2010 19:31:55 ]: [   >>>   ] [ 0  (0) ]: SHUTDOWN;50;10
[ 21.11.2010 19:31:55 ]: [  KILLD  ] [ 0 ]: TIME: 1290367915
[ 21.11.2010 19:31:55 ]: [   >>>   ] [ 0  (0) ]: SHUTDOWN;50;10
[ 21.11.2010 19:31:55 ]: [  KILLD  ] [ 0 ]: TIME: 1290367915
[ 21.11.2010 19:31:55 ]: [   >>>   ] [ 0  (0) ]: SHUTDOWN;50;10
[ 21.11.2010 19:31:55 ]: [  KILLD  ] [ 0 ]: TIME: 1290367915
[ 21.11.2010 19:31:55 ]: [   >>>   ] [ 0  (0) ]: SHUTDOWN;50;10
[ 21.11.2010 19:31:55 ]: [  KILLD  ] [ 0 ]: TIME: 1290367915
[ 21.11.2010 19:31:55 ]: [   >>>   ] [ 0  (0) ]: SHUTDOWN;50;10
[ 21.11.2010 19:31:55 ]: [  KILLD  ] [ 0 ]: TIME: 1290367915
[ 21.11.2010 19:31:55 ]: [   >>>   ] [ 0  (0) ]: SHUTDOWN;50;10
[ 21.11.2010 19:31:55 ]: [  KILLD  ] [ 0 ]: TIME: 1290367915
[ 21.11.2010 19:31:55 ]: [   >>>   ] [ 0  (0) ]: SHUTDOWN;50;10
[ 21.11.2010 19:31:55 ]: [  KILLD  ] [ 0 ]: TIME: 1290367915
[ 21.11.2010 19:31:55 ]: [   >>>   ] [ 0  (0) ]: SHUTDOWN;50;10
[ 21.11.2010 19:31:55 ]: [  KILLD  ] [ 0 ]: TIME: 1290367915
[ 21.11.2010 19:31:55 ]: [   >>>   ] [ 0  (0) ]: SHUTDOWN;50;10
[ 21.11.2010 19:31:55 ]: [  KILLD  ] [ 0 ]: TIME: 1290367915
[ 21.11.2010 19:31:55 ]: [   >>>   ] [ 0  (0) ]: SHUTDOWN;50;10
[ 21.11.2010 19:31:55 ]: [   >>>   ] [ 0  (0) ]: SHUTDOWN;50;10
[ 21.11.2010 19:31:55 ]: [   >>>   ] [ 0  (0) ]: SHUTDOWN;50;10
[ 21.11.2010 19:31:55 ]: [   >>>   ] [ 0  (0) ]: SHUTDOWN;50;10
[ 21.11.2010 19:31:55 ]: [   >>>   ] [ 0  (0) ]: SHUTDOWN;50;10
[ 21.11.2010 19:31:55 ]: [   >>>   ] [ 0  (0) ]: SHUTDOWN;50;10
[ 21.11.2010 19:31:55 ]: [   >>>   ] [ 0  (0) ]: SHUTDOWN;50;10
[ 21.11.2010 19:31:55 ]: [   >>>   ] [ 0  (0) ]: SHUTDOWN;50;10
[ 21.11.2010 19:31:55 ]: [   >>>   ] [ 0  (0) ]: SHUTDOWN;50;10
[ 21.11.2010 19:31:55 ]: [ NEWUSER ] [ 0 ]: TIME: 1290367916
[ 21.11.2010 19:31:55 ]: [   >>>   ] [ 0  ]: WELCOME
[ 21.11.2010 19:31:55 ]: [ NEWUSER ] [ 0 ]: TIME: 1290367916
[ 21.11.2010 19:31:55 ]: [   >>>   ] [ 0  ]: WELCOME
[ 21.11.2010 19:31:56 ]: [   >>>   ] [ 0  (0) ]: SHUTDOWN;50;9
[ 21.11.2010 19:31:56 ]: [   >>>   ] [ 0  (0) ]: SHUTDOWN;50;9
[ 21.11.2010 19:31:56 ]: [   >>>   ] [ 0  (0) ]: SHUTDOWN;50;9
[ 21.11.2010 19:31:56 ]: [   >>>   ] [ 0  (0) ]: SHUTDOWN;50;9
[ 21.11.2010 19:31:56 ]: [   >>>   ] [ 0  (0) ]: SHUTDOWN;50;9
[ 21.11.2010 19:31:56 ]: [   >>>   ] [ 0  (0) ]: SHUTDOWN;50;9
[ 21.11.2010 19:31:56 ]: [   >>>   ] [ 0  (0) ]: SHUTDOWN;50;9
[ 21.11.2010 19:31:56 ]: [   >>>   ] [ 0  (0) ]: SHUTDOWN;50;9
[ 21.11.2010 19:31:56 ]: [   >>>   ] [ 0  (0) ]: SHUTDOWN;50;9
[ 21.11.2010 19:31:56 ]: [   >>>   ] [ 0  (0) ]: SHUTDOWN;50;9
[ 21.11.2010 19:31:56 ]: [   >>>   ] [ 0  (0) ]: SHUTDOWN;50;9
[ 21.11.2010 19:31:57 ]: [   >>>   ] [ 0  (0) ]: SHUTDOWN;50;8
[ 21.11.2010 19:31:57 ]: [   >>>   ] [ 0  (0) ]: SHUTDOWN;50;8
[ 21.11.2010 19:31:57 ]: [   >>>   ] [ 0  (0) ]: SHUTDOWN;50;8
[ 21.11.2010 19:31:57 ]: [   >>>   ] [ 0  (0) ]: SHUTDOWN;50;8
[ 21.11.2010 19:31:57 ]: [   >>>   ] [ 0  (0) ]: SHUTDOWN;50;8
[ 21.11.2010 19:31:57 ]: [   >>>   ] [ 0  (0) ]: SHUTDOWN;50;8
[ 21.11.2010 19:31:57 ]: [   >>>   ] [ 0  (0) ]: SHUTDOWN;50;8
[ 21.11.2010 19:31:57 ]: [   >>>   ] [ 0  (0) ]: SHUTDOWN;50;8
[ 21.11.2010 19:31:57 ]: [   >>>   ] [ 0  (0) ]: SHUTDOWN;50;8
[ 21.11.2010 19:31:57 ]: [   >>>   ] [ 0  (0) ]: SHUTDOWN;50;8
[ 21.11.2010 19:31:57 ]: [   >>>   ] [ 0  (0) ]: SHUTDOWN;50;8
[ 21.11.2010 19:31:58 ]: [   >>>   ] [ 0  (0) ]: SHUTDOWN;50;7
[ 21.11.2010 19:31:58 ]: [   >>>   ] [ 0  (0) ]: SHUTDOWN;50;7
[ 21.11.2010 19:31:58 ]: [   >>>   ] [ 0  (0) ]: SHUTDOWN;50;7
[ 21.11.2010 19:31:58 ]: [   >>>   ] [ 0  (0) ]: SHUTDOWN;50;7
[ 21.11.2010 19:31:58 ]: [   >>>   ] [ 0  (0) ]: SHUTDOWN;50;7
[ 21.11.2010 19:31:58 ]: [   >>>   ] [ 0  (0) ]: SHUTDOWN;50;7
[ 21.11.2010 19:31:58 ]: [   >>>   ] [ 0  (0) ]: SHUTDOWN;50;7
[ 21.11.2010 19:31:58 ]: [   >>>   ] [ 0  (0) ]: SHUTDOWN;50;7
[ 21.11.2010 19:31:58 ]: [   >>>   ] [ 0  (0) ]: SHUTDOWN;50;7
[ 21.11.2010 19:31:58 ]: [   >>>   ] [ 0  (0) ]: SHUTDOWN;50;7
[ 21.11.2010 19:31:58 ]: [   >>>   ] [ 0  (0) ]: SHUTDOWN;50;7
[ 21.11.2010 19:31:59 ]: [   >>>   ] [ 0  (0) ]: SHUTDOWN;50;6
[ 21.11.2010 19:31:59 ]: [   >>>   ] [ 0  (0) ]: SHUTDOWN;50;6
[ 21.11.2010 19:31:59 ]: [   >>>   ] [ 0  (0) ]: SHUTDOWN;50;6
[ 21.11.2010 19:31:59 ]: [   >>>   ] [ 0  (0) ]: SHUTDOWN;50;6
[ 21.11.2010 19:31:59 ]: [   >>>   ] [ 0  (0) ]: SHUTDOWN;50;6
[ 21.11.2010 19:31:59 ]: [   >>>   ] [ 0  (0) ]: SHUTDOWN;50;6
[ 21.11.2010 19:31:59 ]: [   >>>   ] [ 0  (0) ]: SHUTDOWN;50;6
[ 21.11.2010 19:31:59 ]: [   >>>   ] [ 0  (0) ]: SHUTDOWN;50;6
[ 21.11.2010 19:31:59 ]: [   >>>   ] [ 0  (0) ]: SHUTDOWN;50;6
[ 21.11.2010 19:31:59 ]: [   >>>   ] [ 0  (0) ]: SHUTDOWN;50;6
[ 21.11.2010 19:31:59 ]: [   >>>   ] [ 0  (0) ]: SHUTDOWN;50;6
[ 21.11.2010 19:32:00 ]: [   >>>   ] [ 0  (0) ]: SHUTDOWN;50;5
[ 21.11.2010 19:32:00 ]: [   >>>   ] [ 0  (0) ]: SHUTDOWN;50;5
[ 21.11.2010 19:32:00 ]: [   >>>   ] [ 0  (0) ]: SHUTDOWN;50;5
[ 21.11.2010 19:32:00 ]: [   >>>   ] [ 0  (0) ]: SHUTDOWN;50;5
[ 21.11.2010 19:32:00 ]: [   >>>   ] [ 0  (0) ]: SHUTDOWN;50;5
[ 21.11.2010 19:32:00 ]: [   >>>   ] [ 0  (0) ]: SHUTDOWN;50;5
[ 21.11.2010 19:32:00 ]: [   >>>   ] [ 0  (0) ]: SHUTDOWN;50;5
[ 21.11.2010 19:32:00 ]: [   >>>   ] [ 0  (0) ]: SHUTDOWN;50;5
[ 21.11.2010 19:32:00 ]: [   >>>   ] [ 0  (0) ]: SHUTDOWN;50;5
[ 21.11.2010 19:32:00 ]: [   >>>   ] [ 0  (0) ]: SHUTDOWN;50;5
[ 21.11.2010 19:32:00 ]: [   >>>   ] [ 0  (0) ]: SHUTDOWN;50;5
[ 21.11.2010 19:32:01 ]: [   >>>   ] [ 0  (0) ]: SHUTDOWN;50;4
[ 21.11.2010 19:32:01 ]: [   >>>   ] [ 0  (0) ]: SHUTDOWN;50;4
[ 21.11.2010 19:32:01 ]: [   >>>   ] [ 0  (0) ]: SHUTDOWN;50;4
[ 21.11.2010 19:32:01 ]: [   >>>   ] [ 0  (0) ]: SHUTDOWN;50;4
[ 21.11.2010 19:32:01 ]: [   >>>   ] [ 0  (0) ]: SHUTDOWN;50;4
[ 21.11.2010 19:32:01 ]: [   >>>   ] [ 0  (0) ]: SHUTDOWN;50;4
[ 21.11.2010 19:32:01 ]: [   >>>   ] [ 0  (0) ]: SHUTDOWN;50;4
[ 21.11.2010 19:32:01 ]: [   >>>   ] [ 0  (0) ]: SHUTDOWN;50;4
[ 21.11.2010 19:32:01 ]: [   >>>   ] [ 0  (0) ]: SHUTDOWN;50;4
[ 21.11.2010 19:32:01 ]: [   >>>   ] [ 0  (0) ]: SHUTDOWN;50;4
[ 21.11.2010 19:32:01 ]: [   >>>   ] [ 0  (0) ]: SHUTDOWN;50;4
[ 21.11.2010 19:32:02 ]: [   >>>   ] [ 0  (0) ]: SHUTDOWN;50;3
[ 21.11.2010 19:32:02 ]: [   >>>   ] [ 0  (0) ]: SHUTDOWN;50;3
[ 21.11.2010 19:32:02 ]: [   >>>   ] [ 0  (0) ]: SHUTDOWN;50;3
[ 21.11.2010 19:32:02 ]: [   >>>   ] [ 0  (0) ]: SHUTDOWN;50;3
[ 21.11.2010 19:32:02 ]: [   >>>   ] [ 0  (0) ]: SHUTDOWN;50;3
[ 21.11.2010 19:32:02 ]: [   >>>   ] [ 0  (0) ]: SHUTDOWN;50;3
[ 21.11.2010 19:32:02 ]: [   >>>   ] [ 0  (0) ]: SHUTDOWN;50;3
[ 21.11.2010 19:32:02 ]: [   >>>   ] [ 0  (0) ]: SHUTDOWN;50;3
[ 21.11.2010 19:32:02 ]: [   >>>   ] [ 0  (0) ]: SHUTDOWN;50;3
[ 21.11.2010 19:32:02 ]: [   >>>   ] [ 0  (0) ]: SHUTDOWN;50;3
[ 21.11.2010 19:32:02 ]: [   >>>   ] [ 0  (0) ]: SHUTDOWN;50;3
[ 21.11.2010 19:32:03 ]: [   >>>   ] [ 0  (0) ]: SHUTDOWN;50;2
[ 21.11.2010 19:32:03 ]: [   >>>   ] [ 0  (0) ]: SHUTDOWN;50;2
[ 21.11.2010 19:32:03 ]: [   >>>   ] [ 0  (0) ]: SHUTDOWN;50;2
[ 21.11.2010 19:32:03 ]: [   >>>   ] [ 0  (0) ]: SHUTDOWN;50;2
[ 21.11.2010 19:32:03 ]: [   >>>   ] [ 0  (0) ]: SHUTDOWN;50;2
[ 21.11.2010 19:32:03 ]: [   >>>   ] [ 0  (0) ]: SHUTDOWN;50;2
[ 21.11.2010 19:32:03 ]: [   >>>   ] [ 0  (0) ]: SHUTDOWN;50;2
[ 21.11.2010 19:32:03 ]: [   >>>   ] [ 0  (0) ]: SHUTDOWN;50;2
[ 21.11.2010 19:32:03 ]: [   >>>   ] [ 0  (0) ]: SHUTDOWN;50;2
[ 21.11.2010 19:32:03 ]: [   >>>   ] [ 0  (0) ]: SHUTDOWN;50;2
[ 21.11.2010 19:32:03 ]: [   >>>   ] [ 0  (0) ]: SHUTDOWN;50;2
[ 21.11.2010 19:32:04 ]: [   >>>   ] [ 0  (0) ]: SHUTDOWN;50;1
[ 21.11.2010 19:32:04 ]: [   >>>   ] [ 0  (0) ]: SHUTDOWN;50;1
[ 21.11.2010 19:32:04 ]: [   >>>   ] [ 0  (0) ]: SHUTDOWN;50;1
[ 21.11.2010 19:32:04 ]: [   >>>   ] [ 0  (0) ]: SHUTDOWN;50;1
[ 21.11.2010 19:32:04 ]: [   >>>   ] [ 0  (0) ]: SHUTDOWN;50;1
[ 21.11.2010 19:32:04 ]: [   >>>   ] [ 0  (0) ]: SHUTDOWN;50;1
[ 21.11.2010 19:32:04 ]: [   >>>   ] [ 0  (0) ]: SHUTDOWN;50;1
[ 21.11.2010 19:32:04 ]: [   >>>   ] [ 0  (0) ]: SHUTDOWN;50;1
[ 21.11.2010 19:32:04 ]: [   >>>   ] [ 0  (0) ]: SHUTDOWN;50;1
[ 21.11.2010 19:32:04 ]: [   >>>   ] [ 0  (0) ]: SHUTDOWN;50;1
[ 21.11.2010 19:32:04 ]: [   >>>   ] [ 0  (0) ]: SHUTDOWN;50;1
[ 21.11.2010 19:32:05 ]: [   >>>   ] [ 0  (0) ]: SHUTDOWN;51
[ 21.11.2010 19:32:05 ]: [   >>>   ] [ 0  (0) ]: SHUTDOWN;51
[ 21.11.2010 19:32:05 ]: [   >>>   ] [ 0  (0) ]: SHUTDOWN;51
[ 21.11.2010 19:32:05 ]: [   >>>   ] [ 0  (0) ]: SHUTDOWN;51
[ 21.11.2010 19:32:05 ]: [   >>>   ] [ 0  (0) ]: SHUTDOWN;51
[ 21.11.2010 19:32:05 ]: [   >>>   ] [ 0  (0) ]: SHUTDOWN;51
[ 21.11.2010 19:32:05 ]: [   >>>   ] [ 0  (0) ]: SHUTDOWN;51
[ 21.11.2010 19:32:05 ]: [   >>>   ] [ 0  (0) ]: SHUTDOWN;51
[ 21.11.2010 19:32:05 ]: [   >>>   ] [ 0  (0) ]: SHUTDOWN;51
[ 21.11.2010 19:32:05 ]: [   >>>   ] [ 0  (0) ]: SHUTDOWN;51
[ 21.11.2010 19:32:05 ]: [   >>>   ] [ 0  (0) ]: SHUTDOWN;51
[ 21.11.2010 19:32:05 ]: SHUTDOWN COMPLETE AT 1290367925
