[ 20.11.2010 15:33:56 ]: Using Syslog: ./syslog/1290267236.log
[ 20.11.2010 15:33:56 ]: Game Server v0.2.1 starting up...
[ 20.11.2010 15:34:02 ]: PLAYER CONNECTED
[ 20.11.2010 15:34:07 ]: GAME CONNECTED
[ 20.11.2010 15:34:07 ]: CACHING GAME DATABASE
[ 20.11.2010 15:34:07 ]: DONE.
[ 20.11.2010 15:34:07 ]: LISTEN THREAD - READY
[ 20.11.2010 15:34:07 ]: SERVER UP AND RUNNING - READY
[ 20.11.2010 15:34:07 ]: [ NEWUSER ] [ 0 ]: TIME: 1290267248
[ 20.11.2010 15:34:07 ]: [   >>>   ] [ 0  ]: WELCOME
[ 20.11.2010 15:34:09 ]: [   <<<   ] [ 0  ]: spawn;1001
[ 20.11.2010 15:34:09 ]: [   >>>   ] [ 0  (0) ]: SPAWN;OK;1001;-10;-3;2
[ 20.11.2010 15:34:11 ]: [   <<<   ] [ 0  ]: map_pic
[ 20.11.2010 15:34:20 ]: [   <<<   ] [ 0  ]: spawn;1001
[ 20.11.2010 15:34:20 ]: [   >>>   ] [ 0  (0) ]: SPAWN;OK;1001;8;9;-10
[ 20.11.2010 15:34:22 ]: [   <<<   ] [ 0  ]: map_pic
[ 20.11.2010 15:34:30 ]: [   <<<   ] [ 0  ]: spawn;1001
[ 20.11.2010 15:34:30 ]: [   >>>   ] [ 0  (0) ]: SPAWN;OK;1001;5;-7;7
[ 20.11.2010 15:34:31 ]: [   <<<   ] [ 0  ]: spawn;1001
[ 20.11.2010 15:34:31 ]: [   >>>   ] [ 0  (0) ]: SPAWN;OK;1001;3;-1;3
[ 20.11.2010 15:34:35 ]: [   <<<   ] [ 0  ]: map_pic
[ 20.11.2010 16:28:02 ]: [   <<<   ] [ 0  ]: spawn;1002
[ 20.11.2010 16:28:02 ]: [   >>>   ] [ 0  (0) ]: SPAWN;OK;1002;-3;8;8
[ 20.11.2010 16:28:06 ]: [   <<<   ] [ 0  ]: map_pic
