[ 18.11.2010 16:58:56 ]: Using Syslog: ./syslog/1290099536.log
[ 18.11.2010 16:58:56 ]: Game Server v0.1.5 starting up...
[ 18.11.2010 16:59:02 ]: PLAYER CONNECTED
[ 18.11.2010 16:59:06 ]: GAME CONNECTED
[ 18.11.2010 16:59:06 ]: CACHING GAME DATABASE
[ 18.11.2010 16:59:06 ]: DONE.
[ 18.11.2010 16:59:06 ]: LISTEN THREAD - READY
[ 18.11.2010 16:59:06 ]: SERVER UP AND RUNNING - READY
[ 18.11.2010 16:59:07 ]: [ NEWUSER ] [ 0 ]: TIME: 1290099547
[ 18.11.2010 16:59:07 ]: [   >>>   ] [ 0  ]: WELCOME
[ 18.11.2010 16:59:12 ]: [ NEWUSER ] [ 0 ]: TIME: 1290099553
[ 18.11.2010 16:59:12 ]: [   >>>   ] [ 0  ]: WELCOME
[ 18.11.2010 16:59:23 ]: [ NEWUSER ] [ 0 ]: TIME: 1290099564
[ 18.11.2010 16:59:23 ]: [   >>>   ] [ 0  ]: WELCOME
[ 18.11.2010 16:59:23 ]: [   <<<   ] [ 0  ]: IDENT;xenor;0;lalaftw#!
[ 18.11.2010 16:59:41 ]: [ NEWUSER ] [ 0 ]: TIME: 1290099581
[ 18.11.2010 16:59:41 ]: [   >>>   ] [ 0  ]: WELCOME
[ 18.11.2010 16:59:41 ]: [   <<<   ] [ 0  ]: IDENT;xenor;0;lalaftw#!
[ 18.11.2010 16:59:41 ]: [   >>>   ] [ 0  (0) ]: ERROR;20
[ 18.11.2010 16:59:53 ]: [ NEWUSER ] [ 0 ]: TIME: 1290099593
[ 18.11.2010 16:59:53 ]: [   >>>   ] [ 0  ]: WELCOME
[ 18.11.2010 16:59:53 ]: [   <<<   ] [ 0  ]: LOGIN;xenor;0;lalaftw#!
[ 18.11.2010 16:59:53 ]: [   >>>   ] [ 1 xenor (7) ]: LOGIN;OK
[ 18.11.2010 17:00:59 ]: [ NEWUSER ] [ 0 ]: TIME: 1290099659
[ 18.11.2010 17:00:59 ]: [   >>>   ] [ 0  ]: WELCOME
[ 18.11.2010 17:00:59 ]: [   <<<   ] [ 0  ]: LOGIN;xenor;0;lalaftw#!
[ 18.11.2010 17:00:59 ]: [   >>>   ] [ 1 xenor (7) ]: LOGIN;OK
[ 18.11.2010 17:04:32 ]: [ NEWUSER ] [ 0 ]: TIME: 1290099872
[ 18.11.2010 17:04:32 ]: [   >>>   ] [ 0  ]: WELCOME
[ 18.11.2010 17:04:32 ]: [   <<<   ] [ 0  ]: LOGIN;xenor;0;lalaftw#!
[ 18.11.2010 17:04:39 ]: [ NEWUSER ] [ 0 ]: TIME: 1290099879
[ 18.11.2010 17:04:39 ]: [   >>>   ] [ 0  ]: WELCOME
[ 18.11.2010 17:04:39 ]: [   <<<   ] [ 0  ]: LOGIN;xenor;0;lalaftw#!
[ 18.11.2010 17:07:52 ]: [ NEWUSER ] [ 0 ]: TIME: 1290100072
[ 18.11.2010 17:07:52 ]: [   >>>   ] [ 0  ]: WELCOME
[ 18.11.2010 17:07:52 ]: [   <<<   ] [ 0  ]: LOGIN;xenor;0;lalaftw#!
[ 18.11.2010 17:11:17 ]: [ NEWUSER ] [ 0 ]: TIME: 1290100277
[ 18.11.2010 17:11:17 ]: [   >>>   ] [ 0  ]: WELCOME
[ 18.11.2010 17:11:17 ]: [   <<<   ] [ 0  ]: LOGIN;xenor;0;lalaftw#!
[ 18.11.2010 17:11:17 ]: [   >>>   ] [ 1 xenor (7) ]: LOGIN;OK
