[ 28.11.2010 11:19:15 ]: Using Syslog: ./syslog/1290943155.log
[ 28.11.2010 11:19:15 ]: Game Server v0.2.1 starting up...
[ 28.11.2010 11:19:20 ]: PLAYER DB			READY
[ 28.11.2010 11:19:24 ]: GAME DB			READY
[ 28.11.2010 11:19:24 ]: CACHING ITEMS...
[ 28.11.2010 11:19:24 ]: ADDED ITEM: 49; 1
[ 28.11.2010 11:19:24 ]: ADDED ITEM: 50; 1
[ 28.11.2010 11:19:24 ]: ADDED ITEM: 51; 1
[ 28.11.2010 11:19:24 ]: ADDED ITEM: 52; 1
[ 28.11.2010 11:19:24 ]: ADDED ITEM: 53; 1
[ 28.11.2010 11:19:24 ]: ADDED ITEM: 54; 1
[ 28.11.2010 11:19:24 ]: ADDED ITEM: 55; 1
[ 28.11.2010 11:19:24 ]: ADDED ITEM: 56; 2
[ 28.11.2010 11:19:24 ]: ADDED ITEM: 57; 1
[ 28.11.2010 11:19:24 ]: LISTEN THREAD			READY
[ 28.11.2010 11:19:24 ]: NPC CONTROL			READY
[ 28.11.2010 11:19:24 ]: GAME SERVER READY		READY
[ 28.11.2010 11:27:08 ]: [ NEWUSER ] [ 0 ]: TIME: 1290943628
[ 28.11.2010 11:27:08 ]: [   >>>   ] [ 0  ]: WELCOME
[ 28.11.2010 11:27:10 ]: [   <<<   ] [ 0  (0) ]: spawn;1001
[ 28.11.2010 11:27:10 ]: [   >>>   ] [ 0  (0) ]: SPAWN;OK;1;1001;-2;6;-1
[ 28.11.2010 11:27:10 ]: [   >>>   ] [ 0  (0) ]: MOB;WARP;1;-2;6;-1
