[ 21.11.2010 19:28:11 ]: Using Syslog: ./syslog/1290367692.log
[ 21.11.2010 19:28:11 ]: Game Server v0.2.1 starting up...
[ 21.11.2010 19:28:16 ]: PLAYER DB			READY
[ 21.11.2010 19:28:21 ]: GAME DB			READY
[ 21.11.2010 19:28:21 ]: LISTEN THREAD			READY
[ 21.11.2010 19:28:21 ]: NPC CONTROL			READY
[ 21.11.2010 19:28:21 ]: GAME SERVER READY		READY
[ 21.11.2010 19:28:23 ]: [ NEWUSER ] [ 0 ]: TIME: 1290367704
[ 21.11.2010 19:28:23 ]: [   >>>   ] [ 0  ]: WELCOME
[ 21.11.2010 19:28:33 ]: [ NEWUSER ] [ 0 ]: TIME: 1290367714
[ 21.11.2010 19:28:33 ]: [   >>>   ] [ 0  ]: WELCOME
[ 21.11.2010 19:28:33 ]: [ NEWUSER ] [ 0 ]: TIME: 1290367714
[ 21.11.2010 19:28:33 ]: [   >>>   ] [ 0  ]: WELCOME
[ 21.11.2010 19:28:33 ]: [ NEWUSER ] [ 0 ]: TIME: 1290367714
[ 21.11.2010 19:28:33 ]: [   >>>   ] [ 0  ]: WELCOME
[ 21.11.2010 19:28:33 ]: [ NEWUSER ] [ 0 ]: TIME: 1290367714
[ 21.11.2010 19:28:33 ]: [   >>>   ] [ 0  ]: WELCOME
[ 21.11.2010 19:28:33 ]: [ NEWUSER ] [ 0 ]: TIME: 1290367714
[ 21.11.2010 19:28:33 ]: [   >>>   ] [ 0  ]: WELCOME
[ 21.11.2010 19:28:33 ]: [ NEWUSER ] [ 0 ]: TIME: 1290367714
[ 21.11.2010 19:28:33 ]: [   >>>   ] [ 0  ]: WELCOME
[ 21.11.2010 19:28:33 ]: [ NEWUSER ] [ 0 ]: TIME: 1290367714
[ 21.11.2010 19:28:33 ]: [   >>>   ] [ 0  ]: WELCOME
[ 21.11.2010 19:28:33 ]: [ NEWUSER ] [ 0 ]: TIME: 1290367714
[ 21.11.2010 19:28:33 ]: [   >>>   ] [ 0  ]: WELCOME
[ 21.11.2010 19:28:36 ]: [ NEWUSER ] [ 0 ]: TIME: 1290367717
[ 21.11.2010 19:28:36 ]: [   >>>   ] [ 0  ]: WELCOME
[ 21.11.2010 19:28:37 ]: [ NEWUSER ] [ 0 ]: TIME: 1290367717
[ 21.11.2010 19:28:37 ]: [   >>>   ] [ 0  ]: WELCOME
[ 21.11.2010 19:28:38 ]: [ NEWUSER ] [ 0 ]: TIME: 1290367718
[ 21.11.2010 19:28:38 ]: [   >>>   ] [ 0  ]: WELCOME
[ 21.11.2010 19:28:38 ]: [ NEWUSER ] [ 0 ]: TIME: 1290367718
[ 21.11.2010 19:28:38 ]: [   >>>   ] [ 0  ]: WELCOME
[ 21.11.2010 19:28:38 ]: [ NEWUSER ] [ 0 ]: TIME: 1290367718
[ 21.11.2010 19:28:38 ]: [   >>>   ] [ 0  ]: WELCOME
[ 21.11.2010 19:28:38 ]: [ NEWUSER ] [ 0 ]: TIME: 1290367718
[ 21.11.2010 19:28:38 ]: [   >>>   ] [ 0  ]: WELCOME
[ 21.11.2010 19:28:38 ]: [ NEWUSER ] [ 0 ]: TIME: 1290367718
[ 21.11.2010 19:28:38 ]: [   >>>   ] [ 0  ]: WELCOME
[ 21.11.2010 19:28:38 ]: [ NEWUSER ] [ 0 ]: TIME: 1290367718
[ 21.11.2010 19:28:38 ]: [   >>>   ] [ 0  ]: WELCOME
[ 21.11.2010 19:28:38 ]: [ NEWUSER ] [ 0 ]: TIME: 1290367718
[ 21.11.2010 19:28:38 ]: [   >>>   ] [ 0  ]: WELCOME
[ 21.11.2010 19:28:38 ]: [ NEWUSER ] [ 0 ]: TIME: 1290367718
[ 21.11.2010 19:28:38 ]: [   >>>   ] [ 0  ]: WELCOME
[ 21.11.2010 19:28:41 ]: [ NEWUSER ] [ 0 ]: TIME: 1290367721
[ 21.11.2010 19:28:41 ]: [   >>>   ] [ 0  ]: WELCOME
[ 21.11.2010 19:28:41 ]: [   <<<   ] [ 0  (0) ]: notice;opfer
[ 21.11.2010 19:28:41 ]: [    N    ] [ 0 ]: opfer
[ 21.11.2010 19:28:41 ]: [   >>>   ] [ 0  (0) ]: NOTICE;opfer
[ 21.11.2010 19:28:41 ]: [  KILLD  ] [ 0 ]: TIME: 1290367722
[ 21.11.2010 19:28:41 ]: [   >>>   ] [ 0  (0) ]: NOTICE;opfer
[ 21.11.2010 19:28:41 ]: [  KILLD  ] [ 0 ]: TIME: 1290367722
[ 21.11.2010 19:28:41 ]: [   >>>   ] [ 0  (0) ]: NOTICE;opfer
[ 21.11.2010 19:28:41 ]: [  KILLD  ] [ 0 ]: TIME: 1290367722
[ 21.11.2010 19:28:41 ]: [   >>>   ] [ 0  (0) ]: NOTICE;opfer
[ 21.11.2010 19:28:41 ]: [  KILLD  ] [ 0 ]: TIME: 1290367722
[ 21.11.2010 19:28:41 ]: [   >>>   ] [ 0  (0) ]: NOTICE;opfer
[ 21.11.2010 19:28:41 ]: [  KILLD  ] [ 0 ]: TIME: 1290367722
[ 21.11.2010 19:28:41 ]: [   >>>   ] [ 0  (0) ]: NOTICE;opfer
[ 21.11.2010 19:28:41 ]: [  KILLD  ] [ 0 ]: TIME: 1290367722
[ 21.11.2010 19:28:41 ]: [   >>>   ] [ 0  (0) ]: NOTICE;opfer
[ 21.11.2010 19:28:41 ]: [  KILLD  ] [ 0 ]: TIME: 1290367722
[ 21.11.2010 19:28:41 ]: [   >>>   ] [ 0  (0) ]: NOTICE;opfer
[ 21.11.2010 19:28:41 ]: [  KILLD  ] [ 0 ]: TIME: 1290367722
[ 21.11.2010 19:28:41 ]: [   >>>   ] [ 0  (0) ]: NOTICE;opfer
[ 21.11.2010 19:28:41 ]: [  KILLD  ] [ 0 ]: TIME: 1290367722
[ 21.11.2010 19:28:41 ]: [   >>>   ] [ 0  (0) ]: NOTICE;opfer
[ 21.11.2010 19:28:41 ]: [  KILLD  ] [ 0 ]: TIME: 1290367722
[ 21.11.2010 19:28:41 ]: [   >>>   ] [ 0  (0) ]: NOTICE;opfer
[ 21.11.2010 19:28:41 ]: [   >>>   ] [ 0  (0) ]: NOTICE;opfer
[ 21.11.2010 19:28:41 ]: [   >>>   ] [ 0  (0) ]: NOTICE;opfer
[ 21.11.2010 19:28:41 ]: [   >>>   ] [ 0  (0) ]: NOTICE;opfer
[ 21.11.2010 19:28:41 ]: [   >>>   ] [ 0  (0) ]: NOTICE;opfer
[ 21.11.2010 19:28:41 ]: [   >>>   ] [ 0  (0) ]: NOTICE;opfer
[ 21.11.2010 19:28:41 ]: [   >>>   ] [ 0  (0) ]: NOTICE;opfer
[ 21.11.2010 19:28:41 ]: [   >>>   ] [ 0  (0) ]: NOTICE;opfer
[ 21.11.2010 19:28:41 ]: [   >>>   ] [ 0  (0) ]: NOTICE;opfer
[ 21.11.2010 19:28:41 ]: [   >>>   ] [ 0  (0) ]: NOTICE;opfer
[ 21.11.2010 19:28:42 ]: [ NEWUSER ] [ 0 ]: TIME: 1290367722
[ 21.11.2010 19:28:42 ]: [   >>>   ] [ 0  ]: WELCOME
[ 21.11.2010 19:30:17 ]: [   <<<   ] [ 0  (0) ]: ????
[ 21.11.2010 19:30:17 ]: [   >>>   ] [ 0  (0) ]: ERROR;20
