[ 27.11.2010 13:34:27 ]: Using Syslog: ./syslog/1290864867.log
[ 27.11.2010 13:34:27 ]: Game Server v0.2.1 starting up...
[ 27.11.2010 13:34:32 ]: PLAYER DB			READY
[ 27.11.2010 13:34:36 ]: GAME DB			READY
[ 27.11.2010 13:34:36 ]: ADDED ITEM: 0; 1
[ 27.11.2010 13:34:36 ]: ADDED ITEM: 0; 1
[ 27.11.2010 13:34:36 ]: ADDED ITEM: 0; 1
[ 27.11.2010 13:34:36 ]: ADDED ITEM: 0; 1
[ 27.11.2010 13:34:36 ]: ADDED ITEM: 0; 1
[ 27.11.2010 13:34:36 ]: ADDED ITEM: 0; 1
[ 27.11.2010 13:34:36 ]: ADDED ITEM: 0; 1
[ 27.11.2010 13:34:36 ]: LISTEN THREAD			READY
[ 27.11.2010 13:34:36 ]: NPC CONTROL			READY
[ 27.11.2010 13:34:36 ]: GAME SERVER READY		READY
[ 27.11.2010 13:34:48 ]: [ NEWUSER ] [ 0 ]: TIME: 1290864889
[ 27.11.2010 13:34:48 ]: [   >>>   ] [ 0  ]: WELCOME
[ 27.11.2010 13:34:49 ]: [   <<<   ] [ 0  (0) ]: item;1
[ 27.11.2010 13:34:49 ]: ADDED ITEM: 0; 1
[ 27.11.2010 13:34:49 ]: [   >>>   ] [ 0  (0) ]: ITEM;OK;0;1
[ 27.11.2010 14:08:29 ]: [   <<<   ] [ 0  (0) ]: item;1
[ 27.11.2010 14:08:29 ]: ADDED ITEM: 0; 1
[ 27.11.2010 14:08:29 ]: [   >>>   ] [ 0  (0) ]: ITEM;OK;0;1
