[ 25.11.2010 19:24:01 ]: Using Syslog: ./syslog/1290713042.log
[ 25.11.2010 19:24:01 ]: Game Server v0.2.1 starting up...
[ 25.11.2010 19:24:07 ]: PLAYER DB			READY
[ 25.11.2010 19:24:12 ]: GAME DB			READY
[ 25.11.2010 19:24:12 ]: LISTEN THREAD			READY
[ 25.11.2010 19:24:12 ]: NPC CONTROL			READY
[ 25.11.2010 19:24:12 ]: GAME SERVER READY		READY
[ 25.11.2010 19:24:13 ]: [ NEWUSER ] [ 0 ]: TIME: 1290713053
[ 25.11.2010 19:24:13 ]: [   >>>   ] [ 0  ]: WELCOME
[ 25.11.2010 19:24:13 ]: [   <<<   ] [ 0  (0) ]: STATS
[ 25.11.2010 19:24:13 ]: [   >>>   ] [ 0  (0) ]: STATS;1;0
[ 25.11.2010 19:24:13 ]: [   <<<   ] [ 0  (0) ]: QUIT
[ 25.11.2010 19:24:13 ]: [   >>>   ] [ 0  ]: BYE
[ 25.11.2010 19:24:13 ]: [  KILLD  ] [ 0 ]: TIME: 1290713054
[ 25.11.2010 19:24:15 ]: [ NEWUSER ] [ 0 ]: TIME: 1290713055
[ 25.11.2010 19:24:15 ]: [   >>>   ] [ 0  ]: WELCOME
[ 25.11.2010 19:24:15 ]: [   <<<   ] [ 0  (0) ]: STATS
[ 25.11.2010 19:24:15 ]: [   >>>   ] [ 0  (0) ]: STATS;1;0
[ 25.11.2010 19:24:15 ]: [   <<<   ] [ 0  (0) ]: QUIT
[ 25.11.2010 19:24:15 ]: [   >>>   ] [ 0  ]: BYE
[ 25.11.2010 19:24:15 ]: [  KILLD  ] [ 0 ]: TIME: 1290713055
[ 25.11.2010 19:24:15 ]: [ NEWUSER ] [ 0 ]: TIME: 1290713055
[ 25.11.2010 19:24:15 ]: [   >>>   ] [ 0  ]: WELCOME
[ 25.11.2010 19:24:15 ]: [   <<<   ] [ 0  (0) ]: STATS
[ 25.11.2010 19:24:15 ]: [   >>>   ] [ 0  (0) ]: STATS;1;0
[ 25.11.2010 19:24:15 ]: [   <<<   ] [ 0  (0) ]: QUIT
[ 25.11.2010 19:24:15 ]: [   >>>   ] [ 0  ]: BYE
[ 25.11.2010 19:24:15 ]: [  KILLD  ] [ 0 ]: TIME: 1290713055
[ 25.11.2010 19:24:15 ]: [ NEWUSER ] [ 0 ]: TIME: 1290713056
[ 25.11.2010 19:24:15 ]: [   >>>   ] [ 0  ]: WELCOME
[ 25.11.2010 19:24:15 ]: [   <<<   ] [ 0  (0) ]: STATS
[ 25.11.2010 19:24:15 ]: [   >>>   ] [ 0  (0) ]: STATS;1;0
[ 25.11.2010 19:24:15 ]: [   <<<   ] [ 0  (0) ]: QUIT
[ 25.11.2010 19:24:15 ]: [   >>>   ] [ 0  ]: BYE
[ 25.11.2010 19:24:15 ]: [  KILLD  ] [ 0 ]: TIME: 1290713056
[ 25.11.2010 19:24:15 ]: [ NEWUSER ] [ 0 ]: TIME: 1290713056
[ 25.11.2010 19:24:15 ]: [   >>>   ] [ 0  ]: WELCOME
[ 25.11.2010 19:24:15 ]: [   <<<   ] [ 0  (0) ]: STATS
[ 25.11.2010 19:24:15 ]: [   >>>   ] [ 0  (0) ]: STATS;1;0
[ 25.11.2010 19:24:15 ]: [   <<<   ] [ 0  (0) ]: QUIT
[ 25.11.2010 19:24:15 ]: [   >>>   ] [ 0  ]: BYE
[ 25.11.2010 19:24:15 ]: [  KILLD  ] [ 0 ]: TIME: 1290713056
[ 25.11.2010 19:24:34 ]: [ NEWUSER ] [ 0 ]: TIME: 1290713074
[ 25.11.2010 19:24:34 ]: [   >>>   ] [ 0  ]: WELCOME
[ 25.11.2010 19:24:34 ]: [   <<<   ] [ 0  (0) ]: STATS
[ 25.11.2010 19:24:34 ]: [   >>>   ] [ 0  (0) ]: STATS;1;0
[ 25.11.2010 19:24:34 ]: [   <<<   ] [ 0  (0) ]: QUIT
[ 25.11.2010 19:24:34 ]: [   >>>   ] [ 0  ]: BYE
[ 25.11.2010 19:24:34 ]: [  KILLD  ] [ 0 ]: TIME: 1290713075
[ 25.11.2010 19:24:35 ]: [ NEWUSER ] [ 0 ]: TIME: 1290713076
[ 25.11.2010 19:24:35 ]: [   >>>   ] [ 0  ]: WELCOME
[ 25.11.2010 19:24:35 ]: [   <<<   ] [ 0  (0) ]: STATS
[ 25.11.2010 19:24:35 ]: [   >>>   ] [ 0  (0) ]: STATS;1;0
[ 25.11.2010 19:24:35 ]: [   <<<   ] [ 0  (0) ]: QUIT
[ 25.11.2010 19:24:35 ]: [   >>>   ] [ 0  ]: BYE
[ 25.11.2010 19:24:35 ]: [  KILLD  ] [ 0 ]: TIME: 1290713076
[ 25.11.2010 19:24:37 ]: [ NEWUSER ] [ 0 ]: TIME: 1290713078
[ 25.11.2010 19:24:37 ]: [   >>>   ] [ 0  ]: WELCOME
[ 25.11.2010 19:24:39 ]: [ NEWUSER ] [ 0 ]: TIME: 1290713079
[ 25.11.2010 19:24:39 ]: [   >>>   ] [ 0  ]: WELCOME
[ 25.11.2010 19:24:39 ]: [   <<<   ] [ 0  (0) ]: STATS
[ 25.11.2010 19:24:39 ]: [   >>>   ] [ 0  (0) ]: STATS;2;0
[ 25.11.2010 19:24:39 ]: [   <<<   ] [ 0  (0) ]: QUIT
[ 25.11.2010 19:24:39 ]: [   >>>   ] [ 0  ]: BYE
[ 25.11.2010 19:24:39 ]: [  KILLD  ] [ 0 ]: TIME: 1290713079
[ 25.11.2010 19:30:26 ]: [   <<<   ] [ 0  (0) ]: stats
[ 25.11.2010 19:30:26 ]: [   >>>   ] [ 0  (0) ]: STATS;1;0
