[ 27.11.2010 14:26:13 ]: Using Syslog: ./syslog/1290867974.log
[ 27.11.2010 14:26:13 ]: Game Server v0.2.1 starting up...
[ 27.11.2010 14:26:19 ]: PLAYER DB			READY
[ 27.11.2010 14:26:24 ]: GAME DB			READY
[ 27.11.2010 14:26:24 ]: CACHING ITEMS...
[ 27.11.2010 14:26:24 ]: ADDED ITEM: 49; 1
[ 27.11.2010 14:26:24 ]: ADDED ITEM: 50; 1
[ 27.11.2010 14:26:24 ]: ADDED ITEM: 51; 1
[ 27.11.2010 14:26:24 ]: ADDED ITEM: 52; 1
[ 27.11.2010 14:26:24 ]: ADDED ITEM: 53; 1
[ 27.11.2010 14:26:24 ]: LISTEN THREAD			READY
[ 27.11.2010 14:26:24 ]: NPC CONTROL			READY
[ 27.11.2010 14:26:24 ]: GAME SERVER READY		READY
[ 27.11.2010 14:26:28 ]: [ NEWUSER ] [ 0 ]: TIME: 1290867988
[ 27.11.2010 14:26:28 ]: [   >>>   ] [ 0  ]: WELCOME
[ 27.11.2010 14:26:32 ]: [   <<<   ] [ 0  (0) ]: item;1
[ 27.11.2010 14:26:32 ]: ADDED ITEM: 54; 1
[ 27.11.2010 14:26:32 ]: [   >>>   ] [ 0  (0) ]: ITEM;OK;54;1
[ 27.11.2010 14:26:34 ]: [   <<<   ] [ 0  (0) ]: spawn;1001
[ 27.11.2010 14:26:34 ]: [   >>>   ] [ 0  (0) ]: SPAWN;OK;1;1001;-4;2;4
[ 27.11.2010 14:28:08 ]: [   <<<   ] [ 0  (0) ]: item;1
[ 27.11.2010 14:28:08 ]: ADDED ITEM: 55; 1
[ 27.11.2010 14:28:08 ]: [   >>>   ] [ 0  (0) ]: ITEM;OK;55;1
[ 27.11.2010 14:37:00 ]: [ NEWUSER ] [ 0 ]: TIME: 1290868620
[ 27.11.2010 14:37:00 ]: [   >>>   ] [ 0  ]: WELCOME
[ 27.11.2010 14:37:00 ]: [   <<<   ] [ 0  (0) ]: LOG;xenor
[ 27.11.2010 14:37:00 ]: [ NEWUSER ] [ 0 ]: TIME: 1290868620
[ 27.11.2010 14:37:00 ]: [   >>>   ] [ 0  (0) ]: LOG;ERROR
[ 27.11.2010 14:37:18 ]: [ NEWUSER ] [ 0 ]: TIME: 1290868638
[ 27.11.2010 14:37:18 ]: [   >>>   ] [ 0  ]: WELCOME
[ 27.11.2010 14:37:18 ]: [   <<<   ] [ 0  (0) ]: LOGIN;xenor;0;lalaftw#!
[ 27.11.2010 14:37:18 ]: [   >>>   ] [ 1 xenor (7) ]: LOGIN;OK
[ 27.11.2010 14:37:18 ]: [   >>>   ] [ 1 xenor (7) ]: ITEM;OK;49;1
[ 27.11.2010 14:37:18 ]: [   >>>   ] [ 1 xenor (7) ]: ITEM;OK;50;1
[ 27.11.2010 14:37:18 ]: [   >>>   ] [ 1 xenor (7) ]: ITEM;OK;51;1
[ 27.11.2010 14:37:18 ]: [   >>>   ] [ 1 xenor (7) ]: ITEM;OK;52;1
[ 27.11.2010 14:37:18 ]: [   >>>   ] [ 1 xenor (7) ]: ITEM;OK;53;1
[ 27.11.2010 14:37:18 ]: [   >>>   ] [ 1 xenor (7) ]: ITEM;OK;54;1
[ 27.11.2010 14:37:18 ]: [   >>>   ] [ 1 xenor (7) ]: ITEM;OK;55;1
[ 27.11.2010 14:38:19 ]: [ NEWUSER ] [ 0 ]: TIME: 1290868699
[ 27.11.2010 14:38:19 ]: [   >>>   ] [ 0  ]: WELCOME
[ 27.11.2010 14:38:19 ]: [   <<<   ] [ 0  (0) ]: LOGIN;xenor;0;lalaftw#!
[ 27.11.2010 14:38:19 ]: [   >>>   ] [ 1 xenor (7) ]: LOGIN;OK
[ 27.11.2010 14:38:19 ]: [   >>>   ] [ 1 xenor (7) ]: ITEM;OK;49;1
[ 27.11.2010 14:38:19 ]: [   >>>   ] [ 1 xenor (7) ]: ITEM;OK;50;1
[ 27.11.2010 14:38:19 ]: [   >>>   ] [ 1 xenor (7) ]: ITEM;OK;51;1
[ 27.11.2010 14:38:19 ]: [   >>>   ] [ 1 xenor (7) ]: ITEM;OK;52;1
[ 27.11.2010 14:38:19 ]: [   >>>   ] [ 1 xenor (7) ]: ITEM;OK;53;1
[ 27.11.2010 14:38:19 ]: [   >>>   ] [ 1 xenor (7) ]: ITEM;OK;54;1
[ 27.11.2010 14:38:19 ]: [   >>>   ] [ 1 xenor (7) ]: ITEM;OK;55;1
[ 27.11.2010 14:38:26 ]: [ NEWUSER ] [ 0 ]: TIME: 1290868707
[ 27.11.2010 14:38:26 ]: [   >>>   ] [ 0  ]: WELCOME
[ 27.11.2010 14:38:26 ]: [   <<<   ] [ 0  (0) ]: LOGIN;xenor;0;lalaftw#!
[ 27.11.2010 14:38:26 ]: [   >>>   ] [ 1 xenor (7) ]: LOGIN;OK
[ 27.11.2010 14:38:26 ]: [   >>>   ] [ 1 xenor (7) ]: ITEM;OK;49;1
[ 27.11.2010 14:38:26 ]: [   >>>   ] [ 1 xenor (7) ]: ITEM;OK;50;1
[ 27.11.2010 14:38:26 ]: [   >>>   ] [ 1 xenor (7) ]: ITEM;OK;51;1
[ 27.11.2010 14:38:26 ]: [   >>>   ] [ 1 xenor (7) ]: ITEM;OK;52;1
[ 27.11.2010 14:38:26 ]: [   >>>   ] [ 1 xenor (7) ]: ITEM;OK;53;1
[ 27.11.2010 14:38:26 ]: [   >>>   ] [ 1 xenor (7) ]: ITEM;OK;54;1
[ 27.11.2010 14:38:26 ]: [   >>>   ] [ 1 xenor (7) ]: ITEM;OK;55;1
[ 27.11.2010 14:38:27 ]: [ NEWUSER ] [ 0 ]: TIME: 1290868708
[ 27.11.2010 14:38:27 ]: [   >>>   ] [ 0  ]: WELCOME
[ 27.11.2010 14:38:27 ]: [   <<<   ] [ 0  (0) ]: LOGIN;xenor;0;lalaftw#!
[ 27.11.2010 14:38:27 ]: [   >>>   ] [ 1 xenor (7) ]: LOGIN;OK
[ 27.11.2010 14:38:27 ]: [   >>>   ] [ 1 xenor (7) ]: ITEM;OK;49;1
[ 27.11.2010 14:38:27 ]: [   >>>   ] [ 1 xenor (7) ]: ITEM;OK;50;1
[ 27.11.2010 14:38:27 ]: [   >>>   ] [ 1 xenor (7) ]: ITEM;OK;51;1
[ 27.11.2010 14:38:27 ]: [   >>>   ] [ 1 xenor (7) ]: ITEM;OK;52;1
[ 27.11.2010 14:38:27 ]: [   >>>   ] [ 1 xenor (7) ]: ITEM;OK;53;1
[ 27.11.2010 14:38:27 ]: [   >>>   ] [ 1 xenor (7) ]: ITEM;OK;54;1
[ 27.11.2010 14:38:27 ]: [   >>>   ] [ 1 xenor (7) ]: ITEM;OK;55;1
[ 27.11.2010 14:38:54 ]: [ NEWUSER ] [ 0 ]: TIME: 1290868735
[ 27.11.2010 14:38:54 ]: [   >>>   ] [ 0  ]: WELCOME
[ 27.11.2010 14:38:54 ]: [   <<<   ] [ 0  (0) ]: LOGIN;xenor;0;lalaftw#!
[ 27.11.2010 14:38:54 ]: [   >>>   ] [ 1 xenor (7) ]: LOGIN;OK
[ 27.11.2010 14:38:54 ]: [   >>>   ] [ 1 xenor (7) ]: ITEM;OK;49;1
[ 27.11.2010 14:38:54 ]: [   >>>   ] [ 1 xenor (7) ]: ITEM;OK;50;1
[ 27.11.2010 14:38:54 ]: [   >>>   ] [ 1 xenor (7) ]: ITEM;OK;51;1
[ 27.11.2010 14:38:54 ]: [   >>>   ] [ 1 xenor (7) ]: ITEM;OK;52;1
[ 27.11.2010 14:38:54 ]: [   >>>   ] [ 1 xenor (7) ]: ITEM;OK;53;1
[ 27.11.2010 14:38:54 ]: [   >>>   ] [ 1 xenor (7) ]: ITEM;OK;54;1
[ 27.11.2010 14:38:54 ]: [   >>>   ] [ 1 xenor (7) ]: ITEM;OK;55;1
[ 27.11.2010 14:39:02 ]: [ NEWUSER ] [ 0 ]: TIME: 1290868742
[ 27.11.2010 14:39:02 ]: [   >>>   ] [ 0  ]: WELCOME
[ 27.11.2010 14:39:02 ]: [   <<<   ] [ 0  (0) ]: LOGIN;xenor;0;lalaftw#!
[ 27.11.2010 14:39:02 ]: [   >>>   ] [ 1 xenor (7) ]: LOGIN;OK
[ 27.11.2010 14:39:02 ]: [   >>>   ] [ 1 xenor (7) ]: ITEM;OK;49;1
[ 27.11.2010 14:39:02 ]: [   >>>   ] [ 1 xenor (7) ]: ITEM;OK;50;1
[ 27.11.2010 14:39:02 ]: [   >>>   ] [ 1 xenor (7) ]: ITEM;OK;51;1
[ 27.11.2010 14:39:02 ]: [   >>>   ] [ 1 xenor (7) ]: ITEM;OK;52;1
[ 27.11.2010 14:39:02 ]: [   >>>   ] [ 1 xenor (7) ]: ITEM;OK;53;1
[ 27.11.2010 14:39:02 ]: [   >>>   ] [ 1 xenor (7) ]: ITEM;OK;54;1
[ 27.11.2010 14:39:02 ]: [   >>>   ] [ 1 xenor (7) ]: ITEM;OK;55;1
[ 27.11.2010 14:40:39 ]: [ NEWUSER ] [ 0 ]: TIME: 1290868839
[ 27.11.2010 14:40:39 ]: [   >>>   ] [ 0  ]: WELCOME
[ 27.11.2010 14:40:39 ]: [   <<<   ] [ 0  (0) ]: LOGIN;xenor;0;lalaftw#!
[ 27.11.2010 14:40:39 ]: [   >>>   ] [ 1 xenor (7) ]: LOGIN;OK
[ 27.11.2010 14:40:39 ]: [   >>>   ] [ 1 xenor (7) ]: ITEM;OK;49;1
[ 27.11.2010 14:40:39 ]: [   >>>   ] [ 1 xenor (7) ]: ITEM;OK;50;1
[ 27.11.2010 14:40:39 ]: [   >>>   ] [ 1 xenor (7) ]: ITEM;OK;51;1
[ 27.11.2010 14:40:39 ]: [   >>>   ] [ 1 xenor (7) ]: ITEM;OK;52;1
[ 27.11.2010 14:40:39 ]: [   >>>   ] [ 1 xenor (7) ]: ITEM;OK;53;1
[ 27.11.2010 14:40:39 ]: [   >>>   ] [ 1 xenor (7) ]: ITEM;OK;54;1
[ 27.11.2010 14:40:39 ]: [   >>>   ] [ 1 xenor (7) ]: ITEM;OK;55;1
[ 27.11.2010 14:42:37 ]: [ NEWUSER ] [ 0 ]: TIME: 1290868957
[ 27.11.2010 14:42:37 ]: [   >>>   ] [ 0  ]: WELCOME
[ 27.11.2010 14:42:37 ]: [   <<<   ] [ 0  (0) ]: LOGIN;xenor;0;lalaftw#!
[ 27.11.2010 14:42:37 ]: [   >>>   ] [ 1 xenor (7) ]: LOGIN;OK
[ 27.11.2010 14:42:37 ]: [   >>>   ] [ 1 xenor (7) ]: ITEM;OK;49;1
[ 27.11.2010 14:42:37 ]: [   >>>   ] [ 1 xenor (7) ]: ITEM;OK;50;1
[ 27.11.2010 14:42:37 ]: [   >>>   ] [ 1 xenor (7) ]: ITEM;OK;51;1
[ 27.11.2010 14:42:37 ]: [   >>>   ] [ 1 xenor (7) ]: ITEM;OK;52;1
[ 27.11.2010 14:42:37 ]: [   >>>   ] [ 1 xenor (7) ]: ITEM;OK;53;1
[ 27.11.2010 14:42:37 ]: [   >>>   ] [ 1 xenor (7) ]: ITEM;OK;54;1
[ 27.11.2010 14:42:37 ]: [   >>>   ] [ 1 xenor (7) ]: ITEM;OK;55;1
[ 27.11.2010 14:42:59 ]: [ NEWUSER ] [ 0 ]: TIME: 1290868979
[ 27.11.2010 14:42:59 ]: [   >>>   ] [ 0  ]: WELCOME
[ 27.11.2010 14:42:59 ]: [   <<<   ] [ 0  (0) ]: LOGIN;xenor;0;lalaftw#!
[ 27.11.2010 14:42:59 ]: [   >>>   ] [ 1 xenor (7) ]: LOGIN;OK
[ 27.11.2010 14:42:59 ]: [   >>>   ] [ 1 xenor (7) ]: ITEM;OK;49;1
[ 27.11.2010 14:42:59 ]: [   >>>   ] [ 1 xenor (7) ]: ITEM;OK;50;1
[ 27.11.2010 14:42:59 ]: [  KILLD  ] [ 1 ]: TIME: 1290868979
[ 27.11.2010 14:42:59 ]: [  KILLD  ] [ 1 ]: TIME: 1290868979
[ 27.11.2010 14:42:59 ]: [  KILLD  ] [ 1 ]: TIME: 1290868979
[ 27.11.2010 14:42:59 ]: [  KILLD  ] [ 1 ]: TIME: 1290868979
[ 27.11.2010 14:42:59 ]: [  KILLD  ] [ 1 ]: TIME: 1290868979
[ 27.11.2010 14:43:14 ]: [ NEWUSER ] [ 0 ]: TIME: 1290868994
[ 27.11.2010 14:43:14 ]: [   >>>   ] [ 0  ]: WELCOME
[ 27.11.2010 14:43:14 ]: [   <<<   ] [ 0  (0) ]: LOGIN;xenor;0;lalaftw#!
[ 27.11.2010 14:43:14 ]: [   >>>   ] [ 1 xenor (7) ]: LOGIN;OK
[ 27.11.2010 14:43:14 ]: [   >>>   ] [ 1 xenor (7) ]: ITEM;OK;49;1
[ 27.11.2010 14:43:14 ]: [   >>>   ] [ 1 xenor (7) ]: ITEM;OK;50;1
[ 27.11.2010 14:43:14 ]: [  KILLD  ] [ 1 ]: TIME: 1290868994
[ 27.11.2010 14:43:14 ]: [  KILLD  ] [ 1 ]: TIME: 1290868994
[ 27.11.2010 14:43:14 ]: [  KILLD  ] [ 1 ]: TIME: 1290868994
[ 27.11.2010 14:43:14 ]: [  KILLD  ] [ 1 ]: TIME: 1290868994
[ 27.11.2010 14:43:14 ]: [  KILLD  ] [ 1 ]: TIME: 1290868994
[ 27.11.2010 14:43:18 ]: [ NEWUSER ] [ 0 ]: TIME: 1290868998
[ 27.11.2010 14:43:18 ]: [   >>>   ] [ 0  ]: WELCOME
[ 27.11.2010 14:43:18 ]: [   <<<   ] [ 0  (0) ]: LOGIN;xenor;0;lalaftw#!
[ 27.11.2010 14:43:18 ]: [   >>>   ] [ 1 xenor (7) ]: LOGIN;OK
[ 27.11.2010 14:43:18 ]: [   >>>   ] [ 1 xenor (7) ]: ITEM;OK;49;1
[ 27.11.2010 14:43:18 ]: [   >>>   ] [ 1 xenor (7) ]: ITEM;OK;50;1
[ 27.11.2010 14:43:18 ]: [  KILLD  ] [ 1 ]: TIME: 1290868998
[ 27.11.2010 14:43:18 ]: [  KILLD  ] [ 1 ]: TIME: 1290868998
[ 27.11.2010 14:43:18 ]: [  KILLD  ] [ 1 ]: TIME: 1290868998
[ 27.11.2010 14:43:18 ]: [  KILLD  ] [ 1 ]: TIME: 1290868998
[ 27.11.2010 14:43:18 ]: [  KILLD  ] [ 1 ]: TIME: 1290868998
[ 27.11.2010 14:43:47 ]: [ NEWUSER ] [ 0 ]: TIME: 1290869028
[ 27.11.2010 14:43:47 ]: [   >>>   ] [ 0  ]: WELCOME
[ 27.11.2010 14:43:47 ]: [   <<<   ] [ 0  (0) ]: LOGIN;xenor;0;lalaftw#!
[ 27.11.2010 14:43:47 ]: [   >>>   ] [ 1 xenor (7) ]: LOGIN;OK
[ 27.11.2010 14:43:47 ]: [   >>>   ] [ 1 xenor (7) ]: ITEM;OK;49;1
[ 27.11.2010 14:43:47 ]: [   >>>   ] [ 1 xenor (7) ]: ITEM;OK;50;1
[ 27.11.2010 14:43:47 ]: [   >>>   ] [ 1 xenor (7) ]: ITEM;OK;51;1
[ 27.11.2010 14:43:47 ]: [   >>>   ] [ 1 xenor (7) ]: ITEM;OK;52;1
[ 27.11.2010 14:43:47 ]: [   >>>   ] [ 1 xenor (7) ]: ITEM;OK;53;1
[ 27.11.2010 14:43:47 ]: [   >>>   ] [ 1 xenor (7) ]: ITEM;OK;54;1
[ 27.11.2010 14:43:47 ]: [   >>>   ] [ 1 xenor (7) ]: ITEM;OK;55;1
[ 27.11.2010 14:44:03 ]: [ NEWUSER ] [ 0 ]: TIME: 1290869043
[ 27.11.2010 14:44:03 ]: [   >>>   ] [ 0  ]: WELCOME
[ 27.11.2010 14:44:03 ]: [   <<<   ] [ 0  (0) ]: LOGIN;xenor;0;lalaftw#!
[ 27.11.2010 14:44:03 ]: [   >>>   ] [ 1 xenor (7) ]: LOGIN;OK
[ 27.11.2010 14:44:03 ]: [   >>>   ] [ 1 xenor (7) ]: ITEM;OK;49;1
[ 27.11.2010 14:44:03 ]: [   >>>   ] [ 1 xenor (7) ]: ITEM;OK;50;1
[ 27.11.2010 14:44:03 ]: [   >>>   ] [ 1 xenor (7) ]: ITEM;OK;51;1
[ 27.11.2010 14:44:03 ]: [   >>>   ] [ 1 xenor (7) ]: ITEM;OK;52;1
[ 27.11.2010 14:44:03 ]: [   >>>   ] [ 1 xenor (7) ]: ITEM;OK;53;1
[ 27.11.2010 14:44:03 ]: [   >>>   ] [ 1 xenor (7) ]: ITEM;OK;54;1
[ 27.11.2010 14:44:03 ]: [   >>>   ] [ 1 xenor (7) ]: ITEM;OK;55;1
[ 27.11.2010 14:48:16 ]: [ NEWUSER ] [ 0 ]: TIME: 1290869297
[ 27.11.2010 14:48:16 ]: [   >>>   ] [ 0  ]: WELCOME
[ 27.11.2010 14:48:16 ]: [   <<<   ] [ 0  (0) ]: LOGIN;xenor;0;lalaftw#!
[ 27.11.2010 14:48:16 ]: [   >>>   ] [ 1 xenor (7) ]: LOGIN;OK
[ 27.11.2010 14:48:16 ]: [   >>>   ] [ 1 xenor (7) ]: ITEM;OK;49;1
[ 27.11.2010 14:48:16 ]: [   >>>   ] [ 1 xenor (7) ]: ITEM;OK;50;1
[ 27.11.2010 14:48:16 ]: [   >>>   ] [ 1 xenor (7) ]: ITEM;OK;51;1
[ 27.11.2010 14:48:16 ]: [   >>>   ] [ 1 xenor (7) ]: ITEM;OK;52;1
[ 27.11.2010 14:48:16 ]: [   >>>   ] [ 1 xenor (7) ]: ITEM;OK;53;1
[ 27.11.2010 14:48:16 ]: [   >>>   ] [ 1 xenor (7) ]: ITEM;OK;54;1
[ 27.11.2010 14:48:16 ]: [   >>>   ] [ 1 xenor (7) ]: ITEM;OK;55;1
