[ 26.11.2010 19:36:14 ]: Using Syslog: ./syslog/1290800175.log
[ 26.11.2010 19:36:14 ]: Game Server v0.2.1 starting up...
[ 26.11.2010 19:36:19 ]: PLAYER DB			READY
[ 26.11.2010 19:36:24 ]: GAME DB			READY
[ 26.11.2010 19:36:24 ]: LISTEN THREAD			READY
[ 26.11.2010 19:36:24 ]: NPC CONTROL			READY
[ 26.11.2010 19:36:24 ]: GAME SERVER READY		READY
[ 26.11.2010 19:37:32 ]: [ NEWUSER ] [ 0 ]: TIME: 1290800252
[ 26.11.2010 19:37:32 ]: [   >>>   ] [ 0  ]: WELCOME
[ 26.11.2010 19:37:34 ]: [   <<<   ] [ 0  (0) ]: item;1fgewg
[ 26.11.2010 19:37:36 ]: [   <<<   ] [ 0  (0) ]: item;42
[ 26.11.2010 19:37:36 ]: [   >>>   ] [ 0  (0) ]: ERROR;60
[ 26.11.2010 19:37:38 ]: [   <<<   ] [ 0  (0) ]: item;1001;
[ 26.11.2010 19:37:38 ]: [   >>>   ] [ 0  (0) ]: ERROR;22;ITEM;<vnum>
ERROR;22;ITEM;<vnum>;<x>;<y>;<z>
[ 26.11.2010 19:37:40 ]: [   <<<   ] [ 0  (0) ]: item;;;
[ 26.11.2010 19:37:41 ]: [   <<<   ] [ 0  (0) ]: item;;;;
[ 26.11.2010 19:37:44 ]: [   <<<   ] [ 0  (0) ]: item;1;!;!;!
[ 26.11.2010 19:37:46 ]: [   <<<   ] [ 0  (0) ]: item;!;!;!;!;!;!
[ 26.11.2010 19:39:24 ]: [   <<<   ] [ 0  (0) ]: item;1;1;1;1
[ 26.11.2010 19:39:24 ]: [   >>>   ] [ 0  (0) ]: ITEM;OK;36;1;1;1;1
