[ 27.11.2010 19:03:59 ]: Using Syslog: ./syslog/1290884639.log
[ 27.11.2010 19:03:59 ]: Game Server v0.2.1 starting up...
[ 27.11.2010 19:04:04 ]: PLAYER DB			READY
[ 27.11.2010 19:04:08 ]: GAME DB			READY
[ 27.11.2010 19:04:08 ]: CACHING ITEMS...
[ 27.11.2010 19:04:08 ]: ADDED ITEM: 49; 1
[ 27.11.2010 19:04:08 ]: ADDED ITEM: 50; 1
[ 27.11.2010 19:04:08 ]: ADDED ITEM: 51; 1
[ 27.11.2010 19:04:08 ]: ADDED ITEM: 52; 1
[ 27.11.2010 19:04:08 ]: ADDED ITEM: 53; 1
[ 27.11.2010 19:04:08 ]: ADDED ITEM: 54; 1
[ 27.11.2010 19:04:08 ]: ADDED ITEM: 55; 1
[ 27.11.2010 19:04:08 ]: ADDED ITEM: 56; 2
[ 27.11.2010 19:04:08 ]: ADDED ITEM: 57; 1
[ 27.11.2010 19:04:08 ]: LISTEN THREAD			READY
[ 27.11.2010 19:04:08 ]: NPC CONTROL			READY
[ 27.11.2010 19:04:08 ]: GAME SERVER READY		READY
[ 27.11.2010 19:04:09 ]: [ NEWUSER ] [ 0 ]: TIME: 1290884649
[ 27.11.2010 19:04:09 ]: [   >>>   ] [ 0  ]: WELCOME
[ 27.11.2010 19:04:11 ]: [   <<<   ] [ 0  (0) ]: spawn;1001
[ 27.11.2010 19:04:11 ]: [   >>>   ] [ 0  (0) ]: MOB;WARP;1;1;-2;7
[ 27.11.2010 19:04:11 ]: [   >>>   ] [ 0  (0) ]: SPAWN;OK;1;1001;1;-2;7
[ 27.11.2010 19:04:12 ]: [   <<<   ] [ 0  (0) ]: aggr
[ 27.11.2010 19:04:12 ]: [   >>>   ] [ 0  (0) ]: ATTACK;1;1001;0;10
[ 27.11.2010 19:04:14 ]: [   >>>   ] [ 0  (0) ]: ATTACK;1;1001;0;10
[ 27.11.2010 19:04:16 ]: [   >>>   ] [ 0  (0) ]: ATTACK;1;1001;0;10
[ 27.11.2010 19:04:17 ]: [   <<<   ] [ 0  (0) ]: warp;5;5;5
[ 27.11.2010 19:04:17 ]: [   >>>   ] [ 0  (0) ]: WARP;OK;5;5;5
[ 27.11.2010 19:04:18 ]: [   >>>   ] [ 0  (0) ]: ATTACK;1;1001;0;10
[ 27.11.2010 19:04:20 ]: [   >>>   ] [ 0  (0) ]: ATTACK;1;1001;0;10
[ 27.11.2010 19:04:22 ]: [   >>>   ] [ 0  (0) ]: ATTACK;1;1001;0;10
[ 27.11.2010 19:04:24 ]: [   >>>   ] [ 0  (0) ]: ATTACK;1;1001;0;10
[ 27.11.2010 19:04:26 ]: [   >>>   ] [ 0  (0) ]: ATTACK;1;1001;0;10
[ 27.11.2010 19:04:26 ]: [   <<<   ] [ 0  (0) ]: warp;1000;1000;1000
[ 27.11.2010 19:04:26 ]: [   >>>   ] [ 0  (0) ]: WARP;OK;1000;1000;1000
[ 27.11.2010 19:04:26 ]: [   >>>   ] [ 0  (0) ]: MOB;WARP;1;1000;1000;1000
[ 27.11.2010 19:04:28 ]: [   >>>   ] [ 0  (0) ]: ATTACK;1;1001;0;10
[ 27.11.2010 19:04:30 ]: [   >>>   ] [ 0  (0) ]: ATTACK;1;1001;0;10
[ 27.11.2010 19:04:32 ]: [   >>>   ] [ 0  (0) ]: ATTACK;1;1001;0;10
[ 27.11.2010 19:04:34 ]: [   >>>   ] [ 0  (0) ]: ATTACK;1;1001;0;10
[ 27.11.2010 19:04:36 ]: [   >>>   ] [ 0  (0) ]: ATTACK;1;1001;0;10
[ 27.11.2010 19:04:38 ]: [   >>>   ] [ 0  (0) ]: ATTACK;1;1001;0;10
[ 27.11.2010 19:04:40 ]: [   >>>   ] [ 0  (0) ]: ATTACK;1;1001;0;10
[ 27.11.2010 19:04:42 ]: [   >>>   ] [ 0  (0) ]: ATTACK;1;1001;0;10
[ 27.11.2010 19:04:44 ]: [   >>>   ] [ 0  (0) ]: ATTACK;1;1001;0;10
[ 27.11.2010 19:04:46 ]: [   >>>   ] [ 0  (0) ]: ATTACK;1;1001;0;10
[ 27.11.2010 19:04:48 ]: [   >>>   ] [ 0  (0) ]: ATTACK;1;1001;0;10
[ 27.11.2010 19:04:50 ]: [   >>>   ] [ 0  (0) ]: ATTACK;1;1001;0;10
[ 27.11.2010 19:04:52 ]: [   >>>   ] [ 0  (0) ]: ATTACK;1;1001;0;10
[ 27.11.2010 19:04:54 ]: [   >>>   ] [ 0  (0) ]: ATTACK;1;1001;0;10
[ 27.11.2010 19:04:56 ]: [   >>>   ] [ 0  (0) ]: ATTACK;1;1001;0;10
[ 27.11.2010 19:04:58 ]: [   >>>   ] [ 0  (0) ]: ATTACK;1;1001;0;10
[ 27.11.2010 19:05:00 ]: [   >>>   ] [ 0  (0) ]: ATTACK;1;1001;0;10
[ 27.11.2010 19:05:02 ]: [   >>>   ] [ 0  (0) ]: ATTACK;1;1001;0;10
