[ 25.11.2010 19:45:13 ]: Using Syslog: ./syslog/1290714314.log
[ 25.11.2010 19:45:13 ]: Game Server v0.2.1 starting up...
[ 25.11.2010 19:45:18 ]: PLAYER DB			READY
[ 25.11.2010 19:45:22 ]: GAME DB			READY
[ 25.11.2010 19:45:22 ]: LISTEN THREAD			READY
[ 25.11.2010 19:45:22 ]: NPC CONTROL			READY
[ 25.11.2010 19:45:22 ]: GAME SERVER READY		READY
[ 25.11.2010 19:45:24 ]: [ NEWUSER ] [ 0 ]: TIME: 1290714324
[ 25.11.2010 19:45:24 ]: [   >>>   ] [ 0  ]: WELCOME
[ 25.11.2010 19:45:25 ]: [   <<<   ] [ 0  (0) ]: item;42
[ 25.11.2010 19:46:11 ]: [   <<<   ] [ 0  (0) ]: spawn;1001
[ 25.11.2010 19:46:12 ]: [   >>>   ] [ 0  (0) ]: SPAWN;OK;1;1001;2;-2;0
[ 25.11.2010 19:46:14 ]: [ NEWUSER ] [ 0 ]: TIME: 1290714375
[ 25.11.2010 19:46:14 ]: [   >>>   ] [ 0  ]: WELCOME
[ 25.11.2010 19:46:14 ]: [   <<<   ] [ 0  (0) ]: STATS
[ 25.11.2010 19:46:14 ]: [   >>>   ] [ 0  (0) ]: STATS;2;1
[ 25.11.2010 19:46:14 ]: [   <<<   ] [ 0  (0) ]: QUIT
[ 25.11.2010 19:46:14 ]: [   >>>   ] [ 0  ]: BYE
[ 25.11.2010 19:46:14 ]: [  KILLD  ] [ 0 ]: TIME: 1290714375
[ 25.11.2010 19:46:15 ]: [ NEWUSER ] [ 0 ]: TIME: 1290714375
[ 25.11.2010 19:46:15 ]: [   >>>   ] [ 0  ]: WELCOME
[ 25.11.2010 19:46:15 ]: [   <<<   ] [ 0  (0) ]: STATS
[ 25.11.2010 19:46:15 ]: [   >>>   ] [ 0  (0) ]: STATS;2;1
[ 25.11.2010 19:46:15 ]: [   <<<   ] [ 0  (0) ]: QUIT
[ 25.11.2010 19:46:15 ]: [   >>>   ] [ 0  ]: BYE
[ 25.11.2010 19:46:15 ]: [  KILLD  ] [ 0 ]: TIME: 1290714375
[ 25.11.2010 20:02:06 ]: [ NEWUSER ] [ 0 ]: TIME: 1290715326
[ 25.11.2010 20:02:06 ]: [   >>>   ] [ 0  ]: WELCOME
[ 25.11.2010 20:02:06 ]: [   <<<   ] [ 0  (0) ]: STATS
[ 25.11.2010 20:02:06 ]: [   >>>   ] [ 0  (0) ]: STATS;2;1
[ 25.11.2010 20:02:06 ]: [   <<<   ] [ 0  (0) ]: QUIT
[ 25.11.2010 20:02:06 ]: [   >>>   ] [ 0  ]: BYE
[ 25.11.2010 20:02:06 ]: [  KILLD  ] [ 0 ]: TIME: 1290715326
[ 25.11.2010 20:02:52 ]: [ NEWUSER ] [ 0 ]: TIME: 1290715373
[ 25.11.2010 20:02:52 ]: [   >>>   ] [ 0  ]: WELCOME
[ 25.11.2010 20:02:52 ]: [   <<<   ] [ 0  (0) ]: STATS
[ 25.11.2010 20:02:52 ]: [   >>>   ] [ 0  (0) ]: STATS;2;1
[ 25.11.2010 20:02:52 ]: [   <<<   ] [ 0  (0) ]: QUIT
[ 25.11.2010 20:02:52 ]: [   >>>   ] [ 0  ]: BYE
[ 25.11.2010 20:02:52 ]: [  KILLD  ] [ 0 ]: TIME: 1290715373
