[ 22.11.2010 19:38:44 ]: Using Syslog: ./syslog/1290454724.log
[ 22.11.2010 19:38:44 ]: Game Server v0.2.1 starting up...
[ 22.11.2010 19:38:49 ]: PLAYER DB			READY
[ 22.11.2010 19:38:53 ]: GAME DB			READY
[ 22.11.2010 19:38:53 ]: LISTEN THREAD			READY
[ 22.11.2010 19:38:53 ]: NPC CONTROL			READY
[ 22.11.2010 19:38:53 ]: GAME SERVER READY		READY
[ 22.11.2010 19:38:55 ]: [ NEWUSER ] [ 0 ]: TIME: 1290454735
[ 22.11.2010 19:38:55 ]: [   >>>   ] [ 0  ]: WELCOME
[ 22.11.2010 19:38:56 ]: [ NEWUSER ] [ 0 ]: TIME: 1290454737
[ 22.11.2010 19:38:56 ]: [   >>>   ] [ 0  ]: WELCOME
[ 22.11.2010 19:38:56 ]: [ NEWUSER ] [ 0 ]: TIME: 1290454737
[ 22.11.2010 19:38:56 ]: [   >>>   ] [ 0  ]: WELCOME
[ 22.11.2010 19:38:56 ]: [ NEWUSER ] [ 0 ]: TIME: 1290454737
[ 22.11.2010 19:38:56 ]: [   >>>   ] [ 0  ]: WELCOME
[ 22.11.2010 19:38:56 ]: [ NEWUSER ] [ 0 ]: TIME: 1290454737
[ 22.11.2010 19:38:56 ]: [   >>>   ] [ 0  ]: WELCOME
[ 22.11.2010 19:38:56 ]: [ NEWUSER ] [ 0 ]: TIME: 1290454737
[ 22.11.2010 19:38:56 ]: [   >>>   ] [ 0  ]: WELCOME
[ 22.11.2010 19:38:56 ]: [ NEWUSER ] [ 0 ]: TIME: 1290454737
[ 22.11.2010 19:38:56 ]: [   >>>   ] [ 0  ]: WELCOME
[ 22.11.2010 19:38:56 ]: [ NEWUSER ] [ 0 ]: TIME: 1290454737
[ 22.11.2010 19:38:56 ]: [   >>>   ] [ 0  ]: WELCOME
[ 22.11.2010 19:38:56 ]: [ NEWUSER ] [ 0 ]: TIME: 1290454737
[ 22.11.2010 19:38:56 ]: [   >>>   ] [ 0  ]: WELCOME
[ 22.11.2010 19:38:56 ]: [ NEWUSER ] [ 0 ]: TIME: 1290454737
[ 22.11.2010 19:38:56 ]: [   >>>   ] [ 0  ]: WELCOME
[ 22.11.2010 19:38:57 ]: [ NEWUSER ] [ 0 ]: TIME: 1290454738
[ 22.11.2010 19:38:57 ]: [   >>>   ] [ 0  ]: WELCOME
[ 22.11.2010 19:38:57 ]: [ NEWUSER ] [ 0 ]: TIME: 1290454738
[ 22.11.2010 19:38:57 ]: [   >>>   ] [ 0  ]: WELCOME
[ 22.11.2010 19:38:57 ]: [ NEWUSER ] [ 0 ]: TIME: 1290454738
[ 22.11.2010 19:38:57 ]: [   >>>   ] [ 0  ]: WELCOME
[ 22.11.2010 19:38:57 ]: [ NEWUSER ] [ 0 ]: TIME: 1290454738
[ 22.11.2010 19:38:57 ]: [   >>>   ] [ 0  ]: WELCOME
[ 22.11.2010 19:38:57 ]: [ NEWUSER ] [ 0 ]: TIME: 1290454738
[ 22.11.2010 19:38:57 ]: [   >>>   ] [ 0  ]: WELCOME
[ 22.11.2010 19:38:57 ]: [ NEWUSER ] [ 0 ]: TIME: 1290454738
[ 22.11.2010 19:38:57 ]: [   >>>   ] [ 0  ]: WELCOME
[ 22.11.2010 19:38:57 ]: [ NEWUSER ] [ 0 ]: TIME: 1290454738
[ 22.11.2010 19:38:57 ]: [   >>>   ] [ 0  ]: WELCOME
[ 22.11.2010 19:38:57 ]: [ NEWUSER ] [ 0 ]: TIME: 1290454738
[ 22.11.2010 19:38:57 ]: [   >>>   ] [ 0  ]: WELCOME
[ 22.11.2010 19:38:57 ]: [ NEWUSER ] [ 0 ]: TIME: 1290454738
[ 22.11.2010 19:38:57 ]: [   >>>   ] [ 0  ]: WELCOME
[ 22.11.2010 19:38:59 ]: [ NEWUSER ] [ 0 ]: TIME: 1290454740
[ 22.11.2010 19:38:59 ]: [   >>>   ] [ 0  ]: WELCOME
[ 22.11.2010 19:38:59 ]: [ NEWUSER ] [ 0 ]: TIME: 1290454740
[ 22.11.2010 19:38:59 ]: [   >>>   ] [ 0  ]: WELCOME
[ 22.11.2010 19:38:59 ]: [ NEWUSER ] [ 0 ]: TIME: 1290454740
[ 22.11.2010 19:38:59 ]: [   >>>   ] [ 0  ]: WELCOME
[ 22.11.2010 19:38:59 ]: [ NEWUSER ] [ 0 ]: TIME: 1290454740
[ 22.11.2010 19:38:59 ]: [   >>>   ] [ 0  ]: WELCOME
[ 22.11.2010 19:38:59 ]: [ NEWUSER ] [ 0 ]: TIME: 1290454740
[ 22.11.2010 19:38:59 ]: [   >>>   ] [ 0  ]: WELCOME
[ 22.11.2010 19:38:59 ]: [ NEWUSER ] [ 0 ]: TIME: 1290454740
[ 22.11.2010 19:38:59 ]: [   >>>   ] [ 0  ]: WELCOME
[ 22.11.2010 19:38:59 ]: [ NEWUSER ] [ 0 ]: TIME: 1290454740
[ 22.11.2010 19:38:59 ]: [   >>>   ] [ 0  ]: WELCOME
[ 22.11.2010 19:38:59 ]: [ NEWUSER ] [ 0 ]: TIME: 1290454740
[ 22.11.2010 19:38:59 ]: [   >>>   ] [ 0  ]: WELCOME
[ 22.11.2010 19:38:59 ]: [ NEWUSER ] [ 0 ]: TIME: 1290454740
[ 22.11.2010 19:38:59 ]: [   >>>   ] [ 0  ]: WELCOME
[ 22.11.2010 19:39:00 ]: [ NEWUSER ] [ 0 ]: TIME: 1290454741
[ 22.11.2010 19:39:00 ]: [   >>>   ] [ 0  ]: WELCOME
[ 22.11.2010 19:39:00 ]: [ NEWUSER ] [ 0 ]: TIME: 1290454741
[ 22.11.2010 19:39:00 ]: [   >>>   ] [ 0  ]: WELCOME
[ 22.11.2010 19:39:13 ]: [ NEWUSER ] [ 0 ]: TIME: 1290454753
[ 22.11.2010 19:39:13 ]: [   >>>   ] [ 0  ]: WELCOME
[ 22.11.2010 19:39:13 ]: [ NEWUSER ] [ 0 ]: TIME: 1290454753
[ 22.11.2010 19:39:13 ]: [   >>>   ] [ 0  ]: WELCOME
[ 22.11.2010 19:39:13 ]: [ NEWUSER ] [ 0 ]: TIME: 1290454753
[ 22.11.2010 19:39:13 ]: [   >>>   ] [ 0  ]: WELCOME
[ 22.11.2010 19:39:13 ]: [ NEWUSER ] [ 0 ]: TIME: 1290454753
[ 22.11.2010 19:39:13 ]: [   >>>   ] [ 0  ]: WELCOME
[ 22.11.2010 19:39:13 ]: [ NEWUSER ] [ 0 ]: TIME: 1290454753
[ 22.11.2010 19:39:13 ]: [   >>>   ] [ 0  ]: WELCOME
[ 22.11.2010 19:39:13 ]: [ NEWUSER ] [ 0 ]: TIME: 1290454753
[ 22.11.2010 19:39:13 ]: [   >>>   ] [ 0  ]: WELCOME
[ 22.11.2010 19:39:13 ]: [ NEWUSER ] [ 0 ]: TIME: 1290454753
[ 22.11.2010 19:39:13 ]: [   >>>   ] [ 0  ]: WELCOME
[ 22.11.2010 19:39:13 ]: [ NEWUSER ] [ 0 ]: TIME: 1290454753
[ 22.11.2010 19:39:13 ]: [   >>>   ] [ 0  ]: WELCOME
[ 22.11.2010 19:39:13 ]: [ NEWUSER ] [ 0 ]: TIME: 1290454753
[ 22.11.2010 19:39:13 ]: [   >>>   ] [ 0  ]: WELCOME
[ 22.11.2010 19:39:15 ]: [   <<<   ] [ 0  (0) ]: shutdcown
[ 22.11.2010 19:39:15 ]: [   >>>   ] [ 0  (0) ]: ERROR;20
[ 22.11.2010 19:39:17 ]: [ NEWUSER ] [ 0 ]: TIME: 1290454757
[ 22.11.2010 19:39:17 ]: [   >>>   ] [ 0  ]: WELCOME
[ 22.11.2010 19:39:17 ]: [   <<<   ] [ 0  (0) ]: shutdown
[ 22.11.2010 19:39:17 ]: [   >>>   ] [ 0  (0) ]: SHUTDOWN;50;10
[ 22.11.2010 19:39:17 ]: [  KILLD  ] [ 0 ]: TIME: 1290454758
[ 22.11.2010 19:39:17 ]: [  KILLD  ] [ 0 ]: TIME: 1290454758
[ 22.11.2010 19:39:17 ]: [  KILLD  ] [ 0 ]: TIME: 1290454758
[ 22.11.2010 19:39:17 ]: [  KILLD  ] [ 0 ]: TIME: 1290454758
[ 22.11.2010 19:39:17 ]: [  KILLD  ] [ 0 ]: TIME: 1290454758
[ 22.11.2010 19:39:17 ]: [  KILLD  ] [ 0 ]: TIME: 1290454758
[ 22.11.2010 19:39:17 ]: [  KILLD  ] [ 0 ]: TIME: 1290454758
[ 22.11.2010 19:39:17 ]: [  KILLD  ] [ 0 ]: TIME: 1290454758
[ 22.11.2010 19:39:17 ]: [  KILLD  ] [ 0 ]: TIME: 1290454758
[ 22.11.2010 19:39:17 ]: [  KILLD  ] [ 0 ]: TIME: 1290454758
[ 22.11.2010 19:39:17 ]: [  KILLD  ] [ 0 ]: TIME: 1290454758
[ 22.11.2010 19:39:17 ]: [  KILLD  ] [ 0 ]: TIME: 1290454758
[ 22.11.2010 19:39:17 ]: [  KILLD  ] [ 0 ]: TIME: 1290454758
[ 22.11.2010 19:39:17 ]: [  KILLD  ] [ 0 ]: TIME: 1290454758
[ 22.11.2010 19:39:17 ]: [  KILLD  ] [ 0 ]: TIME: 1290454758
[ 22.11.2010 19:39:17 ]: [  KILLD  ] [ 0 ]: TIME: 1290454758
[ 22.11.2010 19:39:17 ]: [  KILLD  ] [ 0 ]: TIME: 1290454758
[ 22.11.2010 19:39:17 ]: [  KILLD  ] [ 0 ]: TIME: 1290454758
[ 22.11.2010 19:39:17 ]: [  KILLD  ] [ 0 ]: TIME: 1290454758
[ 22.11.2010 19:39:17 ]: [  KILLD  ] [ 0 ]: TIME: 1290454758
[ 22.11.2010 19:39:17 ]: [  KILLD  ] [ 0 ]: TIME: 1290454758
[ 22.11.2010 19:39:17 ]: [  KILLD  ] [ 0 ]: TIME: 1290454758
[ 22.11.2010 19:39:17 ]: [  KILLD  ] [ 0 ]: TIME: 1290454758
[ 22.11.2010 19:39:17 ]: [  KILLD  ] [ 0 ]: TIME: 1290454758
[ 22.11.2010 19:39:17 ]: [  KILLD  ] [ 0 ]: TIME: 1290454758
[ 22.11.2010 19:39:17 ]: [  KILLD  ] [ 0 ]: TIME: 1290454758
[ 22.11.2010 19:39:17 ]: [  KILLD  ] [ 0 ]: TIME: 1290454758
[ 22.11.2010 19:39:17 ]: [  KILLD  ] [ 0 ]: TIME: 1290454758
[ 22.11.2010 19:39:17 ]: [  KILLD  ] [ 0 ]: TIME: 1290454758
[ 22.11.2010 19:39:17 ]: [   >>>   ] [ 0  (0) ]: SHUTDOWN;50;10
[ 22.11.2010 19:39:17 ]: [   >>>   ] [ 0  (0) ]: SHUTDOWN;50;10
[ 22.11.2010 19:39:17 ]: [   >>>   ] [ 0  (0) ]: SHUTDOWN;50;10
[ 22.11.2010 19:39:17 ]: [   >>>   ] [ 0  (0) ]: SHUTDOWN;50;10
[ 22.11.2010 19:39:17 ]: [   >>>   ] [ 0  (0) ]: SHUTDOWN;50;10
[ 22.11.2010 19:39:17 ]: [   >>>   ] [ 0  (0) ]: SHUTDOWN;50;10
[ 22.11.2010 19:39:17 ]: [   >>>   ] [ 0  (0) ]: SHUTDOWN;50;10
[ 22.11.2010 19:39:17 ]: [   >>>   ] [ 0  (0) ]: SHUTDOWN;50;10
[ 22.11.2010 19:39:17 ]: [   >>>   ] [ 0  (0) ]: SHUTDOWN;50;10
[ 22.11.2010 19:39:17 ]: [   >>>   ] [ 0  (0) ]: SHUTDOWN;50;10
[ 22.11.2010 19:39:18 ]: [   >>>   ] [ 0  (0) ]: SHUTDOWN;50;9
[ 22.11.2010 19:39:18 ]: [   >>>   ] [ 0  (0) ]: SHUTDOWN;50;9
[ 22.11.2010 19:39:18 ]: [   >>>   ] [ 0  (0) ]: SHUTDOWN;50;9
[ 22.11.2010 19:39:18 ]: [   >>>   ] [ 0  (0) ]: SHUTDOWN;50;9
[ 22.11.2010 19:39:18 ]: [   >>>   ] [ 0  (0) ]: SHUTDOWN;50;9
[ 22.11.2010 19:39:18 ]: [   >>>   ] [ 0  (0) ]: SHUTDOWN;50;9
[ 22.11.2010 19:39:18 ]: [   >>>   ] [ 0  (0) ]: SHUTDOWN;50;9
[ 22.11.2010 19:39:18 ]: [   >>>   ] [ 0  (0) ]: SHUTDOWN;50;9
[ 22.11.2010 19:39:18 ]: [   >>>   ] [ 0  (0) ]: SHUTDOWN;50;9
[ 22.11.2010 19:39:18 ]: [   >>>   ] [ 0  (0) ]: SHUTDOWN;50;9
[ 22.11.2010 19:39:18 ]: [   >>>   ] [ 0  (0) ]: SHUTDOWN;50;9
[ 22.11.2010 19:39:19 ]: [   >>>   ] [ 0  (0) ]: SHUTDOWN;50;8
[ 22.11.2010 19:39:19 ]: [   >>>   ] [ 0  (0) ]: SHUTDOWN;50;8
[ 22.11.2010 19:39:19 ]: [   >>>   ] [ 0  (0) ]: SHUTDOWN;50;8
[ 22.11.2010 19:39:19 ]: [   >>>   ] [ 0  (0) ]: SHUTDOWN;50;8
[ 22.11.2010 19:39:19 ]: [   >>>   ] [ 0  (0) ]: SHUTDOWN;50;8
[ 22.11.2010 19:39:19 ]: [   >>>   ] [ 0  (0) ]: SHUTDOWN;50;8
[ 22.11.2010 19:39:19 ]: [   >>>   ] [ 0  (0) ]: SHUTDOWN;50;8
[ 22.11.2010 19:39:19 ]: [   >>>   ] [ 0  (0) ]: SHUTDOWN;50;8
[ 22.11.2010 19:39:19 ]: [   >>>   ] [ 0  (0) ]: SHUTDOWN;50;8
[ 22.11.2010 19:39:19 ]: [   >>>   ] [ 0  (0) ]: SHUTDOWN;50;8
[ 22.11.2010 19:39:19 ]: [   >>>   ] [ 0  (0) ]: SHUTDOWN;50;8
[ 22.11.2010 19:39:20 ]: [ NEWUSER ] [ 0 ]: TIME: 1290454760
[ 22.11.2010 19:39:20 ]: [   >>>   ] [ 0  ]: WELCOME
[ 22.11.2010 19:39:20 ]: [ NEWUSER ] [ 0 ]: TIME: 1290454760
[ 22.11.2010 19:39:20 ]: [   >>>   ] [ 0  ]: WELCOME
[ 22.11.2010 19:39:20 ]: [ NEWUSER ] [ 0 ]: TIME: 1290454760
[ 22.11.2010 19:39:20 ]: [   >>>   ] [ 0  ]: WELCOME
[ 22.11.2010 19:39:20 ]: [ NEWUSER ] [ 0 ]: TIME: 1290454760
[ 22.11.2010 19:39:20 ]: [   >>>   ] [ 0  ]: WELCOME
[ 22.11.2010 19:39:20 ]: [ NEWUSER ] [ 0 ]: TIME: 1290454760
[ 22.11.2010 19:39:20 ]: [   >>>   ] [ 0  ]: WELCOME
[ 22.11.2010 19:39:20 ]: [ NEWUSER ] [ 0 ]: TIME: 1290454760
[ 22.11.2010 19:39:20 ]: [   >>>   ] [ 0  ]: WELCOME
[ 22.11.2010 19:39:20 ]: [ NEWUSER ] [ 0 ]: TIME: 1290454760
[ 22.11.2010 19:39:20 ]: [   >>>   ] [ 0  ]: WELCOME
[ 22.11.2010 19:39:20 ]: [ NEWUSER ] [ 0 ]: TIME: 1290454760
[ 22.11.2010 19:39:20 ]: [   >>>   ] [ 0  ]: WELCOME
[ 22.11.2010 19:39:20 ]: [ NEWUSER ] [ 0 ]: TIME: 1290454760
[ 22.11.2010 19:39:20 ]: [   >>>   ] [ 0  ]: WELCOME
[ 22.11.2010 19:39:20 ]: [   >>>   ] [ 0  (0) ]: SHUTDOWN;50;7
[ 22.11.2010 19:39:20 ]: [   >>>   ] [ 0  (0) ]: SHUTDOWN;50;7
[ 22.11.2010 19:39:20 ]: [   >>>   ] [ 0  (0) ]: SHUTDOWN;50;7
[ 22.11.2010 19:39:20 ]: [   >>>   ] [ 0  (0) ]: SHUTDOWN;50;7
[ 22.11.2010 19:39:20 ]: [   >>>   ] [ 0  (0) ]: SHUTDOWN;50;7
[ 22.11.2010 19:39:20 ]: [   >>>   ] [ 0  (0) ]: SHUTDOWN;50;7
[ 22.11.2010 19:39:20 ]: [   >>>   ] [ 0  (0) ]: SHUTDOWN;50;7
[ 22.11.2010 19:39:20 ]: [   >>>   ] [ 0  (0) ]: SHUTDOWN;50;7
[ 22.11.2010 19:39:20 ]: [   >>>   ] [ 0  (0) ]: SHUTDOWN;50;7
[ 22.11.2010 19:39:20 ]: [   >>>   ] [ 0  (0) ]: SHUTDOWN;50;7
[ 22.11.2010 19:39:20 ]: [   >>>   ] [ 0  (0) ]: SHUTDOWN;50;7
[ 22.11.2010 19:39:20 ]: [   >>>   ] [ 0  (0) ]: SHUTDOWN;50;7
[ 22.11.2010 19:39:20 ]: [   >>>   ] [ 0  (0) ]: SHUTDOWN;50;7
[ 22.11.2010 19:39:20 ]: [   >>>   ] [ 0  (0) ]: SHUTDOWN;50;7
[ 22.11.2010 19:39:20 ]: [   >>>   ] [ 0  (0) ]: SHUTDOWN;50;7
[ 22.11.2010 19:39:20 ]: [   >>>   ] [ 0  (0) ]: SHUTDOWN;50;7
[ 22.11.2010 19:39:20 ]: [   >>>   ] [ 0  (0) ]: SHUTDOWN;50;7
[ 22.11.2010 19:39:20 ]: [   >>>   ] [ 0  (0) ]: SHUTDOWN;50;7
[ 22.11.2010 19:39:20 ]: [   >>>   ] [ 0  (0) ]: SHUTDOWN;50;7
[ 22.11.2010 19:39:20 ]: [   >>>   ] [ 0  (0) ]: SHUTDOWN;50;7
[ 22.11.2010 19:39:21 ]: [   >>>   ] [ 0  (0) ]: SHUTDOWN;50;6
[ 22.11.2010 19:39:21 ]: [   >>>   ] [ 0  (0) ]: SHUTDOWN;50;6
[ 22.11.2010 19:39:21 ]: [   >>>   ] [ 0  (0) ]: SHUTDOWN;50;6
[ 22.11.2010 19:39:21 ]: [   >>>   ] [ 0  (0) ]: SHUTDOWN;50;6
[ 22.11.2010 19:39:21 ]: [   >>>   ] [ 0  (0) ]: SHUTDOWN;50;6
[ 22.11.2010 19:39:21 ]: [   >>>   ] [ 0  (0) ]: SHUTDOWN;50;6
[ 22.11.2010 19:39:21 ]: [   >>>   ] [ 0  (0) ]: SHUTDOWN;50;6
[ 22.11.2010 19:39:21 ]: [   >>>   ] [ 0  (0) ]: SHUTDOWN;50;6
[ 22.11.2010 19:39:21 ]: [   >>>   ] [ 0  (0) ]: SHUTDOWN;50;6
[ 22.11.2010 19:39:21 ]: [   >>>   ] [ 0  (0) ]: SHUTDOWN;50;6
[ 22.11.2010 19:39:21 ]: [   >>>   ] [ 0  (0) ]: SHUTDOWN;50;6
[ 22.11.2010 19:39:21 ]: [   >>>   ] [ 0  (0) ]: SHUTDOWN;50;6
[ 22.11.2010 19:39:21 ]: [   >>>   ] [ 0  (0) ]: SHUTDOWN;50;6
[ 22.11.2010 19:39:21 ]: [   >>>   ] [ 0  (0) ]: SHUTDOWN;50;6
[ 22.11.2010 19:39:21 ]: [   >>>   ] [ 0  (0) ]: SHUTDOWN;50;6
[ 22.11.2010 19:39:21 ]: [   >>>   ] [ 0  (0) ]: SHUTDOWN;50;6
[ 22.11.2010 19:39:21 ]: [   >>>   ] [ 0  (0) ]: SHUTDOWN;50;6
[ 22.11.2010 19:39:21 ]: [   >>>   ] [ 0  (0) ]: SHUTDOWN;50;6
[ 22.11.2010 19:39:21 ]: [   >>>   ] [ 0  (0) ]: SHUTDOWN;50;6
[ 22.11.2010 19:39:21 ]: [   >>>   ] [ 0  (0) ]: SHUTDOWN;50;6
[ 22.11.2010 19:39:22 ]: [   >>>   ] [ 0  (0) ]: SHUTDOWN;50;5
[ 22.11.2010 19:39:22 ]: [   >>>   ] [ 0  (0) ]: SHUTDOWN;50;5
[ 22.11.2010 19:39:22 ]: [   >>>   ] [ 0  (0) ]: SHUTDOWN;50;5
[ 22.11.2010 19:39:22 ]: [   >>>   ] [ 0  (0) ]: SHUTDOWN;50;5
[ 22.11.2010 19:39:22 ]: [   >>>   ] [ 0  (0) ]: SHUTDOWN;50;5
[ 22.11.2010 19:39:22 ]: [   >>>   ] [ 0  (0) ]: SHUTDOWN;50;5
[ 22.11.2010 19:39:22 ]: [   >>>   ] [ 0  (0) ]: SHUTDOWN;50;5
[ 22.11.2010 19:39:22 ]: [   >>>   ] [ 0  (0) ]: SHUTDOWN;50;5
[ 22.11.2010 19:39:22 ]: [   >>>   ] [ 0  (0) ]: SHUTDOWN;50;5
[ 22.11.2010 19:39:22 ]: [   >>>   ] [ 0  (0) ]: SHUTDOWN;50;5
[ 22.11.2010 19:39:22 ]: [   >>>   ] [ 0  (0) ]: SHUTDOWN;50;5
[ 22.11.2010 19:39:22 ]: [   >>>   ] [ 0  (0) ]: SHUTDOWN;50;5
[ 22.11.2010 19:39:22 ]: [   >>>   ] [ 0  (0) ]: SHUTDOWN;50;5
[ 22.11.2010 19:39:22 ]: [   >>>   ] [ 0  (0) ]: SHUTDOWN;50;5
[ 22.11.2010 19:39:22 ]: [   >>>   ] [ 0  (0) ]: SHUTDOWN;50;5
[ 22.11.2010 19:39:22 ]: [   >>>   ] [ 0  (0) ]: SHUTDOWN;50;5
[ 22.11.2010 19:39:22 ]: [   >>>   ] [ 0  (0) ]: SHUTDOWN;50;5
[ 22.11.2010 19:39:22 ]: [   >>>   ] [ 0  (0) ]: SHUTDOWN;50;5
[ 22.11.2010 19:39:22 ]: [   >>>   ] [ 0  (0) ]: SHUTDOWN;50;5
[ 22.11.2010 19:39:22 ]: [   >>>   ] [ 0  (0) ]: SHUTDOWN;50;5
[ 22.11.2010 19:39:23 ]: [ NEWUSER ] [ 0 ]: TIME: 1290454763
[ 22.11.2010 19:39:23 ]: [   >>>   ] [ 0  ]: WELCOME
[ 22.11.2010 19:39:23 ]: [   >>>   ] [ 0  (0) ]: SHUTDOWN;50;4
[ 22.11.2010 19:39:23 ]: [   >>>   ] [ 0  (0) ]: SHUTDOWN;50;4
[ 22.11.2010 19:39:23 ]: [   >>>   ] [ 0  (0) ]: SHUTDOWN;50;4
[ 22.11.2010 19:39:23 ]: [   >>>   ] [ 0  (0) ]: SHUTDOWN;50;4
[ 22.11.2010 19:39:23 ]: [   >>>   ] [ 0  (0) ]: SHUTDOWN;50;4
[ 22.11.2010 19:39:23 ]: [   >>>   ] [ 0  (0) ]: SHUTDOWN;50;4
[ 22.11.2010 19:39:23 ]: [   >>>   ] [ 0  (0) ]: SHUTDOWN;50;4
[ 22.11.2010 19:39:23 ]: [   >>>   ] [ 0  (0) ]: SHUTDOWN;50;4
[ 22.11.2010 19:39:23 ]: [   >>>   ] [ 0  (0) ]: SHUTDOWN;50;4
[ 22.11.2010 19:39:23 ]: [   >>>   ] [ 0  (0) ]: SHUTDOWN;50;4
[ 22.11.2010 19:39:23 ]: [   >>>   ] [ 0  (0) ]: SHUTDOWN;50;4
[ 22.11.2010 19:39:23 ]: [  KILLD  ] [ 0 ]: TIME: 1290454764
[ 22.11.2010 19:39:23 ]: [  KILLD  ] [ 0 ]: TIME: 1290454764
[ 22.11.2010 19:39:23 ]: [  KILLD  ] [ 0 ]: TIME: 1290454764
[ 22.11.2010 19:39:23 ]: [  KILLD  ] [ 0 ]: TIME: 1290454764
[ 22.11.2010 19:39:23 ]: [  KILLD  ] [ 0 ]: TIME: 1290454764
[ 22.11.2010 19:39:23 ]: [  KILLD  ] [ 0 ]: TIME: 1290454764
[ 22.11.2010 19:39:23 ]: [  KILLD  ] [ 0 ]: TIME: 1290454764
[ 22.11.2010 19:39:23 ]: [  KILLD  ] [ 0 ]: TIME: 1290454764
[ 22.11.2010 19:39:23 ]: [  KILLD  ] [ 0 ]: TIME: 1290454764
[ 22.11.2010 19:39:23 ]: [  KILLD  ] [ 0 ]: TIME: 1290454764
[ 22.11.2010 19:39:24 ]: [   >>>   ] [ 0  (0) ]: SHUTDOWN;50;3
[ 22.11.2010 19:39:24 ]: [  KILLD  ] [ 0 ]: TIME: 1290454765
[ 22.11.2010 19:39:24 ]: [  KILLD  ] [ 0 ]: TIME: 1290454765
[ 22.11.2010 19:39:24 ]: [  KILLD  ] [ 0 ]: TIME: 1290454765
[ 22.11.2010 19:39:24 ]: [  KILLD  ] [ 0 ]: TIME: 1290454765
[ 22.11.2010 19:39:24 ]: [  KILLD  ] [ 0 ]: TIME: 1290454765
[ 22.11.2010 19:39:24 ]: [  KILLD  ] [ 0 ]: TIME: 1290454765
[ 22.11.2010 19:39:24 ]: [  KILLD  ] [ 0 ]: TIME: 1290454765
[ 22.11.2010 19:39:24 ]: [  KILLD  ] [ 0 ]: TIME: 1290454765
[ 22.11.2010 19:39:24 ]: [  KILLD  ] [ 0 ]: TIME: 1290454765
[ 22.11.2010 19:39:24 ]: [  KILLD  ] [ 0 ]: TIME: 1290454765
[ 22.11.2010 19:39:25 ]: [   >>>   ] [ 0  (0) ]: SHUTDOWN;50;2
[ 22.11.2010 19:39:26 ]: [   >>>   ] [ 0  (0) ]: SHUTDOWN;50;1
[ 22.11.2010 19:39:27 ]: [   >>>   ] [ 0  (0) ]: SHUTDOWN;51
[ 22.11.2010 19:39:27 ]: [  KILLD  ] [ 0 ]: TIME: 1290454768
[ 22.11.2010 19:39:27 ]: SHUTDOWN COMPLETE AT 1290454768
