[ 27.11.2010 18:55:37 ]: Using Syslog: ./syslog/1290884138.log
[ 27.11.2010 18:55:37 ]: Game Server v0.2.1 starting up...
[ 27.11.2010 18:55:43 ]: PLAYER DB			READY
[ 27.11.2010 18:55:48 ]: GAME DB			READY
[ 27.11.2010 18:55:48 ]: CACHING ITEMS...
[ 27.11.2010 18:55:48 ]: ADDED ITEM: 49; 1
[ 27.11.2010 18:55:48 ]: ADDED ITEM: 50; 1
[ 27.11.2010 18:55:48 ]: ADDED ITEM: 51; 1
[ 27.11.2010 18:55:48 ]: ADDED ITEM: 52; 1
[ 27.11.2010 18:55:48 ]: ADDED ITEM: 53; 1
[ 27.11.2010 18:55:48 ]: ADDED ITEM: 54; 1
[ 27.11.2010 18:55:48 ]: ADDED ITEM: 55; 1
[ 27.11.2010 18:55:48 ]: ADDED ITEM: 56; 2
[ 27.11.2010 18:55:48 ]: ADDED ITEM: 57; 1
[ 27.11.2010 18:55:48 ]: LISTEN THREAD			READY
[ 27.11.2010 18:55:48 ]: NPC CONTROL			READY
[ 27.11.2010 18:55:48 ]: GAME SERVER READY		READY
[ 27.11.2010 18:55:49 ]: [ NEWUSER ] [ 0 ]: TIME: 1290884149
[ 27.11.2010 18:55:49 ]: [   >>>   ] [ 0  ]: WELCOME
[ 27.11.2010 18:55:50 ]: [   <<<   ] [ 0  (0) ]: aggr
[ 27.11.2010 18:55:53 ]: [   <<<   ] [ 0  (0) ]: spawn;1001
[ 27.11.2010 18:55:53 ]: [   >>>   ] [ 0  (0) ]: SPAWN;OK;1;1001;-1;-3;6
[ 27.11.2010 18:55:54 ]: [   <<<   ] [ 0  (0) ]: aggr
[ 27.11.2010 18:55:54 ]: [   >>>   ] [ 0  (0) ]: ATTACK;1;1001;0;10
[ 27.11.2010 18:55:56 ]: [   >>>   ] [ 0  (0) ]: ATTACK;1;1001;0;10
[ 27.11.2010 18:55:58 ]: [   >>>   ] [ 0  (0) ]: ATTACK;1;1001;0;10
[ 27.11.2010 18:56:00 ]: [   >>>   ] [ 0  (0) ]: ATTACK;1;1001;0;10
[ 27.11.2010 18:56:00 ]: [   <<<   ] [ 0  (0) ]: warp;4;4;4
[ 27.11.2010 18:56:00 ]: [   >>>   ] [ 0  (0) ]: WARP;OK;4;4;4
[ 27.11.2010 18:56:02 ]: [   >>>   ] [ 0  (0) ]: ATTACK;1;1001;0;10
[ 27.11.2010 18:56:04 ]: [   >>>   ] [ 0  (0) ]: ATTACK;1;1001;0;10
[ 27.11.2010 18:56:06 ]: [   >>>   ] [ 0  (0) ]: ATTACK;1;1001;0;10
[ 27.11.2010 18:56:08 ]: [   >>>   ] [ 0  (0) ]: ATTACK;1;1001;0;10
[ 27.11.2010 18:56:10 ]: [   >>>   ] [ 0  (0) ]: ATTACK;1;1001;0;10
[ 27.11.2010 18:56:12 ]: [   >>>   ] [ 0  (0) ]: ATTACK;1;1001;0;10
[ 27.11.2010 18:56:14 ]: [   >>>   ] [ 0  (0) ]: ATTACK;1;1001;0;10
[ 27.11.2010 18:56:16 ]: [   >>>   ] [ 0  (0) ]: ATTACK;1;1001;0;10
[ 27.11.2010 18:56:18 ]: [   >>>   ] [ 0  (0) ]: ATTACK;1;1001;0;10
[ 27.11.2010 18:56:20 ]: [   >>>   ] [ 0  (0) ]: ATTACK;1;1001;0;10
[ 27.11.2010 18:56:22 ]: [   >>>   ] [ 0  (0) ]: ATTACK;1;1001;0;10
[ 27.11.2010 18:56:24 ]: [   >>>   ] [ 0  (0) ]: ATTACK;1;1001;0;10
[ 27.11.2010 18:56:26 ]: [   >>>   ] [ 0  (0) ]: ATTACK;1;1001;0;10
[ 27.11.2010 18:56:28 ]: [   >>>   ] [ 0  (0) ]: ATTACK;1;1001;0;10
[ 27.11.2010 18:56:30 ]: [   >>>   ] [ 0  (0) ]: ATTACK;1;1001;0;10
[ 27.11.2010 18:56:32 ]: [   >>>   ] [ 0  (0) ]: ATTACK;1;1001;0;10
[ 27.11.2010 18:56:34 ]: [   >>>   ] [ 0  (0) ]: ATTACK;1;1001;0;10
[ 27.11.2010 18:56:36 ]: [   >>>   ] [ 0  (0) ]: ATTACK;1;1001;0;10
[ 27.11.2010 18:56:38 ]: [   >>>   ] [ 0  (0) ]: ATTACK;1;1001;0;10
[ 27.11.2010 18:56:40 ]: [   >>>   ] [ 0  (0) ]: ATTACK;1;1001;0;10
[ 27.11.2010 18:56:42 ]: [   >>>   ] [ 0  (0) ]: ATTACK;1;1001;0;10
[ 27.11.2010 18:56:44 ]: [   >>>   ] [ 0  (0) ]: ATTACK;1;1001;0;10
[ 27.11.2010 18:56:46 ]: [   >>>   ] [ 0  (0) ]: ATTACK;1;1001;0;10
[ 27.11.2010 18:56:48 ]: [   >>>   ] [ 0  (0) ]: ATTACK;1;1001;0;10
[ 27.11.2010 18:56:50 ]: [   >>>   ] [ 0  (0) ]: ATTACK;1;1001;0;10
[ 27.11.2010 18:56:51 ]: [   <<<   ] [ 0  (0) ]: quit
[ 27.11.2010 18:56:51 ]: [   >>>   ] [ 0  ]: BYE
[ 27.11.2010 18:56:51 ]: [  KILLD  ] [ 0 ]: TIME: 1290884211
