[ 28.11.2010 11:09:20 ]: Using Syslog: ./syslog/1290942560.log
[ 28.11.2010 11:09:20 ]: Game Server v0.2.1 starting up...
[ 28.11.2010 11:09:26 ]: PLAYER DB			READY
[ 28.11.2010 11:09:31 ]: GAME DB			READY
[ 28.11.2010 11:09:31 ]: CACHING ITEMS...
[ 28.11.2010 11:09:31 ]: ADDED ITEM: 49; 1
[ 28.11.2010 11:09:31 ]: ADDED ITEM: 50; 1
[ 28.11.2010 11:09:31 ]: ADDED ITEM: 51; 1
[ 28.11.2010 11:09:31 ]: ADDED ITEM: 52; 1
[ 28.11.2010 11:09:31 ]: ADDED ITEM: 53; 1
[ 28.11.2010 11:09:31 ]: ADDED ITEM: 54; 1
[ 28.11.2010 11:09:31 ]: ADDED ITEM: 55; 1
[ 28.11.2010 11:09:31 ]: ADDED ITEM: 56; 2
[ 28.11.2010 11:09:31 ]: ADDED ITEM: 57; 1
[ 28.11.2010 11:09:31 ]: LISTEN THREAD			READY
[ 28.11.2010 11:09:31 ]: NPC CONTROL			READY
[ 28.11.2010 11:09:31 ]: GAME SERVER READY		READY
[ 28.11.2010 11:09:31 ]: [ NEWUSER ] [ 0 ]: TIME: 1290942571
[ 28.11.2010 11:09:31 ]: [   >>>   ] [ 0  ]: WELCOME
[ 28.11.2010 11:09:34 ]: [   <<<   ] [ 0  (0) ]: spawn;1001
[ 28.11.2010 11:09:34 ]: [   >>>   ] [ 0  (0) ]: MOB;WARP;1;-3;4;0
[ 28.11.2010 11:09:34 ]: [   >>>   ] [ 0  (0) ]: SPAWN;OK;1;1001;-3;4;0
