[ 21.11.2010 10:20:09 ]: Using Syslog: ./syslog/1290334809.log
[ 21.11.2010 10:20:09 ]: Game Server v0.2.1 starting up...
[ 21.11.2010 10:20:15 ]: PLAYER DB			READY
[ 21.11.2010 10:20:20 ]: GAME DB			READY
[ 21.11.2010 10:20:20 ]: LISTEN THREAD			READY
[ 21.11.2010 10:20:20 ]: NPC CONTROL			READY
[ 21.11.2010 10:20:20 ]: GAME SERVER READY		READY
[ 21.11.2010 10:20:22 ]: [ NEWUSER ] [ 0 ]: TIME: 1290334822
[ 21.11.2010 10:20:22 ]: [   >>>   ] [ 0  ]: WELCOME
[ 21.11.2010 10:20:24 ]: [   <<<   ] [ 0  (0) ]: spawn;1001
[ 21.11.2010 10:20:24 ]: [   >>>   ] [ 0  (0) ]: SPAWN;OK;1001;-4;9;-1
[ 21.11.2010 10:20:25 ]: [   >>>   ] [ 0  (0) ]: MOB 1001 IN RANGE.
[ 21.11.2010 10:20:26 ]: [   >>>   ] [ 0  (0) ]: MOB 1001 IN RANGE.
[ 21.11.2010 10:20:27 ]: [   >>>   ] [ 0  (0) ]: MOB 1001 IN RANGE.
[ 21.11.2010 10:20:28 ]: [   >>>   ] [ 0  (0) ]: MOB 1001 IN RANGE.
[ 21.11.2010 10:20:29 ]: [   >>>   ] [ 0  (0) ]: MOB 1001 IN RANGE.
[ 21.11.2010 10:20:30 ]: [   >>>   ] [ 0  (0) ]: MOB 1001 IN RANGE.
[ 21.11.2010 10:20:31 ]: [   >>>   ] [ 0  (0) ]: MOB 1001 IN RANGE.
[ 21.11.2010 10:20:31 ]: [   <<<   ] [ 0  (0) ]: warp;10000;100;10
[ 21.11.2010 10:20:31 ]: [   >>>   ] [ 0  (0) ]: WARP;OK;10000;100;10
[ 21.11.2010 10:20:35 ]: [   <<<   ] [ 0  (0) ]: warp;10;10
[ 21.11.2010 10:20:36 ]: [   >>>   ] [ 0  (0) ]: MOB 1001 IN RANGE.
[ 21.11.2010 10:20:37 ]: [   >>>   ] [ 0  (0) ]: MOB 1001 IN RANGE.
[ 21.11.2010 10:20:38 ]: [   >>>   ] [ 0  (0) ]: MOB 1001 IN RANGE.
[ 21.11.2010 10:20:39 ]: [   >>>   ] [ 0  (0) ]: MOB 1001 IN RANGE.
[ 21.11.2010 10:20:39 ]: [   <<<   ] [ 0  (0) ]: warp
[ 21.11.2010 10:20:40 ]: [   >>>   ] [ 0  (0) ]: MOB 1001 IN RANGE.
[ 21.11.2010 10:20:40 ]: [   <<<   ] [ 0  (0) ]: warp
[ 21.11.2010 10:20:41 ]: [   >>>   ] [ 0  (0) ]: MOB 1001 IN RANGE.
[ 21.11.2010 10:20:42 ]: [   >>>   ] [ 0  (0) ]: MOB 1001 IN RANGE.
[ 21.11.2010 10:20:43 ]: [   >>>   ] [ 0  (0) ]: MOB 1001 IN RANGE.
[ 21.11.2010 10:20:43 ]: [   <<<   ] [ 0  (0) ]: warp;10;10;10
[ 21.11.2010 10:20:43 ]: [   >>>   ] [ 0  (0) ]: WARP;OK;10;10;10
[ 21.11.2010 10:20:44 ]: [   >>>   ] [ 0  (0) ]: MOB 1001 IN RANGE.
[ 21.11.2010 10:20:45 ]: [   >>>   ] [ 0  (0) ]: MOB 1001 IN RANGE.
[ 21.11.2010 10:20:46 ]: [   >>>   ] [ 0  (0) ]: MOB 1001 IN RANGE.
[ 21.11.2010 10:20:47 ]: [   >>>   ] [ 0  (0) ]: MOB 1001 IN RANGE.
[ 21.11.2010 10:20:48 ]: [   >>>   ] [ 0  (0) ]: MOB 1001 IN RANGE.
[ 21.11.2010 10:20:48 ]: [   <<<   ] [ 0  (0) ]: warp;10000;10000;100
[ 21.11.2010 10:20:48 ]: [   >>>   ] [ 0  (0) ]: WARP;OK;10000;10000;100
[ 21.11.2010 10:21:57 ]: [   <<<   ] [ 0  (0) ]: warp;
[ 21.11.2010 10:22:01 ]: [   <<<   ] [ 0  (0) ]: warp
[ 21.11.2010 10:22:04 ]: [   <<<   ] [ 0  (0) ]: warp;0;0;0
[ 21.11.2010 10:22:04 ]: [   >>>   ] [ 0  (0) ]: WARP;OK;0;0;0
[ 21.11.2010 10:22:05 ]: [   >>>   ] [ 0  (0) ]: MOB 1001 IN RANGE.
[ 21.11.2010 10:22:06 ]: [   >>>   ] [ 0  (0) ]: MOB 1001 IN RANGE.
[ 21.11.2010 10:22:07 ]: [   >>>   ] [ 0  (0) ]: MOB 1001 IN RANGE.
[ 21.11.2010 10:22:08 ]: [   >>>   ] [ 0  (0) ]: MOB 1001 IN RANGE.
[ 21.11.2010 10:22:09 ]: [   >>>   ] [ 0  (0) ]: MOB 1001 IN RANGE.
[ 21.11.2010 10:22:10 ]: [   >>>   ] [ 0  (0) ]: MOB 1001 IN RANGE.
[ 21.11.2010 10:22:11 ]: [   >>>   ] [ 0  (0) ]: MOB 1001 IN RANGE.
[ 21.11.2010 10:22:12 ]: [   >>>   ] [ 0  (0) ]: MOB 1001 IN RANGE.
[ 21.11.2010 10:22:13 ]: [   >>>   ] [ 0  (0) ]: MOB 1001 IN RANGE.
[ 21.11.2010 10:22:14 ]: [   >>>   ] [ 0  (0) ]: MOB 1001 IN RANGE.
[ 21.11.2010 10:22:15 ]: [   >>>   ] [ 0  (0) ]: MOB 1001 IN RANGE.
[ 21.11.2010 10:22:16 ]: [   >>>   ] [ 0  (0) ]: MOB 1001 IN RANGE.
[ 21.11.2010 10:22:17 ]: [   >>>   ] [ 0  (0) ]: MOB 1001 IN RANGE.
[ 21.11.2010 10:22:18 ]: [   >>>   ] [ 0  (0) ]: MOB 1001 IN RANGE.
[ 21.11.2010 10:22:19 ]: [   >>>   ] [ 0  (0) ]: MOB 1001 IN RANGE.
[ 21.11.2010 10:22:20 ]: [   >>>   ] [ 0  (0) ]: MOB 1001 IN RANGE.
[ 21.11.2010 10:22:21 ]: [   >>>   ] [ 0  (0) ]: MOB 1001 IN RANGE.
[ 21.11.2010 10:22:22 ]: [   >>>   ] [ 0  (0) ]: MOB 1001 IN RANGE.
