[ 28.11.2010 10:58:49 ]: Using Syslog: ./syslog/1290941929.log
[ 28.11.2010 10:58:49 ]: Game Server v0.2.1 starting up...
[ 28.11.2010 10:58:54 ]: PLAYER DB			READY
[ 28.11.2010 10:58:58 ]: GAME DB			READY
[ 28.11.2010 10:58:58 ]: CACHING ITEMS...
[ 28.11.2010 10:58:58 ]: ADDED ITEM: 49; 1
[ 28.11.2010 10:58:58 ]: ADDED ITEM: 50; 1
[ 28.11.2010 10:58:58 ]: ADDED ITEM: 51; 1
[ 28.11.2010 10:58:58 ]: ADDED ITEM: 52; 1
[ 28.11.2010 10:58:58 ]: ADDED ITEM: 53; 1
[ 28.11.2010 10:58:58 ]: ADDED ITEM: 54; 1
[ 28.11.2010 10:58:58 ]: ADDED ITEM: 55; 1
[ 28.11.2010 10:58:58 ]: ADDED ITEM: 56; 2
[ 28.11.2010 10:58:58 ]: ADDED ITEM: 57; 1
[ 28.11.2010 10:58:58 ]: LISTEN THREAD			READY
[ 28.11.2010 10:58:58 ]: NPC CONTROL			READY
[ 28.11.2010 10:58:58 ]: GAME SERVER READY		READY
[ 28.11.2010 10:58:59 ]: [ NEWUSER ] [ 0 ]: TIME: 1290941940
[ 28.11.2010 10:58:59 ]: [   >>>   ] [ 0  ]: WELCOME
[ 28.11.2010 10:59:08 ]: [   <<<   ] [ 0  (0) ]: login;xenor;0;lalaftw#!
[ 28.11.2010 10:59:08 ]: [   >>>   ] [ 1 xenor (7) ]: LOGIN;OK
[ 28.11.2010 10:59:08 ]: ADDED ITEM: 58; 58
[ 28.11.2010 10:59:08 ]: ADDED ITEM: 59; 59
[ 28.11.2010 10:59:08 ]: [   >>>   ] [ 1 xenor (7) ]: ITEM;OK;49;1;0;0;0
[ 28.11.2010 10:59:08 ]: [   >>>   ] [ 1 xenor (7) ]: ITEM;OK;50;1;2;3;4
[ 28.11.2010 10:59:08 ]: [   >>>   ] [ 1 xenor (7) ]: ITEM;OK;51;1;0;0;0
[ 28.11.2010 10:59:08 ]: [   >>>   ] [ 1 xenor (7) ]: ITEM;OK;52;1;0;0;0
[ 28.11.2010 10:59:08 ]: [   >>>   ] [ 1 xenor (7) ]: ITEM;OK;53;1;4;5;6
[ 28.11.2010 10:59:08 ]: [   >>>   ] [ 1 xenor (7) ]: ITEM;OK;54;1;0;0;0
[ 28.11.2010 10:59:08 ]: [   >>>   ] [ 1 xenor (7) ]: ITEM;OK;55;1;0;0;0
[ 28.11.2010 10:59:08 ]: [   >>>   ] [ 1 xenor (7) ]: ITEM;OK;56;2;0;0;0
[ 28.11.2010 10:59:08 ]: [   >>>   ] [ 1 xenor (7) ]: ITEM;OK;57;1;0;0;0
[ 28.11.2010 10:59:08 ]: [   >>>   ] [ 1 xenor (7) ]: ITEM;OK;58;58;0;0;0
[ 28.11.2010 10:59:08 ]: [   >>>   ] [ 1 xenor (7) ]: ITEM;OK;58;58
[ 28.11.2010 10:59:08 ]: [   >>>   ] [ 1 xenor (7) ]: ITEM;OK;59;59;0;0;0
[ 28.11.2010 10:59:08 ]: [   >>>   ] [ 1 xenor (7) ]: ITEM;OK;59;59
[ 28.11.2010 10:59:28 ]: [   <<<   ] [ 1 xenor (7) ]: shutdown
[ 28.11.2010 10:59:28 ]: [   >>>   ] [ 1 xenor (7) ]: SHUTDOWN;50;10
[ 28.11.2010 10:59:29 ]: [   >>>   ] [ 1 xenor (7) ]: SHUTDOWN;50;9
[ 28.11.2010 10:59:30 ]: [   <<<   ] [ 1 xenor (7) ]: quit
[ 28.11.2010 10:59:30 ]: [   >>>   ] [ 1 xenor ]: BYE
[ 28.11.2010 10:59:30 ]: [  KILLD  ] [ 1 ]: TIME: 1290941970
[ 28.11.2010 10:59:38 ]: SHUTDOWN COMPLETE AT 1290941979
