[ 25.11.2010 19:08:22 ]: Using Syslog: ./syslog/1290712102.log
[ 25.11.2010 19:08:22 ]: Game Server v0.2.1 starting up...
[ 25.11.2010 19:08:28 ]: PLAYER DB			READY
[ 25.11.2010 19:08:32 ]: GAME DB			READY
[ 25.11.2010 19:08:32 ]: LISTEN THREAD			READY
[ 25.11.2010 19:08:32 ]: NPC CONTROL			READY
[ 25.11.2010 19:08:32 ]: GAME SERVER READY		READY
[ 25.11.2010 19:08:33 ]: [ NEWUSER ] [ 0 ]: TIME: 1290712114
[ 25.11.2010 19:08:33 ]: [   >>>   ] [ 0  ]: WELCOME
[ 25.11.2010 19:08:36 ]: [   <<<   ] [ 0  (0) ]: stats
[ 25.11.2010 19:08:36 ]: [   >>>   ] [ 0  (0) ]: STATS;1;0
[ 25.11.2010 19:09:21 ]: [   <<<   ] [ 0  (0) ]: stats
[ 25.11.2010 19:09:21 ]: [   >>>   ] [ 0  (0) ]: STATS;1;0
[ 25.11.2010 19:10:02 ]: [   <<<   ] [ 0  (0) ]: stats
[ 25.11.2010 19:10:02 ]: [   >>>   ] [ 0  (0) ]: STATS;1;0
[ 25.11.2010 19:17:57 ]: [   <<<   ] [ 0  (0) ]: ????
[ 25.11.2010 19:17:57 ]: [   >>>   ] [ 0  (0) ]: ERROR;20
[ 25.11.2010 19:18:00 ]: [   <<<   ] [ 0  (0) ]: quit
[ 25.11.2010 19:18:00 ]: [   >>>   ] [ 0  ]: BYE
[ 25.11.2010 19:18:00 ]: [  KILLD  ] [ 0 ]: TIME: 1290712680
[ 25.11.2010 19:18:05 ]: [ NEWUSER ] [ 0 ]: TIME: 1290712685
[ 25.11.2010 19:18:05 ]: [   >>>   ] [ 0  ]: WELCOME
[ 25.11.2010 19:18:05 ]: [   <<<   ] [ 0  (0) ]: STATS
[ 25.11.2010 19:18:05 ]: [   >>>   ] [ 0  (0) ]: STATS;1;0
[ 25.11.2010 19:18:37 ]: [ NEWUSER ] [ 0 ]: TIME: 1290712718
[ 25.11.2010 19:18:37 ]: [   >>>   ] [ 0  ]: WELCOME
[ 25.11.2010 19:18:37 ]: [   <<<   ] [ 0  (0) ]: STATS
[ 25.11.2010 19:18:37 ]: [   >>>   ] [ 0  (0) ]: STATS;2;0
[ 25.11.2010 19:18:46 ]: [ NEWUSER ] [ 0 ]: TIME: 1290712726
[ 25.11.2010 19:18:46 ]: [   >>>   ] [ 0  ]: WELCOME
[ 25.11.2010 19:18:46 ]: [   <<<   ] [ 0  (0) ]: STATS
[ 25.11.2010 19:18:46 ]: [   >>>   ] [ 0  (0) ]: STATS;3;0
[ 25.11.2010 19:21:39 ]: [ NEWUSER ] [ 0 ]: TIME: 1290712900
[ 25.11.2010 19:21:39 ]: [   >>>   ] [ 0  ]: WELCOME
[ 25.11.2010 19:21:39 ]: [   <<<   ] [ 0  (0) ]: STATS
[ 25.11.2010 19:21:39 ]: [   >>>   ] [ 0  (0) ]: STATS;4;0
[ 25.11.2010 19:22:19 ]: [ NEWUSER ] [ 0 ]: TIME: 1290712939
[ 25.11.2010 19:22:19 ]: [   >>>   ] [ 0  ]: WELCOME
[ 25.11.2010 19:22:19 ]: [   <<<   ] [ 0  (0) ]: STATS
[ 25.11.2010 19:22:19 ]: [   >>>   ] [ 0  (0) ]: STATS;5;0
[ 25.11.2010 19:22:20 ]: [ NEWUSER ] [ 0 ]: TIME: 1290712941
[ 25.11.2010 19:22:20 ]: [   >>>   ] [ 0  ]: WELCOME
[ 25.11.2010 19:22:20 ]: [   <<<   ] [ 0  (0) ]: STATS
[ 25.11.2010 19:22:20 ]: [   >>>   ] [ 0  (0) ]: STATS;6;0
[ 25.11.2010 19:22:21 ]: [ NEWUSER ] [ 0 ]: TIME: 1290712941
[ 25.11.2010 19:22:21 ]: [   >>>   ] [ 0  ]: WELCOME
[ 25.11.2010 19:22:21 ]: [   <<<   ] [ 0  (0) ]: STATS
[ 25.11.2010 19:22:21 ]: [   >>>   ] [ 0  (0) ]: STATS;7;0
[ 25.11.2010 19:22:21 ]: [ NEWUSER ] [ 0 ]: TIME: 1290712942
[ 25.11.2010 19:22:21 ]: [   >>>   ] [ 0  ]: WELCOME
[ 25.11.2010 19:22:21 ]: [   <<<   ] [ 0  (0) ]: STATS
[ 25.11.2010 19:22:21 ]: [   >>>   ] [ 0  (0) ]: STATS;8;0
[ 25.11.2010 19:22:21 ]: [ NEWUSER ] [ 0 ]: TIME: 1290712942
[ 25.11.2010 19:22:21 ]: [   >>>   ] [ 0  ]: WELCOME
[ 25.11.2010 19:22:21 ]: [   <<<   ] [ 0  (0) ]: STATS
[ 25.11.2010 19:22:21 ]: [   >>>   ] [ 0  (0) ]: STATS;9;0
[ 25.11.2010 19:22:21 ]: [ NEWUSER ] [ 0 ]: TIME: 1290712942
[ 25.11.2010 19:22:21 ]: [   >>>   ] [ 0  ]: WELCOME
[ 25.11.2010 19:22:21 ]: [   <<<   ] [ 0  (0) ]: STATS
[ 25.11.2010 19:22:21 ]: [   >>>   ] [ 0  (0) ]: STATS;10;0
[ 25.11.2010 19:22:22 ]: [ NEWUSER ] [ 0 ]: TIME: 1290712942
[ 25.11.2010 19:22:22 ]: [   >>>   ] [ 0  ]: WELCOME
[ 25.11.2010 19:22:22 ]: [   <<<   ] [ 0  (0) ]: STATS
[ 25.11.2010 19:22:22 ]: [   >>>   ] [ 0  (0) ]: STATS;11;0
[ 25.11.2010 19:22:22 ]: [ NEWUSER ] [ 0 ]: TIME: 1290712942
[ 25.11.2010 19:22:22 ]: [   >>>   ] [ 0  ]: WELCOME
[ 25.11.2010 19:22:22 ]: [   <<<   ] [ 0  (0) ]: STATS
[ 25.11.2010 19:22:22 ]: [   >>>   ] [ 0  (0) ]: STATS;12;0
[ 25.11.2010 19:22:22 ]: [ NEWUSER ] [ 0 ]: TIME: 1290712942
[ 25.11.2010 19:22:22 ]: [   >>>   ] [ 0  ]: WELCOME
[ 25.11.2010 19:22:22 ]: [   <<<   ] [ 0  (0) ]: STATS
[ 25.11.2010 19:22:22 ]: [   >>>   ] [ 0  (0) ]: STATS;13;0
[ 25.11.2010 19:22:22 ]: [ NEWUSER ] [ 0 ]: TIME: 1290712942
[ 25.11.2010 19:22:22 ]: [   >>>   ] [ 0  ]: WELCOME
[ 25.11.2010 19:22:22 ]: [   <<<   ] [ 0  (0) ]: STATS
[ 25.11.2010 19:22:22 ]: [   >>>   ] [ 0  (0) ]: STATS;14;0
[ 25.11.2010 19:22:22 ]: [ NEWUSER ] [ 0 ]: TIME: 1290712943
[ 25.11.2010 19:22:22 ]: [   >>>   ] [ 0  ]: WELCOME
[ 25.11.2010 19:22:22 ]: [   <<<   ] [ 0  (0) ]: STATS
[ 25.11.2010 19:22:22 ]: [   >>>   ] [ 0  (0) ]: STATS;15;0
[ 25.11.2010 19:22:22 ]: [ NEWUSER ] [ 0 ]: TIME: 1290712943
[ 25.11.2010 19:22:22 ]: [   >>>   ] [ 0  ]: WELCOME
[ 25.11.2010 19:22:22 ]: [   <<<   ] [ 0  (0) ]: STATS
[ 25.11.2010 19:22:22 ]: [   >>>   ] [ 0  (0) ]: STATS;16;0
[ 25.11.2010 19:22:22 ]: [ NEWUSER ] [ 0 ]: TIME: 1290712943
[ 25.11.2010 19:22:22 ]: [   >>>   ] [ 0  ]: WELCOME
[ 25.11.2010 19:22:22 ]: [   <<<   ] [ 0  (0) ]: STATS
[ 25.11.2010 19:22:22 ]: [   >>>   ] [ 0  (0) ]: STATS;17;0
[ 25.11.2010 19:22:23 ]: [ NEWUSER ] [ 0 ]: TIME: 1290712943
[ 25.11.2010 19:22:23 ]: [   >>>   ] [ 0  ]: WELCOME
[ 25.11.2010 19:22:23 ]: [   <<<   ] [ 0  (0) ]: STATS
[ 25.11.2010 19:22:23 ]: [   >>>   ] [ 0  (0) ]: STATS;18;0
[ 25.11.2010 19:22:23 ]: [ NEWUSER ] [ 0 ]: TIME: 1290712943
[ 25.11.2010 19:22:23 ]: [   >>>   ] [ 0  ]: WELCOME
[ 25.11.2010 19:22:23 ]: [   <<<   ] [ 0  (0) ]: STATS
[ 25.11.2010 19:22:23 ]: [   >>>   ] [ 0  (0) ]: STATS;19;0
[ 25.11.2010 19:22:32 ]: [ NEWUSER ] [ 0 ]: TIME: 1290712952
[ 25.11.2010 19:22:32 ]: [   >>>   ] [ 0  ]: WELCOME
[ 25.11.2010 19:22:32 ]: [   <<<   ] [ 0  (0) ]: STATS
[ 25.11.2010 19:22:32 ]: [   >>>   ] [ 0  (0) ]: STATS;20;0
[ 25.11.2010 19:22:37 ]: [ NEWUSER ] [ 0 ]: TIME: 1290712957
[ 25.11.2010 19:22:37 ]: [   >>>   ] [ 0  ]: WELCOME
[ 25.11.2010 19:22:37 ]: [   <<<   ] [ 0  (0) ]: STATS
[ 25.11.2010 19:22:37 ]: [   >>>   ] [ 0  (0) ]: STATS;21;0
[ 25.11.2010 19:22:37 ]: [ NEWUSER ] [ 0 ]: TIME: 1290712958
[ 25.11.2010 19:22:37 ]: [   >>>   ] [ 0  ]: WELCOME
[ 25.11.2010 19:22:37 ]: [   <<<   ] [ 0  (0) ]: STATS
[ 25.11.2010 19:22:37 ]: [   >>>   ] [ 0  (0) ]: STATS;22;0
[ 25.11.2010 19:22:37 ]: [ NEWUSER ] [ 0 ]: TIME: 1290712958
[ 25.11.2010 19:22:37 ]: [   >>>   ] [ 0  ]: WELCOME
[ 25.11.2010 19:22:37 ]: [   <<<   ] [ 0  (0) ]: STATS
[ 25.11.2010 19:22:37 ]: [   >>>   ] [ 0  (0) ]: STATS;23;0
[ 25.11.2010 19:22:38 ]: [ NEWUSER ] [ 0 ]: TIME: 1290712958
[ 25.11.2010 19:22:38 ]: [   >>>   ] [ 0  ]: WELCOME
[ 25.11.2010 19:22:38 ]: [   <<<   ] [ 0  (0) ]: STATS
[ 25.11.2010 19:22:38 ]: [   >>>   ] [ 0  (0) ]: STATS;24;0
[ 25.11.2010 19:22:38 ]: [ NEWUSER ] [ 0 ]: TIME: 1290712959
[ 25.11.2010 19:22:38 ]: [   >>>   ] [ 0  ]: WELCOME
[ 25.11.2010 19:22:38 ]: [   <<<   ] [ 0  (0) ]: STATS
[ 25.11.2010 19:22:38 ]: [   >>>   ] [ 0  (0) ]: STATS;25;0
[ 25.11.2010 19:22:44 ]: [ NEWUSER ] [ 0 ]: TIME: 1290712964
[ 25.11.2010 19:22:44 ]: [   >>>   ] [ 0  ]: WELCOME
[ 25.11.2010 19:22:45 ]: [   <<<   ] [ 0  (0) ]: spawn;1001
[ 25.11.2010 19:22:45 ]: [   >>>   ] [ 0  (0) ]: SPAWN;OK;1;1001;6;5;-8
[ 25.11.2010 19:22:46 ]: [ NEWUSER ] [ 0 ]: TIME: 1290712967
[ 25.11.2010 19:22:46 ]: [   >>>   ] [ 0  ]: WELCOME
[ 25.11.2010 19:22:46 ]: [   <<<   ] [ 0  (0) ]: STATS
[ 25.11.2010 19:22:46 ]: [   >>>   ] [ 0  (0) ]: STATS;27;1
[ 25.11.2010 19:23:10 ]: [ NEWUSER ] [ 0 ]: TIME: 1290712991
[ 25.11.2010 19:23:10 ]: [   >>>   ] [ 0  ]: WELCOME
[ 25.11.2010 19:23:10 ]: [   <<<   ] [ 0  (0) ]: STATS
[ 25.11.2010 19:23:10 ]: [   >>>   ] [ 0  (0) ]: STATS;28;1
[ 25.11.2010 19:23:11 ]: [ NEWUSER ] [ 0 ]: TIME: 1290712992
[ 25.11.2010 19:23:11 ]: [   >>>   ] [ 0  ]: WELCOME
[ 25.11.2010 19:23:11 ]: [   <<<   ] [ 0  (0) ]: STATS
[ 25.11.2010 19:23:11 ]: [   >>>   ] [ 0  (0) ]: STATS;29;1
[ 25.11.2010 19:23:12 ]: [ NEWUSER ] [ 0 ]: TIME: 1290712992
[ 25.11.2010 19:23:12 ]: [   >>>   ] [ 0  ]: WELCOME
[ 25.11.2010 19:23:12 ]: [   <<<   ] [ 0  (0) ]: STATS
[ 25.11.2010 19:23:12 ]: [   >>>   ] [ 0  (0) ]: STATS;30;1
[ 25.11.2010 19:23:12 ]: [ NEWUSER ] [ 0 ]: TIME: 1290712992
[ 25.11.2010 19:23:12 ]: [   >>>   ] [ 0  ]: WELCOME
[ 25.11.2010 19:23:12 ]: [   <<<   ] [ 0  (0) ]: STATS
[ 25.11.2010 19:23:12 ]: [   >>>   ] [ 0  (0) ]: STATS;31;1
[ 25.11.2010 19:23:12 ]: [ NEWUSER ] [ 0 ]: TIME: 1290712993
[ 25.11.2010 19:23:12 ]: [   >>>   ] [ 0  ]: WELCOME
[ 25.11.2010 19:23:12 ]: [   <<<   ] [ 0  (0) ]: STATS
[ 25.11.2010 19:23:12 ]: [   >>>   ] [ 0  (0) ]: STATS;32;1
[ 25.11.2010 19:23:12 ]: [ NEWUSER ] [ 0 ]: TIME: 1290712993
[ 25.11.2010 19:23:12 ]: [   >>>   ] [ 0  ]: WELCOME
[ 25.11.2010 19:23:12 ]: [   <<<   ] [ 0  (0) ]: STATS
[ 25.11.2010 19:23:12 ]: [   >>>   ] [ 0  (0) ]: STATS;33;1
[ 25.11.2010 19:23:13 ]: [ NEWUSER ] [ 0 ]: TIME: 1290712993
[ 25.11.2010 19:23:13 ]: [   >>>   ] [ 0  ]: WELCOME
[ 25.11.2010 19:23:13 ]: [   <<<   ] [ 0  (0) ]: STATS
[ 25.11.2010 19:23:13 ]: [   >>>   ] [ 0  (0) ]: STATS;34;1
[ 25.11.2010 19:23:13 ]: [ NEWUSER ] [ 0 ]: TIME: 1290712993
[ 25.11.2010 19:23:13 ]: [   >>>   ] [ 0  ]: WELCOME
[ 25.11.2010 19:23:13 ]: [   <<<   ] [ 0  (0) ]: STATS
[ 25.11.2010 19:23:13 ]: [   >>>   ] [ 0  (0) ]: STATS;35;1
[ 25.11.2010 19:23:13 ]: [ NEWUSER ] [ 0 ]: TIME: 1290712993
[ 25.11.2010 19:23:13 ]: [   >>>   ] [ 0  ]: WELCOME
[ 25.11.2010 19:23:13 ]: [   <<<   ] [ 0  (0) ]: STATS
[ 25.11.2010 19:23:13 ]: [   >>>   ] [ 0  (0) ]: STATS;36;1
[ 25.11.2010 19:23:13 ]: [ NEWUSER ] [ 0 ]: TIME: 1290712993
[ 25.11.2010 19:23:13 ]: [   >>>   ] [ 0  ]: WELCOME
[ 25.11.2010 19:23:13 ]: [   <<<   ] [ 0  (0) ]: STATS
[ 25.11.2010 19:23:13 ]: [   >>>   ] [ 0  (0) ]: STATS;37;1
[ 25.11.2010 19:23:13 ]: [ NEWUSER ] [ 0 ]: TIME: 1290712994
[ 25.11.2010 19:23:13 ]: [   >>>   ] [ 0  ]: WELCOME
[ 25.11.2010 19:23:13 ]: [   <<<   ] [ 0  (0) ]: STATS
[ 25.11.2010 19:23:13 ]: [   >>>   ] [ 0  (0) ]: STATS;38;1
[ 25.11.2010 19:23:24 ]: [ NEWUSER ] [ 0 ]: TIME: 1290713004
[ 25.11.2010 19:23:24 ]: [   >>>   ] [ 0  ]: WELCOME
[ 25.11.2010 19:23:24 ]: [   <<<   ] [ 0  (0) ]: STATS
[ 25.11.2010 19:23:24 ]: [   >>>   ] [ 0  (0) ]: STATS;39;1
[ 25.11.2010 19:23:24 ]: [   <<<   ] [ 0  (0) ]: QUIT
[ 25.11.2010 19:23:24 ]: [   >>>   ] [ 0  ]: BYE
[ 25.11.2010 19:23:24 ]: [  KILLD  ] [ 0 ]: TIME: 1290713004
[ 25.11.2010 19:23:24 ]: [ NEWUSER ] [ 0 ]: TIME: 1290713005
[ 25.11.2010 19:23:24 ]: [   >>>   ] [ 0  ]: WELCOME
[ 25.11.2010 19:23:24 ]: [   <<<   ] [ 0  (0) ]: STATS
[ 25.11.2010 19:23:24 ]: [   >>>   ] [ 0  (0) ]: STATS;39;1
[ 25.11.2010 19:23:24 ]: [   <<<   ] [ 0  (0) ]: QUIT
[ 25.11.2010 19:23:24 ]: [   >>>   ] [ 0  ]: BYE
[ 25.11.2010 19:23:24 ]: [  KILLD  ] [ 0 ]: TIME: 1290713005
[ 25.11.2010 19:23:24 ]: [ NEWUSER ] [ 0 ]: TIME: 1290713005
[ 25.11.2010 19:23:24 ]: [   >>>   ] [ 0  ]: WELCOME
[ 25.11.2010 19:23:24 ]: [   <<<   ] [ 0  (0) ]: STATS
[ 25.11.2010 19:23:24 ]: [   >>>   ] [ 0  (0) ]: STATS;39;1
[ 25.11.2010 19:23:25 ]: [ NEWUSER ] [ 0 ]: TIME: 1290713005
[ 25.11.2010 19:23:25 ]: [   >>>   ] [ 0  ]: WELCOME
[ 25.11.2010 19:23:25 ]: [   <<<   ] [ 0  (0) ]: STATS
[ 25.11.2010 19:23:25 ]: [   >>>   ] [ 0  (0) ]: STATS;40;1
[ 25.11.2010 19:23:25 ]: [   <<<   ] [ 0  (0) ]: QUIT
[ 25.11.2010 19:23:25 ]: [   >>>   ] [ 0  ]: BYE
[ 25.11.2010 19:23:25 ]: [  KILLD  ] [ 0 ]: TIME: 1290713005
[ 25.11.2010 19:23:25 ]: [ NEWUSER ] [ 0 ]: TIME: 1290713005
[ 25.11.2010 19:23:25 ]: [   >>>   ] [ 0  ]: WELCOME
[ 25.11.2010 19:23:25 ]: [   <<<   ] [ 0  (0) ]: STATS
[ 25.11.2010 19:23:25 ]: [   >>>   ] [ 0  (0) ]: STATS;40;1
[ 25.11.2010 19:23:25 ]: [   <<<   ] [ 0  (0) ]: QUIT
[ 25.11.2010 19:23:25 ]: [   >>>   ] [ 0  ]: BYE
[ 25.11.2010 19:23:25 ]: [  KILLD  ] [ 0 ]: TIME: 1290713005
[ 25.11.2010 19:23:25 ]: [   <<<   ] [ 0  (0) ]: QUIT
[ 25.11.2010 19:23:25 ]: [   >>>   ] [ 0  ]: BYE
[ 25.11.2010 19:23:25 ]: [  KILLD  ] [ 0 ]: TIME: 1290713005
[ 25.11.2010 19:23:25 ]: [ NEWUSER ] [ 0 ]: TIME: 1290713005
[ 25.11.2010 19:23:25 ]: [   >>>   ] [ 0  ]: WELCOME
[ 25.11.2010 19:23:25 ]: [   <<<   ] [ 0  (0) ]: STATS
[ 25.11.2010 19:23:25 ]: [   >>>   ] [ 0  (0) ]: STATS;39;1
[ 25.11.2010 19:23:25 ]: [   <<<   ] [ 0  (0) ]: QUIT
[ 25.11.2010 19:23:25 ]: [   >>>   ] [ 0  ]: BYE
[ 25.11.2010 19:23:25 ]: [  KILLD  ] [ 0 ]: TIME: 1290713006
[ 25.11.2010 19:23:26 ]: [ NEWUSER ] [ 0 ]: TIME: 1290713006
[ 25.11.2010 19:23:26 ]: [   >>>   ] [ 0  ]: WELCOME
[ 25.11.2010 19:23:26 ]: [   <<<   ] [ 0  (0) ]: STATS
[ 25.11.2010 19:23:26 ]: [   >>>   ] [ 0  (0) ]: STATS;39;1
[ 25.11.2010 19:23:26 ]: [   <<<   ] [ 0  (0) ]: QUIT
[ 25.11.2010 19:23:26 ]: [   >>>   ] [ 0  ]: BYE
[ 25.11.2010 19:23:26 ]: [  KILLD  ] [ 0 ]: TIME: 1290713006
[ 25.11.2010 19:23:26 ]: [ NEWUSER ] [ 0 ]: TIME: 1290713007
[ 25.11.2010 19:23:26 ]: [   >>>   ] [ 0  ]: WELCOME
[ 25.11.2010 19:23:26 ]: [   <<<   ] [ 0  (0) ]: STATS
[ 25.11.2010 19:23:26 ]: [   >>>   ] [ 0  (0) ]: STATS;39;1
[ 25.11.2010 19:23:26 ]: [   <<<   ] [ 0  (0) ]: QUIT
[ 25.11.2010 19:23:26 ]: [   >>>   ] [ 0  ]: BYE
[ 25.11.2010 19:23:26 ]: [  KILLD  ] [ 0 ]: TIME: 1290713007
[ 25.11.2010 19:23:27 ]: [ NEWUSER ] [ 0 ]: TIME: 1290713007
[ 25.11.2010 19:23:27 ]: [   >>>   ] [ 0  ]: WELCOME
[ 25.11.2010 19:23:27 ]: [   <<<   ] [ 0  (0) ]: STATS
[ 25.11.2010 19:23:27 ]: [   >>>   ] [ 0  (0) ]: STATS;39;1
[ 25.11.2010 19:23:27 ]: [   <<<   ] [ 0  (0) ]: QUIT
[ 25.11.2010 19:23:27 ]: [   >>>   ] [ 0  ]: BYE
[ 25.11.2010 19:23:27 ]: [  KILLD  ] [ 0 ]: TIME: 1290713007
[ 25.11.2010 19:23:27 ]: [ NEWUSER ] [ 0 ]: TIME: 1290713007
[ 25.11.2010 19:23:27 ]: [   >>>   ] [ 0  ]: WELCOME
[ 25.11.2010 19:23:27 ]: [   <<<   ] [ 0  (0) ]: STATS
[ 25.11.2010 19:23:27 ]: [   >>>   ] [ 0  (0) ]: STATS;39;1
[ 25.11.2010 19:23:27 ]: [   <<<   ] [ 0  (0) ]: QUIT
[ 25.11.2010 19:23:27 ]: [   >>>   ] [ 0  ]: BYE
[ 25.11.2010 19:23:27 ]: [  KILLD  ] [ 0 ]: TIME: 1290713007
[ 25.11.2010 19:23:27 ]: [ NEWUSER ] [ 0 ]: TIME: 1290713007
[ 25.11.2010 19:23:27 ]: [   >>>   ] [ 0  ]: WELCOME
[ 25.11.2010 19:23:27 ]: [   <<<   ] [ 0  (0) ]: STATS
[ 25.11.2010 19:23:27 ]: [   >>>   ] [ 0  (0) ]: STATS;39;1
[ 25.11.2010 19:23:27 ]: [   <<<   ] [ 0  (0) ]: QUIT
[ 25.11.2010 19:23:27 ]: [   >>>   ] [ 0  ]: BYE
[ 25.11.2010 19:23:27 ]: [  KILLD  ] [ 0 ]: TIME: 1290713007
[ 25.11.2010 19:23:27 ]: [ NEWUSER ] [ 0 ]: TIME: 1290713008
[ 25.11.2010 19:23:27 ]: [   >>>   ] [ 0  ]: WELCOME
[ 25.11.2010 19:23:27 ]: [   <<<   ] [ 0  (0) ]: STATS
[ 25.11.2010 19:23:27 ]: [   >>>   ] [ 0  (0) ]: STATS;39;1
[ 25.11.2010 19:23:27 ]: [   <<<   ] [ 0  (0) ]: QUIT
[ 25.11.2010 19:23:27 ]: [   >>>   ] [ 0  ]: BYE
[ 25.11.2010 19:23:27 ]: [  KILLD  ] [ 0 ]: TIME: 1290713008
[ 25.11.2010 19:23:27 ]: [ NEWUSER ] [ 0 ]: TIME: 1290713008
[ 25.11.2010 19:23:27 ]: [   >>>   ] [ 0  ]: WELCOME
[ 25.11.2010 19:23:27 ]: [   <<<   ] [ 0  (0) ]: STATS
[ 25.11.2010 19:23:27 ]: [   >>>   ] [ 0  (0) ]: STATS;39;1
[ 25.11.2010 19:23:27 ]: [   <<<   ] [ 0  (0) ]: QUIT
[ 25.11.2010 19:23:27 ]: [   >>>   ] [ 0  ]: BYE
[ 25.11.2010 19:23:27 ]: [  KILLD  ] [ 0 ]: TIME: 1290713008
[ 25.11.2010 19:23:45 ]: [   <<<   ] [ 0  (0) ]: shutdown
[ 25.11.2010 19:23:45 ]: [  KILLD  ] [ 0 ]: TIME: 1290713026
[ 25.11.2010 19:23:45 ]: [  KILLD  ] [ 0 ]: TIME: 1290713026
[ 25.11.2010 19:23:45 ]: [  KILLD  ] [ 0 ]: TIME: 1290713026
[ 25.11.2010 19:23:45 ]: [  KILLD  ] [ 0 ]: TIME: 1290713026
[ 25.11.2010 19:23:45 ]: [  KILLD  ] [ 0 ]: TIME: 1290713026
[ 25.11.2010 19:23:45 ]: [  KILLD  ] [ 0 ]: TIME: 1290713026
[ 25.11.2010 19:23:45 ]: [  KILLD  ] [ 0 ]: TIME: 1290713026
[ 25.11.2010 19:23:45 ]: [  KILLD  ] [ 0 ]: TIME: 1290713026
[ 25.11.2010 19:23:45 ]: [  KILLD  ] [ 0 ]: TIME: 1290713026
[ 25.11.2010 19:23:45 ]: [  KILLD  ] [ 0 ]: TIME: 1290713026
[ 25.11.2010 19:23:45 ]: [  KILLD  ] [ 0 ]: TIME: 1290713026
[ 25.11.2010 19:23:45 ]: [  KILLD  ] [ 0 ]: TIME: 1290713026
[ 25.11.2010 19:23:45 ]: [  KILLD  ] [ 0 ]: TIME: 1290713026
[ 25.11.2010 19:23:45 ]: [  KILLD  ] [ 0 ]: TIME: 1290713026
[ 25.11.2010 19:23:45 ]: [  KILLD  ] [ 0 ]: TIME: 1290713026
[ 25.11.2010 19:23:45 ]: [  KILLD  ] [ 0 ]: TIME: 1290713026
[ 25.11.2010 19:23:45 ]: [  KILLD  ] [ 0 ]: TIME: 1290713026
[ 25.11.2010 19:23:45 ]: [  KILLD  ] [ 0 ]: TIME: 1290713026
[ 25.11.2010 19:23:45 ]: [  KILLD  ] [ 0 ]: TIME: 1290713026
[ 25.11.2010 19:23:45 ]: [  KILLD  ] [ 0 ]: TIME: 1290713026
[ 25.11.2010 19:23:45 ]: [  KILLD  ] [ 0 ]: TIME: 1290713026
[ 25.11.2010 19:23:45 ]: [  KILLD  ] [ 0 ]: TIME: 1290713026
[ 25.11.2010 19:23:45 ]: [  KILLD  ] [ 0 ]: TIME: 1290713026
[ 25.11.2010 19:23:45 ]: [  KILLD  ] [ 0 ]: TIME: 1290713026
[ 25.11.2010 19:23:45 ]: [  KILLD  ] [ 0 ]: TIME: 1290713026
[ 25.11.2010 19:23:45 ]: [   >>>   ] [ 0  (0) ]: SHUTDOWN;50;10
[ 25.11.2010 19:23:45 ]: [  KILLD  ] [ 0 ]: TIME: 1290713026
[ 25.11.2010 19:23:45 ]: [  KILLD  ] [ 0 ]: TIME: 1290713026
[ 25.11.2010 19:23:45 ]: [  KILLD  ] [ 0 ]: TIME: 1290713026
[ 25.11.2010 19:23:45 ]: [  KILLD  ] [ 0 ]: TIME: 1290713026
[ 25.11.2010 19:23:45 ]: [  KILLD  ] [ 0 ]: TIME: 1290713026
[ 25.11.2010 19:23:45 ]: [  KILLD  ] [ 0 ]: TIME: 1290713026
[ 25.11.2010 19:23:45 ]: [  KILLD  ] [ 0 ]: TIME: 1290713026
[ 25.11.2010 19:23:45 ]: [  KILLD  ] [ 0 ]: TIME: 1290713026
[ 25.11.2010 19:23:45 ]: [  KILLD  ] [ 0 ]: TIME: 1290713026
[ 25.11.2010 19:23:45 ]: [  KILLD  ] [ 0 ]: TIME: 1290713026
[ 25.11.2010 19:23:45 ]: [  KILLD  ] [ 0 ]: TIME: 1290713026
[ 25.11.2010 19:23:45 ]: [  KILLD  ] [ 0 ]: TIME: 1290713026
[ 25.11.2010 19:23:46 ]: [   >>>   ] [ 0  (0) ]: SHUTDOWN;50;9
[ 25.11.2010 19:23:47 ]: [   >>>   ] [ 0  (0) ]: SHUTDOWN;50;8
[ 25.11.2010 19:23:48 ]: [   >>>   ] [ 0  (0) ]: SHUTDOWN;50;7
[ 25.11.2010 19:23:49 ]: [   <<<   ] [ 0  (0) ]: ????
[ 25.11.2010 19:23:49 ]: [   >>>   ] [ 0  (0) ]: ERROR;20
[ 25.11.2010 19:23:49 ]: [   >>>   ] [ 0  (0) ]: SHUTDOWN;50;6
[ 25.11.2010 19:23:50 ]: [   >>>   ] [ 0  (0) ]: SHUTDOWN;50;5
[ 25.11.2010 19:23:51 ]: [   >>>   ] [ 0  (0) ]: SHUTDOWN;50;4
[ 25.11.2010 19:23:52 ]: [   <<<   ] [ 0  (0) ]: quit
[ 25.11.2010 19:23:52 ]: [   >>>   ] [ 0  ]: BYE
[ 25.11.2010 19:23:52 ]: [  KILLD  ] [ 0 ]: TIME: 1290713032
[ 25.11.2010 19:23:55 ]: SHUTDOWN COMPLETE AT 1290713036
