[ 23.11.2010 18:12:50 ]: Using Syslog: ./syslog/1290535971.log
[ 23.11.2010 18:12:50 ]: Game Server v0.2.1 starting up...
[ 23.11.2010 18:12:57 ]: PLAYER DB			READY
[ 23.11.2010 18:13:01 ]: GAME DB			READY
[ 23.11.2010 18:13:01 ]: LISTEN THREAD			READY
[ 23.11.2010 18:13:01 ]: NPC CONTROL			READY
[ 23.11.2010 18:13:01 ]: GAME SERVER READY		READY
[ 23.11.2010 18:13:04 ]: [ NEWUSER ] [ 0 ]: TIME: 1290535985
[ 23.11.2010 18:13:04 ]: [   >>>   ] [ 0  ]: WELCOME
[ 23.11.2010 18:13:06 ]: [   <<<   ] [ 0  (0) ]: spawn;1001
[ 23.11.2010 18:13:06 ]: [   >>>   ] [ 0  (0) ]: SPAWN;OK;1;1001;-6;5;7
[ 23.11.2010 18:13:07 ]: [   <<<   ] [ 0  (0) ]: pos
[ 23.11.2010 18:13:07 ]: [   >>>   ] [ 0  (0) ]: [ 0 | 0 | 0 ]
[ 23.11.2010 18:13:12 ]: [   <<<   ] [ 0  (0) ]: warp;42;42;42
[ 23.11.2010 18:13:12 ]: [   >>>   ] [ 0  (0) ]: WARP;OK;42;42;42
[ 23.11.2010 18:14:09 ]: [   <<<   ] [ 0  (0) ]: map_pic
[ 23.11.2010 18:42:40 ]: [   <<<   ] [ 0  (0) ]: warp;0;0;0
[ 23.11.2010 18:42:40 ]: [   >>>   ] [ 0  (0) ]: WARP;OK;0;0;0
[ 23.11.2010 18:42:42 ]: [   <<<   ] [ 0  (0) ]: aggr
[ 23.11.2010 18:42:42 ]: [   >>>   ] [ 0  (0) ]: ATTACK;1;1001;0;10
[ 23.11.2010 18:42:43 ]: [   >>>   ] [ 0  (0) ]: ATTACK;1;1001;0;10
[ 23.11.2010 18:42:45 ]: [   >>>   ] [ 0  (0) ]: ATTACK;1;1001;0;10
[ 23.11.2010 18:42:45 ]: [   <<<   ] [ 0  (0) ]: warp;100000;0;0
[ 23.11.2010 18:42:45 ]: [   >>>   ] [ 0  (0) ]: WARP;OK;100000;0;0
[ 23.11.2010 18:42:49 ]: [   <<<   ] [ 0  (0) ]: map_pic
[ 23.11.2010 19:28:58 ]: [   <<<   ] [ 0  (0) ]: oubg
[ 23.11.2010 19:28:58 ]: [   >>>   ] [ 0  (0) ]: ERROR;20
[ 23.11.2010 19:28:59 ]: [   <<<   ] [ 0  (0) ]: ping
[ 23.11.2010 19:28:59 ]: [   >>>   ] [ 0  (0) ]: PONG
[ 23.11.2010 19:29:00 ]: [   <<<   ] [ 0  (0) ]: ping
[ 23.11.2010 19:29:00 ]: [   >>>   ] [ 0  (0) ]: PONG
[ 23.11.2010 19:29:01 ]: [   <<<   ] [ 0  (0) ]: ping
[ 23.11.2010 19:29:01 ]: [   >>>   ] [ 0  (0) ]: PONG
[ 23.11.2010 19:29:01 ]: [   <<<   ] [ 0  (0) ]: ping
[ 23.11.2010 19:29:01 ]: [   >>>   ] [ 0  (0) ]: PONG
[ 23.11.2010 19:29:04 ]: [   <<<   ] [ 0  (0) ]: PING
[ 23.11.2010 19:29:04 ]: [   >>>   ] [ 0  (0) ]: PONG
[ 23.11.2010 20:02:17 ]: [   <<<   ] [ 0  (0) ]: shutdown
[ 23.11.2010 20:02:17 ]: [   >>>   ] [ 0  (0) ]: SHUTDOWN;50;10
[ 23.11.2010 20:02:18 ]: [   >>>   ] [ 0  (0) ]: SHUTDOWN;50;9
[ 23.11.2010 20:02:19 ]: [   >>>   ] [ 0  (0) ]: SHUTDOWN;50;8
[ 23.11.2010 20:02:20 ]: [   >>>   ] [ 0  (0) ]: SHUTDOWN;50;7
[ 23.11.2010 20:02:21 ]: [   >>>   ] [ 0  (0) ]: SHUTDOWN;50;6
[ 23.11.2010 20:02:22 ]: [   >>>   ] [ 0  (0) ]: SHUTDOWN;50;5
[ 23.11.2010 20:02:23 ]: [   >>>   ] [ 0  (0) ]: SHUTDOWN;50;4
[ 23.11.2010 20:02:24 ]: [   >>>   ] [ 0  (0) ]: SHUTDOWN;50;3
[ 23.11.2010 20:02:25 ]: [   >>>   ] [ 0  (0) ]: SHUTDOWN;50;2
[ 23.11.2010 20:02:26 ]: [   >>>   ] [ 0  (0) ]: SHUTDOWN;50;1
[ 23.11.2010 20:02:27 ]: [   >>>   ] [ 0  (0) ]: SHUTDOWN;51
[ 23.11.2010 20:02:27 ]: [  KILLD  ] [ 0 ]: TIME: 1290542547
[ 23.11.2010 20:02:27 ]: SHUTDOWN COMPLETE AT 1290542547
