[ 28.11.2010 11:04:33 ]: Using Syslog: ./syslog/1290942273.log
[ 28.11.2010 11:04:33 ]: Game Server v0.2.1 starting up...
[ 28.11.2010 11:04:38 ]: PLAYER DB			READY
[ 28.11.2010 11:04:42 ]: GAME DB			READY
[ 28.11.2010 11:04:42 ]: CACHING ITEMS...
[ 28.11.2010 11:04:42 ]: ADDED ITEM: 49; 1
[ 28.11.2010 11:04:42 ]: ADDED ITEM: 50; 1
[ 28.11.2010 11:04:42 ]: ADDED ITEM: 51; 1
[ 28.11.2010 11:04:42 ]: ADDED ITEM: 52; 1
[ 28.11.2010 11:04:42 ]: ADDED ITEM: 53; 1
[ 28.11.2010 11:04:42 ]: ADDED ITEM: 54; 1
[ 28.11.2010 11:04:42 ]: ADDED ITEM: 55; 1
[ 28.11.2010 11:04:42 ]: ADDED ITEM: 56; 2
[ 28.11.2010 11:04:42 ]: ADDED ITEM: 57; 1
[ 28.11.2010 11:04:42 ]: LISTEN THREAD			READY
[ 28.11.2010 11:04:42 ]: NPC CONTROL			READY
[ 28.11.2010 11:04:42 ]: GAME SERVER READY		READY
[ 28.11.2010 11:04:43 ]: [ NEWUSER ] [ 0 ]: TIME: 1290942284
[ 28.11.2010 11:04:43 ]: [   >>>   ] [ 0  ]: WELCOME
[ 28.11.2010 11:04:46 ]: [   <<<   ] [ 0  (0) ]: flush;items
[ 28.11.2010 11:04:52 ]: [   <<<   ] [ 0  (0) ]: flush;ITEMS
[ 28.11.2010 11:04:52 ]: [   >>>   ] [ 0  (0) ]: ITEM;OK;49;1;0;0;0
[ 28.11.2010 11:04:52 ]: [   >>>   ] [ 0  (0) ]: ITEM;OK;50;1;2;3;4
[ 28.11.2010 11:04:52 ]: [   >>>   ] [ 0  (0) ]: ITEM;OK;51;1;0;0;0
[ 28.11.2010 11:04:52 ]: [   >>>   ] [ 0  (0) ]: ITEM;OK;52;1;0;0;0
[ 28.11.2010 11:04:52 ]: [   >>>   ] [ 0  (0) ]: ITEM;OK;53;1;4;5;6
[ 28.11.2010 11:04:52 ]: [   >>>   ] [ 0  (0) ]: ITEM;OK;54;1;0;0;0
[ 28.11.2010 11:04:52 ]: [   >>>   ] [ 0  (0) ]: ITEM;OK;55;1;0;0;0
[ 28.11.2010 11:04:52 ]: [   >>>   ] [ 0  (0) ]: ITEM;OK;56;2;0;0;0
[ 28.11.2010 11:04:52 ]: [   >>>   ] [ 0  (0) ]: ITEM;OK;57;1;0;0;0
[ 28.11.2010 11:05:01 ]: [   <<<   ] [ 0  (0) ]: login;xenor;0;lalaftw#!
[ 28.11.2010 11:05:01 ]: [   >>>   ] [ 1 xenor (7) ]: LOGIN;OK
[ 28.11.2010 11:05:01 ]: ADDED ITEM: 58; 1
[ 28.11.2010 11:05:01 ]: ADDED ITEM: 59; 2
[ 28.11.2010 11:05:01 ]: [   >>>   ] [ 1 xenor (7) ]: ITEM;OK;49;1;0;0;0
[ 28.11.2010 11:05:01 ]: [   >>>   ] [ 1 xenor (7) ]: ITEM;OK;50;1;2;3;4
[ 28.11.2010 11:05:01 ]: [   >>>   ] [ 1 xenor (7) ]: ITEM;OK;51;1;0;0;0
[ 28.11.2010 11:05:01 ]: [   >>>   ] [ 1 xenor (7) ]: ITEM;OK;52;1;0;0;0
[ 28.11.2010 11:05:01 ]: [   >>>   ] [ 1 xenor (7) ]: ITEM;OK;53;1;4;5;6
[ 28.11.2010 11:05:01 ]: [   >>>   ] [ 1 xenor (7) ]: ITEM;OK;54;1;0;0;0
[ 28.11.2010 11:05:01 ]: [   >>>   ] [ 1 xenor (7) ]: ITEM;OK;55;1;0;0;0
[ 28.11.2010 11:05:01 ]: [   >>>   ] [ 1 xenor (7) ]: ITEM;OK;56;2;0;0;0
[ 28.11.2010 11:05:01 ]: [   >>>   ] [ 1 xenor (7) ]: ITEM;OK;57;1;0;0;0
[ 28.11.2010 11:05:01 ]: [   >>>   ] [ 1 xenor (7) ]: ITEM;OK;58;1
[ 28.11.2010 11:05:01 ]: [   >>>   ] [ 1 xenor (7) ]: ITEM;OK;59;2
[ 28.11.2010 11:05:58 ]: [   <<<   ] [ 1 xenor (7) ]: item;2
[ 28.11.2010 11:05:58 ]: ADDED ITEM: 60; 2
[ 28.11.2010 11:05:58 ]: [   >>>   ] [ 1 xenor (7) ]: ITEM;OK;60;2
[ 28.11.2010 11:07:35 ]: [   <<<   ] [ 1 xenor (7) ]: spawn;1001
[ 28.11.2010 11:07:35 ]: [   >>>   ] [ 1 xenor (7) ]: MOB;WARP;1;-6;0;-3
[ 28.11.2010 11:07:35 ]: [   >>>   ] [ 1 xenor (7) ]: SPAWN;OK;1;1001;-6;0;-3
[ 28.11.2010 11:07:47 ]: [   <<<   ] [ 1 xenor (7) ]: warp;2001;0;0
[ 28.11.2010 11:07:47 ]: [   >>>   ] [ 1 xenor (7) ]: WARP;OK;2001;0;0
[ 28.11.2010 11:07:47 ]: [   >>>   ] [ 1 xenor (7) ]: MOB;WARP;1;2001;0;0
