[ 28.11.2010 10:59:43 ]: Using Syslog: ./syslog/1290941984.log
[ 28.11.2010 10:59:44 ]: Game Server v0.2.1 starting up...
[ 28.11.2010 10:59:48 ]: PLAYER DB			READY
[ 28.11.2010 10:59:53 ]: GAME DB			READY
[ 28.11.2010 10:59:53 ]: CACHING ITEMS...
[ 28.11.2010 10:59:53 ]: ADDED ITEM: 49; 1
[ 28.11.2010 10:59:53 ]: ADDED ITEM: 50; 1
[ 28.11.2010 10:59:53 ]: ADDED ITEM: 51; 1
[ 28.11.2010 10:59:53 ]: ADDED ITEM: 52; 1
[ 28.11.2010 10:59:53 ]: ADDED ITEM: 53; 1
[ 28.11.2010 10:59:53 ]: ADDED ITEM: 54; 1
[ 28.11.2010 10:59:53 ]: ADDED ITEM: 55; 1
[ 28.11.2010 10:59:53 ]: ADDED ITEM: 56; 2
[ 28.11.2010 10:59:53 ]: ADDED ITEM: 57; 1
[ 28.11.2010 10:59:53 ]: LISTEN THREAD			READY
[ 28.11.2010 10:59:53 ]: NPC CONTROL			READY
[ 28.11.2010 10:59:53 ]: GAME SERVER READY		READY
[ 28.11.2010 10:59:55 ]: [ NEWUSER ] [ 0 ]: TIME: 1290941995
[ 28.11.2010 10:59:55 ]: [   >>>   ] [ 0  ]: WELCOME
[ 28.11.2010 11:00:00 ]: [   <<<   ] [ 0  (0) ]: login;xenor;0;lalaftw#!
[ 28.11.2010 11:00:00 ]: [   >>>   ] [ 1 xenor (7) ]: LOGIN;OK
[ 28.11.2010 11:00:00 ]: ADDED ITEM: 58; 58
[ 28.11.2010 11:00:00 ]: ADDED ITEM: 59; 59
[ 28.11.2010 11:00:00 ]: [   >>>   ] [ 1 xenor (7) ]: ITEM;OK;49;1;0;0;0
[ 28.11.2010 11:00:00 ]: [   >>>   ] [ 1 xenor (7) ]: ITEM;OK;50;1;2;3;4
[ 28.11.2010 11:00:00 ]: [   >>>   ] [ 1 xenor (7) ]: ITEM;OK;51;1;0;0;0
[ 28.11.2010 11:00:00 ]: [   >>>   ] [ 1 xenor (7) ]: ITEM;OK;52;1;0;0;0
[ 28.11.2010 11:00:00 ]: [   >>>   ] [ 1 xenor (7) ]: ITEM;OK;53;1;4;5;6
[ 28.11.2010 11:00:00 ]: [   >>>   ] [ 1 xenor (7) ]: ITEM;OK;54;1;0;0;0
[ 28.11.2010 11:00:00 ]: [   >>>   ] [ 1 xenor (7) ]: ITEM;OK;55;1;0;0;0
[ 28.11.2010 11:00:00 ]: [   >>>   ] [ 1 xenor (7) ]: ITEM;OK;56;2;0;0;0
[ 28.11.2010 11:00:00 ]: [   >>>   ] [ 1 xenor (7) ]: ITEM;OK;57;1;0;0;0
[ 28.11.2010 11:00:00 ]: [   >>>   ] [ 1 xenor (7) ]: ITEM;OK;58;58
[ 28.11.2010 11:00:00 ]: [   >>>   ] [ 1 xenor (7) ]: ITEM;OK;59;59
