[ 21.11.2010 15:30:16 ]: Using Syslog: ./syslog/1290353417.log
[ 21.11.2010 15:30:16 ]: Game Server v0.2.1 starting up...
[ 21.11.2010 15:30:21 ]: PLAYER DB			READY
[ 21.11.2010 15:30:26 ]: GAME DB			READY
[ 21.11.2010 15:30:26 ]: LISTEN THREAD			READY
[ 21.11.2010 15:30:26 ]: NPC CONTROL			READY
[ 21.11.2010 15:30:26 ]: GAME SERVER READY		READY
[ 21.11.2010 15:30:27 ]: [ NEWUSER ] [ 0 ]: TIME: 1290353427
[ 21.11.2010 15:30:27 ]: [   >>>   ] [ 0  ]: WELCOME
[ 21.11.2010 15:30:29 ]: [   <<<   ] [ 0  (0) ]: shutdown
[ 21.11.2010 15:30:29 ]: [   >>>   ] [ 0  (0) ]: SHUTDOWN;50;10
[ 21.11.2010 15:30:30 ]: [   >>>   ] [ 0  (0) ]: SHUTDOWN;50;9
[ 21.11.2010 15:30:31 ]: [   >>>   ] [ 0  (0) ]: SHUTDOWN;50;8
[ 21.11.2010 15:30:32 ]: [   >>>   ] [ 0  (0) ]: SHUTDOWN;50;7
[ 21.11.2010 15:30:33 ]: [   >>>   ] [ 0  (0) ]: SHUTDOWN;50;6
[ 21.11.2010 15:30:34 ]: [   >>>   ] [ 0  (0) ]: SHUTDOWN;50;5
[ 21.11.2010 15:30:35 ]: [   >>>   ] [ 0  (0) ]: SHUTDOWN;50;4
[ 21.11.2010 15:30:36 ]: [   >>>   ] [ 0  (0) ]: SHUTDOWN;50;3
[ 21.11.2010 15:30:37 ]: [   >>>   ] [ 0  (0) ]: SHUTDOWN;50;2
[ 21.11.2010 15:30:38 ]: [   >>>   ] [ 0  (0) ]: SHUTDOWN;50;1
[ 21.11.2010 15:30:38 ]: [ NEWUSER ] [ 0 ]: TIME: 1290353439
[ 21.11.2010 15:30:38 ]: [   >>>   ] [ 0  ]: WELCOME
[ 21.11.2010 15:30:39 ]: [   >>>   ] [ 0  (0) ]: SHUTDOWN;51
[ 21.11.2010 15:30:39 ]: [   >>>   ] [ 0  (0) ]: SHUTDOWN;51
[ 21.11.2010 15:30:39 ]: SHUTDOWN COMPLETE AT 1290353440
[ 21.11.2010 15:30:46 ]: [   <<<   ] [ 0  (0) ]: [6~lolwas
[ 21.11.2010 15:30:46 ]: [   >>>   ] [ 0  (0) ]: ERROR;20
