[ 26.11.2010 18:54:31 ]: Using Syslog: ./syslog/1290797671.log
[ 26.11.2010 18:54:31 ]: Game Server v0.2.1 starting up...
[ 26.11.2010 18:54:35 ]: PLAYER DB			READY
[ 26.11.2010 18:54:40 ]: GAME DB			READY
[ 26.11.2010 18:54:40 ]: LISTEN THREAD			READY
[ 26.11.2010 18:54:40 ]: NPC CONTROL			READY
[ 26.11.2010 18:54:40 ]: GAME SERVER READY		READY
[ 26.11.2010 18:54:41 ]: [ NEWUSER ] [ 0 ]: TIME: 1290797682
[ 26.11.2010 18:54:41 ]: [   >>>   ] [ 0  ]: WELCOME
[ 26.11.2010 18:54:44 ]: [   <<<   ] [ 0  (0) ]: item;42
[ 26.11.2010 18:54:44 ]: [   >>>   ] [ 0  (0) ]: ITEM;OK;15;42
[ 26.11.2010 18:54:48 ]: [   <<<   ] [ 0  (0) ]: item;42
[ 26.11.2010 18:54:48 ]: [   >>>   ] [ 0  (0) ]: ITEM;OK;16;42
[ 26.11.2010 19:05:09 ]: [   <<<   ] [ 0  (0) ]: spawn;1001
[ 26.11.2010 19:05:09 ]: [   >>>   ] [ 0  (0) ]: SPAWN;OK;1;1001;-2;-8;2
[ 26.11.2010 19:05:11 ]: [   <<<   ] [ 0  (0) ]: item;42
[ 26.11.2010 19:05:11 ]: [   >>>   ] [ 0  (0) ]: ITEM;OK;17;42
[ 26.11.2010 19:05:13 ]: [   <<<   ] [ 0  (0) ]: item;0
[ 26.11.2010 19:05:13 ]: [   >>>   ] [ 0  (0) ]: ITEM;OK;18;0
[ 26.11.2010 19:05:19 ]: [   <<<   ] [ 0  (0) ]: item;1337
[ 26.11.2010 19:05:19 ]: [   >>>   ] [ 0  (0) ]: ITEM;OK;19;1337
