[ 22.11.2010 19:35:44 ]: Using Syslog: ./syslog/1290454545.log
[ 22.11.2010 19:35:44 ]: Game Server v0.2.1 starting up...
[ 22.11.2010 19:35:49 ]: PLAYER DB			READY
[ 22.11.2010 19:35:54 ]: GAME DB			READY
[ 22.11.2010 19:35:54 ]: LISTEN THREAD			READY
[ 22.11.2010 19:35:54 ]: NPC CONTROL			READY
[ 22.11.2010 19:35:54 ]: GAME SERVER READY		READY
[ 22.11.2010 19:35:56 ]: [ NEWUSER ] [ 0 ]: TIME: 1290454557
[ 22.11.2010 19:35:56 ]: [   >>>   ] [ 0  ]: WELCOME
[ 22.11.2010 19:35:56 ]: [ NEWUSER ] [ 0 ]: TIME: 1290454557
[ 22.11.2010 19:35:56 ]: [   >>>   ] [ 0  ]: WELCOME
[ 22.11.2010 19:35:56 ]: [ NEWUSER ] [ 0 ]: TIME: 1290454557
[ 22.11.2010 19:35:56 ]: [   >>>   ] [ 0  ]: WELCOME
[ 22.11.2010 19:35:56 ]: [ NEWUSER ] [ 0 ]: TIME: 1290454557
[ 22.11.2010 19:35:56 ]: [   >>>   ] [ 0  ]: WELCOME
[ 22.11.2010 19:35:56 ]: [ NEWUSER ] [ 0 ]: TIME: 1290454557
[ 22.11.2010 19:35:56 ]: [   >>>   ] [ 0  ]: WELCOME
[ 22.11.2010 19:35:56 ]: [ NEWUSER ] [ 0 ]: TIME: 1290454557
[ 22.11.2010 19:35:56 ]: [   >>>   ] [ 0  ]: WELCOME
[ 22.11.2010 19:35:56 ]: [ NEWUSER ] [ 0 ]: TIME: 1290454557
[ 22.11.2010 19:35:56 ]: [   >>>   ] [ 0  ]: WELCOME
[ 22.11.2010 19:35:56 ]: [ NEWUSER ] [ 0 ]: TIME: 1290454557
[ 22.11.2010 19:35:56 ]: [   >>>   ] [ 0  ]: WELCOME
[ 22.11.2010 19:35:57 ]: [ NEWUSER ] [ 0 ]: TIME: 1290454557
[ 22.11.2010 19:35:57 ]: [   >>>   ] [ 0  ]: WELCOME
[ 22.11.2010 19:35:59 ]: [   <<<   ] [ 0  (0) ]: notice;opfer
[ 22.11.2010 19:35:59 ]: [    N    ] [ 0 ]: opfer
[ 22.11.2010 19:35:59 ]: [   >>>   ] [ 0  (0) ]: NOTICE;opfer
[ 22.11.2010 19:35:59 ]: [   >>>   ] [ 0  (0) ]: NOTICE;opfer
[ 22.11.2010 19:35:59 ]: [   >>>   ] [ 0  (0) ]: NOTICE;opfer
[ 22.11.2010 19:35:59 ]: [   >>>   ] [ 0  (0) ]: NOTICE;opfer
[ 22.11.2010 19:35:59 ]: [   >>>   ] [ 0  (0) ]: NOTICE;opfer
[ 22.11.2010 19:35:59 ]: [   >>>   ] [ 0  (0) ]: NOTICE;opfer
[ 22.11.2010 19:35:59 ]: [   >>>   ] [ 0  (0) ]: NOTICE;opfer
[ 22.11.2010 19:35:59 ]: [   >>>   ] [ 0  (0) ]: NOTICE;opfer
[ 22.11.2010 19:35:59 ]: [   >>>   ] [ 0  (0) ]: NOTICE;opfer
[ 22.11.2010 19:35:59 ]: [ NEWUSER ] [ 0 ]: TIME: 1290454560
[ 22.11.2010 19:35:59 ]: [   >>>   ] [ 0  ]: WELCOME
[ 22.11.2010 19:36:00 ]: [ NEWUSER ] [ 0 ]: TIME: 1290454561
[ 22.11.2010 19:36:00 ]: [   >>>   ] [ 0  ]: WELCOME
[ 22.11.2010 19:36:01 ]: [ NEWUSER ] [ 0 ]: TIME: 1290454561
[ 22.11.2010 19:36:01 ]: [   >>>   ] [ 0  ]: WELCOME
[ 22.11.2010 19:36:01 ]: [ NEWUSER ] [ 0 ]: TIME: 1290454561
[ 22.11.2010 19:36:01 ]: [   >>>   ] [ 0  ]: WELCOME
[ 22.11.2010 19:36:01 ]: [ NEWUSER ] [ 0 ]: TIME: 1290454561
[ 22.11.2010 19:36:01 ]: [   >>>   ] [ 0  ]: WELCOME
[ 22.11.2010 19:36:01 ]: [ NEWUSER ] [ 0 ]: TIME: 1290454561
[ 22.11.2010 19:36:01 ]: [   >>>   ] [ 0  ]: WELCOME
[ 22.11.2010 19:36:01 ]: [ NEWUSER ] [ 0 ]: TIME: 1290454561
[ 22.11.2010 19:36:01 ]: [   >>>   ] [ 0  ]: WELCOME
[ 22.11.2010 19:36:01 ]: [ NEWUSER ] [ 0 ]: TIME: 1290454561
[ 22.11.2010 19:36:01 ]: [   >>>   ] [ 0  ]: WELCOME
[ 22.11.2010 19:36:01 ]: [ NEWUSER ] [ 0 ]: TIME: 1290454561
[ 22.11.2010 19:36:01 ]: [   >>>   ] [ 0  ]: WELCOME
[ 22.11.2010 19:36:01 ]: [ NEWUSER ] [ 0 ]: TIME: 1290454561
[ 22.11.2010 19:36:01 ]: [   >>>   ] [ 0  ]: WELCOME
[ 22.11.2010 19:36:03 ]: [   <<<   ] [ 0  (0) ]: notice;opfer
[ 22.11.2010 19:36:03 ]: [    N    ] [ 0 ]: opfer
[ 22.11.2010 19:36:03 ]: [  KILLD  ] [ 0 ]: TIME: 1290454563
[ 22.11.2010 19:36:03 ]: [  KILLD  ] [ 0 ]: TIME: 1290454563
[ 22.11.2010 19:36:03 ]: [  KILLD  ] [ 0 ]: TIME: 1290454563
[ 22.11.2010 19:36:03 ]: [  KILLD  ] [ 0 ]: TIME: 1290454563
[ 22.11.2010 19:36:03 ]: [  KILLD  ] [ 0 ]: TIME: 1290454563
[ 22.11.2010 19:36:03 ]: [  KILLD  ] [ 0 ]: TIME: 1290454563
[ 22.11.2010 19:36:03 ]: [  KILLD  ] [ 0 ]: TIME: 1290454563
[ 22.11.2010 19:36:03 ]: [  KILLD  ] [ 0 ]: TIME: 1290454563
[ 22.11.2010 19:36:03 ]: [   >>>   ] [ 0  (0) ]: NOTICE;opfer
[ 22.11.2010 19:36:03 ]: [  KILLD  ] [ 0 ]: TIME: 1290454563
[ 22.11.2010 19:36:03 ]: [  KILLD  ] [ 0 ]: TIME: 1290454563
[ 22.11.2010 19:36:03 ]: [   >>>   ] [ 0  (0) ]: NOTICE;opfer
[ 22.11.2010 19:36:03 ]: [   >>>   ] [ 0  (0) ]: NOTICE;opfer
[ 22.11.2010 19:36:03 ]: [   >>>   ] [ 0  (0) ]: NOTICE;opfer
[ 22.11.2010 19:36:03 ]: [   >>>   ] [ 0  (0) ]: NOTICE;opfer
[ 22.11.2010 19:36:03 ]: [   >>>   ] [ 0  (0) ]: NOTICE;opfer
[ 22.11.2010 19:36:03 ]: [   >>>   ] [ 0  (0) ]: NOTICE;opfer
[ 22.11.2010 19:36:03 ]: [   >>>   ] [ 0  (0) ]: NOTICE;opfer
[ 22.11.2010 19:36:03 ]: [   >>>   ] [ 0  (0) ]: NOTICE;opfer
[ 22.11.2010 19:36:04 ]: [ NEWUSER ] [ 0 ]: TIME: 1290454564
[ 22.11.2010 19:36:04 ]: [   >>>   ] [ 0  ]: WELCOME
[ 22.11.2010 19:36:04 ]: [ NEWUSER ] [ 0 ]: TIME: 1290454565
[ 22.11.2010 19:36:04 ]: [   >>>   ] [ 0  ]: WELCOME
[ 22.11.2010 19:36:14 ]: [   <<<   ] [ 0  (0) ]: shutdown
[ 22.11.2010 19:36:14 ]: [   >>>   ] [ 0  (0) ]: SHUTDOWN;50;10
[ 22.11.2010 19:36:14 ]: [   >>>   ] [ 0  (0) ]: SHUTDOWN;50;10
[ 22.11.2010 19:36:14 ]: [   >>>   ] [ 0  (0) ]: SHUTDOWN;50;10
[ 22.11.2010 19:36:14 ]: [   >>>   ] [ 0  (0) ]: SHUTDOWN;50;10
[ 22.11.2010 19:36:14 ]: [   >>>   ] [ 0  (0) ]: SHUTDOWN;50;10
[ 22.11.2010 19:36:14 ]: [   >>>   ] [ 0  (0) ]: SHUTDOWN;50;10
[ 22.11.2010 19:36:14 ]: [   >>>   ] [ 0  (0) ]: SHUTDOWN;50;10
[ 22.11.2010 19:36:14 ]: [   >>>   ] [ 0  (0) ]: SHUTDOWN;50;10
[ 22.11.2010 19:36:14 ]: [   >>>   ] [ 0  (0) ]: SHUTDOWN;50;10
[ 22.11.2010 19:36:14 ]: [   >>>   ] [ 0  (0) ]: SHUTDOWN;50;10
[ 22.11.2010 19:36:14 ]: [   >>>   ] [ 0  (0) ]: SHUTDOWN;50;10
[ 22.11.2010 19:36:15 ]: [   >>>   ] [ 0  (0) ]: SHUTDOWN;50;9
[ 22.11.2010 19:36:15 ]: [   >>>   ] [ 0  (0) ]: SHUTDOWN;50;9
[ 22.11.2010 19:36:15 ]: [   >>>   ] [ 0  (0) ]: SHUTDOWN;50;9
[ 22.11.2010 19:36:15 ]: [   >>>   ] [ 0  (0) ]: SHUTDOWN;50;9
[ 22.11.2010 19:36:15 ]: [   >>>   ] [ 0  (0) ]: SHUTDOWN;50;9
[ 22.11.2010 19:36:15 ]: [   >>>   ] [ 0  (0) ]: SHUTDOWN;50;9
[ 22.11.2010 19:36:15 ]: [   >>>   ] [ 0  (0) ]: SHUTDOWN;50;9
[ 22.11.2010 19:36:15 ]: [   >>>   ] [ 0  (0) ]: SHUTDOWN;50;9
[ 22.11.2010 19:36:15 ]: [   >>>   ] [ 0  (0) ]: SHUTDOWN;50;9
[ 22.11.2010 19:36:15 ]: [   >>>   ] [ 0  (0) ]: SHUTDOWN;50;9
[ 22.11.2010 19:36:15 ]: [   >>>   ] [ 0  (0) ]: SHUTDOWN;50;9
[ 22.11.2010 19:36:16 ]: [   >>>   ] [ 0  (0) ]: SHUTDOWN;50;8
[ 22.11.2010 19:36:16 ]: [  KILLD  ] [ 0 ]: TIME: 1290454577
[ 22.11.2010 19:36:16 ]: [  KILLD  ] [ 0 ]: TIME: 1290454577
[ 22.11.2010 19:36:16 ]: [  KILLD  ] [ 0 ]: TIME: 1290454577
[ 22.11.2010 19:36:16 ]: [  KILLD  ] [ 0 ]: TIME: 1290454577
[ 22.11.2010 19:36:16 ]: [  KILLD  ] [ 0 ]: TIME: 1290454577
[ 22.11.2010 19:36:16 ]: [  KILLD  ] [ 0 ]: TIME: 1290454577
[ 22.11.2010 19:36:16 ]: [  KILLD  ] [ 0 ]: TIME: 1290454577
[ 22.11.2010 19:36:16 ]: [  KILLD  ] [ 0 ]: TIME: 1290454577
[ 22.11.2010 19:36:16 ]: [  KILLD  ] [ 0 ]: TIME: 1290454577
[ 22.11.2010 19:36:16 ]: [  KILLD  ] [ 0 ]: TIME: 1290454577
[ 22.11.2010 19:36:17 ]: [ NEWUSER ] [ 0 ]: TIME: 1290454577
[ 22.11.2010 19:36:17 ]: [   >>>   ] [ 0  ]: WELCOME
[ 22.11.2010 19:36:17 ]: [ NEWUSER ] [ 0 ]: TIME: 1290454577
[ 22.11.2010 19:36:17 ]: [   >>>   ] [ 0  ]: WELCOME
[ 22.11.2010 19:36:17 ]: [ NEWUSER ] [ 0 ]: TIME: 1290454577
[ 22.11.2010 19:36:17 ]: [   >>>   ] [ 0  ]: WELCOME
[ 22.11.2010 19:36:17 ]: [ NEWUSER ] [ 0 ]: TIME: 1290454577
[ 22.11.2010 19:36:17 ]: [   >>>   ] [ 0  ]: WELCOME
[ 22.11.2010 19:36:17 ]: [ NEWUSER ] [ 0 ]: TIME: 1290454577
[ 22.11.2010 19:36:17 ]: [   >>>   ] [ 0  ]: WELCOME
[ 22.11.2010 19:36:17 ]: [ NEWUSER ] [ 0 ]: TIME: 1290454577
[ 22.11.2010 19:36:17 ]: [   >>>   ] [ 0  ]: WELCOME
[ 22.11.2010 19:36:17 ]: [ NEWUSER ] [ 0 ]: TIME: 1290454577
[ 22.11.2010 19:36:17 ]: [   >>>   ] [ 0  ]: WELCOME
[ 22.11.2010 19:36:17 ]: [ NEWUSER ] [ 0 ]: TIME: 1290454577
[ 22.11.2010 19:36:17 ]: [   >>>   ] [ 0  ]: WELCOME
[ 22.11.2010 19:36:17 ]: [ NEWUSER ] [ 0 ]: TIME: 1290454577
[ 22.11.2010 19:36:17 ]: [   >>>   ] [ 0  ]: WELCOME
[ 22.11.2010 19:36:17 ]: [   >>>   ] [ 0  (0) ]: SHUTDOWN;50;7
[ 22.11.2010 19:36:17 ]: [   >>>   ] [ 0  (0) ]: SHUTDOWN;50;7
[ 22.11.2010 19:36:17 ]: [   >>>   ] [ 0  (0) ]: SHUTDOWN;50;7
[ 22.11.2010 19:36:17 ]: [   >>>   ] [ 0  (0) ]: SHUTDOWN;50;7
[ 22.11.2010 19:36:17 ]: [   >>>   ] [ 0  (0) ]: SHUTDOWN;50;7
[ 22.11.2010 19:36:17 ]: [   >>>   ] [ 0  (0) ]: SHUTDOWN;50;7
[ 22.11.2010 19:36:17 ]: [   >>>   ] [ 0  (0) ]: SHUTDOWN;50;7
[ 22.11.2010 19:36:17 ]: [   >>>   ] [ 0  (0) ]: SHUTDOWN;50;7
[ 22.11.2010 19:36:17 ]: [   >>>   ] [ 0  (0) ]: SHUTDOWN;50;7
[ 22.11.2010 19:36:17 ]: [   >>>   ] [ 0  (0) ]: SHUTDOWN;50;7
[ 22.11.2010 19:36:18 ]: [   >>>   ] [ 0  (0) ]: SHUTDOWN;50;6
[ 22.11.2010 19:36:18 ]: [   >>>   ] [ 0  (0) ]: SHUTDOWN;50;6
[ 22.11.2010 19:36:18 ]: [   >>>   ] [ 0  (0) ]: SHUTDOWN;50;6
[ 22.11.2010 19:36:18 ]: [   >>>   ] [ 0  (0) ]: SHUTDOWN;50;6
[ 22.11.2010 19:36:18 ]: [   >>>   ] [ 0  (0) ]: SHUTDOWN;50;6
[ 22.11.2010 19:36:18 ]: [   >>>   ] [ 0  (0) ]: SHUTDOWN;50;6
[ 22.11.2010 19:36:18 ]: [   >>>   ] [ 0  (0) ]: SHUTDOWN;50;6
[ 22.11.2010 19:36:18 ]: [   >>>   ] [ 0  (0) ]: SHUTDOWN;50;6
[ 22.11.2010 19:36:18 ]: [   >>>   ] [ 0  (0) ]: SHUTDOWN;50;6
[ 22.11.2010 19:36:18 ]: [   >>>   ] [ 0  (0) ]: SHUTDOWN;50;6
[ 22.11.2010 19:36:19 ]: [   >>>   ] [ 0  (0) ]: SHUTDOWN;50;5
[ 22.11.2010 19:36:19 ]: [   >>>   ] [ 0  (0) ]: SHUTDOWN;50;5
[ 22.11.2010 19:36:19 ]: [   >>>   ] [ 0  (0) ]: SHUTDOWN;50;5
[ 22.11.2010 19:36:19 ]: [   >>>   ] [ 0  (0) ]: SHUTDOWN;50;5
[ 22.11.2010 19:36:19 ]: [   >>>   ] [ 0  (0) ]: SHUTDOWN;50;5
[ 22.11.2010 19:36:19 ]: [   >>>   ] [ 0  (0) ]: SHUTDOWN;50;5
[ 22.11.2010 19:36:19 ]: [   >>>   ] [ 0  (0) ]: SHUTDOWN;50;5
[ 22.11.2010 19:36:19 ]: [   >>>   ] [ 0  (0) ]: SHUTDOWN;50;5
[ 22.11.2010 19:36:19 ]: [   >>>   ] [ 0  (0) ]: SHUTDOWN;50;5
[ 22.11.2010 19:36:19 ]: [   >>>   ] [ 0  (0) ]: SHUTDOWN;50;5
[ 22.11.2010 19:36:20 ]: [   >>>   ] [ 0  (0) ]: SHUTDOWN;50;4
[ 22.11.2010 19:36:20 ]: [   >>>   ] [ 0  (0) ]: SHUTDOWN;50;4
[ 22.11.2010 19:36:20 ]: [   >>>   ] [ 0  (0) ]: SHUTDOWN;50;4
[ 22.11.2010 19:36:20 ]: [   >>>   ] [ 0  (0) ]: SHUTDOWN;50;4
[ 22.11.2010 19:36:20 ]: [   >>>   ] [ 0  (0) ]: SHUTDOWN;50;4
[ 22.11.2010 19:36:20 ]: [   >>>   ] [ 0  (0) ]: SHUTDOWN;50;4
[ 22.11.2010 19:36:20 ]: [   >>>   ] [ 0  (0) ]: SHUTDOWN;50;4
[ 22.11.2010 19:36:20 ]: [   >>>   ] [ 0  (0) ]: SHUTDOWN;50;4
[ 22.11.2010 19:36:20 ]: [   >>>   ] [ 0  (0) ]: SHUTDOWN;50;4
[ 22.11.2010 19:36:20 ]: [   >>>   ] [ 0  (0) ]: SHUTDOWN;50;4
[ 22.11.2010 19:36:20 ]: [ NEWUSER ] [ 0 ]: TIME: 1290454581
[ 22.11.2010 19:36:20 ]: [   >>>   ] [ 0  ]: WELCOME
[ 22.11.2010 19:36:21 ]: [   >>>   ] [ 0  (0) ]: SHUTDOWN;50;3
[ 22.11.2010 19:36:21 ]: [   >>>   ] [ 0  (0) ]: SHUTDOWN;50;3
[ 22.11.2010 19:36:21 ]: [   >>>   ] [ 0  (0) ]: SHUTDOWN;50;3
[ 22.11.2010 19:36:21 ]: [   >>>   ] [ 0  (0) ]: SHUTDOWN;50;3
[ 22.11.2010 19:36:21 ]: [   >>>   ] [ 0  (0) ]: SHUTDOWN;50;3
[ 22.11.2010 19:36:21 ]: [   >>>   ] [ 0  (0) ]: SHUTDOWN;50;3
[ 22.11.2010 19:36:21 ]: [   >>>   ] [ 0  (0) ]: SHUTDOWN;50;3
[ 22.11.2010 19:36:21 ]: [   >>>   ] [ 0  (0) ]: SHUTDOWN;50;3
[ 22.11.2010 19:36:21 ]: [   >>>   ] [ 0  (0) ]: SHUTDOWN;50;3
[ 22.11.2010 19:36:21 ]: [   >>>   ] [ 0  (0) ]: SHUTDOWN;50;3
[ 22.11.2010 19:36:21 ]: [   >>>   ] [ 0  (0) ]: SHUTDOWN;50;3
[ 22.11.2010 19:36:22 ]: [   >>>   ] [ 0  (0) ]: SHUTDOWN;50;2
[ 22.11.2010 19:36:22 ]: [  KILLD  ] [ 0 ]: TIME: 1290454583
[ 22.11.2010 19:36:22 ]: [  KILLD  ] [ 0 ]: TIME: 1290454583
[ 22.11.2010 19:36:22 ]: [  KILLD  ] [ 0 ]: TIME: 1290454583
[ 22.11.2010 19:36:22 ]: [  KILLD  ] [ 0 ]: TIME: 1290454583
[ 22.11.2010 19:36:22 ]: [  KILLD  ] [ 0 ]: TIME: 1290454583
[ 22.11.2010 19:36:22 ]: [  KILLD  ] [ 0 ]: TIME: 1290454583
[ 22.11.2010 19:36:22 ]: [  KILLD  ] [ 0 ]: TIME: 1290454583
[ 22.11.2010 19:36:22 ]: [  KILLD  ] [ 0 ]: TIME: 1290454583
[ 22.11.2010 19:36:22 ]: [  KILLD  ] [ 0 ]: TIME: 1290454583
[ 22.11.2010 19:36:22 ]: [  KILLD  ] [ 0 ]: TIME: 1290454583
[ 22.11.2010 19:36:23 ]: [ NEWUSER ] [ 0 ]: TIME: 1290454584
[ 22.11.2010 19:36:23 ]: [   >>>   ] [ 0  ]: WELCOME
[ 22.11.2010 19:36:23 ]: [ NEWUSER ] [ 0 ]: TIME: 1290454584
[ 22.11.2010 19:36:23 ]: [   >>>   ] [ 0  ]: WELCOME
[ 22.11.2010 19:36:23 ]: [ NEWUSER ] [ 0 ]: TIME: 1290454584
[ 22.11.2010 19:36:23 ]: [   >>>   ] [ 0  ]: WELCOME
[ 22.11.2010 19:36:23 ]: [ NEWUSER ] [ 0 ]: TIME: 1290454584
[ 22.11.2010 19:36:23 ]: [   >>>   ] [ 0  ]: WELCOME
[ 22.11.2010 19:36:23 ]: [ NEWUSER ] [ 0 ]: TIME: 1290454584
[ 22.11.2010 19:36:23 ]: [   >>>   ] [ 0  ]: WELCOME
[ 22.11.2010 19:36:23 ]: [ NEWUSER ] [ 0 ]: TIME: 1290454584
[ 22.11.2010 19:36:23 ]: [   >>>   ] [ 0  ]: WELCOME
[ 22.11.2010 19:36:23 ]: [ NEWUSER ] [ 0 ]: TIME: 1290454584
[ 22.11.2010 19:36:23 ]: [   >>>   ] [ 0  ]: WELCOME
[ 22.11.2010 19:36:23 ]: [ NEWUSER ] [ 0 ]: TIME: 1290454584
[ 22.11.2010 19:36:23 ]: [   >>>   ] [ 0  ]: WELCOME
[ 22.11.2010 19:36:23 ]: [ NEWUSER ] [ 0 ]: TIME: 1290454584
[ 22.11.2010 19:36:23 ]: [   >>>   ] [ 0  ]: WELCOME
[ 22.11.2010 19:36:23 ]: [   >>>   ] [ 0  (0) ]: SHUTDOWN;50;1
[ 22.11.2010 19:36:23 ]: [   >>>   ] [ 0  (0) ]: SHUTDOWN;50;1
[ 22.11.2010 19:36:23 ]: [   >>>   ] [ 0  (0) ]: SHUTDOWN;50;1
[ 22.11.2010 19:36:23 ]: [   >>>   ] [ 0  (0) ]: SHUTDOWN;50;1
[ 22.11.2010 19:36:23 ]: [   >>>   ] [ 0  (0) ]: SHUTDOWN;50;1
[ 22.11.2010 19:36:23 ]: [   >>>   ] [ 0  (0) ]: SHUTDOWN;50;1
[ 22.11.2010 19:36:23 ]: [   >>>   ] [ 0  (0) ]: SHUTDOWN;50;1
[ 22.11.2010 19:36:23 ]: [   >>>   ] [ 0  (0) ]: SHUTDOWN;50;1
[ 22.11.2010 19:36:23 ]: [   >>>   ] [ 0  (0) ]: SHUTDOWN;50;1
[ 22.11.2010 19:36:23 ]: [   >>>   ] [ 0  (0) ]: SHUTDOWN;50;1
[ 22.11.2010 19:36:24 ]: [ NEWUSER ] [ 0 ]: TIME: 1290454584
[ 22.11.2010 19:36:24 ]: [   >>>   ] [ 0  ]: WELCOME
[ 22.11.2010 19:36:24 ]: [ NEWUSER ] [ 0 ]: TIME: 1290454584
[ 22.11.2010 19:36:24 ]: [   >>>   ] [ 0  ]: WELCOME
[ 22.11.2010 19:36:24 ]: [ NEWUSER ] [ 0 ]: TIME: 1290454584
[ 22.11.2010 19:36:24 ]: [   >>>   ] [ 0  ]: WELCOME
[ 22.11.2010 19:36:24 ]: [ NEWUSER ] [ 0 ]: TIME: 1290454584
[ 22.11.2010 19:36:24 ]: [   >>>   ] [ 0  ]: WELCOME
[ 22.11.2010 19:36:24 ]: [ NEWUSER ] [ 0 ]: TIME: 1290454584
[ 22.11.2010 19:36:24 ]: [   >>>   ] [ 0  ]: WELCOME
[ 22.11.2010 19:36:24 ]: [ NEWUSER ] [ 0 ]: TIME: 1290454584
[ 22.11.2010 19:36:24 ]: [   >>>   ] [ 0  ]: WELCOME
[ 22.11.2010 19:36:24 ]: [ NEWUSER ] [ 0 ]: TIME: 1290454584
[ 22.11.2010 19:36:24 ]: [   >>>   ] [ 0  ]: WELCOME
[ 22.11.2010 19:36:24 ]: [ NEWUSER ] [ 0 ]: TIME: 1290454584
[ 22.11.2010 19:36:24 ]: [   >>>   ] [ 0  ]: WELCOME
[ 22.11.2010 19:36:24 ]: [   >>>   ] [ 0  (0) ]: SHUTDOWN;51
[ 22.11.2010 19:36:24 ]: [  KILLD  ] [ 0 ]: TIME: 1290454585
