[ 21.11.2010 11:47:46 ]: Using Syslog: ./syslog/1290340066.log
[ 21.11.2010 11:47:46 ]: Game Server v0.2.1 starting up...
[ 21.11.2010 11:47:51 ]: PLAYER DB			READY
[ 21.11.2010 11:47:55 ]: GAME DB			READY
[ 21.11.2010 11:47:55 ]: LISTEN THREAD			READY
[ 21.11.2010 11:47:55 ]: NPC CONTROL			READY
[ 21.11.2010 11:47:55 ]: GAME SERVER READY		READY
[ 21.11.2010 11:47:56 ]: [ NEWUSER ] [ 0 ]: TIME: 1290340076
[ 21.11.2010 11:47:56 ]: [   >>>   ] [ 0  ]: WELCOME
[ 21.11.2010 11:47:58 ]: [   <<<   ] [ 0  (0) ]: spawn;1001
[ 21.11.2010 11:47:58 ]: [   >>>   ] [ 0  (0) ]: SPAWN;OK;1001;-9;0;0
[ 21.11.2010 11:48:01 ]: [   <<<   ] [ 0  (0) ]: aggr
[ 21.11.2010 11:48:01 ]: [   >>>   ] [ 0  (0) ]: ATTACK;1;1001;0;10
[ 21.11.2010 11:48:02 ]: [   >>>   ] [ 0  (0) ]: ATTACK;1;1001;0;10
[ 21.11.2010 11:48:04 ]: [   >>>   ] [ 0  (0) ]: ATTACK;1;1001;0;10
[ 21.11.2010 11:48:06 ]: [   >>>   ] [ 0  (0) ]: ATTACK;1;1001;0;10
[ 21.11.2010 11:48:08 ]: [   >>>   ] [ 0  (0) ]: ATTACK;1;1001;0;10
[ 21.11.2010 11:48:10 ]: [   >>>   ] [ 0  (0) ]: ATTACK;1;1001;0;10
[ 21.11.2010 11:48:12 ]: [   >>>   ] [ 0  (0) ]: ATTACK;1;1001;0;10
[ 21.11.2010 11:48:14 ]: [   >>>   ] [ 0  (0) ]: ATTACK;1;1001;0;10
[ 21.11.2010 11:48:16 ]: [   >>>   ] [ 0  (0) ]: ATTACK;1;1001;0;10
[ 21.11.2010 11:48:18 ]: [   >>>   ] [ 0  (0) ]: ATTACK;1;1001;0;10
[ 21.11.2010 11:48:20 ]: [   >>>   ] [ 0  (0) ]: ATTACK;1;1001;0;10
[ 21.11.2010 11:48:22 ]: [   >>>   ] [ 0  (0) ]: ATTACK;1;1001;0;10
[ 21.11.2010 11:48:24 ]: [   >>>   ] [ 0  (0) ]: ATTACK;1;1001;0;10
[ 21.11.2010 11:48:26 ]: [   >>>   ] [ 0  (0) ]: ATTACK;1;1001;0;10
[ 21.11.2010 11:48:28 ]: [   >>>   ] [ 0  (0) ]: ATTACK;1;1001;0;10
[ 21.11.2010 11:48:30 ]: [   >>>   ] [ 0  (0) ]: ATTACK;1;1001;0;10
[ 21.11.2010 11:48:32 ]: [   <<<   ] [ 0  (0) ]: quit
[ 21.11.2010 11:48:32 ]: [   >>>   ] [ 0  ]: BYE
[ 21.11.2010 11:48:32 ]: [  KILLD  ] [ 0 ]: TIME: 1290340112
