[ 18.11.2010 17:21:44 ]: Using Syslog: ./syslog/1290100904.log
[ 18.11.2010 17:21:44 ]: Game Server v0.1.5 starting up...
[ 18.11.2010 17:21:49 ]: PLAYER CONNECTED
[ 18.11.2010 17:21:53 ]: GAME CONNECTED
[ 18.11.2010 17:21:53 ]: CACHING GAME DATABASE
[ 18.11.2010 17:21:53 ]: DONE.
[ 18.11.2010 17:21:53 ]: LISTEN THREAD - READY
[ 18.11.2010 17:21:53 ]: PING THREAD READY
[ 18.11.2010 17:21:53 ]: SERVER UP AND RUNNING - READY
[ 18.11.2010 17:21:59 ]: [ NEWUSER ] [ 0 ]: TIME: 1290100920
[ 18.11.2010 17:21:59 ]: [   >>>   ] [ 0  ]: WELCOME
[ 18.11.2010 17:21:59 ]: [   <<<   ] [ 0  ]: LOGIN;xenor;0;lalaftw#!
[ 18.11.2010 17:21:59 ]: [   >>>   ] [ 1 xenor (7) ]: LOGIN;OK
[ 18.11.2010 17:22:00 ]: [   >>>   ] [ 1 xenor ]: PING
[ 18.11.2010 17:22:00 ]: [   <<<   ] [ 1 xenor ]: PONG
[ 18.11.2010 17:22:01 ]: [   >>>   ] [ 1 xenor ]: PING
[ 18.11.2010 17:22:01 ]: [   <<<   ] [ 1 xenor ]: PONG
[ 18.11.2010 17:22:02 ]: [   >>>   ] [ 1 xenor ]: PING
[ 18.11.2010 17:22:02 ]: [   <<<   ] [ 1 xenor ]: PONG
[ 18.11.2010 17:22:03 ]: [   >>>   ] [ 1 xenor ]: PING
[ 18.11.2010 17:22:03 ]: [   <<<   ] [ 1 xenor ]: PONG
[ 18.11.2010 17:22:04 ]: [   >>>   ] [ 1 xenor ]: PING
[ 18.11.2010 17:22:04 ]: [   <<<   ] [ 1 xenor ]: PONG
[ 18.11.2010 17:22:05 ]: [   >>>   ] [ 1 xenor ]: PING
[ 18.11.2010 17:22:05 ]: [   <<<   ] [ 1 xenor ]: PONG
[ 18.11.2010 17:22:06 ]: [   >>>   ] [ 1 xenor ]: PING
[ 18.11.2010 17:22:06 ]: [   <<<   ] [ 1 xenor ]: PONG
[ 18.11.2010 17:22:07 ]: [ NEWUSER ] [ 0 ]: TIME: 1290100927
[ 18.11.2010 17:22:07 ]: [   >>>   ] [ 0  ]: WELCOME
[ 18.11.2010 17:22:07 ]: [   <<<   ] [ 0  ]: LOGIN;xenor;0;lalaftw#!
[ 18.11.2010 17:22:07 ]: [   >>>   ] [ 1 xenor (7) ]: LOGIN;OK
[ 18.11.2010 17:22:07 ]: [   <<<   ] [ 1 xenor ]: 
[ 18.11.2010 17:22:07 ]: [   >>>   ] [ 1 xenor (7) ]: ERROR;20
[ 18.11.2010 17:22:07 ]: [   <<<   ] [ 1 xenor ]: LOG;xenor
[ 18.11.2010 17:22:07 ]: [   >>>   ] [ 1 xenor ]: PING
[ 18.11.2010 17:22:07 ]: [   >>>   ] [ 1 xenor ]: [   >>>   ] [ 1 xenor ]: PING
[ 18.11.2010 17:22:07 ]: [   >>>   ] [ 1 xenor ]: PING
[ 18.11.2010 17:22:07 ]: [   <<<   ] [ 1 xenor ]: PONG
[ 18.11.2010 17:22:07 ]: [   >>>   ] [ 1 xenor ]: [   <<<   ] [ 1 xenor ]: PONG
[ 18.11.2010 17:22:07 ]: [   <<<   ] [ 1 xenor ]: PONG
[ 18.11.2010 17:22:08 ]: [   >>>   ] [ 1 xenor ]: PING
[ 18.11.2010 17:22:08 ]: [   >>>   ] [ 1 xenor ]: [   >>>   ] [ 1 xenor ]: PING
[ 18.11.2010 17:22:08 ]: [   >>>   ] [ 1 xenor ]: PING
[ 18.11.2010 17:22:08 ]: [   <<<   ] [ 1 xenor ]: PONG
[ 18.11.2010 17:22:08 ]: [   >>>   ] [ 1 xenor ]: [   <<<   ] [ 1 xenor ]: PONG
[ 18.11.2010 17:22:08 ]: [   <<<   ] [ 1 xenor ]: PONG
[ 18.11.2010 17:22:09 ]: [   >>>   ] [ 1 xenor ]: PING
[ 18.11.2010 17:22:09 ]: [   >>>   ] [ 1 xenor ]: [   >>>   ] [ 1 xenor ]: PING
[ 18.11.2010 17:22:09 ]: [   >>>   ] [ 1 xenor ]: PING
[ 18.11.2010 17:22:09 ]: [   <<<   ] [ 1 xenor ]: PONG
[ 18.11.2010 17:22:09 ]: [   >>>   ] [ 1 xenor ]: [   <<<   ] [ 1 xenor ]: PONG
[ 18.11.2010 17:22:09 ]: [   <<<   ] [ 1 xenor ]: PONG
[ 18.11.2010 17:22:10 ]: [   >>>   ] [ 1 xenor ]: PING
[ 18.11.2010 17:22:10 ]: [   >>>   ] [ 1 xenor ]: [   >>>   ] [ 1 xenor ]: PING
[ 18.11.2010 17:22:10 ]: [   >>>   ] [ 1 xenor ]: PING
[ 18.11.2010 17:22:10 ]: [   <<<   ] [ 1 xenor ]: PONG
[ 18.11.2010 17:22:10 ]: [   >>>   ] [ 1 xenor ]: [   <<<   ] [ 1 xenor ]: PONG
[ 18.11.2010 17:22:10 ]: [   <<<   ] [ 1 xenor ]: PONG
[ 18.11.2010 17:22:11 ]: [   >>>   ] [ 1 xenor ]: PING
[ 18.11.2010 17:22:11 ]: [   >>>   ] [ 1 xenor ]: [   >>>   ] [ 1 xenor ]: PING
[ 18.11.2010 17:22:11 ]: [   >>>   ] [ 1 xenor ]: PING
[ 18.11.2010 17:22:11 ]: [   <<<   ] [ 1 xenor ]: PONG
[ 18.11.2010 17:22:11 ]: [   >>>   ] [ 1 xenor ]: [   <<<   ] [ 1 xenor ]: PONG
[ 18.11.2010 17:22:11 ]: [   <<<   ] [ 1 xenor ]: PONG
[ 18.11.2010 17:22:12 ]: [   >>>   ] [ 1 xenor ]: PING
[ 18.11.2010 17:22:12 ]: [   >>>   ] [ 1 xenor ]: [   >>>   ] [ 1 xenor ]: PING
[ 18.11.2010 17:22:12 ]: [   >>>   ] [ 1 xenor ]: PING
[ 18.11.2010 17:22:12 ]: [   <<<   ] [ 1 xenor ]: PONG
[ 18.11.2010 17:22:12 ]: [   >>>   ] [ 1 xenor ]: [   <<<   ] [ 1 xenor ]: PONG
[ 18.11.2010 17:22:12 ]: [   <<<   ] [ 1 xenor ]: PONG
[ 18.11.2010 17:22:13 ]: [   >>>   ] [ 1 xenor ]: PING
[ 18.11.2010 17:22:13 ]: [   >>>   ] [ 1 xenor ]: [   >>>   ] [ 1 xenor ]: PING
[ 18.11.2010 17:22:13 ]: [   >>>   ] [ 1 xenor ]: PING
[ 18.11.2010 17:22:13 ]: [   <<<   ] [ 1 xenor ]: PONG
[ 18.11.2010 17:22:13 ]: [   >>>   ] [ 1 xenor ]: [   <<<   ] [ 1 xenor ]: PONG
[ 18.11.2010 17:22:13 ]: [   <<<   ] [ 1 xenor ]: PONG
[ 18.11.2010 17:22:14 ]: [   >>>   ] [ 1 xenor ]: PING
[ 18.11.2010 17:22:14 ]: [   >>>   ] [ 1 xenor ]: [   >>>   ] [ 1 xenor ]: PING
[ 18.11.2010 17:22:14 ]: [   >>>   ] [ 1 xenor ]: PING
[ 18.11.2010 17:22:14 ]: [   <<<   ] [ 1 xenor ]: PONG
[ 18.11.2010 17:22:14 ]: [   >>>   ] [ 1 xenor ]: [   <<<   ] [ 1 xenor ]: PONG
[ 18.11.2010 17:22:14 ]: [   <<<   ] [ 1 xenor ]: PONG
[ 18.11.2010 17:22:15 ]: [   >>>   ] [ 1 xenor ]: PING
[ 18.11.2010 17:22:15 ]: [   >>>   ] [ 1 xenor ]: [   >>>   ] [ 1 xenor ]: PING
[ 18.11.2010 17:22:15 ]: [   >>>   ] [ 1 xenor ]: PING
[ 18.11.2010 17:22:15 ]: [   <<<   ] [ 1 xenor ]: PONG
[ 18.11.2010 17:22:15 ]: [   >>>   ] [ 1 xenor ]: [   <<<   ] [ 1 xenor ]: PONG
[ 18.11.2010 17:22:15 ]: [   <<<   ] [ 1 xenor ]: PONG
[ 18.11.2010 17:22:16 ]: [   >>>   ] [ 1 xenor ]: PING
[ 18.11.2010 17:22:16 ]: [   >>>   ] [ 1 xenor ]: [   >>>   ] [ 1 xenor ]: PING
[ 18.11.2010 17:22:16 ]: [   >>>   ] [ 1 xenor ]: PING
[ 18.11.2010 17:22:16 ]: [   <<<   ] [ 1 xenor ]: PONG
[ 18.11.2010 17:22:16 ]: [   >>>   ] [ 1 xenor ]: [   <<<   ] [ 1 xenor ]: PONG
[ 18.11.2010 17:22:16 ]: [   <<<   ] [ 1 xenor ]: PONG
[ 18.11.2010 17:22:17 ]: [   >>>   ] [ 1 xenor ]: PING
[ 18.11.2010 17:22:17 ]: [   >>>   ] [ 1 xenor ]: [   >>>   ] [ 1 xenor ]: PING
[ 18.11.2010 17:22:17 ]: [   >>>   ] [ 1 xenor ]: PING
[ 18.11.2010 17:22:17 ]: [   <<<   ] [ 1 xenor ]: PONG
[ 18.11.2010 17:22:17 ]: [   >>>   ] [ 1 xenor ]: [   <<<   ] [ 1 xenor ]: PONG
[ 18.11.2010 17:22:17 ]: [   <<<   ] [ 1 xenor ]: PONG
[ 18.11.2010 17:22:18 ]: [   >>>   ] [ 1 xenor ]: PING
[ 18.11.2010 17:22:18 ]: [   >>>   ] [ 1 xenor ]: [   >>>   ] [ 1 xenor ]: PING
[ 18.11.2010 17:22:18 ]: [   >>>   ] [ 1 xenor ]: PING
[ 18.11.2010 17:22:18 ]: [   <<<   ] [ 1 xenor ]: PONG
[ 18.11.2010 17:22:18 ]: [   >>>   ] [ 1 xenor ]: [   <<<   ] [ 1 xenor ]: PONG
[ 18.11.2010 17:22:18 ]: [   <<<   ] [ 1 xenor ]: PONG
[ 18.11.2010 17:22:19 ]: [   >>>   ] [ 1 xenor ]: PING
[ 18.11.2010 17:22:19 ]: [   >>>   ] [ 1 xenor ]: [   >>>   ] [ 1 xenor ]: PING
[ 18.11.2010 17:22:19 ]: [   >>>   ] [ 1 xenor ]: PING
[ 18.11.2010 17:22:19 ]: [   <<<   ] [ 1 xenor ]: PONG
[ 18.11.2010 17:22:19 ]: [   >>>   ] [ 1 xenor ]: [   <<<   ] [ 1 xenor ]: PONG
[ 18.11.2010 17:22:19 ]: [   <<<   ] [ 1 xenor ]: PONG
[ 18.11.2010 17:22:20 ]: [   >>>   ] [ 1 xenor ]: PING
[ 18.11.2010 17:22:20 ]: [   >>>   ] [ 1 xenor ]: [   >>>   ] [ 1 xenor ]: PING
[ 18.11.2010 17:22:20 ]: [   >>>   ] [ 1 xenor ]: PING
[ 18.11.2010 17:22:20 ]: [   <<<   ] [ 1 xenor ]: PONG
[ 18.11.2010 17:22:20 ]: [   >>>   ] [ 1 xenor ]: [   <<<   ] [ 1 xenor ]: PONG
[ 18.11.2010 17:22:20 ]: [   <<<   ] [ 1 xenor ]: PONG
[ 18.11.2010 17:22:21 ]: [   >>>   ] [ 1 xenor ]: PING
[ 18.11.2010 17:22:21 ]: [   >>>   ] [ 1 xenor ]: [   >>>   ] [ 1 xenor ]: PING
[ 18.11.2010 17:22:21 ]: [   >>>   ] [ 1 xenor ]: PING
[ 18.11.2010 17:22:21 ]: [   <<<   ] [ 1 xenor ]: PONG
[ 18.11.2010 17:22:21 ]: [   >>>   ] [ 1 xenor ]: [   <<<   ] [ 1 xenor ]: PONG
[ 18.11.2010 17:22:21 ]: [   <<<   ] [ 1 xenor ]: PONG
[ 18.11.2010 17:22:22 ]: [   >>>   ] [ 1 xenor ]: PING
[ 18.11.2010 17:22:22 ]: [   >>>   ] [ 1 xenor ]: [   >>>   ] [ 1 xenor ]: PING
[ 18.11.2010 17:22:22 ]: [   >>>   ] [ 1 xenor ]: PING
[ 18.11.2010 17:22:22 ]: [   <<<   ] [ 1 xenor ]: PONG
[ 18.11.2010 17:22:22 ]: [   >>>   ] [ 1 xenor ]: [   <<<   ] [ 1 xenor ]: PONG
[ 18.11.2010 17:22:22 ]: [   <<<   ] [ 1 xenor ]: PONG
[ 18.11.2010 17:22:23 ]: [   >>>   ] [ 1 xenor ]: PING
[ 18.11.2010 17:22:23 ]: [   >>>   ] [ 1 xenor ]: [   >>>   ] [ 1 xenor ]: PING
[ 18.11.2010 17:22:23 ]: [   >>>   ] [ 1 xenor ]: PING
[ 18.11.2010 17:22:23 ]: [   <<<   ] [ 1 xenor ]: PONG
[ 18.11.2010 17:22:23 ]: [   >>>   ] [ 1 xenor ]: [   <<<   ] [ 1 xenor ]: PONG
[ 18.11.2010 17:22:23 ]: [   <<<   ] [ 1 xenor ]: PONG
[ 18.11.2010 17:22:24 ]: [   >>>   ] [ 1 xenor ]: PING
[ 18.11.2010 17:22:24 ]: [   >>>   ] [ 1 xenor ]: [   >>>   ] [ 1 xenor ]: PING
[ 18.11.2010 17:22:24 ]: [   >>>   ] [ 1 xenor ]: PING
[ 18.11.2010 17:22:24 ]: [   <<<   ] [ 1 xenor ]: PONG
[ 18.11.2010 17:22:24 ]: [   >>>   ] [ 1 xenor ]: [   <<<   ] [ 1 xenor ]: PONG
[ 18.11.2010 17:22:24 ]: [   <<<   ] [ 1 xenor ]: PONG
[ 18.11.2010 17:22:25 ]: [   >>>   ] [ 1 xenor ]: PING
[ 18.11.2010 17:22:25 ]: [   >>>   ] [ 1 xenor ]: [   >>>   ] [ 1 xenor ]: PING
[ 18.11.2010 17:22:25 ]: [   >>>   ] [ 1 xenor ]: PING
[ 18.11.2010 17:22:25 ]: [   <<<   ] [ 1 xenor ]: PONG
[ 18.11.2010 17:22:25 ]: [   >>>   ] [ 1 xenor ]: [   <<<   ] [ 1 xenor ]: PONG
[ 18.11.2010 17:22:25 ]: [   <<<   ] [ 1 xenor ]: PONG
[ 18.11.2010 17:22:26 ]: [   >>>   ] [ 1 xenor ]: PING
[ 18.11.2010 17:22:26 ]: [   >>>   ] [ 1 xenor ]: [   >>>   ] [ 1 xenor ]: PING
[ 18.11.2010 17:22:26 ]: [   >>>   ] [ 1 xenor ]: PING
[ 18.11.2010 17:22:26 ]: [   <<<   ] [ 1 xenor ]: PONG
[ 18.11.2010 17:22:26 ]: [   >>>   ] [ 1 xenor ]: [   <<<   ] [ 1 xenor ]: PONG
[ 18.11.2010 17:22:26 ]: [   <<<   ] [ 1 xenor ]: PONG
[ 18.11.2010 17:22:27 ]: [   >>>   ] [ 1 xenor ]: PING
[ 18.11.2010 17:22:27 ]: [   >>>   ] [ 1 xenor ]: [   >>>   ] [ 1 xenor ]: PING
[ 18.11.2010 17:22:27 ]: [   >>>   ] [ 1 xenor ]: PING
[ 18.11.2010 17:22:27 ]: [   <<<   ] [ 1 xenor ]: PONG
[ 18.11.2010 17:22:27 ]: [   >>>   ] [ 1 xenor ]: [   <<<   ] [ 1 xenor ]: PONG
[ 18.11.2010 17:22:27 ]: [   <<<   ] [ 1 xenor ]: PONG
[ 18.11.2010 17:22:28 ]: [   >>>   ] [ 1 xenor ]: PING
[ 18.11.2010 17:22:28 ]: [   >>>   ] [ 1 xenor ]: [   >>>   ] [ 1 xenor ]: PING
[ 18.11.2010 17:22:28 ]: [   >>>   ] [ 1 xenor ]: PING
[ 18.11.2010 17:22:28 ]: [   <<<   ] [ 1 xenor ]: PONG
[ 18.11.2010 17:22:28 ]: [   >>>   ] [ 1 xenor ]: [   <<<   ] [ 1 xenor ]: PONG
[ 18.11.2010 17:22:28 ]: [   <<<   ] [ 1 xenor ]: PONG
[ 18.11.2010 17:22:29 ]: [   >>>   ] [ 1 xenor ]: PING
[ 18.11.2010 17:22:29 ]: [   >>>   ] [ 1 xenor ]: [   >>>   ] [ 1 xenor ]: PING
[ 18.11.2010 17:22:29 ]: [   >>>   ] [ 1 xenor ]: PING
[ 18.11.2010 17:22:29 ]: [   <<<   ] [ 1 xenor ]: PONG
[ 18.11.2010 17:22:29 ]: [   >>>   ] [ 1 xenor ]: [   <<<   ] [ 1 xenor ]: PONG
[ 18.11.2010 17:22:29 ]: [   <<<   ] [ 1 xenor ]: PONG
[ 18.11.2010 17:22:30 ]: [   >>>   ] [ 1 xenor ]: PING
[ 18.11.2010 17:22:30 ]: [   >>>   ] [ 1 xenor ]: [   >>>   ] [ 1 xenor ]: PING
[ 18.11.2010 17:22:30 ]: [   >>>   ] [ 1 xenor ]: PING
[ 18.11.2010 17:22:30 ]: [   <<<   ] [ 1 xenor ]: PONG
[ 18.11.2010 17:22:30 ]: [   >>>   ] [ 1 xenor ]: [   <<<   ] [ 1 xenor ]: PONG
[ 18.11.2010 17:22:30 ]: [   <<<   ] [ 1 xenor ]: PONG
[ 18.11.2010 17:22:31 ]: [   >>>   ] [ 1 xenor ]: PING
[ 18.11.2010 17:22:31 ]: [   >>>   ] [ 1 xenor ]: [   >>>   ] [ 1 xenor ]: PING
[ 18.11.2010 17:22:31 ]: [   >>>   ] [ 1 xenor ]: PING
[ 18.11.2010 17:22:31 ]: [   <<<   ] [ 1 xenor ]: PONG
[ 18.11.2010 17:22:31 ]: [   >>>   ] [ 1 xenor ]: [   <<<   ] [ 1 xenor ]: PONG
[ 18.11.2010 17:22:31 ]: [   <<<   ] [ 1 xenor ]: PONG
[ 18.11.2010 17:22:32 ]: [   >>>   ] [ 1 xenor ]: PING
[ 18.11.2010 17:22:32 ]: [   >>>   ] [ 1 xenor ]: [   >>>   ] [ 1 xenor ]: PING
[ 18.11.2010 17:22:32 ]: [   >>>   ] [ 1 xenor ]: PING
[ 18.11.2010 17:22:32 ]: [   <<<   ] [ 1 xenor ]: PONG
[ 18.11.2010 17:22:32 ]: [   >>>   ] [ 1 xenor ]: [   <<<   ] [ 1 xenor ]: PONG
[ 18.11.2010 17:22:32 ]: [   <<<   ] [ 1 xenor ]: PONG
[ 18.11.2010 17:22:33 ]: [   >>>   ] [ 1 xenor ]: PING
[ 18.11.2010 17:22:33 ]: [   >>>   ] [ 1 xenor ]: [   >>>   ] [ 1 xenor ]: PING
[ 18.11.2010 17:22:33 ]: [   >>>   ] [ 1 xenor ]: PING
[ 18.11.2010 17:22:33 ]: [   <<<   ] [ 1 xenor ]: PONG
[ 18.11.2010 17:22:33 ]: [   >>>   ] [ 1 xenor ]: [   <<<   ] [ 1 xenor ]: PONG
[ 18.11.2010 17:22:33 ]: [   <<<   ] [ 1 xenor ]: PONG
[ 18.11.2010 17:22:34 ]: [   >>>   ] [ 1 xenor ]: PING
[ 18.11.2010 17:22:34 ]: [   >>>   ] [ 1 xenor ]: [   >>>   ] [ 1 xenor ]: PING
[ 18.11.2010 17:22:34 ]: [   >>>   ] [ 1 xenor ]: PING
[ 18.11.2010 17:22:34 ]: [   <<<   ] [ 1 xenor ]: PONG
[ 18.11.2010 17:22:34 ]: [   >>>   ] [ 1 xenor ]: [   <<<   ] [ 1 xenor ]: PONG
[ 18.11.2010 17:22:34 ]: [   <<<   ] [ 1 xenor ]: PONG
[ 18.11.2010 17:22:35 ]: [   >>>   ] [ 1 xenor ]: PING
[ 18.11.2010 17:22:35 ]: [   >>>   ] [ 1 xenor ]: [   >>>   ] [ 1 xenor ]: PING
[ 18.11.2010 17:22:35 ]: [   >>>   ] [ 1 xenor ]: PING
[ 18.11.2010 17:22:35 ]: [   <<<   ] [ 1 xenor ]: PONG
[ 18.11.2010 17:22:35 ]: [   >>>   ] [ 1 xenor ]: [   <<<   ] [ 1 xenor ]: PONG
[ 18.11.2010 17:22:35 ]: [   <<<   ] [ 1 xenor ]: PONG
[ 18.11.2010 17:22:36 ]: [   >>>   ] [ 1 xenor ]: PING
[ 18.11.2010 17:22:36 ]: [   >>>   ] [ 1 xenor ]: [   >>>   ] [ 1 xenor ]: PING
[ 18.11.2010 17:22:36 ]: [   >>>   ] [ 1 xenor ]: PING
[ 18.11.2010 17:22:36 ]: [   <<<   ] [ 1 xenor ]: PONG
[ 18.11.2010 17:22:36 ]: [   >>>   ] [ 1 xenor ]: [   <<<   ] [ 1 xenor ]: PONG
[ 18.11.2010 17:22:36 ]: [   <<<   ] [ 1 xenor ]: PONG
