[ 27.11.2010 14:51:51 ]: Using Syslog: ./syslog/1290869511.log
[ 27.11.2010 14:51:51 ]: Game Server v0.2.1 starting up...
[ 27.11.2010 14:51:57 ]: PLAYER DB			READY
[ 27.11.2010 14:52:02 ]: GAME DB			READY
[ 27.11.2010 14:52:02 ]: CACHING ITEMS...
[ 27.11.2010 14:52:02 ]: ADDED ITEM: 49; 1
[ 27.11.2010 14:52:02 ]: ADDED ITEM: 50; 1
[ 27.11.2010 14:52:02 ]: ADDED ITEM: 51; 1
[ 27.11.2010 14:52:02 ]: ADDED ITEM: 52; 1
[ 27.11.2010 14:52:02 ]: ADDED ITEM: 53; 1
[ 27.11.2010 14:52:02 ]: ADDED ITEM: 54; 1
[ 27.11.2010 14:52:02 ]: ADDED ITEM: 55; 1
[ 27.11.2010 14:52:02 ]: LISTEN THREAD			READY
[ 27.11.2010 14:52:02 ]: NPC CONTROL			READY
[ 27.11.2010 14:52:02 ]: GAME SERVER READY		READY
[ 27.11.2010 14:52:02 ]: [ NEWUSER ] [ 0 ]: TIME: 1290869523
[ 27.11.2010 14:52:02 ]: [   >>>   ] [ 0  ]: WELCOME
[ 27.11.2010 14:52:02 ]: [   <<<   ] [ 0  (0) ]: LOGIN;xenor;0;lalaftw#!
[ 27.11.2010 14:52:02 ]: [   >>>   ] [ 1 xenor (7) ]: LOGIN;OK
[ 27.11.2010 14:52:02 ]: [   >>>   ] [ 1 xenor (7) ]: ITEM;OK;49;1
[ 27.11.2010 14:52:02 ]: [   >>>   ] [ 1 xenor (7) ]: ITEM;OK;50;1
[ 27.11.2010 14:52:02 ]: [   >>>   ] [ 1 xenor (7) ]: ITEM;OK;51;1
[ 27.11.2010 14:52:02 ]: [   >>>   ] [ 1 xenor (7) ]: ITEM;OK;52;1
[ 27.11.2010 14:52:02 ]: [   >>>   ] [ 1 xenor (7) ]: ITEM;OK;53;1
[ 27.11.2010 14:52:02 ]: [   >>>   ] [ 1 xenor (7) ]: ITEM;OK;54;1
[ 27.11.2010 14:52:02 ]: [   >>>   ] [ 1 xenor (7) ]: ITEM;OK;55;1
[ 27.11.2010 14:52:51 ]: [ NEWUSER ] [ 0 ]: TIME: 1290869571
[ 27.11.2010 14:52:51 ]: [   >>>   ] [ 0  ]: WELCOME
[ 27.11.2010 14:52:51 ]: [   <<<   ] [ 0  (0) ]: LOGIN;xenor;0;lalaftw#!
[ 27.11.2010 14:52:51 ]: [   >>>   ] [ 1 xenor (7) ]: LOGIN;OK
[ 27.11.2010 14:52:51 ]: [   >>>   ] [ 1 xenor (7) ]: ITEM;OK;49;1
[ 27.11.2010 14:52:51 ]: [   >>>   ] [ 1 xenor (7) ]: ITEM;OK;50;1
[ 27.11.2010 14:52:51 ]: [   >>>   ] [ 1 xenor (7) ]: ITEM;OK;51;1
[ 27.11.2010 14:52:51 ]: [   >>>   ] [ 1 xenor (7) ]: ITEM;OK;52;1
[ 27.11.2010 14:52:51 ]: [   >>>   ] [ 1 xenor (7) ]: ITEM;OK;53;1
[ 27.11.2010 14:52:51 ]: [   >>>   ] [ 1 xenor (7) ]: ITEM;OK;54;1
[ 27.11.2010 14:52:51 ]: [   >>>   ] [ 1 xenor (7) ]: ITEM;OK;55;1
[ 27.11.2010 14:54:12 ]: [ NEWUSER ] [ 0 ]: TIME: 1290869653
[ 27.11.2010 14:54:12 ]: [   >>>   ] [ 0  ]: WELCOME
[ 27.11.2010 14:54:12 ]: [   <<<   ] [ 0  (0) ]: LOGIN;xenor;0;lalaftw#!
[ 27.11.2010 14:54:12 ]: [   >>>   ] [ 1 xenor (7) ]: LOGIN;OK
[ 27.11.2010 14:54:12 ]: [   >>>   ] [ 1 xenor (7) ]: ITEM;OK;49;1
[ 27.11.2010 14:54:12 ]: [   >>>   ] [ 1 xenor (7) ]: ITEM;OK;50;1
[ 27.11.2010 14:54:12 ]: [   >>>   ] [ 1 xenor (7) ]: ITEM;OK;51;1
[ 27.11.2010 14:54:12 ]: [   >>>   ] [ 1 xenor (7) ]: ITEM;OK;52;1
[ 27.11.2010 14:54:12 ]: [   >>>   ] [ 1 xenor (7) ]: ITEM;OK;53;1
[ 27.11.2010 14:54:12 ]: [   >>>   ] [ 1 xenor (7) ]: ITEM;OK;54;1
[ 27.11.2010 14:54:12 ]: [   >>>   ] [ 1 xenor (7) ]: ITEM;OK;55;1
[ 27.11.2010 14:54:48 ]: [ NEWUSER ] [ 0 ]: TIME: 1290869688
[ 27.11.2010 14:54:48 ]: [   >>>   ] [ 0  ]: WELCOME
[ 27.11.2010 14:54:48 ]: [   <<<   ] [ 0  (0) ]: LOGIN;xenor;0;lalaftw#!
[ 27.11.2010 14:54:48 ]: [   >>>   ] [ 1 xenor (7) ]: LOGIN;OK
[ 27.11.2010 14:54:48 ]: [   >>>   ] [ 1 xenor (7) ]: ITEM;OK;49;1
[ 27.11.2010 14:54:48 ]: [   >>>   ] [ 1 xenor (7) ]: ITEM;OK;50;1
[ 27.11.2010 14:54:48 ]: [   >>>   ] [ 1 xenor (7) ]: ITEM;OK;51;1
[ 27.11.2010 14:54:48 ]: [   >>>   ] [ 1 xenor (7) ]: ITEM;OK;52;1
[ 27.11.2010 14:54:48 ]: [   >>>   ] [ 1 xenor (7) ]: ITEM;OK;53;1
[ 27.11.2010 14:54:48 ]: [   >>>   ] [ 1 xenor (7) ]: ITEM;OK;54;1
[ 27.11.2010 14:54:48 ]: [   >>>   ] [ 1 xenor (7) ]: ITEM;OK;55;1
[ 27.11.2010 14:55:01 ]: [ NEWUSER ] [ 0 ]: TIME: 1290869701
[ 27.11.2010 14:55:01 ]: [   >>>   ] [ 0  ]: WELCOME
[ 27.11.2010 14:55:01 ]: [   <<<   ] [ 0  (0) ]: LOGIN;xenor;0;lalaftw#!
[ 27.11.2010 14:55:01 ]: [   >>>   ] [ 1 xenor (7) ]: LOGIN;OK
[ 27.11.2010 14:55:01 ]: [   >>>   ] [ 1 xenor (7) ]: ITEM;OK;49;1
[ 27.11.2010 14:55:01 ]: [   >>>   ] [ 1 xenor (7) ]: ITEM;OK;50;1
[ 27.11.2010 14:55:01 ]: [   >>>   ] [ 1 xenor (7) ]: ITEM;OK;51;1
[ 27.11.2010 14:55:01 ]: [   >>>   ] [ 1 xenor (7) ]: ITEM;OK;52;1
[ 27.11.2010 14:55:01 ]: [   >>>   ] [ 1 xenor (7) ]: ITEM;OK;53;1
[ 27.11.2010 14:55:01 ]: [   >>>   ] [ 1 xenor (7) ]: ITEM;OK;54;1
[ 27.11.2010 14:55:01 ]: [   >>>   ] [ 1 xenor (7) ]: ITEM;OK;55;1
[ 27.11.2010 14:55:09 ]: [ NEWUSER ] [ 0 ]: TIME: 1290869709
[ 27.11.2010 14:55:09 ]: [   >>>   ] [ 0  ]: WELCOME
[ 27.11.2010 14:55:09 ]: [   <<<   ] [ 0  (0) ]: LOGIN;xenor;0;lalaftw#!
[ 27.11.2010 14:55:09 ]: [   >>>   ] [ 1 xenor (7) ]: LOGIN;OK
[ 27.11.2010 14:55:09 ]: [   >>>   ] [ 1 xenor (7) ]: ITEM;OK;49;1
[ 27.11.2010 14:55:09 ]: [   >>>   ] [ 1 xenor (7) ]: ITEM;OK;50;1
[ 27.11.2010 14:55:09 ]: [   >>>   ] [ 1 xenor (7) ]: ITEM;OK;51;1
[ 27.11.2010 14:55:09 ]: [   >>>   ] [ 1 xenor (7) ]: ITEM;OK;52;1
[ 27.11.2010 14:55:09 ]: [   >>>   ] [ 1 xenor (7) ]: ITEM;OK;53;1
[ 27.11.2010 14:55:09 ]: [   >>>   ] [ 1 xenor (7) ]: ITEM;OK;54;1
[ 27.11.2010 14:55:09 ]: [   >>>   ] [ 1 xenor (7) ]: ITEM;OK;55;1
[ 27.11.2010 14:55:25 ]: [ NEWUSER ] [ 0 ]: TIME: 1290869726
[ 27.11.2010 14:55:25 ]: [   >>>   ] [ 0  ]: WELCOME
[ 27.11.2010 14:55:25 ]: [   <<<   ] [ 0  (0) ]: LOGIN;xenor;0;lalaftw#!
[ 27.11.2010 14:55:25 ]: [   >>>   ] [ 1 xenor (7) ]: LOGIN;OK
[ 27.11.2010 14:55:25 ]: [   >>>   ] [ 1 xenor (7) ]: ITEM;OK;49;1
[ 27.11.2010 14:55:25 ]: [   >>>   ] [ 1 xenor (7) ]: ITEM;OK;50;1
[ 27.11.2010 14:55:25 ]: [   >>>   ] [ 1 xenor (7) ]: ITEM;OK;51;1
[ 27.11.2010 14:55:25 ]: [   >>>   ] [ 1 xenor (7) ]: ITEM;OK;52;1
[ 27.11.2010 14:55:25 ]: [   >>>   ] [ 1 xenor (7) ]: ITEM;OK;53;1
[ 27.11.2010 14:55:25 ]: [   >>>   ] [ 1 xenor (7) ]: ITEM;OK;54;1
[ 27.11.2010 14:55:25 ]: [   >>>   ] [ 1 xenor (7) ]: ITEM;OK;55;1
[ 27.11.2010 14:55:43 ]: [ NEWUSER ] [ 0 ]: TIME: 1290869744
[ 27.11.2010 14:55:43 ]: [   >>>   ] [ 0  ]: WELCOME
[ 27.11.2010 14:55:43 ]: [   <<<   ] [ 0  (0) ]: LOGIN;xenor;0;lalaftw#!
[ 27.11.2010 14:55:43 ]: [   >>>   ] [ 1 xenor (7) ]: LOGIN;OK
[ 27.11.2010 14:55:43 ]: [   >>>   ] [ 1 xenor (7) ]: ITEM;OK;49;1
[ 27.11.2010 14:55:43 ]: [   >>>   ] [ 1 xenor (7) ]: ITEM;OK;50;1
[ 27.11.2010 14:55:43 ]: [   >>>   ] [ 1 xenor (7) ]: ITEM;OK;51;1
[ 27.11.2010 14:55:43 ]: [   >>>   ] [ 1 xenor (7) ]: ITEM;OK;52;1
[ 27.11.2010 14:55:43 ]: [   >>>   ] [ 1 xenor (7) ]: ITEM;OK;53;1
[ 27.11.2010 14:55:43 ]: [   >>>   ] [ 1 xenor (7) ]: ITEM;OK;54;1
[ 27.11.2010 14:55:43 ]: [   >>>   ] [ 1 xenor (7) ]: ITEM;OK;55;1
[ 27.11.2010 14:55:52 ]: [ NEWUSER ] [ 0 ]: TIME: 1290869753
[ 27.11.2010 14:55:52 ]: [   >>>   ] [ 0  ]: WELCOME
[ 27.11.2010 14:55:52 ]: [   <<<   ] [ 0  (0) ]: LOGIN;xenor;0;lalaftw#!
[ 27.11.2010 14:55:52 ]: [   >>>   ] [ 1 xenor (7) ]: LOGIN;OK
[ 27.11.2010 14:55:52 ]: [   >>>   ] [ 1 xenor (7) ]: ITEM;OK;49;1
[ 27.11.2010 14:55:52 ]: [   >>>   ] [ 1 xenor (7) ]: ITEM;OK;50;1
[ 27.11.2010 14:55:52 ]: [   >>>   ] [ 1 xenor (7) ]: ITEM;OK;51;1
[ 27.11.2010 14:55:52 ]: [   >>>   ] [ 1 xenor (7) ]: ITEM;OK;52;1
[ 27.11.2010 14:55:52 ]: [   >>>   ] [ 1 xenor (7) ]: ITEM;OK;53;1
[ 27.11.2010 14:55:52 ]: [   >>>   ] [ 1 xenor (7) ]: ITEM;OK;54;1
[ 27.11.2010 14:55:52 ]: [   >>>   ] [ 1 xenor (7) ]: ITEM;OK;55;1
[ 27.11.2010 14:57:34 ]: [ NEWUSER ] [ 0 ]: TIME: 1290869855
[ 27.11.2010 14:57:34 ]: [   >>>   ] [ 0  ]: WELCOME
[ 27.11.2010 14:57:34 ]: [   <<<   ] [ 0  (0) ]: LOGIN;xenor;0;lalaftw#!
[ 27.11.2010 14:57:35 ]: [   >>>   ] [ 1 xenor (7) ]: LOGIN;OK
[ 27.11.2010 14:57:35 ]: [   >>>   ] [ 1 xenor (7) ]: ITEM;OK;49;1
[ 27.11.2010 14:57:35 ]: [   >>>   ] [ 1 xenor (7) ]: ITEM;OK;50;1
[ 27.11.2010 14:57:35 ]: [   >>>   ] [ 1 xenor (7) ]: ITEM;OK;51;1
[ 27.11.2010 14:57:35 ]: [   >>>   ] [ 1 xenor (7) ]: ITEM;OK;52;1
[ 27.11.2010 14:57:35 ]: [   >>>   ] [ 1 xenor (7) ]: ITEM;OK;53;1
[ 27.11.2010 14:57:35 ]: [   >>>   ] [ 1 xenor (7) ]: ITEM;OK;54;1
[ 27.11.2010 14:57:35 ]: [   >>>   ] [ 1 xenor (7) ]: ITEM;OK;55;1
[ 27.11.2010 14:59:47 ]: [ NEWUSER ] [ 0 ]: TIME: 1290869988
[ 27.11.2010 14:59:47 ]: [   >>>   ] [ 0  ]: WELCOME
[ 27.11.2010 14:59:47 ]: [   <<<   ] [ 0  (0) ]: LOGIN;xenor;0;lalaftw#!
[ 27.11.2010 14:59:47 ]: [   >>>   ] [ 1 xenor (7) ]: LOGIN;OK
[ 27.11.2010 14:59:47 ]: [   >>>   ] [ 1 xenor (7) ]: ITEM;OK;49;1
[ 27.11.2010 14:59:47 ]: [   >>>   ] [ 1 xenor (7) ]: ITEM;OK;50;1
[ 27.11.2010 14:59:47 ]: [   >>>   ] [ 1 xenor (7) ]: ITEM;OK;51;1
[ 27.11.2010 14:59:47 ]: [   >>>   ] [ 1 xenor (7) ]: ITEM;OK;52;1
[ 27.11.2010 14:59:47 ]: [   >>>   ] [ 1 xenor (7) ]: ITEM;OK;53;1
[ 27.11.2010 14:59:47 ]: [   >>>   ] [ 1 xenor (7) ]: ITEM;OK;54;1
[ 27.11.2010 14:59:47 ]: [   >>>   ] [ 1 xenor (7) ]: ITEM;OK;55;1
[ 27.11.2010 15:00:03 ]: [ NEWUSER ] [ 0 ]: TIME: 1290870004
[ 27.11.2010 15:00:03 ]: [   >>>   ] [ 0  ]: WELCOME
[ 27.11.2010 15:00:03 ]: [   <<<   ] [ 0  (0) ]: LOGIN;xenor;0;lalaftw#!
[ 27.11.2010 15:00:03 ]: [   >>>   ] [ 1 xenor (7) ]: LOGIN;OK
[ 27.11.2010 15:00:03 ]: [   >>>   ] [ 1 xenor (7) ]: ITEM;OK;49;1
[ 27.11.2010 15:00:03 ]: [   >>>   ] [ 1 xenor (7) ]: ITEM;OK;50;1
[ 27.11.2010 15:00:03 ]: [   >>>   ] [ 1 xenor (7) ]: ITEM;OK;51;1
[ 27.11.2010 15:00:03 ]: [   >>>   ] [ 1 xenor (7) ]: ITEM;OK;52;1
[ 27.11.2010 15:00:03 ]: [   >>>   ] [ 1 xenor (7) ]: ITEM;OK;53;1
[ 27.11.2010 15:00:03 ]: [   >>>   ] [ 1 xenor (7) ]: ITEM;OK;54;1
[ 27.11.2010 15:00:03 ]: [   >>>   ] [ 1 xenor (7) ]: ITEM;OK;55;1
[ 27.11.2010 15:01:08 ]: [ NEWUSER ] [ 0 ]: TIME: 1290870068
[ 27.11.2010 15:01:08 ]: [   >>>   ] [ 0  ]: WELCOME
[ 27.11.2010 15:01:08 ]: [   <<<   ] [ 0  (0) ]: LOGIN;xenor;0;lalaftw#!
[ 27.11.2010 15:01:08 ]: [   >>>   ] [ 1 xenor (7) ]: LOGIN;OK
[ 27.11.2010 15:01:08 ]: [   >>>   ] [ 1 xenor (7) ]: ITEM;OK;49;1
[ 27.11.2010 15:01:08 ]: [   >>>   ] [ 1 xenor (7) ]: ITEM;OK;50;1
[ 27.11.2010 15:01:08 ]: [  KILLD  ] [ 1 ]: TIME: 1290870068
[ 27.11.2010 15:01:08 ]: [  KILLD  ] [ 1 ]: TIME: 1290870068
[ 27.11.2010 15:01:08 ]: [  KILLD  ] [ 1 ]: TIME: 1290870068
[ 27.11.2010 15:01:08 ]: [  KILLD  ] [ 1 ]: TIME: 1290870068
[ 27.11.2010 15:01:08 ]: [  KILLD  ] [ 1 ]: TIME: 1290870068
