[ 21.11.2010 11:47:01 ]: Using Syslog: ./syslog/1290340021.log
[ 21.11.2010 11:47:01 ]: Game Server v0.2.1 starting up...
[ 21.11.2010 11:47:05 ]: PLAYER DB			READY
[ 21.11.2010 11:47:10 ]: GAME DB			READY
[ 21.11.2010 11:47:10 ]: LISTEN THREAD			READY
[ 21.11.2010 11:47:10 ]: NPC CONTROL			READY
[ 21.11.2010 11:47:10 ]: GAME SERVER READY		READY
[ 21.11.2010 11:47:11 ]: [ NEWUSER ] [ 0 ]: TIME: 1290340031
[ 21.11.2010 11:47:11 ]: [   >>>   ] [ 0  ]: WELCOME
[ 21.11.2010 11:47:19 ]: [   <<<   ] [ 0  (0) ]: spawn;1001
[ 21.11.2010 11:47:19 ]: [   >>>   ] [ 0  (0) ]: SPAWN;OK;1001;0;6;3
[ 21.11.2010 11:47:21 ]: [   <<<   ] [ 0  (0) ]: spawn;1001
[ 21.11.2010 11:47:21 ]: [   >>>   ] [ 0  (0) ]: SPAWN;OK;1001;2;8;-4
[ 21.11.2010 11:47:23 ]: [   <<<   ] [ 0  (0) ]: aggr
[ 21.11.2010 11:47:24 ]: [   >>>   ] [ 0  (0) ]: ATTACK;1;1001;0;10
[ 21.11.2010 11:47:24 ]: [   >>>   ] [ 0  (0) ]: ATTACK;2;1001;0;10
[ 21.11.2010 11:47:26 ]: [   >>>   ] [ 0  (0) ]: ATTACK;1;1001;0;10
[ 21.11.2010 11:47:26 ]: [   >>>   ] [ 0  (0) ]: ATTACK;2;1001;0;10
[ 21.11.2010 11:47:28 ]: [   >>>   ] [ 0  (0) ]: ATTACK;1;1001;0;10
[ 21.11.2010 11:47:28 ]: [   >>>   ] [ 0  (0) ]: ATTACK;2;1001;0;10
[ 21.11.2010 11:47:30 ]: [   >>>   ] [ 0  (0) ]: ATTACK;1;1001;0;10
[ 21.11.2010 11:47:30 ]: [   >>>   ] [ 0  (0) ]: ATTACK;2;1001;0;10
[ 21.11.2010 11:47:32 ]: [   >>>   ] [ 0  (0) ]: ATTACK;1;1001;0;10
[ 21.11.2010 11:47:32 ]: [   >>>   ] [ 0  (0) ]: ATTACK;2;1001;0;10
[ 21.11.2010 11:47:34 ]: [   >>>   ] [ 0  (0) ]: ATTACK;1;1001;0;10
[ 21.11.2010 11:47:34 ]: [   >>>   ] [ 0  (0) ]: ATTACK;2;1001;0;10
[ 21.11.2010 11:47:36 ]: [   >>>   ] [ 0  (0) ]: ATTACK;1;1001;0;10
[ 21.11.2010 11:47:36 ]: [   >>>   ] [ 0  (0) ]: ATTACK;2;1001;0;10
[ 21.11.2010 11:47:38 ]: [   >>>   ] [ 0  (0) ]: ATTACK;1;1001;0;10
[ 21.11.2010 11:47:38 ]: [   >>>   ] [ 0  (0) ]: ATTACK;2;1001;0;10
[ 21.11.2010 11:47:40 ]: [   >>>   ] [ 0  (0) ]: ATTACK;1;1001;0;10
[ 21.11.2010 11:47:40 ]: [   >>>   ] [ 0  (0) ]: ATTACK;2;1001;0;10
[ 21.11.2010 11:47:40 ]: [   <<<   ] [ 0  (0) ]: ????
[ 21.11.2010 11:47:40 ]: [   >>>   ] [ 0  (0) ]: ERROR;20
[ 21.11.2010 11:47:41 ]: [   <<<   ] [ 0  (0) ]: quit
[ 21.11.2010 11:47:41 ]: [   >>>   ] [ 0  ]: BYE
[ 21.11.2010 11:47:41 ]: [  KILLD  ] [ 0 ]: TIME: 1290340062
