[ 20.11.2010 15:26:37 ]: Using Syslog: ./syslog/1290266797.log
[ 20.11.2010 15:26:37 ]: Game Server v0.2.1 starting up...
[ 20.11.2010 15:26:43 ]: PLAYER CONNECTED
[ 20.11.2010 15:26:48 ]: GAME CONNECTED
[ 20.11.2010 15:26:48 ]: CACHING GAME DATABASE
[ 20.11.2010 15:26:48 ]: DONE.
[ 20.11.2010 15:26:48 ]: LISTEN THREAD - READY
[ 20.11.2010 15:26:48 ]: SERVER UP AND RUNNING - READY
[ 20.11.2010 15:26:54 ]: [ NEWUSER ] [ 0 ]: TIME: 1290266814
[ 20.11.2010 15:26:54 ]: [   >>>   ] [ 0  ]: WELCOME
[ 20.11.2010 15:26:57 ]: [   <<<   ] [ 0  ]: spawn;1001
[ 20.11.2010 15:26:57 ]: [   >>>   ] [ 0  (0) ]: SPAWN;OK;1001;-1;-8;5
[ 20.11.2010 15:26:59 ]: [   <<<   ] [ 0  ]: spawn;1001
[ 20.11.2010 15:26:59 ]: [   >>>   ] [ 0  (0) ]: SPAWN;OK;1001;0;-3;5
[ 20.11.2010 15:27:01 ]: [   <<<   ] [ 0  ]: MAP_PIC
[ 20.11.2010 15:27:40 ]: [   <<<   ] [ 0  ]: pic
[ 20.11.2010 15:27:40 ]: [   >>>   ] [ 0  (0) ]: ERROR;20
[ 20.11.2010 15:27:45 ]: [   <<<   ] [ 0  ]: flush;MOBS
[ 20.11.2010 15:27:45 ]: [   >>>   ] [ 0  (0) ]: SPAWN;OK;1001;-1;-8;5
[ 20.11.2010 15:27:45 ]: [   >>>   ] [ 0  (0) ]: SPAWN;OK;1001;0;-3;5
[ 20.11.2010 15:27:49 ]: [   <<<   ] [ 0  ]: map_pic
