[ 18.11.2010 17:16:07 ]: Using Syslog: ./syslog/1290100567.log
[ 18.11.2010 17:16:07 ]: Game Server v0.1.5 starting up...
[ 18.11.2010 17:16:11 ]: PLAYER CONNECTED
[ 18.11.2010 17:16:16 ]: GAME CONNECTED
[ 18.11.2010 17:16:16 ]: CACHING GAME DATABASE
[ 18.11.2010 17:16:16 ]: DONE.
[ 18.11.2010 17:16:16 ]: LISTEN THREAD - READY
[ 18.11.2010 17:16:16 ]: PING THREAD READY
[ 18.11.2010 17:16:16 ]: SERVER UP AND RUNNING - READY
[ 18.11.2010 17:16:17 ]: [ NEWUSER ] [ 0 ]: TIME: 1290100578
[ 18.11.2010 17:16:17 ]: [   >>>   ] [ 0  ]: WELCOME
[ 18.11.2010 17:16:17 ]: [   <<<   ] [ 0  ]: LOGIN;xenor;0;lalaftw#!
[ 18.11.2010 17:16:17 ]: [   >>>   ] [ 1 xenor (7) ]: LOGIN;OK
[ 18.11.2010 17:16:18 ]: [   >>>   ] [ 1 xenor ]: PING
[ 18.11.2010 17:16:18 ]: [   <<<   ] [ 1 xenor ]: PONG
[ 18.11.2010 17:16:19 ]: [   >>>   ] [ 1 xenor ]: PING
[ 18.11.2010 17:16:19 ]: [   <<<   ] [ 1 xenor ]: PONG
[ 18.11.2010 17:16:20 ]: [   >>>   ] [ 1 xenor ]: PING
[ 18.11.2010 17:16:20 ]: [   <<<   ] [ 1 xenor ]: PONG
[ 18.11.2010 17:16:21 ]: [   >>>   ] [ 1 xenor ]: PING
[ 18.11.2010 17:16:21 ]: [   <<<   ] [ 1 xenor ]: PONG
[ 18.11.2010 17:16:22 ]: [   >>>   ] [ 1 xenor ]: PING
[ 18.11.2010 17:16:22 ]: [   <<<   ] [ 1 xenor ]: PONG
[ 18.11.2010 17:16:23 ]: [   >>>   ] [ 1 xenor ]: PING
[ 18.11.2010 17:16:23 ]: [   <<<   ] [ 1 xenor ]: PONG
[ 18.11.2010 17:16:24 ]: [   >>>   ] [ 1 xenor ]: PING
[ 18.11.2010 17:16:24 ]: [   <<<   ] [ 1 xenor ]: PONG
[ 18.11.2010 17:16:25 ]: [   >>>   ] [ 1 xenor ]: PING
[ 18.11.2010 17:16:25 ]: [   <<<   ] [ 1 xenor ]: PONG
[ 18.11.2010 17:16:26 ]: [   >>>   ] [ 1 xenor ]: PING
[ 18.11.2010 17:16:26 ]: [   <<<   ] [ 1 xenor ]: PONG
[ 18.11.2010 17:16:27 ]: [   >>>   ] [ 1 xenor ]: PING
[ 18.11.2010 17:16:27 ]: [   <<<   ] [ 1 xenor ]: PONG
[ 18.11.2010 17:16:28 ]: [   >>>   ] [ 1 xenor ]: PING
[ 18.11.2010 17:16:28 ]: [   <<<   ] [ 1 xenor ]: PONG
[ 18.11.2010 17:16:29 ]: [   >>>   ] [ 1 xenor ]: PING
[ 18.11.2010 17:16:29 ]: [   <<<   ] [ 1 xenor ]: PONG
[ 18.11.2010 17:16:30 ]: [   >>>   ] [ 1 xenor ]: PING
[ 18.11.2010 17:16:30 ]: [   <<<   ] [ 1 xenor ]: PONG
[ 18.11.2010 17:16:31 ]: [   >>>   ] [ 1 xenor ]: PING
[ 18.11.2010 17:16:31 ]: [   <<<   ] [ 1 xenor ]: PONG
[ 18.11.2010 17:16:32 ]: [   >>>   ] [ 1 xenor ]: PING
[ 18.11.2010 17:16:32 ]: [   <<<   ] [ 1 xenor ]: PONG
[ 18.11.2010 17:16:33 ]: [   >>>   ] [ 1 xenor ]: PING
[ 18.11.2010 17:16:33 ]: [   <<<   ] [ 1 xenor ]: PONG
[ 18.11.2010 17:16:34 ]: [   >>>   ] [ 1 xenor ]: PING
[ 18.11.2010 17:16:34 ]: [   <<<   ] [ 1 xenor ]: PONG
[ 18.11.2010 17:16:35 ]: [   >>>   ] [ 1 xenor ]: PING
[ 18.11.2010 17:16:35 ]: [   <<<   ] [ 1 xenor ]: PONG
