[ 20.11.2010 13:40:29 ]: Using Syslog: ./syslog/1290260429.log
[ 20.11.2010 13:40:29 ]: Game Server v0.2.1 starting up...
[ 20.11.2010 13:40:34 ]: PLAYER CONNECTED
[ 20.11.2010 13:40:38 ]: GAME CONNECTED
[ 20.11.2010 13:40:38 ]: CACHING GAME DATABASE
[ 20.11.2010 13:40:38 ]: DONE.
[ 20.11.2010 13:40:38 ]: LISTEN THREAD - READY
[ 20.11.2010 13:40:38 ]: SERVER UP AND RUNNING - READY
[ 20.11.2010 13:40:39 ]: [ NEWUSER ] [ 0 ]: TIME: 1290260440
[ 20.11.2010 13:40:39 ]: [   >>>   ] [ 0  ]: WELCOME
[ 20.11.2010 13:40:49 ]: [   <<<   ] [ 0  ]: spawn;1001
[ 20.11.2010 13:40:49 ]: [   >>>   ] [ 0  (0) ]: SPAWN;OK;1001;-6;-10;5
[ 20.11.2010 13:40:51 ]: [   <<<   ] [ 0  ]: spawn;1001
[ 20.11.2010 13:40:51 ]: [   >>>   ] [ 0  (0) ]: SPAWN;OK;1001;-4;-1;-4
[ 20.11.2010 13:40:52 ]: [   <<<   ] [ 0  ]: spawn;1001
[ 20.11.2010 13:40:52 ]: [   >>>   ] [ 0  (0) ]: SPAWN;OK;1001;-2;7;-6
[ 20.11.2010 13:40:56 ]: [   <<<   ] [ 0  ]: spawn;1001
[ 20.11.2010 13:40:56 ]: [   >>>   ] [ 0  (0) ]: SPAWN;OK;1001;-4;0;7
[ 20.11.2010 13:40:57 ]: [   <<<   ] [ 0  ]: ;spawn
[ 20.11.2010 13:40:57 ]: [   >>>   ] [ 0  (0) ]: ERROR;20
[ 20.11.2010 13:41:00 ]: [   <<<   ] [ 0  ]: spawn;1001
[ 20.11.2010 13:41:00 ]: [   >>>   ] [ 0  (0) ]: SPAWN;OK;1001;-7;7;3
[ 20.11.2010 13:41:02 ]: [   <<<   ] [ 0  ]: spawn;1001
[ 20.11.2010 13:41:02 ]: [   >>>   ] [ 0  (0) ]: SPAWN;OK;1001;-1;2;-10
[ 20.11.2010 13:41:04 ]: [   <<<   ] [ 0  ]: flush;MOBS
[ 20.11.2010 13:41:04 ]: [   >>>   ] [ 0  (0) ]: SPAWN;OK;1001;-4;-1;-4
[ 20.11.2010 13:41:04 ]: [   >>>   ] [ 0  (0) ]: SPAWN;OK;1001;-2;7;-6
[ 20.11.2010 13:41:04 ]: [   >>>   ] [ 0  (0) ]: SPAWN;OK;1001;-4;0;7
[ 20.11.2010 13:41:04 ]: [   >>>   ] [ 0  (0) ]: SPAWN;OK;1001;-7;7;3
[ 20.11.2010 13:46:03 ]: [   <<<   ] [ 0  ]: flush;mobs
[ 20.11.2010 13:46:05 ]: [   <<<   ] [ 0  ]: flush;MOBS
[ 20.11.2010 13:46:05 ]: [   >>>   ] [ 0  (0) ]: SPAWN;OK;1001;-4;-1;-4
[ 20.11.2010 13:46:05 ]: [   >>>   ] [ 0  (0) ]: SPAWN;OK;1001;-2;7;-6
[ 20.11.2010 13:46:05 ]: [   >>>   ] [ 0  (0) ]: SPAWN;OK;1001;-4;0;7
[ 20.11.2010 13:46:05 ]: [   >>>   ] [ 0  (0) ]: SPAWN;OK;1001;-7;7;3
[ 20.11.2010 13:47:52 ]: [   <<<   ] [ 0  ]: spawn;1001
[ 20.11.2010 13:47:53 ]: [   >>>   ] [ 0  (0) ]: SPAWN;OK;1001;6;9;8
[ 20.11.2010 13:47:56 ]: [   <<<   ] [ 0  ]: flush;MOBS
[ 20.11.2010 13:47:56 ]: [   >>>   ] [ 0  (0) ]: SPAWN;OK;1001;-4;-1;-4
[ 20.11.2010 13:47:56 ]: [   >>>   ] [ 0  (0) ]: SPAWN;OK;1001;-2;7;-6
[ 20.11.2010 13:47:56 ]: [   >>>   ] [ 0  (0) ]: SPAWN;OK;1001;-4;0;7
[ 20.11.2010 13:47:56 ]: [   >>>   ] [ 0  (0) ]: SPAWN;OK;1001;-7;7;3
[ 20.11.2010 13:47:56 ]: [   >>>   ] [ 0  (0) ]: SPAWN;OK;1001;6;9;8
[ 20.11.2010 13:48:14 ]: [   <<<   ] [ 0  ]: warp;42;90;512
[ 20.11.2010 13:48:14 ]: [   >>>   ] [ 0  (0) ]: WARP;OK;42;90;512
[ 20.11.2010 13:48:19 ]: [   <<<   ] [ 0  ]: spawn;1001
[ 20.11.2010 13:48:19 ]: [   >>>   ] [ 0  (0) ]: SPAWN;OK;1001;41;84;504
[ 20.11.2010 13:48:22 ]: [   <<<   ] [ 0  ]: flush;mobs
[ 20.11.2010 13:48:30 ]: [   <<<   ] [ 0  ]: flush;MOBS
[ 20.11.2010 13:48:30 ]: [   >>>   ] [ 0  (0) ]: SPAWN;OK;1001;41;84;504
[ 20.11.2010 13:50:03 ]: [   <<<   ] [ 0  ]: flush;MOBS
[ 20.11.2010 13:50:03 ]: [   >>>   ] [ 0  (0) ]: SPAWN;OK;1001;41;84;504
