[ 22.11.2010 19:32:18 ]: Using Syslog: ./syslog/1290454339.log
[ 22.11.2010 19:32:18 ]: Game Server v0.2.1 starting up...
[ 22.11.2010 19:32:25 ]: PLAYER DB			READY
[ 22.11.2010 19:32:29 ]: GAME DB			READY
[ 22.11.2010 19:32:29 ]: LISTEN THREAD			READY
[ 22.11.2010 19:32:29 ]: NPC CONTROL			READY
[ 22.11.2010 19:32:29 ]: GAME SERVER READY		READY
[ 22.11.2010 19:32:33 ]: [ NEWUSER ] [ 0 ]: TIME: 1290454354
[ 22.11.2010 19:32:33 ]: [   >>>   ] [ 0  ]: WELCOME
[ 22.11.2010 19:32:38 ]: [ NEWUSER ] [ 0 ]: TIME: 1290454358
[ 22.11.2010 19:32:38 ]: [   >>>   ] [ 0  ]: WELCOME
[ 22.11.2010 19:32:38 ]: [ NEWUSER ] [ 0 ]: TIME: 1290454358
[ 22.11.2010 19:32:38 ]: [   >>>   ] [ 0  ]: WELCOME
[ 22.11.2010 19:32:38 ]: [ NEWUSER ] [ 0 ]: TIME: 1290454358
[ 22.11.2010 19:32:38 ]: [   >>>   ] [ 0  ]: WELCOME
[ 22.11.2010 19:32:38 ]: [ NEWUSER ] [ 0 ]: TIME: 1290454358
[ 22.11.2010 19:32:38 ]: [   >>>   ] [ 0  ]: WELCOME
[ 22.11.2010 19:32:38 ]: [ NEWUSER ] [ 0 ]: TIME: 1290454358
[ 22.11.2010 19:32:38 ]: [   >>>   ] [ 0  ]: WELCOME
[ 22.11.2010 19:32:38 ]: [ NEWUSER ] [ 0 ]: TIME: 1290454358
[ 22.11.2010 19:32:38 ]: [   >>>   ] [ 0  ]: WELCOME
[ 22.11.2010 19:32:38 ]: [ NEWUSER ] [ 0 ]: TIME: 1290454358
[ 22.11.2010 19:32:38 ]: [   >>>   ] [ 0  ]: WELCOME
[ 22.11.2010 19:32:38 ]: [ NEWUSER ] [ 0 ]: TIME: 1290454358
[ 22.11.2010 19:32:38 ]: [   >>>   ] [ 0  ]: WELCOME
[ 22.11.2010 19:32:39 ]: [ NEWUSER ] [ 0 ]: TIME: 1290454360
[ 22.11.2010 19:32:39 ]: [   >>>   ] [ 0  ]: WELCOME
[ 22.11.2010 19:32:39 ]: [ NEWUSER ] [ 0 ]: TIME: 1290454360
[ 22.11.2010 19:32:39 ]: [   >>>   ] [ 0  ]: WELCOME
[ 22.11.2010 19:32:40 ]: [ NEWUSER ] [ 0 ]: TIME: 1290454361
[ 22.11.2010 19:32:40 ]: [   >>>   ] [ 0  ]: WELCOME
[ 22.11.2010 19:32:40 ]: [ NEWUSER ] [ 0 ]: TIME: 1290454361
[ 22.11.2010 19:32:40 ]: [   >>>   ] [ 0  ]: WELCOME
[ 22.11.2010 19:32:40 ]: [ NEWUSER ] [ 0 ]: TIME: 1290454361
[ 22.11.2010 19:32:40 ]: [   >>>   ] [ 0  ]: WELCOME
[ 22.11.2010 19:32:40 ]: [ NEWUSER ] [ 0 ]: TIME: 1290454361
[ 22.11.2010 19:32:40 ]: [   >>>   ] [ 0  ]: WELCOME
[ 22.11.2010 19:32:40 ]: [ NEWUSER ] [ 0 ]: TIME: 1290454361
[ 22.11.2010 19:32:40 ]: [   >>>   ] [ 0  ]: WELCOME
[ 22.11.2010 19:32:40 ]: [ NEWUSER ] [ 0 ]: TIME: 1290454361
[ 22.11.2010 19:32:40 ]: [   >>>   ] [ 0  ]: WELCOME
[ 22.11.2010 19:32:40 ]: [ NEWUSER ] [ 0 ]: TIME: 1290454361
[ 22.11.2010 19:32:40 ]: [   >>>   ] [ 0  ]: WELCOME
[ 22.11.2010 19:32:40 ]: [ NEWUSER ] [ 0 ]: TIME: 1290454361
[ 22.11.2010 19:32:40 ]: [   >>>   ] [ 0  ]: WELCOME
[ 22.11.2010 19:32:44 ]: [ NEWUSER ] [ 0 ]: TIME: 1290454364
[ 22.11.2010 19:32:44 ]: [   >>>   ] [ 0  ]: WELCOME
[ 22.11.2010 19:32:44 ]: [   <<<   ] [ 0  (0) ]: notice;opfer
[ 22.11.2010 19:32:44 ]: [    N    ] [ 0 ]: opfer
[ 22.11.2010 19:32:44 ]: [   >>>   ] [ 0  (0) ]: NOTICE;opfer
[ 22.11.2010 19:32:44 ]: [  KILLD  ] [ 0 ]: TIME: 1290454364
[ 22.11.2010 19:32:44 ]: [  KILLD  ] [ 0 ]: TIME: 1290454364
[ 22.11.2010 19:32:44 ]: [  KILLD  ] [ 0 ]: TIME: 1290454364
[ 22.11.2010 19:32:44 ]: [  KILLD  ] [ 0 ]: TIME: 1290454364
[ 22.11.2010 19:32:44 ]: [  KILLD  ] [ 0 ]: TIME: 1290454364
[ 22.11.2010 19:32:44 ]: [  KILLD  ] [ 0 ]: TIME: 1290454364
[ 22.11.2010 19:32:44 ]: [  KILLD  ] [ 0 ]: TIME: 1290454364
[ 22.11.2010 19:32:44 ]: [  KILLD  ] [ 0 ]: TIME: 1290454364
[ 22.11.2010 19:32:44 ]: [  KILLD  ] [ 0 ]: TIME: 1290454364
[ 22.11.2010 19:32:44 ]: [  KILLD  ] [ 0 ]: TIME: 1290454364
[ 22.11.2010 19:32:44 ]: [  KILLD  ] [ 0 ]: TIME: 1290454364
[ 22.11.2010 19:32:44 ]: [   >>>   ] [ 0  (0) ]: NOTICE;opfer
[ 22.11.2010 19:32:44 ]: [   >>>   ] [ 0  (0) ]: NOTICE;opfer
[ 22.11.2010 19:32:44 ]: [   >>>   ] [ 0  (0) ]: NOTICE;opfer
[ 22.11.2010 19:32:44 ]: [   >>>   ] [ 0  (0) ]: NOTICE;opfer
[ 22.11.2010 19:32:44 ]: [   >>>   ] [ 0  (0) ]: NOTICE;opfer
[ 22.11.2010 19:32:44 ]: [   >>>   ] [ 0  (0) ]: NOTICE;opfer
[ 22.11.2010 19:32:44 ]: [   >>>   ] [ 0  (0) ]: NOTICE;opfer
[ 22.11.2010 19:32:44 ]: [   >>>   ] [ 0  (0) ]: NOTICE;opfer
[ 22.11.2010 19:32:44 ]: [   >>>   ] [ 0  (0) ]: NOTICE;opfer
[ 22.11.2010 19:32:44 ]: [ NEWUSER ] [ 0 ]: TIME: 1290454364
[ 22.11.2010 19:32:44 ]: [   >>>   ] [ 0  ]: WELCOME
[ 22.11.2010 19:32:54 ]: [ NEWUSER ] [ 0 ]: TIME: 1290454375
[ 22.11.2010 19:32:54 ]: [   >>>   ] [ 0  ]: WELCOME
[ 22.11.2010 19:32:55 ]: [   <<<   ] [ 0  (0) ]: lolwas
[ 22.11.2010 19:32:55 ]: [   >>>   ] [ 0  (0) ]: ERROR;20
[ 22.11.2010 19:32:56 ]: [   <<<   ] [ 0  (0) ]: opfer
[ 22.11.2010 19:32:56 ]: [   >>>   ] [ 0  (0) ]: ERROR;20
[ 22.11.2010 19:32:59 ]: [   <<<   ] [ 0  (0) ]: notice;opfer
[ 22.11.2010 19:32:59 ]: [    N    ] [ 0 ]: opfer
[ 22.11.2010 19:32:59 ]: [   >>>   ] [ 0  (0) ]: NOTICE;opfer
[ 22.11.2010 19:32:59 ]: [   >>>   ] [ 0  (0) ]: NOTICE;opfer
[ 22.11.2010 19:32:59 ]: [   >>>   ] [ 0  (0) ]: NOTICE;opfer
[ 22.11.2010 19:32:59 ]: [   >>>   ] [ 0  (0) ]: NOTICE;opfer
[ 22.11.2010 19:32:59 ]: [   >>>   ] [ 0  (0) ]: NOTICE;opfer
[ 22.11.2010 19:32:59 ]: [   >>>   ] [ 0  (0) ]: NOTICE;opfer
[ 22.11.2010 19:32:59 ]: [   >>>   ] [ 0  (0) ]: NOTICE;opfer
[ 22.11.2010 19:32:59 ]: [   >>>   ] [ 0  (0) ]: NOTICE;opfer
[ 22.11.2010 19:32:59 ]: [   >>>   ] [ 0  (0) ]: NOTICE;opfer
[ 22.11.2010 19:32:59 ]: [   >>>   ] [ 0  (0) ]: NOTICE;opfer
[ 22.11.2010 19:32:59 ]: [   >>>   ] [ 0  (0) ]: NOTICE;opfer
[ 22.11.2010 19:33:00 ]: [ NEWUSER ] [ 0 ]: TIME: 1290454381
[ 22.11.2010 19:33:00 ]: [   >>>   ] [ 0  ]: WELCOME
[ 22.11.2010 19:33:00 ]: [ NEWUSER ] [ 0 ]: TIME: 1290454381
[ 22.11.2010 19:33:00 ]: [   >>>   ] [ 0  ]: WELCOME
[ 22.11.2010 19:33:00 ]: [ NEWUSER ] [ 0 ]: TIME: 1290454381
[ 22.11.2010 19:33:00 ]: [   >>>   ] [ 0  ]: WELCOME
[ 22.11.2010 19:33:00 ]: [ NEWUSER ] [ 0 ]: TIME: 1290454381
[ 22.11.2010 19:33:00 ]: [   >>>   ] [ 0  ]: WELCOME
[ 22.11.2010 19:33:00 ]: [ NEWUSER ] [ 0 ]: TIME: 1290454381
[ 22.11.2010 19:33:00 ]: [   >>>   ] [ 0  ]: WELCOME
[ 22.11.2010 19:33:00 ]: [ NEWUSER ] [ 0 ]: TIME: 1290454381
[ 22.11.2010 19:33:00 ]: [   >>>   ] [ 0  ]: WELCOME
[ 22.11.2010 19:33:00 ]: [ NEWUSER ] [ 0 ]: TIME: 1290454381
[ 22.11.2010 19:33:00 ]: [   >>>   ] [ 0  ]: WELCOME
[ 22.11.2010 19:33:00 ]: [ NEWUSER ] [ 0 ]: TIME: 1290454381
[ 22.11.2010 19:33:00 ]: [   >>>   ] [ 0  ]: WELCOME
[ 22.11.2010 19:33:00 ]: [ NEWUSER ] [ 0 ]: TIME: 1290454381
[ 22.11.2010 19:33:00 ]: [   >>>   ] [ 0  ]: WELCOME
[ 22.11.2010 19:33:01 ]: [ NEWUSER ] [ 0 ]: TIME: 1290454381
[ 22.11.2010 19:33:01 ]: [   >>>   ] [ 0  ]: WELCOME
[ 22.11.2010 19:33:01 ]: [ NEWUSER ] [ 0 ]: TIME: 1290454382
[ 22.11.2010 19:33:01 ]: [   >>>   ] [ 0  ]: WELCOME
[ 22.11.2010 19:33:01 ]: [ NEWUSER ] [ 0 ]: TIME: 1290454382
[ 22.11.2010 19:33:01 ]: [   >>>   ] [ 0  ]: WELCOME
[ 22.11.2010 19:33:01 ]: [ NEWUSER ] [ 0 ]: TIME: 1290454382
[ 22.11.2010 19:33:01 ]: [   >>>   ] [ 0  ]: WELCOME
[ 22.11.2010 19:33:01 ]: [ NEWUSER ] [ 0 ]: TIME: 1290454382
[ 22.11.2010 19:33:01 ]: [   >>>   ] [ 0  ]: WELCOME
[ 22.11.2010 19:33:01 ]: [ NEWUSER ] [ 0 ]: TIME: 1290454382
[ 22.11.2010 19:33:01 ]: [   >>>   ] [ 0  ]: WELCOME
[ 22.11.2010 19:33:01 ]: [ NEWUSER ] [ 0 ]: TIME: 1290454382
[ 22.11.2010 19:33:01 ]: [   >>>   ] [ 0  ]: WELCOME
[ 22.11.2010 19:33:01 ]: [ NEWUSER ] [ 0 ]: TIME: 1290454382
[ 22.11.2010 19:33:01 ]: [   >>>   ] [ 0  ]: WELCOME
[ 22.11.2010 19:33:01 ]: [ NEWUSER ] [ 0 ]: TIME: 1290454382
[ 22.11.2010 19:33:01 ]: [   >>>   ] [ 0  ]: WELCOME
[ 22.11.2010 19:33:04 ]: [ NEWUSER ] [ 0 ]: TIME: 1290454385
[ 22.11.2010 19:33:04 ]: [   >>>   ] [ 0  ]: WELCOME
[ 22.11.2010 19:33:04 ]: [ NEWUSER ] [ 0 ]: TIME: 1290454385
[ 22.11.2010 19:33:04 ]: [   >>>   ] [ 0  ]: WELCOME
[ 22.11.2010 19:33:06 ]: [   <<<   ] [ 0  (0) ]: notice;opfer
[ 22.11.2010 19:33:06 ]: [    N    ] [ 0 ]: opfer
[ 22.11.2010 19:33:06 ]: [  KILLD  ] [ 0 ]: TIME: 1290454386
[ 22.11.2010 19:33:06 ]: [  KILLD  ] [ 0 ]: TIME: 1290454386
[ 22.11.2010 19:33:06 ]: [  KILLD  ] [ 0 ]: TIME: 1290454386
[ 22.11.2010 19:33:06 ]: [  KILLD  ] [ 0 ]: TIME: 1290454386
[ 22.11.2010 19:33:06 ]: [  KILLD  ] [ 0 ]: TIME: 1290454386
[ 22.11.2010 19:33:06 ]: [  KILLD  ] [ 0 ]: TIME: 1290454386
[ 22.11.2010 19:33:06 ]: [  KILLD  ] [ 0 ]: TIME: 1290454386
[ 22.11.2010 19:33:06 ]: [  KILLD  ] [ 0 ]: TIME: 1290454386
[ 22.11.2010 19:33:06 ]: [  KILLD  ] [ 0 ]: TIME: 1290454386
[ 22.11.2010 19:33:06 ]: [  KILLD  ] [ 0 ]: TIME: 1290454386
[ 22.11.2010 19:33:06 ]: [   >>>   ] [ 0  (0) ]: NOTICE;opfer
[ 22.11.2010 19:33:06 ]: [  KILLD  ] [ 0 ]: TIME: 1290454386
[ 22.11.2010 19:33:06 ]: [  KILLD  ] [ 0 ]: TIME: 1290454386
[ 22.11.2010 19:33:06 ]: [  KILLD  ] [ 0 ]: TIME: 1290454386
[ 22.11.2010 19:33:06 ]: [  KILLD  ] [ 0 ]: TIME: 1290454386
[ 22.11.2010 19:33:06 ]: [  KILLD  ] [ 0 ]: TIME: 1290454386
[ 22.11.2010 19:33:06 ]: [  KILLD  ] [ 0 ]: TIME: 1290454386
[ 22.11.2010 19:33:06 ]: [  KILLD  ] [ 0 ]: TIME: 1290454386
[ 22.11.2010 19:33:06 ]: [  KILLD  ] [ 0 ]: TIME: 1290454386
[ 22.11.2010 19:33:06 ]: [  KILLD  ] [ 0 ]: TIME: 1290454386
[ 22.11.2010 19:33:06 ]: [  KILLD  ] [ 0 ]: TIME: 1290454386
[ 22.11.2010 19:33:06 ]: [  KILLD  ] [ 0 ]: TIME: 1290454386
[ 22.11.2010 19:33:06 ]: [   >>>   ] [ 0  (0) ]: NOTICE;opfer
[ 22.11.2010 19:33:06 ]: [   >>>   ] [ 0  (0) ]: NOTICE;opfer
[ 22.11.2010 19:33:06 ]: [   >>>   ] [ 0  (0) ]: NOTICE;opfer
[ 22.11.2010 19:33:06 ]: [   >>>   ] [ 0  (0) ]: NOTICE;opfer
[ 22.11.2010 19:33:06 ]: [   >>>   ] [ 0  (0) ]: NOTICE;opfer
[ 22.11.2010 19:33:06 ]: [   >>>   ] [ 0  (0) ]: NOTICE;opfer
[ 22.11.2010 19:33:06 ]: [   >>>   ] [ 0  (0) ]: NOTICE;opfer
[ 22.11.2010 19:33:06 ]: [   >>>   ] [ 0  (0) ]: NOTICE;opfer
[ 22.11.2010 19:33:06 ]: [   >>>   ] [ 0  (0) ]: NOTICE;opfer
[ 22.11.2010 19:33:06 ]: [   >>>   ] [ 0  (0) ]: NOTICE;opfer
