[ 27.11.2010 14:09:04 ]: Using Syslog: ./syslog/1290866945.log
[ 27.11.2010 14:09:04 ]: Game Server v0.2.1 starting up...
[ 27.11.2010 14:09:10 ]: PLAYER DB			READY
[ 27.11.2010 14:09:15 ]: GAME DB			READY
[ 27.11.2010 14:09:15 ]: ADDED ITEM: 34; 1
[ 27.11.2010 14:09:15 ]: ADDED ITEM: 35; 1
[ 27.11.2010 14:09:15 ]: ADDED ITEM: 36; 1
[ 27.11.2010 14:09:15 ]: ADDED ITEM: 37; 1
[ 27.11.2010 14:09:15 ]: ADDED ITEM: 39; 1
[ 27.11.2010 14:09:15 ]: ADDED ITEM: 43; 1
[ 27.11.2010 14:09:15 ]: ADDED ITEM: 45; 1
[ 27.11.2010 14:09:15 ]: ADDED ITEM: 46; 1
[ 27.11.2010 14:09:15 ]: ADDED ITEM: 47; 1
[ 27.11.2010 14:09:15 ]: LISTEN THREAD			READY
[ 27.11.2010 14:09:15 ]: NPC CONTROL			READY
[ 27.11.2010 14:09:15 ]: GAME SERVER READY		READY
[ 27.11.2010 14:09:17 ]: [ NEWUSER ] [ 0 ]: TIME: 1290866958
[ 27.11.2010 14:09:17 ]: [   >>>   ] [ 0  ]: WELCOME
[ 27.11.2010 14:09:19 ]: [   <<<   ] [ 0  (0) ]: item;1
[ 27.11.2010 14:09:19 ]: ADDED ITEM: 48; 1
[ 27.11.2010 14:09:19 ]: [   >>>   ] [ 0  (0) ]: ITEM;OK;48;1
[ 27.11.2010 14:10:29 ]: [   <<<   ] [ 0  (0) ]: reload i
[ 27.11.2010 14:10:29 ]: [   >>>   ] [ 0  (0) ]: ERROR;20
