[ 21.11.2010 14:44:25 ]: Using Syslog: ./syslog/1290350666.log
[ 21.11.2010 14:44:25 ]: Game Server v0.2.1 starting up...
[ 21.11.2010 14:44:31 ]: PLAYER DB			READY
[ 21.11.2010 14:44:35 ]: GAME DB			READY
[ 21.11.2010 14:44:35 ]: LISTEN THREAD			READY
[ 21.11.2010 14:44:35 ]: NPC CONTROL			READY
[ 21.11.2010 14:44:35 ]: GAME SERVER READY		READY
[ 21.11.2010 14:44:36 ]: [ NEWUSER ] [ 0 ]: TIME: 1290350677
[ 21.11.2010 14:44:36 ]: [   >>>   ] [ 0  ]: WELCOME
[ 21.11.2010 14:44:38 ]: [   <<<   ] [ 0  (0) ]: spawn;1001
[ 21.11.2010 14:44:39 ]: [   >>>   ] [ 0  (0) ]: SPAWN;OK;1001;7;4;-2
[ 21.11.2010 14:44:46 ]: [   <<<   ] [ 0  (0) ]: spawn;1002
[ 21.11.2010 14:44:46 ]: [   >>>   ] [ 0  (0) ]: SPAWN;OK;1002;5;5;-9
[ 21.11.2010 14:44:53 ]: [   <<<   ] [ 0  (0) ]: aggr
[ 21.11.2010 14:44:54 ]: [   >>>   ] [ 0  (0) ]: ATTACK;1;1001;0;10
[ 21.11.2010 14:44:54 ]: [   >>>   ] [ 0  (0) ]: ATTACK;2;1002;0;10
[ 21.11.2010 14:44:55 ]: [   >>>   ] [ 0  (0) ]: ATTACK;1;1001;0;10
[ 21.11.2010 14:44:55 ]: [   >>>   ] [ 0  (0) ]: ATTACK;2;1002;0;10
[ 21.11.2010 14:44:57 ]: [   >>>   ] [ 0  (0) ]: ATTACK;1;1001;0;10
[ 21.11.2010 14:44:57 ]: [   >>>   ] [ 0  (0) ]: ATTACK;2;1002;0;10
[ 21.11.2010 14:44:57 ]: [   <<<   ] [ 0  (0) ]: spawn;1001
[ 21.11.2010 14:44:57 ]: [   >>>   ] [ 0  (0) ]: SPAWN;OK;1001;0;-4;-1
[ 21.11.2010 14:44:58 ]: [   <<<   ] [ 0  (0) ]: aggr
[ 21.11.2010 14:44:58 ]: [   >>>   ] [ 0  (0) ]: ATTACK;3;1001;0;10
[ 21.11.2010 14:44:59 ]: [   >>>   ] [ 0  (0) ]: ATTACK;1;1001;0;10
[ 21.11.2010 14:44:59 ]: [   >>>   ] [ 0  (0) ]: ATTACK;2;1002;0;10
[ 21.11.2010 14:45:00 ]: [   >>>   ] [ 0  (0) ]: ATTACK;3;1001;0;10
[ 21.11.2010 14:45:01 ]: [   >>>   ] [ 0  (0) ]: ATTACK;1;1001;0;10
[ 21.11.2010 14:45:01 ]: [   >>>   ] [ 0  (0) ]: ATTACK;2;1002;0;10
[ 21.11.2010 14:45:02 ]: [   >>>   ] [ 0  (0) ]: ATTACK;3;1001;0;10
[ 21.11.2010 14:45:03 ]: [   >>>   ] [ 0  (0) ]: ATTACK;1;1001;0;10
[ 21.11.2010 14:45:03 ]: [   >>>   ] [ 0  (0) ]: ATTACK;2;1002;0;10
[ 21.11.2010 14:45:04 ]: [   >>>   ] [ 0  (0) ]: ATTACK;3;1001;0;10
[ 21.11.2010 14:45:05 ]: [   >>>   ] [ 0  (0) ]: ATTACK;1;1001;0;10
[ 21.11.2010 14:45:05 ]: [   >>>   ] [ 0  (0) ]: ATTACK;2;1002;0;10
[ 21.11.2010 14:45:06 ]: [   >>>   ] [ 0  (0) ]: ATTACK;3;1001;0;10
[ 21.11.2010 14:45:07 ]: [   <<<   ] [ 0  (0) ]: spawn;1
[ 21.11.2010 14:45:07 ]: [   >>>   ] [ 0  (0) ]: SPAWN;OK;1;-10;-10;-7
[ 21.11.2010 14:45:07 ]: [   >>>   ] [ 0  (0) ]: ATTACK;1;1001;0;10
[ 21.11.2010 14:45:07 ]: [   >>>   ] [ 0  (0) ]: ATTACK;2;1002;0;10
[ 21.11.2010 14:45:08 ]: [   >>>   ] [ 0  (0) ]: ATTACK;3;1001;0;10
[ 21.11.2010 14:45:09 ]: [   >>>   ] [ 0  (0) ]: ATTACK;1;1001;0;10
[ 21.11.2010 14:45:09 ]: [   >>>   ] [ 0  (0) ]: ATTACK;2;1002;0;10
[ 21.11.2010 14:45:09 ]: [   <<<   ] [ 0  (0) ]: aggr
[ 21.11.2010 14:45:09 ]: [   >>>   ] [ 0  (0) ]: ATTACK;4;1;0;10
[ 21.11.2010 14:45:10 ]: [   >>>   ] [ 0  (0) ]: ATTACK;3;1001;0;10
[ 21.11.2010 14:45:11 ]: [   >>>   ] [ 0  (0) ]: ATTACK;1;1001;0;10
[ 21.11.2010 14:45:11 ]: [   >>>   ] [ 0  (0) ]: ATTACK;2;1002;0;10
[ 21.11.2010 14:45:11 ]: [   >>>   ] [ 0  (0) ]: ATTACK;4;1;0;10
[ 21.11.2010 14:45:12 ]: [   >>>   ] [ 0  (0) ]: ATTACK;3;1001;0;10
[ 21.11.2010 14:45:13 ]: [   >>>   ] [ 0  (0) ]: ATTACK;1;1001;0;10
[ 21.11.2010 14:45:13 ]: [   >>>   ] [ 0  (0) ]: ATTACK;2;1002;0;10
[ 21.11.2010 14:45:13 ]: [   >>>   ] [ 0  (0) ]: ATTACK;4;1;0;10
[ 21.11.2010 14:45:14 ]: [   >>>   ] [ 0  (0) ]: ATTACK;3;1001;0;10
[ 21.11.2010 14:45:15 ]: [   >>>   ] [ 0  (0) ]: ATTACK;1;1001;0;10
[ 21.11.2010 14:45:15 ]: [   >>>   ] [ 0  (0) ]: ATTACK;2;1002;0;10
[ 21.11.2010 14:45:15 ]: [   >>>   ] [ 0  (0) ]: ATTACK;4;1;0;10
[ 21.11.2010 14:45:16 ]: [   >>>   ] [ 0  (0) ]: ATTACK;3;1001;0;10
[ 21.11.2010 14:45:17 ]: [   >>>   ] [ 0  (0) ]: ATTACK;1;1001;0;10
[ 21.11.2010 14:45:17 ]: [   >>>   ] [ 0  (0) ]: ATTACK;2;1002;0;10
[ 21.11.2010 14:45:17 ]: [   >>>   ] [ 0  (0) ]: ATTACK;4;1;0;10
[ 21.11.2010 14:45:18 ]: [   >>>   ] [ 0  (0) ]: ATTACK;3;1001;0;10
[ 21.11.2010 14:45:19 ]: [   >>>   ] [ 0  (0) ]: ATTACK;1;1001;0;10
[ 21.11.2010 14:45:19 ]: [   >>>   ] [ 0  (0) ]: ATTACK;2;1002;0;10
[ 21.11.2010 14:45:19 ]: [   >>>   ] [ 0  (0) ]: ATTACK;4;1;0;10
[ 21.11.2010 14:45:20 ]: [   >>>   ] [ 0  (0) ]: ATTACK;3;1001;0;10
[ 21.11.2010 14:45:21 ]: [   >>>   ] [ 0  (0) ]: ATTACK;1;1001;0;10
[ 21.11.2010 14:45:21 ]: [   >>>   ] [ 0  (0) ]: ATTACK;2;1002;0;10
[ 21.11.2010 14:45:21 ]: [   >>>   ] [ 0  (0) ]: ATTACK;4;1;0;10
[ 21.11.2010 14:45:22 ]: [   >>>   ] [ 0  (0) ]: ATTACK;3;1001;0;10
[ 21.11.2010 14:45:23 ]: [   >>>   ] [ 0  (0) ]: ATTACK;1;1001;0;10
[ 21.11.2010 14:45:23 ]: [   >>>   ] [ 0  (0) ]: ATTACK;2;1002;0;10
[ 21.11.2010 14:45:23 ]: [   >>>   ] [ 0  (0) ]: ATTACK;4;1;0;10
[ 21.11.2010 14:45:24 ]: [   >>>   ] [ 0  (0) ]: ATTACK;3;1001;0;10
[ 21.11.2010 14:45:25 ]: [   >>>   ] [ 0  (0) ]: ATTACK;1;1001;0;10
[ 21.11.2010 14:45:25 ]: [   >>>   ] [ 0  (0) ]: ATTACK;2;1002;0;10
[ 21.11.2010 14:45:25 ]: [   >>>   ] [ 0  (0) ]: ATTACK;4;1;0;10
[ 21.11.2010 14:45:26 ]: [   >>>   ] [ 0  (0) ]: ATTACK;3;1001;0;10
[ 21.11.2010 14:45:27 ]: [   >>>   ] [ 0  (0) ]: ATTACK;1;1001;0;10
[ 21.11.2010 14:45:27 ]: [   >>>   ] [ 0  (0) ]: ATTACK;2;1002;0;10
[ 21.11.2010 14:45:27 ]: [   >>>   ] [ 0  (0) ]: ATTACK;4;1;0;10
[ 21.11.2010 14:45:28 ]: [   >>>   ] [ 0  (0) ]: ATTACK;3;1001;0;10
[ 21.11.2010 14:45:29 ]: [   >>>   ] [ 0  (0) ]: ATTACK;1;1001;0;10
[ 21.11.2010 14:45:29 ]: [   >>>   ] [ 0  (0) ]: ATTACK;2;1002;0;10
[ 21.11.2010 14:45:29 ]: [   >>>   ] [ 0  (0) ]: ATTACK;4;1;0;10
[ 21.11.2010 14:45:30 ]: [   >>>   ] [ 0  (0) ]: ATTACK;3;1001;0;10
[ 21.11.2010 14:45:31 ]: [   >>>   ] [ 0  (0) ]: ATTACK;1;1001;0;10
[ 21.11.2010 14:45:31 ]: [   >>>   ] [ 0  (0) ]: ATTACK;2;1002;0;10
[ 21.11.2010 14:45:31 ]: [   >>>   ] [ 0  (0) ]: ATTACK;4;1;0;10
[ 21.11.2010 14:45:31 ]: [   <<<   ] [ 0  (0) ]: quit
[ 21.11.2010 14:45:31 ]: [   >>>   ] [ 0  ]: BYE
[ 21.11.2010 14:45:31 ]: [  KILLD  ] [ 0 ]: TIME: 1290350732
[ 21.11.2010 14:45:56 ]: [ NEWUSER ] [ 0 ]: TIME: 1290350756
[ 21.11.2010 14:45:56 ]: [   >>>   ] [ 0  ]: WELCOME
[ 21.11.2010 14:45:59 ]: [   <<<   ] [ 0  (0) ]: spawn;1001
[ 21.11.2010 14:45:59 ]: [   >>>   ] [ 0  (0) ]: SPAWN;OK;1001;0;-4;-4
[ 21.11.2010 14:46:01 ]: [   <<<   ] [ 0  (0) ]: aggr
[ 21.11.2010 14:46:01 ]: [   >>>   ] [ 0  (0) ]: ATTACK;1;1001;0;10
[ 21.11.2010 14:46:01 ]: [   >>>   ] [ 0  (0) ]: ATTACK;2;1002;0;10
[ 21.11.2010 14:46:01 ]: [   >>>   ] [ 0  (0) ]: ATTACK;3;1001;0;10
[ 21.11.2010 14:46:01 ]: [   >>>   ] [ 0  (0) ]: ATTACK;4;1;0;10
[ 21.11.2010 14:46:01 ]: [   >>>   ] [ 0  (0) ]: ATTACK;5;1001;0;10
[ 21.11.2010 14:46:02 ]: [   >>>   ] [ 0  (0) ]: ATTACK;1;1001;0;10
[ 21.11.2010 14:46:02 ]: [   >>>   ] [ 0  (0) ]: ATTACK;2;1002;0;10
[ 21.11.2010 14:46:02 ]: [   >>>   ] [ 0  (0) ]: ATTACK;3;1001;0;10
[ 21.11.2010 14:46:02 ]: [   >>>   ] [ 0  (0) ]: ATTACK;4;1;0;10
[ 21.11.2010 14:46:02 ]: [   >>>   ] [ 0  (0) ]: ATTACK;5;1001;0;10
[ 21.11.2010 14:46:04 ]: [   >>>   ] [ 0  (0) ]: ATTACK;1;1001;0;10
[ 21.11.2010 14:46:04 ]: [   >>>   ] [ 0  (0) ]: ATTACK;2;1002;0;10
[ 21.11.2010 14:46:04 ]: [   >>>   ] [ 0  (0) ]: ATTACK;3;1001;0;10
[ 21.11.2010 14:46:04 ]: [   >>>   ] [ 0  (0) ]: ATTACK;4;1;0;10
[ 21.11.2010 14:46:04 ]: [   >>>   ] [ 0  (0) ]: ATTACK;5;1001;0;10
[ 21.11.2010 14:46:06 ]: [   >>>   ] [ 0  (0) ]: ATTACK;1;1001;0;10
[ 21.11.2010 14:46:06 ]: [   >>>   ] [ 0  (0) ]: ATTACK;2;1002;0;10
[ 21.11.2010 14:46:06 ]: [   >>>   ] [ 0  (0) ]: ATTACK;3;1001;0;10
[ 21.11.2010 14:46:06 ]: [   >>>   ] [ 0  (0) ]: ATTACK;4;1;0;10
[ 21.11.2010 14:46:06 ]: [   >>>   ] [ 0  (0) ]: ATTACK;5;1001;0;10
[ 21.11.2010 14:46:08 ]: [   >>>   ] [ 0  (0) ]: ATTACK;1;1001;0;10
[ 21.11.2010 14:46:08 ]: [   >>>   ] [ 0  (0) ]: ATTACK;2;1002;0;10
[ 21.11.2010 14:46:08 ]: [   >>>   ] [ 0  (0) ]: ATTACK;3;1001;0;10
[ 21.11.2010 14:46:08 ]: [   >>>   ] [ 0  (0) ]: ATTACK;4;1;0;10
[ 21.11.2010 14:46:08 ]: [   >>>   ] [ 0  (0) ]: ATTACK;5;1001;0;10
[ 21.11.2010 14:46:10 ]: [   >>>   ] [ 0  (0) ]: ATTACK;1;1001;0;10
[ 21.11.2010 14:46:10 ]: [   >>>   ] [ 0  (0) ]: ATTACK;2;1002;0;10
[ 21.11.2010 14:46:10 ]: [   >>>   ] [ 0  (0) ]: ATTACK;3;1001;0;10
[ 21.11.2010 14:46:10 ]: [   >>>   ] [ 0  (0) ]: ATTACK;4;1;0;10
[ 21.11.2010 14:46:10 ]: [   >>>   ] [ 0  (0) ]: ATTACK;5;1001;0;10
[ 21.11.2010 14:46:10 ]: [   <<<   ] [ 0  (0) ]: quit
[ 21.11.2010 14:46:10 ]: [   >>>   ] [ 0  ]: BYE
[ 21.11.2010 14:46:10 ]: [  KILLD  ] [ 0 ]: TIME: 1290350771
[ 21.11.2010 14:47:10 ]: [ NEWUSER ] [ 0 ]: TIME: 1290350830
[ 21.11.2010 14:47:10 ]: [   >>>   ] [ 0  ]: WELCOME
[ 21.11.2010 14:47:36 ]: [ NEWUSER ] [ 0 ]: TIME: 1290350857
[ 21.11.2010 14:47:36 ]: [   >>>   ] [ 0  ]: WELCOME
[ 21.11.2010 14:48:01 ]: [   <<<   ] [ 0  (0) ]: spawn;1001
[ 21.11.2010 14:48:01 ]: [   >>>   ] [ 0  (0) ]: SPAWN;OK;1001;5;1;8
[ 21.11.2010 14:48:04 ]: [   <<<   ] [ 0  (0) ]: aggr
[ 21.11.2010 14:48:04 ]: [   >>>   ] [ 0  (0) ]: ATTACK;1;1001;0;10
[ 21.11.2010 14:48:04 ]: [   >>>   ] [ 0  (0) ]: ATTACK;2;1002;0;10
[ 21.11.2010 14:48:04 ]: [   >>>   ] [ 0  (0) ]: ATTACK;3;1001;0;10
[ 21.11.2010 14:48:04 ]: [   >>>   ] [ 0  (0) ]: ATTACK;4;1;0;10
[ 21.11.2010 14:48:04 ]: [   >>>   ] [ 0  (0) ]: ATTACK;5;1001;0;10
[ 21.11.2010 14:48:04 ]: [   >>>   ] [ 0  (0) ]: ATTACK;6;1001;0;10
[ 21.11.2010 14:48:05 ]: [   >>>   ] [ 0  (0) ]: ATTACK;1;1001;0;10
[ 21.11.2010 14:48:05 ]: [   >>>   ] [ 0  (0) ]: ATTACK;2;1002;0;10
[ 21.11.2010 14:48:05 ]: [   >>>   ] [ 0  (0) ]: ATTACK;3;1001;0;10
[ 21.11.2010 14:48:05 ]: [   >>>   ] [ 0  (0) ]: ATTACK;4;1;0;10
[ 21.11.2010 14:48:05 ]: [   >>>   ] [ 0  (0) ]: ATTACK;5;1001;0;10
[ 21.11.2010 14:48:05 ]: [   >>>   ] [ 0  (0) ]: ATTACK;6;1001;0;10
[ 21.11.2010 14:48:07 ]: [   >>>   ] [ 0  (0) ]: ATTACK;1;1001;0;10
[ 21.11.2010 14:48:07 ]: [   >>>   ] [ 0  (0) ]: ATTACK;2;1002;0;10
[ 21.11.2010 14:48:07 ]: [   >>>   ] [ 0  (0) ]: ATTACK;3;1001;0;10
[ 21.11.2010 14:48:07 ]: [   >>>   ] [ 0  (0) ]: ATTACK;4;1;0;10
[ 21.11.2010 14:48:07 ]: [   >>>   ] [ 0  (0) ]: ATTACK;5;1001;0;10
[ 21.11.2010 14:48:07 ]: [   >>>   ] [ 0  (0) ]: ATTACK;6;1001;0;10
[ 21.11.2010 14:48:08 ]: [   <<<   ] [ 0  (0) ]: spawn;1001
[ 21.11.2010 14:48:08 ]: [   >>>   ] [ 0  (0) ]: SPAWN;OK;1001;3;9;7
[ 21.11.2010 14:48:09 ]: [   >>>   ] [ 0  (0) ]: ATTACK;1;1001;0;10
[ 21.11.2010 14:48:09 ]: [   >>>   ] [ 0  (0) ]: ATTACK;2;1002;0;10
[ 21.11.2010 14:48:09 ]: [   >>>   ] [ 0  (0) ]: ATTACK;3;1001;0;10
[ 21.11.2010 14:48:09 ]: [   >>>   ] [ 0  (0) ]: ATTACK;4;1;0;10
[ 21.11.2010 14:48:09 ]: [   >>>   ] [ 0  (0) ]: ATTACK;5;1001;0;10
[ 21.11.2010 14:48:09 ]: [   >>>   ] [ 0  (0) ]: ATTACK;6;1001;0;10
[ 21.11.2010 14:48:09 ]: [   <<<   ] [ 0  (0) ]: aggr
[ 21.11.2010 14:48:09 ]: [   >>>   ] [ 0  (0) ]: ATTACK;7;1001;0;10
[ 21.11.2010 14:48:11 ]: [   >>>   ] [ 0  (0) ]: ATTACK;1;1001;0;10
[ 21.11.2010 14:48:11 ]: [   >>>   ] [ 0  (0) ]: ATTACK;2;1002;0;10
[ 21.11.2010 14:48:11 ]: [   >>>   ] [ 0  (0) ]: ATTACK;3;1001;0;10
[ 21.11.2010 14:48:11 ]: [   >>>   ] [ 0  (0) ]: ATTACK;4;1;0;10
[ 21.11.2010 14:48:11 ]: [   >>>   ] [ 0  (0) ]: ATTACK;5;1001;0;10
[ 21.11.2010 14:48:11 ]: [   >>>   ] [ 0  (0) ]: ATTACK;6;1001;0;10
[ 21.11.2010 14:48:11 ]: [   >>>   ] [ 0  (0) ]: ATTACK;7;1001;0;10
[ 21.11.2010 14:48:13 ]: [   >>>   ] [ 0  (0) ]: ATTACK;1;1001;0;10
[ 21.11.2010 14:48:13 ]: [   >>>   ] [ 0  (0) ]: ATTACK;2;1002;0;10
[ 21.11.2010 14:48:13 ]: [   >>>   ] [ 0  (0) ]: ATTACK;3;1001;0;10
[ 21.11.2010 14:48:13 ]: [   >>>   ] [ 0  (0) ]: ATTACK;4;1;0;10
[ 21.11.2010 14:48:13 ]: [   >>>   ] [ 0  (0) ]: ATTACK;5;1001;0;10
[ 21.11.2010 14:48:13 ]: [   >>>   ] [ 0  (0) ]: ATTACK;6;1001;0;10
[ 21.11.2010 14:48:13 ]: [   >>>   ] [ 0  (0) ]: ATTACK;7;1001;0;10
[ 21.11.2010 14:48:14 ]: [   <<<   ] [ 0  (0) ]: gsergg
[ 21.11.2010 14:48:14 ]: [   >>>   ] [ 0  (0) ]: ERROR;20
[ 21.11.2010 14:48:15 ]: [   >>>   ] [ 0  (0) ]: ATTACK;1;1001;0;10
[ 21.11.2010 14:48:15 ]: [   >>>   ] [ 0  (0) ]: ATTACK;2;1002;0;10
[ 21.11.2010 14:48:15 ]: [   >>>   ] [ 0  (0) ]: ATTACK;3;1001;0;10
[ 21.11.2010 14:48:15 ]: [   >>>   ] [ 0  (0) ]: ATTACK;4;1;0;10
[ 21.11.2010 14:48:15 ]: [   >>>   ] [ 0  (0) ]: ATTACK;5;1001;0;10
[ 21.11.2010 14:48:15 ]: [   >>>   ] [ 0  (0) ]: ATTACK;6;1001;0;10
[ 21.11.2010 14:48:15 ]: [   >>>   ] [ 0  (0) ]: ATTACK;7;1001;0;10
[ 21.11.2010 14:48:17 ]: [   >>>   ] [ 0  (0) ]: ATTACK;1;1001;0;10
[ 21.11.2010 14:48:19 ]: [   >>>   ] [ 0  (0) ]: ATTACK;1;1001;0;10
[ 21.11.2010 14:48:19 ]: [   >>>   ] [ 0  (0) ]: ATTACK;2;1002;0;10
[ 21.11.2010 14:48:19 ]: [   >>>   ] [ 0  (0) ]: ATTACK;3;1001;0;10
[ 21.11.2010 14:48:19 ]: [   >>>   ] [ 0  (0) ]: ATTACK;4;1;0;10
[ 21.11.2010 14:48:19 ]: [   >>>   ] [ 0  (0) ]: ATTACK;5;1001;0;10
[ 21.11.2010 14:48:19 ]: [   >>>   ] [ 0  (0) ]: ATTACK;6;1001;0;10
[ 21.11.2010 14:48:19 ]: [   >>>   ] [ 0  (0) ]: ATTACK;7;1001;0;10
[ 21.11.2010 14:48:21 ]: [   >>>   ] [ 0  (0) ]: ATTACK;1;1001;0;10
[ 21.11.2010 14:48:21 ]: [   >>>   ] [ 0  (0) ]: ATTACK;2;1002;0;10
[ 21.11.2010 14:48:21 ]: [   >>>   ] [ 0  (0) ]: ATTACK;3;1001;0;10
[ 21.11.2010 14:48:21 ]: [   >>>   ] [ 0  (0) ]: ATTACK;4;1;0;10
[ 21.11.2010 14:48:21 ]: [   >>>   ] [ 0  (0) ]: ATTACK;5;1001;0;10
[ 21.11.2010 14:48:21 ]: [   >>>   ] [ 0  (0) ]: ATTACK;6;1001;0;10
[ 21.11.2010 14:48:21 ]: [   >>>   ] [ 0  (0) ]: ATTACK;7;1001;0;10
[ 21.11.2010 14:48:23 ]: [   >>>   ] [ 0  (0) ]: ATTACK;1;1001;0;10
[ 21.11.2010 14:48:23 ]: [   >>>   ] [ 0  (0) ]: ATTACK;2;1002;0;10
[ 21.11.2010 14:48:23 ]: [   >>>   ] [ 0  (0) ]: ATTACK;3;1001;0;10
[ 21.11.2010 14:48:23 ]: [   >>>   ] [ 0  (0) ]: ATTACK;4;1;0;10
[ 21.11.2010 14:48:23 ]: [   >>>   ] [ 0  (0) ]: ATTACK;5;1001;0;10
[ 21.11.2010 14:48:23 ]: [   >>>   ] [ 0  (0) ]: ATTACK;6;1001;0;10
[ 21.11.2010 14:48:23 ]: [   >>>   ] [ 0  (0) ]: ATTACK;7;1001;0;10
[ 21.11.2010 14:48:25 ]: [   >>>   ] [ 0  (0) ]: ATTACK;1;1001;0;10
[ 21.11.2010 14:48:25 ]: [   >>>   ] [ 0  (0) ]: ATTACK;2;1002;0;10
[ 21.11.2010 14:48:25 ]: [   >>>   ] [ 0  (0) ]: ATTACK;3;1001;0;10
[ 21.11.2010 14:48:25 ]: [   >>>   ] [ 0  (0) ]: ATTACK;4;1;0;10
[ 21.11.2010 14:48:25 ]: [   >>>   ] [ 0  (0) ]: ATTACK;5;1001;0;10
[ 21.11.2010 14:48:25 ]: [   >>>   ] [ 0  (0) ]: ATTACK;6;1001;0;10
[ 21.11.2010 14:48:25 ]: [   >>>   ] [ 0  (0) ]: ATTACK;7;1001;0;10
[ 21.11.2010 14:48:27 ]: [   >>>   ] [ 0  (0) ]: ATTACK;1;1001;0;10
[ 21.11.2010 14:48:27 ]: [   >>>   ] [ 0  (0) ]: ATTACK;2;1002;0;10
[ 21.11.2010 14:48:27 ]: [   >>>   ] [ 0  (0) ]: ATTACK;3;1001;0;10
[ 21.11.2010 14:48:27 ]: [   >>>   ] [ 0  (0) ]: ATTACK;4;1;0;10
[ 21.11.2010 14:48:27 ]: [   >>>   ] [ 0  (0) ]: ATTACK;5;1001;0;10
[ 21.11.2010 14:48:27 ]: [   >>>   ] [ 0  (0) ]: ATTACK;6;1001;0;10
[ 21.11.2010 14:48:27 ]: [   >>>   ] [ 0  (0) ]: ATTACK;7;1001;0;10
[ 21.11.2010 14:48:29 ]: [   >>>   ] [ 0  (0) ]: ATTACK;1;1001;0;10
[ 21.11.2010 14:48:29 ]: [   >>>   ] [ 0  (0) ]: ATTACK;2;1002;0;10
[ 21.11.2010 14:48:29 ]: [   >>>   ] [ 0  (0) ]: ATTACK;3;1001;0;10
[ 21.11.2010 14:48:29 ]: [   >>>   ] [ 0  (0) ]: ATTACK;4;1;0;10
[ 21.11.2010 14:48:29 ]: [   >>>   ] [ 0  (0) ]: ATTACK;5;1001;0;10
[ 21.11.2010 14:48:29 ]: [   >>>   ] [ 0  (0) ]: ATTACK;6;1001;0;10
[ 21.11.2010 14:48:29 ]: [   >>>   ] [ 0  (0) ]: ATTACK;7;1001;0;10
[ 21.11.2010 14:48:31 ]: [   >>>   ] [ 0  (0) ]: ATTACK;1;1001;0;10
[ 21.11.2010 14:48:31 ]: [   >>>   ] [ 0  (0) ]: ATTACK;2;1002;0;10
[ 21.11.2010 14:48:31 ]: [   >>>   ] [ 0  (0) ]: ATTACK;3;1001;0;10
[ 21.11.2010 14:48:31 ]: [   >>>   ] [ 0  (0) ]: ATTACK;4;1;0;10
[ 21.11.2010 14:48:31 ]: [   >>>   ] [ 0  (0) ]: ATTACK;5;1001;0;10
[ 21.11.2010 14:48:31 ]: [   >>>   ] [ 0  (0) ]: ATTACK;6;1001;0;10
[ 21.11.2010 14:48:31 ]: [   >>>   ] [ 0  (0) ]: ATTACK;7;1001;0;10
[ 21.11.2010 14:48:33 ]: [   >>>   ] [ 0  (0) ]: ATTACK;1;1001;0;10
[ 21.11.2010 14:48:33 ]: [   >>>   ] [ 0  (0) ]: ATTACK;2;1002;0;10
[ 21.11.2010 14:48:33 ]: [   >>>   ] [ 0  (0) ]: ATTACK;3;1001;0;10
[ 21.11.2010 14:48:33 ]: [   >>>   ] [ 0  (0) ]: ATTACK;4;1;0;10
[ 21.11.2010 14:48:33 ]: [   >>>   ] [ 0  (0) ]: ATTACK;5;1001;0;10
[ 21.11.2010 14:48:33 ]: [   >>>   ] [ 0  (0) ]: ATTACK;6;1001;0;10
[ 21.11.2010 14:48:33 ]: [   >>>   ] [ 0  (0) ]: ATTACK;7;1001;0;10
[ 21.11.2010 14:48:35 ]: [   >>>   ] [ 0  (0) ]: ATTACK;1;1001;0;10
[ 21.11.2010 14:48:35 ]: [   >>>   ] [ 0  (0) ]: ATTACK;2;1002;0;10
[ 21.11.2010 14:48:35 ]: [   >>>   ] [ 0  (0) ]: ATTACK;3;1001;0;10
[ 21.11.2010 14:48:35 ]: [   >>>   ] [ 0  (0) ]: ATTACK;4;1;0;10
[ 21.11.2010 14:48:35 ]: [   >>>   ] [ 0  (0) ]: ATTACK;5;1001;0;10
[ 21.11.2010 14:48:35 ]: [   >>>   ] [ 0  (0) ]: ATTACK;6;1001;0;10
[ 21.11.2010 14:48:35 ]: [   >>>   ] [ 0  (0) ]: ATTACK;7;1001;0;10
[ 21.11.2010 14:48:37 ]: [   >>>   ] [ 0  (0) ]: ATTACK;1;1001;0;10
[ 21.11.2010 14:48:37 ]: [   >>>   ] [ 0  (0) ]: ATTACK;2;1002;0;10
[ 21.11.2010 14:48:37 ]: [   >>>   ] [ 0  (0) ]: ATTACK;3;1001;0;10
[ 21.11.2010 14:48:37 ]: [   >>>   ] [ 0  (0) ]: ATTACK;4;1;0;10
[ 21.11.2010 14:48:37 ]: [   >>>   ] [ 0  (0) ]: ATTACK;5;1001;0;10
[ 21.11.2010 14:48:37 ]: [   >>>   ] [ 0  (0) ]: ATTACK;6;1001;0;10
[ 21.11.2010 14:48:37 ]: [   >>>   ] [ 0  (0) ]: ATTACK;7;1001;0;10
[ 21.11.2010 14:48:39 ]: [   >>>   ] [ 0  (0) ]: ATTACK;1;1001;0;10
[ 21.11.2010 14:48:39 ]: [   >>>   ] [ 0  (0) ]: ATTACK;2;1002;0;10
[ 21.11.2010 14:48:39 ]: [   >>>   ] [ 0  (0) ]: ATTACK;3;1001;0;10
[ 21.11.2010 14:48:39 ]: [   >>>   ] [ 0  (0) ]: ATTACK;4;1;0;10
[ 21.11.2010 14:48:39 ]: [   >>>   ] [ 0  (0) ]: ATTACK;5;1001;0;10
[ 21.11.2010 14:48:39 ]: [   >>>   ] [ 0  (0) ]: ATTACK;6;1001;0;10
[ 21.11.2010 14:48:39 ]: [   >>>   ] [ 0  (0) ]: ATTACK;7;1001;0;10
[ 21.11.2010 14:48:41 ]: [   >>>   ] [ 0  (0) ]: ATTACK;1;1001;0;10
[ 21.11.2010 14:48:41 ]: [   >>>   ] [ 0  (0) ]: ATTACK;2;1002;0;10
[ 21.11.2010 14:48:41 ]: [   >>>   ] [ 0  (0) ]: ATTACK;3;1001;0;10
[ 21.11.2010 14:48:41 ]: [   >>>   ] [ 0  (0) ]: ATTACK;4;1;0;10
[ 21.11.2010 14:48:41 ]: [   >>>   ] [ 0  (0) ]: ATTACK;5;1001;0;10
[ 21.11.2010 14:48:41 ]: [   >>>   ] [ 0  (0) ]: ATTACK;6;1001;0;10
[ 21.11.2010 14:48:41 ]: [   >>>   ] [ 0  (0) ]: ATTACK;7;1001;0;10
[ 21.11.2010 14:48:43 ]: [   >>>   ] [ 0  (0) ]: ATTACK;1;1001;0;10
[ 21.11.2010 14:48:43 ]: [   >>>   ] [ 0  (0) ]: ATTACK;2;1002;0;10
[ 21.11.2010 14:48:43 ]: [   >>>   ] [ 0  (0) ]: ATTACK;3;1001;0;10
[ 21.11.2010 14:48:43 ]: [   >>>   ] [ 0  (0) ]: ATTACK;4;1;0;10
[ 21.11.2010 14:48:43 ]: [   >>>   ] [ 0  (0) ]: ATTACK;5;1001;0;10
[ 21.11.2010 14:48:43 ]: [   >>>   ] [ 0  (0) ]: ATTACK;6;1001;0;10
[ 21.11.2010 14:48:43 ]: [   >>>   ] [ 0  (0) ]: ATTACK;7;1001;0;10
[ 21.11.2010 14:48:45 ]: [   >>>   ] [ 0  (0) ]: ATTACK;1;1001;0;10
[ 21.11.2010 14:48:45 ]: [   >>>   ] [ 0  (0) ]: ATTACK;2;1002;0;10
[ 21.11.2010 14:48:45 ]: [   >>>   ] [ 0  (0) ]: ATTACK;3;1001;0;10
[ 21.11.2010 14:48:45 ]: [   >>>   ] [ 0  (0) ]: ATTACK;4;1;0;10
[ 21.11.2010 14:48:45 ]: [   >>>   ] [ 0  (0) ]: ATTACK;5;1001;0;10
[ 21.11.2010 14:48:45 ]: [   >>>   ] [ 0  (0) ]: ATTACK;6;1001;0;10
[ 21.11.2010 14:48:45 ]: [   >>>   ] [ 0  (0) ]: ATTACK;7;1001;0;10
[ 21.11.2010 14:48:47 ]: [   >>>   ] [ 0  (0) ]: ATTACK;1;1001;0;10
[ 21.11.2010 14:48:47 ]: [   >>>   ] [ 0  (0) ]: ATTACK;2;1002;0;10
[ 21.11.2010 14:48:47 ]: [   >>>   ] [ 0  (0) ]: ATTACK;3;1001;0;10
[ 21.11.2010 14:48:47 ]: [   >>>   ] [ 0  (0) ]: ATTACK;4;1;0;10
[ 21.11.2010 14:48:47 ]: [   >>>   ] [ 0  (0) ]: ATTACK;5;1001;0;10
[ 21.11.2010 14:48:47 ]: [   >>>   ] [ 0  (0) ]: ATTACK;6;1001;0;10
[ 21.11.2010 14:48:47 ]: [   >>>   ] [ 0  (0) ]: ATTACK;7;1001;0;10
[ 21.11.2010 14:48:49 ]: [   >>>   ] [ 0  (0) ]: ATTACK;1;1001;0;10
[ 21.11.2010 14:48:49 ]: [   >>>   ] [ 0  (0) ]: ATTACK;2;1002;0;10
[ 21.11.2010 14:48:49 ]: [   >>>   ] [ 0  (0) ]: ATTACK;3;1001;0;10
[ 21.11.2010 14:48:49 ]: [   >>>   ] [ 0  (0) ]: ATTACK;4;1;0;10
[ 21.11.2010 14:48:49 ]: [   >>>   ] [ 0  (0) ]: ATTACK;5;1001;0;10
[ 21.11.2010 14:48:49 ]: [   >>>   ] [ 0  (0) ]: ATTACK;6;1001;0;10
[ 21.11.2010 14:48:49 ]: [   >>>   ] [ 0  (0) ]: ATTACK;7;1001;0;10
[ 21.11.2010 14:48:51 ]: [   >>>   ] [ 0  (0) ]: ATTACK;1;1001;0;10
[ 21.11.2010 14:48:51 ]: [   >>>   ] [ 0  (0) ]: ATTACK;2;1002;0;10
[ 21.11.2010 14:48:51 ]: [   >>>   ] [ 0  (0) ]: ATTACK;3;1001;0;10
[ 21.11.2010 14:48:51 ]: [   >>>   ] [ 0  (0) ]: ATTACK;4;1;0;10
[ 21.11.2010 14:48:51 ]: [   >>>   ] [ 0  (0) ]: ATTACK;5;1001;0;10
[ 21.11.2010 14:48:51 ]: [   >>>   ] [ 0  (0) ]: ATTACK;6;1001;0;10
[ 21.11.2010 14:48:51 ]: [   >>>   ] [ 0  (0) ]: ATTACK;7;1001;0;10
[ 21.11.2010 14:48:53 ]: [   >>>   ] [ 0  (0) ]: ATTACK;1;1001;0;10
[ 21.11.2010 14:48:53 ]: [   >>>   ] [ 0  (0) ]: ATTACK;2;1002;0;10
[ 21.11.2010 14:48:53 ]: [   >>>   ] [ 0  (0) ]: ATTACK;3;1001;0;10
[ 21.11.2010 14:48:53 ]: [   >>>   ] [ 0  (0) ]: ATTACK;4;1;0;10
[ 21.11.2010 14:48:53 ]: [   >>>   ] [ 0  (0) ]: ATTACK;5;1001;0;10
[ 21.11.2010 14:48:53 ]: [   >>>   ] [ 0  (0) ]: ATTACK;6;1001;0;10
[ 21.11.2010 14:48:53 ]: [   >>>   ] [ 0  (0) ]: ATTACK;7;1001;0;10
[ 21.11.2010 14:48:55 ]: [   >>>   ] [ 0  (0) ]: ATTACK;1;1001;0;10
[ 21.11.2010 14:48:55 ]: [   >>>   ] [ 0  (0) ]: ATTACK;2;1002;0;10
[ 21.11.2010 14:48:55 ]: [   >>>   ] [ 0  (0) ]: ATTACK;3;1001;0;10
[ 21.11.2010 14:48:55 ]: [   >>>   ] [ 0  (0) ]: ATTACK;4;1;0;10
[ 21.11.2010 14:48:55 ]: [   >>>   ] [ 0  (0) ]: ATTACK;5;1001;0;10
[ 21.11.2010 14:48:55 ]: [   >>>   ] [ 0  (0) ]: ATTACK;6;1001;0;10
[ 21.11.2010 14:48:55 ]: [   >>>   ] [ 0  (0) ]: ATTACK;7;1001;0;10
[ 21.11.2010 14:48:57 ]: [   >>>   ] [ 0  (0) ]: ATTACK;1;1001;0;10
[ 21.11.2010 14:48:57 ]: [   >>>   ] [ 0  (0) ]: ATTACK;2;1002;0;10
[ 21.11.2010 14:48:57 ]: [   >>>   ] [ 0  (0) ]: ATTACK;3;1001;0;10
[ 21.11.2010 14:48:57 ]: [   >>>   ] [ 0  (0) ]: ATTACK;4;1;0;10
[ 21.11.2010 14:48:57 ]: [   >>>   ] [ 0  (0) ]: ATTACK;5;1001;0;10
[ 21.11.2010 14:48:57 ]: [   >>>   ] [ 0  (0) ]: ATTACK;6;1001;0;10
[ 21.11.2010 14:48:57 ]: [   >>>   ] [ 0  (0) ]: ATTACK;7;1001;0;10
[ 21.11.2010 14:48:59 ]: [   >>>   ] [ 0  (0) ]: ATTACK;1;1001;0;10
[ 21.11.2010 14:48:59 ]: [   >>>   ] [ 0  (0) ]: ATTACK;2;1002;0;10
[ 21.11.2010 14:48:59 ]: [   >>>   ] [ 0  (0) ]: ATTACK;3;1001;0;10
[ 21.11.2010 14:48:59 ]: [   >>>   ] [ 0  (0) ]: ATTACK;4;1;0;10
[ 21.11.2010 14:48:59 ]: [   >>>   ] [ 0  (0) ]: ATTACK;5;1001;0;10
[ 21.11.2010 14:48:59 ]: [   >>>   ] [ 0  (0) ]: ATTACK;6;1001;0;10
[ 21.11.2010 14:48:59 ]: [   >>>   ] [ 0  (0) ]: ATTACK;7;1001;0;10
[ 21.11.2010 14:49:01 ]: [   >>>   ] [ 0  (0) ]: ATTACK;1;1001;0;10
[ 21.11.2010 14:49:01 ]: [   >>>   ] [ 0  (0) ]: ATTACK;2;1002;0;10
[ 21.11.2010 14:49:01 ]: [   >>>   ] [ 0  (0) ]: ATTACK;3;1001;0;10
[ 21.11.2010 14:49:01 ]: [   >>>   ] [ 0  (0) ]: ATTACK;4;1;0;10
[ 21.11.2010 14:49:01 ]: [   >>>   ] [ 0  (0) ]: ATTACK;5;1001;0;10
[ 21.11.2010 14:49:01 ]: [   >>>   ] [ 0  (0) ]: ATTACK;6;1001;0;10
[ 21.11.2010 14:49:01 ]: [   >>>   ] [ 0  (0) ]: ATTACK;7;1001;0;10
[ 21.11.2010 14:49:03 ]: [   >>>   ] [ 0  (0) ]: ATTACK;1;1001;0;10
[ 21.11.2010 14:49:03 ]: [   >>>   ] [ 0  (0) ]: ATTACK;2;1002;0;10
[ 21.11.2010 14:49:03 ]: [   >>>   ] [ 0  (0) ]: ATTACK;3;1001;0;10
[ 21.11.2010 14:49:03 ]: [   >>>   ] [ 0  (0) ]: ATTACK;4;1;0;10
[ 21.11.2010 14:49:03 ]: [   >>>   ] [ 0  (0) ]: ATTACK;5;1001;0;10
[ 21.11.2010 14:49:03 ]: [   >>>   ] [ 0  (0) ]: ATTACK;6;1001;0;10
[ 21.11.2010 14:49:03 ]: [   >>>   ] [ 0  (0) ]: ATTACK;7;1001;0;10
[ 21.11.2010 14:49:05 ]: [   >>>   ] [ 0  (0) ]: ATTACK;1;1001;0;10
[ 21.11.2010 14:49:05 ]: [   >>>   ] [ 0  (0) ]: ATTACK;2;1002;0;10
[ 21.11.2010 14:49:05 ]: [   >>>   ] [ 0  (0) ]: ATTACK;3;1001;0;10
[ 21.11.2010 14:49:05 ]: [   >>>   ] [ 0  (0) ]: ATTACK;4;1;0;10
[ 21.11.2010 14:49:05 ]: [   >>>   ] [ 0  (0) ]: ATTACK;5;1001;0;10
[ 21.11.2010 14:49:05 ]: [   >>>   ] [ 0  (0) ]: ATTACK;6;1001;0;10
[ 21.11.2010 14:49:05 ]: [   >>>   ] [ 0  (0) ]: ATTACK;7;1001;0;10
[ 21.11.2010 14:49:07 ]: [   >>>   ] [ 0  (0) ]: ATTACK;1;1001;0;10
[ 21.11.2010 14:49:07 ]: [   >>>   ] [ 0  (0) ]: ATTACK;2;1002;0;10
[ 21.11.2010 14:49:07 ]: [   >>>   ] [ 0  (0) ]: ATTACK;3;1001;0;10
[ 21.11.2010 14:49:07 ]: [   >>>   ] [ 0  (0) ]: ATTACK;4;1;0;10
[ 21.11.2010 14:49:07 ]: [   >>>   ] [ 0  (0) ]: ATTACK;5;1001;0;10
[ 21.11.2010 14:49:07 ]: [   >>>   ] [ 0  (0) ]: ATTACK;6;1001;0;10
[ 21.11.2010 14:49:07 ]: [   >>>   ] [ 0  (0) ]: ATTACK;7;1001;0;10
[ 21.11.2010 14:49:07 ]: [   <<<   ] [ 0  (0) ]: lolwas
[ 21.11.2010 14:49:07 ]: [   >>>   ] [ 0  (0) ]: ERROR;20
[ 21.11.2010 14:49:09 ]: [   >>>   ] [ 0  (0) ]: ATTACK;1;1001;0;10
[ 21.11.2010 14:49:09 ]: [   >>>   ] [ 0  (0) ]: ATTACK;2;1002;0;10
[ 21.11.2010 14:49:09 ]: [   >>>   ] [ 0  (0) ]: ATTACK;3;1001;0;10
[ 21.11.2010 14:49:09 ]: [   >>>   ] [ 0  (0) ]: ATTACK;4;1;0;10
[ 21.11.2010 14:49:09 ]: [   >>>   ] [ 0  (0) ]: ATTACK;5;1001;0;10
[ 21.11.2010 14:49:09 ]: [   >>>   ] [ 0  (0) ]: ATTACK;6;1001;0;10
[ 21.11.2010 14:49:09 ]: [   >>>   ] [ 0  (0) ]: ATTACK;7;1001;0;10
[ 21.11.2010 14:49:11 ]: [   >>>   ] [ 0  (0) ]: ATTACK;1;1001;0;10
[ 21.11.2010 14:49:11 ]: [   >>>   ] [ 0  (0) ]: ATTACK;2;1002;0;10
[ 21.11.2010 14:49:11 ]: [   >>>   ] [ 0  (0) ]: ATTACK;3;1001;0;10
[ 21.11.2010 14:49:11 ]: [   >>>   ] [ 0  (0) ]: ATTACK;4;1;0;10
[ 21.11.2010 14:49:11 ]: [   >>>   ] [ 0  (0) ]: ATTACK;5;1001;0;10
[ 21.11.2010 14:49:11 ]: [   >>>   ] [ 0  (0) ]: ATTACK;6;1001;0;10
[ 21.11.2010 14:49:11 ]: [   >>>   ] [ 0  (0) ]: ATTACK;7;1001;0;10
[ 21.11.2010 14:49:11 ]: [   <<<   ] [ 0  (0) ]: quit
[ 21.11.2010 14:49:11 ]: [   >>>   ] [ 0  ]: BYE
[ 21.11.2010 14:49:11 ]: [  KILLD  ] [ 0 ]: TIME: 1290350952
[ 21.11.2010 14:49:13 ]: [   >>>   ] [ 0  (0) ]: ATTACK;1;1001;0;10
[ 21.11.2010 14:49:13 ]: [   >>>   ] [ 0  (0) ]: ATTACK;2;1002;0;10
[ 21.11.2010 14:49:13 ]: [   >>>   ] [ 0  (0) ]: ATTACK;3;1001;0;10
[ 21.11.2010 14:49:13 ]: [   >>>   ] [ 0  (0) ]: ATTACK;4;1;0;10
[ 21.11.2010 14:49:13 ]: [   >>>   ] [ 0  (0) ]: ATTACK;5;1001;0;10
[ 21.11.2010 14:49:13 ]: [   >>>   ] [ 0  (0) ]: ATTACK;6;1001;0;10
[ 21.11.2010 14:49:13 ]: [   <<<   ] [ 0  (0) ]: quit
[ 21.11.2010 14:49:13 ]: [   >>>   ] [ 0  ]: BYE
[ 21.11.2010 14:49:13 ]: [  KILLD  ] [ 0 ]: TIME: 1290350954
