[ 25.11.2010 20:13:23 ]: Using Syslog: ./syslog/1290716004.log
[ 25.11.2010 20:13:23 ]: Game Server v0.2.1 starting up...
[ 25.11.2010 20:13:28 ]: PLAYER DB			READY
[ 25.11.2010 20:13:33 ]: GAME DB			READY
[ 25.11.2010 20:13:33 ]: LISTEN THREAD			READY
[ 25.11.2010 20:13:33 ]: NPC CONTROL			READY
[ 25.11.2010 20:13:33 ]: GAME SERVER READY		READY
[ 25.11.2010 20:13:34 ]: [ NEWUSER ] [ 0 ]: TIME: 1290716015
[ 25.11.2010 20:13:34 ]: [   >>>   ] [ 0  ]: WELCOME
[ 25.11.2010 20:13:34 ]: [   <<<   ] [ 0  (0) ]: STATS
[ 25.11.2010 20:13:34 ]: [   >>>   ] [ 0  (0) ]: STATS;1;0;0
[ 25.11.2010 20:13:34 ]: [   <<<   ] [ 0  (0) ]: QUIT
[ 25.11.2010 20:13:34 ]: [   >>>   ] [ 0  ]: BYE
[ 25.11.2010 20:13:34 ]: [  KILLD  ] [ 0 ]: TIME: 1290716015
[ 25.11.2010 20:13:37 ]: [ NEWUSER ] [ 0 ]: TIME: 1290716018
[ 25.11.2010 20:13:37 ]: [   >>>   ] [ 0  ]: WELCOME
[ 25.11.2010 20:13:39 ]: [   <<<   ] [ 0  (0) ]: item;42
[ 25.11.2010 20:14:15 ]: [   <<<   ] [ 0  (0) ]: shutdown
[ 25.11.2010 20:14:15 ]: [   >>>   ] [ 0  (0) ]: SHUTDOWN;50;10
[ 25.11.2010 20:14:15 ]: [   <<<   ] [ 0  (0) ]: quit
[ 25.11.2010 20:14:15 ]: [   >>>   ] [ 0  ]: BYE
[ 25.11.2010 20:14:15 ]: [  KILLD  ] [ 0 ]: TIME: 1290716056
