[ 21.11.2010 14:41:06 ]: Using Syslog: ./syslog/1290350466.log
[ 21.11.2010 14:41:06 ]: Game Server v0.2.1 starting up...
[ 21.11.2010 14:41:12 ]: PLAYER DB			READY
[ 21.11.2010 14:41:17 ]: GAME DB			READY
[ 21.11.2010 14:41:17 ]: LISTEN THREAD			READY
[ 21.11.2010 14:41:17 ]: NPC CONTROL			READY
[ 21.11.2010 14:41:17 ]: GAME SERVER READY		READY
[ 21.11.2010 14:41:17 ]: [ NEWUSER ] [ 0 ]: TIME: 1290350478
[ 21.11.2010 14:41:17 ]: [   >>>   ] [ 0  ]: WELCOME
[ 21.11.2010 14:41:20 ]: [   <<<   ] [ 0  (0) ]: spawn;1001
[ 21.11.2010 14:41:20 ]: [   >>>   ] [ 0  (0) ]: SPAWN;OK;1001;-8;-2;2
[ 21.11.2010 14:41:24 ]: [   <<<   ] [ 0  (0) ]: spawn;1002
[ 21.11.2010 14:41:24 ]: [   >>>   ] [ 0  (0) ]: SPAWN;OK;1002;-8;-1;-10
[ 21.11.2010 14:41:35 ]: [   <<<   ] [ 0  (0) ]: aggr
[ 21.11.2010 14:41:35 ]: [   >>>   ] [ 0  (0) ]: ATTACK;1;1001;0;10
[ 21.11.2010 14:41:35 ]: [   >>>   ] [ 0  (0) ]: ATTACK;2;1002;0;10
[ 21.11.2010 14:41:37 ]: [   >>>   ] [ 0  (0) ]: ATTACK;1;1001;0;10
[ 21.11.2010 14:41:37 ]: [   >>>   ] [ 0  (0) ]: ATTACK;2;1002;0;10
[ 21.11.2010 14:41:39 ]: [   >>>   ] [ 0  (0) ]: ATTACK;1;1001;0;10
[ 21.11.2010 14:41:39 ]: [   >>>   ] [ 0  (0) ]: ATTACK;2;1002;0;10
[ 21.11.2010 14:41:41 ]: [   >>>   ] [ 0  (0) ]: ATTACK;1;1001;0;10
[ 21.11.2010 14:41:41 ]: [   >>>   ] [ 0  (0) ]: ATTACK;2;1002;0;10
[ 21.11.2010 14:41:43 ]: [   >>>   ] [ 0  (0) ]: ATTACK;1;1001;0;10
[ 21.11.2010 14:41:43 ]: [   >>>   ] [ 0  (0) ]: ATTACK;2;1002;0;10
[ 21.11.2010 14:41:45 ]: [   >>>   ] [ 0  (0) ]: ATTACK;1;1001;0;10
[ 21.11.2010 14:41:45 ]: [   >>>   ] [ 0  (0) ]: ATTACK;2;1002;0;10
[ 21.11.2010 14:41:47 ]: [   >>>   ] [ 0  (0) ]: ATTACK;1;1001;0;10
[ 21.11.2010 14:41:47 ]: [   >>>   ] [ 0  (0) ]: ATTACK;2;1002;0;10
[ 21.11.2010 14:41:49 ]: [   >>>   ] [ 0  (0) ]: ATTACK;1;1001;0;10
[ 21.11.2010 14:41:49 ]: [   >>>   ] [ 0  (0) ]: ATTACK;2;1002;0;10
[ 21.11.2010 14:41:51 ]: [   >>>   ] [ 0  (0) ]: ATTACK;1;1001;0;10
[ 21.11.2010 14:41:51 ]: [   >>>   ] [ 0  (0) ]: ATTACK;2;1002;0;10
[ 21.11.2010 14:41:53 ]: [   >>>   ] [ 0  (0) ]: ATTACK;1;1001;0;10
[ 21.11.2010 14:41:53 ]: [   >>>   ] [ 0  (0) ]: ATTACK;2;1002;0;10
[ 21.11.2010 14:41:55 ]: [   >>>   ] [ 0  (0) ]: ATTACK;1;1001;0;10
[ 21.11.2010 14:41:55 ]: [   >>>   ] [ 0  (0) ]: ATTACK;2;1002;0;10
