[ 27.11.2010 19:01:03 ]: Using Syslog: ./syslog/1290884463.log
[ 27.11.2010 19:01:03 ]: Game Server v0.2.1 starting up...
[ 27.11.2010 19:01:09 ]: PLAYER DB			READY
[ 27.11.2010 19:01:14 ]: GAME DB			READY
[ 27.11.2010 19:01:14 ]: CACHING ITEMS...
[ 27.11.2010 19:01:14 ]: ADDED ITEM: 49; 1
[ 27.11.2010 19:01:14 ]: ADDED ITEM: 50; 1
[ 27.11.2010 19:01:14 ]: ADDED ITEM: 51; 1
[ 27.11.2010 19:01:14 ]: ADDED ITEM: 52; 1
[ 27.11.2010 19:01:14 ]: ADDED ITEM: 53; 1
[ 27.11.2010 19:01:14 ]: ADDED ITEM: 54; 1
[ 27.11.2010 19:01:14 ]: ADDED ITEM: 55; 1
[ 27.11.2010 19:01:14 ]: ADDED ITEM: 56; 2
[ 27.11.2010 19:01:14 ]: ADDED ITEM: 57; 1
[ 27.11.2010 19:01:14 ]: LISTEN THREAD			READY
[ 27.11.2010 19:01:14 ]: NPC CONTROL			READY
[ 27.11.2010 19:01:14 ]: GAME SERVER READY		READY
[ 27.11.2010 19:01:16 ]: [ NEWUSER ] [ 0 ]: TIME: 1290884476
[ 27.11.2010 19:01:16 ]: [   >>>   ] [ 0  ]: WELCOME
[ 27.11.2010 19:01:20 ]: [   <<<   ] [ 0  (0) ]: spawn;1001
[ 27.11.2010 19:01:20 ]: [   >>>   ] [ 0  (0) ]: MOB;WARP;1;6;2;-9
[ 27.11.2010 19:01:20 ]: [   >>>   ] [ 0  (0) ]: SPAWN;OK;1;1001;6;2;-9
[ 27.11.2010 19:01:22 ]: [   <<<   ] [ 0  (0) ]: aggr
[ 27.11.2010 19:01:22 ]: [   >>>   ] [ 0  (0) ]: ATTACK;1;1001;0;10
[ 27.11.2010 19:01:22 ]: [   >>>   ] [ 0  (0) ]: MOB;WARP;1;0;0;0
[ 27.11.2010 19:01:22 ]: [   >>>   ] [ 0  (0) ]: MOB;WARP;1;0;0;0
[ 27.11.2010 19:01:22 ]: [   >>>   ] [ 0  (0) ]: MOB;WARP;1;0;0;0
[ 27.11.2010 19:01:22 ]: [   >>>   ] [ 0  (0) ]: MOB;WARP;1;0;0;0
[ 27.11.2010 19:01:22 ]: [   >>>   ] [ 0  (0) ]: MOB;WARP;1;0;0;0
[ 27.11.2010 19:01:22 ]: [   >>>   ] [ 0  (0) ]: MOB;WARP;1;0;0;0
[ 27.11.2010 19:01:22 ]: [   >>>   ] [ 0  (0) ]: MOB;WARP;1;0;0;0
[ 27.11.2010 19:01:22 ]: [   >>>   ] [ 0  (0) ]: MOB;WARP;1;0;0;0
[ 27.11.2010 19:01:22 ]: [   >>>   ] [ 0  (0) ]: MOB;WARP;1;0;0;0
[ 27.11.2010 19:01:22 ]: [   >>>   ] [ 0  (0) ]: MOB;WARP;1;0;0;0
[ 27.11.2010 19:01:22 ]: [   >>>   ] [ 0  (0) ]: MOB;WARP;1;0;0;0
[ 27.11.2010 19:01:22 ]: [   >>>   ] [ 0  (0) ]: MOB;WARP;1;0;0;0
[ 27.11.2010 19:01:22 ]: [   >>>   ] [ 0  (0) ]: MOB;WARP;1;0;0;0
[ 27.11.2010 19:01:22 ]: [   >>>   ] [ 0  (0) ]: MOB;WARP;1;0;0;0
[ 27.11.2010 19:01:22 ]: [   >>>   ] [ 0  (0) ]: MOB;WARP;1;0;0;0
[ 27.11.2010 19:01:22 ]: [   >>>   ] [ 0  (0) ]: MOB;WARP;1;0;0;0
[ 27.11.2010 19:01:22 ]: [   >>>   ] [ 0  (0) ]: MOB;WARP;1;0;0;0
[ 27.11.2010 19:01:22 ]: [   >>>   ] [ 0  (0) ]: MOB;WARP;1;0;0;0
[ 27.11.2010 19:01:22 ]: [   >>>   ] [ 0  (0) ]: MOB;WARP;1;0;0;0
[ 27.11.2010 19:01:22 ]: [   >>>   ] [ 0  (0) ]: MOB;WARP;1;0;0;0
[ 27.11.2010 19:01:22 ]: [   >>>   ] [ 0  (0) ]: MOB;WARP;1;0;0;0
[ 27.11.2010 19:01:22 ]: [   >>>   ] [ 0  (0) ]: MOB;WARP;1;0;0;0
[ 27.11.2010 19:01:23 ]: [   >>>   ] [ 0  (0) ]: MOB;WARP;1;0;0;0
[ 27.11.2010 19:01:23 ]: [   >>>   ] [ 0  (0) ]: MOB;WARP;1;0;0;0
[ 27.11.2010 19:01:23 ]: [   >>>   ] [ 0  (0) ]: MOB;WARP;1;0;0;0
[ 27.11.2010 19:01:23 ]: [   >>>   ] [ 0  (0) ]: MOB;WARP;1;0;0;0
[ 27.11.2010 19:01:23 ]: [   >>>   ] [ 0  (0) ]: MOB;WARP;1;0;0;0
[ 27.11.2010 19:01:23 ]: [   >>>   ] [ 0  (0) ]: MOB;WARP;1;0;0;0
[ 27.11.2010 19:01:23 ]: [   >>>   ] [ 0  (0) ]: MOB;WARP;1;0;0;0
[ 27.11.2010 19:01:23 ]: [   >>>   ] [ 0  (0) ]: MOB;WARP;1;0;0;0
[ 27.11.2010 19:01:23 ]: [   >>>   ] [ 0  (0) ]: MOB;WARP;1;0;0;0
[ 27.11.2010 19:01:23 ]: [   >>>   ] [ 0  (0) ]: MOB;WARP;1;0;0;0
[ 27.11.2010 19:01:23 ]: [   >>>   ] [ 0  (0) ]: MOB;WARP;1;0;0;0
[ 27.11.2010 19:01:23 ]: [   >>>   ] [ 0  (0) ]: MOB;WARP;1;0;0;0
[ 27.11.2010 19:01:23 ]: [   >>>   ] [ 0  (0) ]: MOB;WARP;1;0;0;0
[ 27.11.2010 19:01:23 ]: [   >>>   ] [ 0  (0) ]: MOB;WARP;1;0;0;0
[ 27.11.2010 19:01:23 ]: [   >>>   ] [ 0  (0) ]: MOB;WARP;1;0;0;0
[ 27.11.2010 19:01:23 ]: [   >>>   ] [ 0  (0) ]: MOB;WARP;1;0;0;0
[ 27.11.2010 19:01:23 ]: [   >>>   ] [ 0  (0) ]: MOB;WARP;1;0;0;0
[ 27.11.2010 19:01:23 ]: [   >>>   ] [ 0  (0) ]: MOB;WARP;1;0;0;0
[ 27.11.2010 19:01:23 ]: [   >>>   ] [ 0  (0) ]: MOB;WARP;1;0;0;0
[ 27.11.2010 19:01:23 ]: [   >>>   ] [ 0  (0) ]: MOB;WARP;1;0;0;0
[ 27.11.2010 19:01:23 ]: [   >>>   ] [ 0  (0) ]: MOB;WARP;1;0;0;0
[ 27.11.2010 19:01:23 ]: [   >>>   ] [ 0  (0) ]: MOB;WARP;1;0;0;0
[ 27.11.2010 19:01:23 ]: [   >>>   ] [ 0  (0) ]: MOB;WARP;1;0;0;0
[ 27.11.2010 19:01:23 ]: [   >>>   ] [ 0  (0) ]: MOB;WARP;1;0;0;0
[ 27.11.2010 19:01:23 ]: [   >>>   ] [ 0  (0) ]: MOB;WARP;1;0;0;0
[ 27.11.2010 19:01:23 ]: [   >>>   ] [ 0  (0) ]: MOB;WARP;1;0;0;0
[ 27.11.2010 19:01:23 ]: [   >>>   ] [ 0  (0) ]: MOB;WARP;1;0;0;0
[ 27.11.2010 19:01:23 ]: [   >>>   ] [ 0  (0) ]: MOB;WARP;1;0;0;0
[ 27.11.2010 19:01:23 ]: [   >>>   ] [ 0  (0) ]: MOB;WARP;1;0;0;0
[ 27.11.2010 19:01:23 ]: [   >>>   ] [ 0  (0) ]: MOB;WARP;1;0;0;0
[ 27.11.2010 19:01:23 ]: [   >>>   ] [ 0  (0) ]: MOB;WARP;1;0;0;0
[ 27.11.2010 19:01:23 ]: [   >>>   ] [ 0  (0) ]: MOB;WARP;1;0;0;0
[ 27.11.2010 19:01:23 ]: [   >>>   ] [ 0  (0) ]: MOB;WARP;1;0;0;0
[ 27.11.2010 19:01:23 ]: [   >>>   ] [ 0  (0) ]: MOB;WARP;1;0;0;0
[ 27.11.2010 19:01:23 ]: [   >>>   ] [ 0  (0) ]: MOB;WARP;1;0;0;0
[ 27.11.2010 19:01:23 ]: [   >>>   ] [ 0  (0) ]: MOB;WARP;1;0;0;0
[ 27.11.2010 19:01:23 ]: [   >>>   ] [ 0  (0) ]: MOB;WARP;1;0;0;0
[ 27.11.2010 19:01:23 ]: [   >>>   ] [ 0  (0) ]: MOB;WARP;1;0;0;0
[ 27.11.2010 19:01:23 ]: [   >>>   ] [ 0  (0) ]: MOB;WARP;1;0;0;0
[ 27.11.2010 19:01:23 ]: [   >>>   ] [ 0  (0) ]: MOB;WARP;1;0;0;0
[ 27.11.2010 19:01:23 ]: [   >>>   ] [ 0  (0) ]: MOB;WARP;1;0;0;0
[ 27.11.2010 19:01:23 ]: [   >>>   ] [ 0  (0) ]: MOB;WARP;1;0;0;0
[ 27.11.2010 19:01:23 ]: [   >>>   ] [ 0  (0) ]: MOB;WARP;1;0;0;0
[ 27.11.2010 19:01:23 ]: [   >>>   ] [ 0  (0) ]: MOB;WARP;1;0;0;0
[ 27.11.2010 19:01:23 ]: [   >>>   ] [ 0  (0) ]: MOB;WARP;1;0;0;0
[ 27.11.2010 19:01:23 ]: [   >>>   ] [ 0  (0) ]: MOB;WARP;1;0;0;0
[ 27.11.2010 19:01:23 ]: [   >>>   ] [ 0  (0) ]: MOB;WARP;1;0;0;0
[ 27.11.2010 19:01:23 ]: [   >>>   ] [ 0  (0) ]: MOB;WARP;1;0;0;0
[ 27.11.2010 19:01:24 ]: [   >>>   ] [ 0  (0) ]: MOB;WARP;1;0;0;0
[ 27.11.2010 19:01:24 ]: [   >>>   ] [ 0  (0) ]: MOB;WARP;1;0;0;0
[ 27.11.2010 19:01:24 ]: [   >>>   ] [ 0  (0) ]: MOB;WARP;1;0;0;0
[ 27.11.2010 19:01:24 ]: [   >>>   ] [ 0  (0) ]: MOB;WARP;1;0;0;0
[ 27.11.2010 19:01:24 ]: [   >>>   ] [ 0  (0) ]: MOB;WARP;1;0;0;0
[ 27.11.2010 19:01:24 ]: [   >>>   ] [ 0  (0) ]: MOB;WARP;1;0;0;0
[ 27.11.2010 19:01:24 ]: [   >>>   ] [ 0  (0) ]: MOB;WARP;1;0;0;0
[ 27.11.2010 19:01:24 ]: [   >>>   ] [ 0  (0) ]: MOB;WARP;1;0;0;0
[ 27.11.2010 19:01:24 ]: [   >>>   ] [ 0  (0) ]: MOB;WARP;1;0;0;0
[ 27.11.2010 19:01:24 ]: [   >>>   ] [ 0  (0) ]: MOB;WARP;1;0;0;0
[ 27.11.2010 19:01:24 ]: [   >>>   ] [ 0  (0) ]: MOB;WARP;1;0;0;0
[ 27.11.2010 19:01:24 ]: [   >>>   ] [ 0  (0) ]: MOB;WARP;1;0;0;0
[ 27.11.2010 19:01:24 ]: [   >>>   ] [ 0  (0) ]: MOB;WARP;1;0;0;0
[ 27.11.2010 19:01:24 ]: [   >>>   ] [ 0  (0) ]: MOB;WARP;1;0;0;0
[ 27.11.2010 19:01:24 ]: [   >>>   ] [ 0  (0) ]: MOB;WARP;1;0;0;0
[ 27.11.2010 19:01:24 ]: [   >>>   ] [ 0  (0) ]: MOB;WARP;1;0;0;0
[ 27.11.2010 19:01:24 ]: [   >>>   ] [ 0  (0) ]: MOB;WARP;1;0;0;0
[ 27.11.2010 19:01:24 ]: [   >>>   ] [ 0  (0) ]: MOB;WARP;1;0;0;0
[ 27.11.2010 19:01:24 ]: [   >>>   ] [ 0  (0) ]: MOB;WARP;1;0;0;0
[ 27.11.2010 19:01:24 ]: [   >>>   ] [ 0  (0) ]: MOB;WARP;1;0;0;0
[ 27.11.2010 19:01:24 ]: [   >>>   ] [ 0  (0) ]: MOB;WARP;1;0;0;0
[ 27.11.2010 19:01:24 ]: [   >>>   ] [ 0  (0) ]: MOB;WARP;1;0;0;0
[ 27.11.2010 19:01:24 ]: [   >>>   ] [ 0  (0) ]: MOB;WARP;1;0;0;0
[ 27.11.2010 19:01:24 ]: [   >>>   ] [ 0  (0) ]: ATTACK;1;1001;0;10
[ 27.11.2010 19:01:24 ]: [   >>>   ] [ 0  (0) ]: MOB;WARP;1;0;0;0
[ 27.11.2010 19:01:24 ]: [   >>>   ] [ 0  (0) ]: MOB;WARP;1;0;0;0
[ 27.11.2010 19:01:24 ]: [   >>>   ] [ 0  (0) ]: MOB;WARP;1;0;0;0
[ 27.11.2010 19:01:24 ]: [   >>>   ] [ 0  (0) ]: MOB;WARP;1;0;0;0
[ 27.11.2010 19:01:24 ]: [   >>>   ] [ 0  (0) ]: MOB;WARP;1;0;0;0
[ 27.11.2010 19:01:24 ]: [   >>>   ] [ 0  (0) ]: MOB;WARP;1;0;0;0
[ 27.11.2010 19:01:24 ]: [   >>>   ] [ 0  (0) ]: MOB;WARP;1;0;0;0
[ 27.11.2010 19:01:24 ]: [   >>>   ] [ 0  (0) ]: MOB;WARP;1;0;0;0
[ 27.11.2010 19:01:24 ]: [   >>>   ] [ 0  (0) ]: MOB;WARP;1;0;0;0
[ 27.11.2010 19:01:24 ]: [   >>>   ] [ 0  (0) ]: MOB;WARP;1;0;0;0
[ 27.11.2010 19:01:24 ]: [   >>>   ] [ 0  (0) ]: MOB;WARP;1;0;0;0
[ 27.11.2010 19:01:24 ]: [   >>>   ] [ 0  (0) ]: MOB;WARP;1;0;0;0
[ 27.11.2010 19:01:24 ]: [   >>>   ] [ 0  (0) ]: MOB;WARP;1;0;0;0
[ 27.11.2010 19:01:24 ]: [   >>>   ] [ 0  (0) ]: MOB;WARP;1;0;0;0
[ 27.11.2010 19:01:24 ]: [   >>>   ] [ 0  (0) ]: MOB;WARP;1;0;0;0
[ 27.11.2010 19:01:24 ]: [   >>>   ] [ 0  (0) ]: MOB;WARP;1;0;0;0
[ 27.11.2010 19:01:24 ]: [   >>>   ] [ 0  (0) ]: MOB;WARP;1;0;0;0
[ 27.11.2010 19:01:24 ]: [   >>>   ] [ 0  (0) ]: MOB;WARP;1;0;0;0
[ 27.11.2010 19:01:24 ]: [   >>>   ] [ 0  (0) ]: MOB;WARP;1;0;0;0
[ 27.11.2010 19:01:24 ]: [   >>>   ] [ 0  (0) ]: MOB;WARP;1;0;0;0
[ 27.11.2010 19:01:24 ]: [   >>>   ] [ 0  (0) ]: MOB;WARP;1;0;0;0
[ 27.11.2010 19:01:24 ]: [   >>>   ] [ 0  (0) ]: MOB;WARP;1;0;0;0
[ 27.11.2010 19:01:24 ]: [   >>>   ] [ 0  (0) ]: MOB;WARP;1;0;0;0
[ 27.11.2010 19:01:24 ]: [   >>>   ] [ 0  (0) ]: MOB;WARP;1;0;0;0
[ 27.11.2010 19:01:25 ]: [   >>>   ] [ 0  (0) ]: MOB;WARP;1;0;0;0
[ 27.11.2010 19:01:25 ]: [   >>>   ] [ 0  (0) ]: MOB;WARP;1;0;0;0
[ 27.11.2010 19:01:25 ]: [   >>>   ] [ 0  (0) ]: MOB;WARP;1;0;0;0
[ 27.11.2010 19:01:25 ]: [   >>>   ] [ 0  (0) ]: MOB;WARP;1;0;0;0
[ 27.11.2010 19:01:25 ]: [   >>>   ] [ 0  (0) ]: MOB;WARP;1;0;0;0
[ 27.11.2010 19:01:25 ]: [   >>>   ] [ 0  (0) ]: MOB;WARP;1;0;0;0
[ 27.11.2010 19:01:25 ]: [   >>>   ] [ 0  (0) ]: MOB;WARP;1;0;0;0
[ 27.11.2010 19:01:25 ]: [   >>>   ] [ 0  (0) ]: MOB;WARP;1;0;0;0
[ 27.11.2010 19:01:25 ]: [   >>>   ] [ 0  (0) ]: MOB;WARP;1;0;0;0
[ 27.11.2010 19:01:25 ]: [   >>>   ] [ 0  (0) ]: MOB;WARP;1;0;0;0
[ 27.11.2010 19:01:25 ]: [   >>>   ] [ 0  (0) ]: MOB;WARP;1;0;0;0
[ 27.11.2010 19:01:25 ]: [   >>>   ] [ 0  (0) ]: MOB;WARP;1;0;0;0
[ 27.11.2010 19:01:25 ]: [   >>>   ] [ 0  (0) ]: MOB;WARP;1;0;0;0
[ 27.11.2010 19:01:25 ]: [   >>>   ] [ 0  (0) ]: MOB;WARP;1;0;0;0
[ 27.11.2010 19:01:25 ]: [   >>>   ] [ 0  (0) ]: MOB;WARP;1;0;0;0
[ 27.11.2010 19:01:25 ]: [   >>>   ] [ 0  (0) ]: MOB;WARP;1;0;0;0
[ 27.11.2010 19:01:25 ]: [   >>>   ] [ 0  (0) ]: MOB;WARP;1;0;0;0
[ 27.11.2010 19:01:25 ]: [   >>>   ] [ 0  (0) ]: MOB;WARP;1;0;0;0
[ 27.11.2010 19:01:25 ]: [   >>>   ] [ 0  (0) ]: MOB;WARP;1;0;0;0
[ 27.11.2010 19:01:25 ]: [   >>>   ] [ 0  (0) ]: MOB;WARP;1;0;0;0
[ 27.11.2010 19:01:25 ]: [   >>>   ] [ 0  (0) ]: MOB;WARP;1;0;0;0
[ 27.11.2010 19:01:25 ]: [   >>>   ] [ 0  (0) ]: MOB;WARP;1;0;0;0
[ 27.11.2010 19:01:25 ]: [   >>>   ] [ 0  (0) ]: MOB;WARP;1;0;0;0
[ 27.11.2010 19:01:25 ]: [   >>>   ] [ 0  (0) ]: MOB;WARP;1;0;0;0
[ 27.11.2010 19:01:25 ]: [   >>>   ] [ 0  (0) ]: MOB;WARP;1;0;0;0
[ 27.11.2010 19:01:25 ]: [   >>>   ] [ 0  (0) ]: MOB;WARP;1;0;0;0
[ 27.11.2010 19:01:25 ]: [   >>>   ] [ 0  (0) ]: MOB;WARP;1;0;0;0
[ 27.11.2010 19:01:25 ]: [   >>>   ] [ 0  (0) ]: MOB;WARP;1;0;0;0
[ 27.11.2010 19:01:25 ]: [   >>>   ] [ 0  (0) ]: MOB;WARP;1;0;0;0
[ 27.11.2010 19:01:25 ]: [   >>>   ] [ 0  (0) ]: MOB;WARP;1;0;0;0
[ 27.11.2010 19:01:25 ]: [   >>>   ] [ 0  (0) ]: MOB;WARP;1;0;0;0
[ 27.11.2010 19:01:25 ]: [   >>>   ] [ 0  (0) ]: MOB;WARP;1;0;0;0
[ 27.11.2010 19:01:25 ]: [   >>>   ] [ 0  (0) ]: MOB;WARP;1;0;0;0
[ 27.11.2010 19:01:25 ]: [   >>>   ] [ 0  (0) ]: MOB;WARP;1;0;0;0
[ 27.11.2010 19:01:25 ]: [   >>>   ] [ 0  (0) ]: MOB;WARP;1;0;0;0
[ 27.11.2010 19:01:25 ]: [   >>>   ] [ 0  (0) ]: MOB;WARP;1;0;0;0
[ 27.11.2010 19:01:25 ]: [   >>>   ] [ 0  (0) ]: MOB;WARP;1;0;0;0
[ 27.11.2010 19:01:25 ]: [   >>>   ] [ 0  (0) ]: MOB;WARP;1;0;0;0
[ 27.11.2010 19:01:25 ]: [   >>>   ] [ 0  (0) ]: MOB;WARP;1;0;0;0
[ 27.11.2010 19:01:25 ]: [   >>>   ] [ 0  (0) ]: MOB;WARP;1;0;0;0
[ 27.11.2010 19:01:25 ]: [   >>>   ] [ 0  (0) ]: MOB;WARP;1;0;0;0
[ 27.11.2010 19:01:25 ]: [   >>>   ] [ 0  (0) ]: MOB;WARP;1;0;0;0
[ 27.11.2010 19:01:25 ]: [   >>>   ] [ 0  (0) ]: MOB;WARP;1;0;0;0
[ 27.11.2010 19:01:25 ]: [   >>>   ] [ 0  (0) ]: MOB;WARP;1;0;0;0
[ 27.11.2010 19:01:25 ]: [   >>>   ] [ 0  (0) ]: MOB;WARP;1;0;0;0
[ 27.11.2010 19:01:25 ]: [   >>>   ] [ 0  (0) ]: MOB;WARP;1;0;0;0
[ 27.11.2010 19:01:25 ]: [   >>>   ] [ 0  (0) ]: MOB;WARP;1;0;0;0
[ 27.11.2010 19:01:25 ]: [   >>>   ] [ 0  (0) ]: MOB;WARP;1;0;0;0
[ 27.11.2010 19:01:26 ]: [   >>>   ] [ 0  (0) ]: MOB;WARP;1;0;0;0
[ 27.11.2010 19:01:26 ]: [   >>>   ] [ 0  (0) ]: MOB;WARP;1;0;0;0
[ 27.11.2010 19:01:26 ]: [   >>>   ] [ 0  (0) ]: MOB;WARP;1;0;0;0
[ 27.11.2010 19:01:26 ]: [   >>>   ] [ 0  (0) ]: MOB;WARP;1;0;0;0
[ 27.11.2010 19:01:26 ]: [   >>>   ] [ 0  (0) ]: MOB;WARP;1;0;0;0
[ 27.11.2010 19:01:26 ]: [   >>>   ] [ 0  (0) ]: MOB;WARP;1;0;0;0
[ 27.11.2010 19:01:26 ]: [   >>>   ] [ 0  (0) ]: MOB;WARP;1;0;0;0
[ 27.11.2010 19:01:26 ]: [   >>>   ] [ 0  (0) ]: MOB;WARP;1;0;0;0
[ 27.11.2010 19:01:26 ]: [   >>>   ] [ 0  (0) ]: MOB;WARP;1;0;0;0
[ 27.11.2010 19:01:26 ]: [   >>>   ] [ 0  (0) ]: MOB;WARP;1;0;0;0
[ 27.11.2010 19:01:26 ]: [   >>>   ] [ 0  (0) ]: MOB;WARP;1;0;0;0
[ 27.11.2010 19:01:26 ]: [   >>>   ] [ 0  (0) ]: MOB;WARP;1;0;0;0
[ 27.11.2010 19:01:26 ]: [   >>>   ] [ 0  (0) ]: MOB;WARP;1;0;0;0
[ 27.11.2010 19:01:26 ]: [   >>>   ] [ 0  (0) ]: MOB;WARP;1;0;0;0
[ 27.11.2010 19:01:26 ]: [   >>>   ] [ 0  (0) ]: MOB;WARP;1;0;0;0
[ 27.11.2010 19:01:26 ]: [   >>>   ] [ 0  (0) ]: MOB;WARP;1;0;0;0
[ 27.11.2010 19:01:26 ]: [   >>>   ] [ 0  (0) ]: MOB;WARP;1;0;0;0
[ 27.11.2010 19:01:26 ]: [   >>>   ] [ 0  (0) ]: MOB;WARP;1;0;0;0
[ 27.11.2010 19:01:26 ]: [   >>>   ] [ 0  (0) ]: MOB;WARP;1;0;0;0
[ 27.11.2010 19:01:26 ]: [   >>>   ] [ 0  (0) ]: MOB;WARP;1;0;0;0
[ 27.11.2010 19:01:26 ]: [   >>>   ] [ 0  (0) ]: MOB;WARP;1;0;0;0
[ 27.11.2010 19:01:26 ]: [   >>>   ] [ 0  (0) ]: MOB;WARP;1;0;0;0
[ 27.11.2010 19:01:26 ]: [   >>>   ] [ 0  (0) ]: MOB;WARP;1;0;0;0
[ 27.11.2010 19:01:26 ]: [   >>>   ] [ 0  (0) ]: MOB;WARP;1;0;0;0
[ 27.11.2010 19:01:26 ]: [   >>>   ] [ 0  (0) ]: ATTACK;1;1001;0;10
[ 27.11.2010 19:01:26 ]: [   >>>   ] [ 0  (0) ]: MOB;WARP;1;0;0;0
[ 27.11.2010 19:01:26 ]: [   >>>   ] [ 0  (0) ]: MOB;WARP;1;0;0;0
[ 27.11.2010 19:01:26 ]: [   >>>   ] [ 0  (0) ]: MOB;WARP;1;0;0;0
[ 27.11.2010 19:01:26 ]: [   <<<   ] [ 0  (0) ]: quit
[ 27.11.2010 19:01:26 ]: [   >>>   ] [ 0  ]: BYE
[ 27.11.2010 19:01:26 ]: [  KILLD  ] [ 0 ]: TIME: 1290884487
[ 27.11.2010 19:01:27 ]: [ NEWUSER ] [ 0 ]: TIME: 1290884488
[ 27.11.2010 19:01:27 ]: [   >>>   ] [ 0  ]: WELCOME
[ 27.11.2010 19:01:29 ]: [   <<<   ] [ 0  (0) ]: aggr
[ 27.11.2010 19:01:29 ]: [   >>>   ] [ 0  (0) ]: ATTACK;1;1001;0;10
[ 27.11.2010 19:01:29 ]: [   >>>   ] [ 0  (0) ]: MOB;WARP;1;0;0;0
[ 27.11.2010 19:01:29 ]: [   >>>   ] [ 0  (0) ]: MOB;WARP;1;0;0;0
[ 27.11.2010 19:01:29 ]: [   >>>   ] [ 0  (0) ]: MOB;WARP;1;0;0;0
[ 27.11.2010 19:01:29 ]: [   >>>   ] [ 0  (0) ]: MOB;WARP;1;0;0;0
[ 27.11.2010 19:01:29 ]: [   >>>   ] [ 0  (0) ]: MOB;WARP;1;0;0;0
[ 27.11.2010 19:01:29 ]: [   >>>   ] [ 0  (0) ]: MOB;WARP;1;0;0;0
[ 27.11.2010 19:01:29 ]: [   >>>   ] [ 0  (0) ]: MOB;WARP;1;0;0;0
[ 27.11.2010 19:01:29 ]: [   >>>   ] [ 0  (0) ]: MOB;WARP;1;0;0;0
[ 27.11.2010 19:01:29 ]: [   >>>   ] [ 0  (0) ]: MOB;WARP;1;0;0;0
[ 27.11.2010 19:01:29 ]: [   >>>   ] [ 0  (0) ]: MOB;WARP;1;0;0;0
[ 27.11.2010 19:01:29 ]: [   >>>   ] [ 0  (0) ]: MOB;WARP;1;0;0;0
[ 27.11.2010 19:01:29 ]: [   >>>   ] [ 0  (0) ]: MOB;WARP;1;0;0;0
[ 27.11.2010 19:01:29 ]: [   >>>   ] [ 0  (0) ]: MOB;WARP;1;0;0;0
[ 27.11.2010 19:01:29 ]: [   >>>   ] [ 0  (0) ]: MOB;WARP;1;0;0;0
[ 27.11.2010 19:01:29 ]: [   >>>   ] [ 0  (0) ]: MOB;WARP;1;0;0;0
[ 27.11.2010 19:01:29 ]: [   >>>   ] [ 0  (0) ]: MOB;WARP;1;0;0;0
[ 27.11.2010 19:01:29 ]: [   >>>   ] [ 0  (0) ]: MOB;WARP;1;0;0;0
[ 27.11.2010 19:01:29 ]: [   >>>   ] [ 0  (0) ]: MOB;WARP;1;0;0;0
[ 27.11.2010 19:01:29 ]: [   >>>   ] [ 0  (0) ]: MOB;WARP;1;0;0;0
[ 27.11.2010 19:01:29 ]: [   >>>   ] [ 0  (0) ]: MOB;WARP;1;0;0;0
[ 27.11.2010 19:01:29 ]: [   >>>   ] [ 0  (0) ]: MOB;WARP;1;0;0;0
[ 27.11.2010 19:01:29 ]: [   >>>   ] [ 0  (0) ]: MOB;WARP;1;0;0;0
[ 27.11.2010 19:01:29 ]: [   >>>   ] [ 0  (0) ]: MOB;WARP;1;0;0;0
[ 27.11.2010 19:01:29 ]: [   >>>   ] [ 0  (0) ]: MOB;WARP;1;0;0;0
[ 27.11.2010 19:01:29 ]: [   >>>   ] [ 0  (0) ]: MOB;WARP;1;0;0;0
[ 27.11.2010 19:01:29 ]: [   >>>   ] [ 0  (0) ]: MOB;WARP;1;0;0;0
[ 27.11.2010 19:01:29 ]: [   >>>   ] [ 0  (0) ]: MOB;WARP;1;0;0;0
[ 27.11.2010 19:01:29 ]: [   >>>   ] [ 0  (0) ]: MOB;WARP;1;0;0;0
[ 27.11.2010 19:01:29 ]: [   >>>   ] [ 0  (0) ]: MOB;WARP;1;0;0;0
[ 27.11.2010 19:01:29 ]: [   >>>   ] [ 0  (0) ]: MOB;WARP;1;0;0;0
[ 27.11.2010 19:01:29 ]: [   >>>   ] [ 0  (0) ]: MOB;WARP;1;0;0;0
[ 27.11.2010 19:01:29 ]: [   >>>   ] [ 0  (0) ]: MOB;WARP;1;0;0;0
[ 27.11.2010 19:01:29 ]: [   >>>   ] [ 0  (0) ]: MOB;WARP;1;0;0;0
[ 27.11.2010 19:01:29 ]: [   >>>   ] [ 0  (0) ]: MOB;WARP;1;0;0;0
[ 27.11.2010 19:01:29 ]: [   >>>   ] [ 0  (0) ]: MOB;WARP;1;0;0;0
[ 27.11.2010 19:01:30 ]: [   >>>   ] [ 0  (0) ]: MOB;WARP;1;0;0;0
[ 27.11.2010 19:01:30 ]: [   >>>   ] [ 0  (0) ]: MOB;WARP;1;0;0;0
[ 27.11.2010 19:01:30 ]: [   >>>   ] [ 0  (0) ]: MOB;WARP;1;0;0;0
[ 27.11.2010 19:01:30 ]: [   >>>   ] [ 0  (0) ]: MOB;WARP;1;0;0;0
[ 27.11.2010 19:01:30 ]: [   >>>   ] [ 0  (0) ]: MOB;WARP;1;0;0;0
[ 27.11.2010 19:01:30 ]: [   >>>   ] [ 0  (0) ]: MOB;WARP;1;0;0;0
[ 27.11.2010 19:01:30 ]: [   <<<   ] [ 0  (0) ]: quit
[ 27.11.2010 19:01:30 ]: [   >>>   ] [ 0  ]: BYE
[ 27.11.2010 19:01:30 ]: [  KILLD  ] [ 0 ]: TIME: 1290884490
