[ 27.11.2010 19:05:06 ]: Using Syslog: ./syslog/1290884707.log
[ 27.11.2010 19:05:06 ]: Game Server v0.2.1 starting up...
[ 27.11.2010 19:05:11 ]: PLAYER DB			READY
[ 27.11.2010 19:05:16 ]: GAME DB			READY
[ 27.11.2010 19:05:16 ]: CACHING ITEMS...
[ 27.11.2010 19:05:16 ]: ADDED ITEM: 49; 1
[ 27.11.2010 19:05:16 ]: ADDED ITEM: 50; 1
[ 27.11.2010 19:05:16 ]: ADDED ITEM: 51; 1
[ 27.11.2010 19:05:16 ]: ADDED ITEM: 52; 1
[ 27.11.2010 19:05:16 ]: ADDED ITEM: 53; 1
[ 27.11.2010 19:05:16 ]: ADDED ITEM: 54; 1
[ 27.11.2010 19:05:16 ]: ADDED ITEM: 55; 1
[ 27.11.2010 19:05:16 ]: ADDED ITEM: 56; 2
[ 27.11.2010 19:05:16 ]: ADDED ITEM: 57; 1
[ 27.11.2010 19:05:16 ]: LISTEN THREAD			READY
[ 27.11.2010 19:05:16 ]: NPC CONTROL			READY
[ 27.11.2010 19:05:16 ]: GAME SERVER READY		READY
[ 27.11.2010 19:05:16 ]: [ NEWUSER ] [ 0 ]: TIME: 1290884717
[ 27.11.2010 19:05:16 ]: [   >>>   ] [ 0  ]: WELCOME
[ 27.11.2010 19:05:18 ]: [   <<<   ] [ 0  (0) ]: spawn;1001
[ 27.11.2010 19:05:18 ]: [   >>>   ] [ 0  (0) ]: MOB;WARP;1;-8;3;3
[ 27.11.2010 19:05:18 ]: [   >>>   ] [ 0  (0) ]: SPAWN;OK;1;1001;-8;3;3
[ 27.11.2010 19:05:20 ]: [   <<<   ] [ 0  (0) ]: aggr
[ 27.11.2010 19:05:20 ]: [   >>>   ] [ 0  (0) ]: ATTACK;1;1001;0;10
[ 27.11.2010 19:05:22 ]: [   >>>   ] [ 0  (0) ]: ATTACK;1;1001;0;10
[ 27.11.2010 19:05:24 ]: [   >>>   ] [ 0  (0) ]: ATTACK;1;1001;0;10
[ 27.11.2010 19:05:26 ]: [   >>>   ] [ 0  (0) ]: ATTACK;1;1001;0;10
[ 27.11.2010 19:05:26 ]: [   <<<   ] [ 0  (0) ]: warp;50;50;50
[ 27.11.2010 19:05:26 ]: [   >>>   ] [ 0  (0) ]: WARP;OK;50;50;50
[ 27.11.2010 19:05:28 ]: [   >>>   ] [ 0  (0) ]: ATTACK;1;1001;0;10
[ 27.11.2010 19:05:30 ]: [   >>>   ] [ 0  (0) ]: ATTACK;1;1001;0;10
[ 27.11.2010 19:05:31 ]: [   <<<   ] [ 0  (0) ]: warp;1000;1000;1000
[ 27.11.2010 19:05:31 ]: [   >>>   ] [ 0  (0) ]: WARP;OK;1000;1000;1000
[ 27.11.2010 19:05:32 ]: [   >>>   ] [ 0  (0) ]: ATTACK;1;1001;0;10
[ 27.11.2010 19:05:34 ]: [   >>>   ] [ 0  (0) ]: ATTACK;1;1001;0;10
[ 27.11.2010 19:05:36 ]: [   >>>   ] [ 0  (0) ]: ATTACK;1;1001;0;10
[ 27.11.2010 19:05:37 ]: [   <<<   ] [ 0  (0) ]: warp;500000;50000;5000
[ 27.11.2010 19:05:37 ]: [   >>>   ] [ 0  (0) ]: WARP;OK;500000;50000;5000
