[ 27.11.2010 19:02:52 ]: Using Syslog: ./syslog/1290884573.log
[ 27.11.2010 19:02:52 ]: Game Server v0.2.1 starting up...
[ 27.11.2010 19:02:57 ]: PLAYER DB			READY
[ 27.11.2010 19:03:01 ]: GAME DB			READY
[ 27.11.2010 19:03:01 ]: CACHING ITEMS...
[ 27.11.2010 19:03:02 ]: ADDED ITEM: 49; 1
[ 27.11.2010 19:03:02 ]: ADDED ITEM: 50; 1
[ 27.11.2010 19:03:02 ]: ADDED ITEM: 51; 1
[ 27.11.2010 19:03:02 ]: ADDED ITEM: 52; 1
[ 27.11.2010 19:03:02 ]: ADDED ITEM: 53; 1
[ 27.11.2010 19:03:02 ]: ADDED ITEM: 54; 1
[ 27.11.2010 19:03:02 ]: ADDED ITEM: 55; 1
[ 27.11.2010 19:03:02 ]: ADDED ITEM: 56; 2
[ 27.11.2010 19:03:02 ]: ADDED ITEM: 57; 1
[ 27.11.2010 19:03:02 ]: LISTEN THREAD			READY
[ 27.11.2010 19:03:02 ]: NPC CONTROL			READY
[ 27.11.2010 19:03:02 ]: GAME SERVER READY		READY
[ 27.11.2010 19:03:02 ]: [ NEWUSER ] [ 0 ]: TIME: 1290884583
[ 27.11.2010 19:03:02 ]: [   >>>   ] [ 0  ]: WELCOME
[ 27.11.2010 19:03:04 ]: [   <<<   ] [ 0  (0) ]: spawn;1001
[ 27.11.2010 19:03:04 ]: [   >>>   ] [ 0  (0) ]: MOB;WARP;1;-2;-1;-7
[ 27.11.2010 19:03:04 ]: [   >>>   ] [ 0  (0) ]: SPAWN;OK;1;1001;-2;-1;-7
[ 27.11.2010 19:03:06 ]: [   <<<   ] [ 0  (0) ]: aggr
[ 27.11.2010 19:03:06 ]: [   >>>   ] [ 0  (0) ]: ATTACK;1;1001;0;10
[ 27.11.2010 19:03:06 ]: [   >>>   ] [ 0  (0) ]: MOB;WARP;1;0;0;0
[ 27.11.2010 19:03:06 ]: [   >>>   ] [ 0  (0) ]: MOB;WARP;1;0;0;0
[ 27.11.2010 19:03:06 ]: [   >>>   ] [ 0  (0) ]: MOB;WARP;1;0;0;0
[ 27.11.2010 19:03:06 ]: [   >>>   ] [ 0  (0) ]: MOB;WARP;1;0;0;0
[ 27.11.2010 19:03:06 ]: [   >>>   ] [ 0  (0) ]: MOB;WARP;1;0;0;0
[ 27.11.2010 19:03:06 ]: [   >>>   ] [ 0  (0) ]: MOB;WARP;1;0;0;0
[ 27.11.2010 19:03:07 ]: [   >>>   ] [ 0  (0) ]: MOB;WARP;1;0;0;0
[ 27.11.2010 19:03:07 ]: [   >>>   ] [ 0  (0) ]: MOB;WARP;1;0;0;0
[ 27.11.2010 19:03:07 ]: [   >>>   ] [ 0  (0) ]: MOB;WARP;1;0;0;0
[ 27.11.2010 19:03:07 ]: [   >>>   ] [ 0  (0) ]: MOB;WARP;1;0;0;0
[ 27.11.2010 19:03:07 ]: [   >>>   ] [ 0  (0) ]: MOB;WARP;1;0;0;0
[ 27.11.2010 19:03:07 ]: [   >>>   ] [ 0  (0) ]: MOB;WARP;1;0;0;0
[ 27.11.2010 19:03:07 ]: [   >>>   ] [ 0  (0) ]: MOB;WARP;1;0;0;0
[ 27.11.2010 19:03:07 ]: [   >>>   ] [ 0  (0) ]: MOB;WARP;1;0;0;0
[ 27.11.2010 19:03:07 ]: [   >>>   ] [ 0  (0) ]: MOB;WARP;1;0;0;0
[ 27.11.2010 19:03:07 ]: [   >>>   ] [ 0  (0) ]: MOB;WARP;1;0;0;0
[ 27.11.2010 19:03:07 ]: [   >>>   ] [ 0  (0) ]: MOB;WARP;1;0;0;0
[ 27.11.2010 19:03:07 ]: [   >>>   ] [ 0  (0) ]: MOB;WARP;1;0;0;0
[ 27.11.2010 19:03:07 ]: [   >>>   ] [ 0  (0) ]: MOB;WARP;1;0;0;0
[ 27.11.2010 19:03:07 ]: [   >>>   ] [ 0  (0) ]: MOB;WARP;1;0;0;0
[ 27.11.2010 19:03:07 ]: [   >>>   ] [ 0  (0) ]: MOB;WARP;1;0;0;0
[ 27.11.2010 19:03:07 ]: [   >>>   ] [ 0  (0) ]: MOB;WARP;1;0;0;0
[ 27.11.2010 19:03:07 ]: [   >>>   ] [ 0  (0) ]: MOB;WARP;1;0;0;0
[ 27.11.2010 19:03:07 ]: [   >>>   ] [ 0  (0) ]: MOB;WARP;1;0;0;0
[ 27.11.2010 19:03:07 ]: [   >>>   ] [ 0  (0) ]: MOB;WARP;1;0;0;0
[ 27.11.2010 19:03:07 ]: [   >>>   ] [ 0  (0) ]: MOB;WARP;1;0;0;0
[ 27.11.2010 19:03:07 ]: [   >>>   ] [ 0  (0) ]: MOB;WARP;1;0;0;0
[ 27.11.2010 19:03:07 ]: [   >>>   ] [ 0  (0) ]: MOB;WARP;1;0;0;0
[ 27.11.2010 19:03:07 ]: [   >>>   ] [ 0  (0) ]: MOB;WARP;1;0;0;0
[ 27.11.2010 19:03:07 ]: [   >>>   ] [ 0  (0) ]: MOB;WARP;1;0;0;0
[ 27.11.2010 19:03:07 ]: [   >>>   ] [ 0  (0) ]: MOB;WARP;1;0;0;0
[ 27.11.2010 19:03:07 ]: [   >>>   ] [ 0  (0) ]: MOB;WARP;1;0;0;0
[ 27.11.2010 19:03:07 ]: [   >>>   ] [ 0  (0) ]: MOB;WARP;1;0;0;0
[ 27.11.2010 19:03:07 ]: [   >>>   ] [ 0  (0) ]: MOB;WARP;1;0;0;0
[ 27.11.2010 19:03:07 ]: [   >>>   ] [ 0  (0) ]: MOB;WARP;1;0;0;0
[ 27.11.2010 19:03:07 ]: [   >>>   ] [ 0  (0) ]: MOB;WARP;1;0;0;0
[ 27.11.2010 19:03:07 ]: [   >>>   ] [ 0  (0) ]: MOB;WARP;1;0;0;0
[ 27.11.2010 19:03:07 ]: [   >>>   ] [ 0  (0) ]: MOB;WARP;1;0;0;0
[ 27.11.2010 19:03:07 ]: [   >>>   ] [ 0  (0) ]: MOB;WARP;1;0;0;0
[ 27.11.2010 19:03:07 ]: [   >>>   ] [ 0  (0) ]: MOB;WARP;1;0;0;0
[ 27.11.2010 19:03:07 ]: [   >>>   ] [ 0  (0) ]: MOB;WARP;1;0;0;0
[ 27.11.2010 19:03:07 ]: [   >>>   ] [ 0  (0) ]: MOB;WARP;1;0;0;0
[ 27.11.2010 19:03:07 ]: [   >>>   ] [ 0  (0) ]: MOB;WARP;1;0;0;0
[ 27.11.2010 19:03:07 ]: [   >>>   ] [ 0  (0) ]: MOB;WARP;1;0;0;0
[ 27.11.2010 19:03:07 ]: [   >>>   ] [ 0  (0) ]: MOB;WARP;1;0;0;0
[ 27.11.2010 19:03:07 ]: [   >>>   ] [ 0  (0) ]: MOB;WARP;1;0;0;0
[ 27.11.2010 19:03:07 ]: [   >>>   ] [ 0  (0) ]: MOB;WARP;1;0;0;0
[ 27.11.2010 19:03:07 ]: [   >>>   ] [ 0  (0) ]: MOB;WARP;1;0;0;0
[ 27.11.2010 19:03:07 ]: [   >>>   ] [ 0  (0) ]: MOB;WARP;1;0;0;0
[ 27.11.2010 19:03:07 ]: [   >>>   ] [ 0  (0) ]: MOB;WARP;1;0;0;0
[ 27.11.2010 19:03:07 ]: [   >>>   ] [ 0  (0) ]: MOB;WARP;1;0;0;0
[ 27.11.2010 19:03:07 ]: [   >>>   ] [ 0  (0) ]: MOB;WARP;1;0;0;0
[ 27.11.2010 19:03:07 ]: [   >>>   ] [ 0  (0) ]: MOB;WARP;1;0;0;0
[ 27.11.2010 19:03:07 ]: [   >>>   ] [ 0  (0) ]: MOB;WARP;1;0;0;0
[ 27.11.2010 19:03:08 ]: [   >>>   ] [ 0  (0) ]: MOB;WARP;1;0;0;0
[ 27.11.2010 19:03:08 ]: [   >>>   ] [ 0  (0) ]: MOB;WARP;1;0;0;0
[ 27.11.2010 19:03:08 ]: [   >>>   ] [ 0  (0) ]: MOB;WARP;1;0;0;0
[ 27.11.2010 19:03:08 ]: [   >>>   ] [ 0  (0) ]: MOB;WARP;1;0;0;0
[ 27.11.2010 19:03:08 ]: [   >>>   ] [ 0  (0) ]: MOB;WARP;1;0;0;0
[ 27.11.2010 19:03:08 ]: [   >>>   ] [ 0  (0) ]: MOB;WARP;1;0;0;0
[ 27.11.2010 19:03:08 ]: [   >>>   ] [ 0  (0) ]: MOB;WARP;1;0;0;0
[ 27.11.2010 19:03:08 ]: [   >>>   ] [ 0  (0) ]: MOB;WARP;1;0;0;0
[ 27.11.2010 19:03:08 ]: [   <<<   ] [ 0  (0) ]: ????
[ 27.11.2010 19:03:08 ]: [   >>>   ] [ 0  (0) ]: ERROR;20
[ 27.11.2010 19:03:08 ]: [   >>>   ] [ 0  (0) ]: MOB;WARP;1;0;0;0
[ 27.11.2010 19:03:08 ]: [   >>>   ] [ 0  (0) ]: MOB;WARP;1;0;0;0
[ 27.11.2010 19:03:08 ]: [   >>>   ] [ 0  (0) ]: MOB;WARP;1;0;0;0
[ 27.11.2010 19:03:08 ]: [   >>>   ] [ 0  (0) ]: MOB;WARP;1;0;0;0
[ 27.11.2010 19:03:08 ]: [   >>>   ] [ 0  (0) ]: MOB;WARP;1;0;0;0
[ 27.11.2010 19:03:08 ]: [   >>>   ] [ 0  (0) ]: MOB;WARP;1;0;0;0
[ 27.11.2010 19:03:08 ]: [   >>>   ] [ 0  (0) ]: MOB;WARP;1;0;0;0
[ 27.11.2010 19:03:08 ]: [   >>>   ] [ 0  (0) ]: MOB;WARP;1;0;0;0
[ 27.11.2010 19:03:08 ]: [   >>>   ] [ 0  (0) ]: MOB;WARP;1;0;0;0
[ 27.11.2010 19:03:08 ]: [   >>>   ] [ 0  (0) ]: MOB;WARP;1;0;0;0
[ 27.11.2010 19:03:08 ]: [   >>>   ] [ 0  (0) ]: MOB;WARP;1;0;0;0
[ 27.11.2010 19:03:08 ]: [   >>>   ] [ 0  (0) ]: MOB;WARP;1;0;0;0
[ 27.11.2010 19:03:08 ]: [   >>>   ] [ 0  (0) ]: MOB;WARP;1;0;0;0
[ 27.11.2010 19:03:08 ]: [   >>>   ] [ 0  (0) ]: MOB;WARP;1;0;0;0
[ 27.11.2010 19:03:08 ]: [   >>>   ] [ 0  (0) ]: MOB;WARP;1;0;0;0
[ 27.11.2010 19:03:08 ]: [   >>>   ] [ 0  (0) ]: ATTACK;1;1001;0;10
[ 27.11.2010 19:03:08 ]: [   >>>   ] [ 0  (0) ]: MOB;WARP;1;0;0;0
[ 27.11.2010 19:03:08 ]: [   >>>   ] [ 0  (0) ]: MOB;WARP;1;0;0;0
[ 27.11.2010 19:03:08 ]: [   >>>   ] [ 0  (0) ]: MOB;WARP;1;0;0;0
[ 27.11.2010 19:03:08 ]: [   >>>   ] [ 0  (0) ]: MOB;WARP;1;0;0;0
[ 27.11.2010 19:03:08 ]: [   >>>   ] [ 0  (0) ]: MOB;WARP;1;0;0;0
[ 27.11.2010 19:03:08 ]: [   >>>   ] [ 0  (0) ]: MOB;WARP;1;0;0;0
[ 27.11.2010 19:03:08 ]: [   >>>   ] [ 0  (0) ]: MOB;WARP;1;0;0;0
[ 27.11.2010 19:03:08 ]: [   >>>   ] [ 0  (0) ]: MOB;WARP;1;0;0;0
[ 27.11.2010 19:03:08 ]: [   >>>   ] [ 0  (0) ]: MOB;WARP;1;0;0;0
[ 27.11.2010 19:03:08 ]: [   >>>   ] [ 0  (0) ]: MOB;WARP;1;0;0;0
[ 27.11.2010 19:03:08 ]: [   >>>   ] [ 0  (0) ]: MOB;WARP;1;0;0;0
[ 27.11.2010 19:03:08 ]: [   >>>   ] [ 0  (0) ]: MOB;WARP;1;0;0;0
[ 27.11.2010 19:03:08 ]: [   >>>   ] [ 0  (0) ]: MOB;WARP;1;0;0;0
[ 27.11.2010 19:03:08 ]: [   >>>   ] [ 0  (0) ]: MOB;WARP;1;0;0;0
[ 27.11.2010 19:03:08 ]: [   >>>   ] [ 0  (0) ]: MOB;WARP;1;0;0;0
[ 27.11.2010 19:03:08 ]: [   >>>   ] [ 0  (0) ]: MOB;WARP;1;0;0;0
[ 27.11.2010 19:03:08 ]: [   >>>   ] [ 0  (0) ]: MOB;WARP;1;0;0;0
[ 27.11.2010 19:03:08 ]: [   >>>   ] [ 0  (0) ]: MOB;WARP;1;0;0;0
[ 27.11.2010 19:03:08 ]: [   >>>   ] [ 0  (0) ]: MOB;WARP;1;0;0;0
[ 27.11.2010 19:03:08 ]: [   >>>   ] [ 0  (0) ]: MOB;WARP;1;0;0;0
[ 27.11.2010 19:03:08 ]: [   >>>   ] [ 0  (0) ]: MOB;WARP;1;0;0;0
[ 27.11.2010 19:03:08 ]: [   >>>   ] [ 0  (0) ]: MOB;WARP;1;0;0;0
[ 27.11.2010 19:03:08 ]: [   >>>   ] [ 0  (0) ]: MOB;WARP;1;0;0;0
[ 27.11.2010 19:03:08 ]: [   >>>   ] [ 0  (0) ]: MOB;WARP;1;0;0;0
[ 27.11.2010 19:03:09 ]: [   >>>   ] [ 0  (0) ]: MOB;WARP;1;0;0;0
[ 27.11.2010 19:03:09 ]: [   >>>   ] [ 0  (0) ]: MOB;WARP;1;0;0;0
[ 27.11.2010 19:03:09 ]: [   >>>   ] [ 0  (0) ]: MOB;WARP;1;0;0;0
[ 27.11.2010 19:03:09 ]: [   >>>   ] [ 0  (0) ]: MOB;WARP;1;0;0;0
[ 27.11.2010 19:03:09 ]: [   >>>   ] [ 0  (0) ]: MOB;WARP;1;0;0;0
[ 27.11.2010 19:03:09 ]: [   >>>   ] [ 0  (0) ]: MOB;WARP;1;0;0;0
[ 27.11.2010 19:03:09 ]: [   >>>   ] [ 0  (0) ]: MOB;WARP;1;0;0;0
[ 27.11.2010 19:03:09 ]: [   >>>   ] [ 0  (0) ]: MOB;WARP;1;0;0;0
[ 27.11.2010 19:03:09 ]: [   >>>   ] [ 0  (0) ]: MOB;WARP;1;0;0;0
[ 27.11.2010 19:03:09 ]: [   >>>   ] [ 0  (0) ]: MOB;WARP;1;0;0;0
[ 27.11.2010 19:03:09 ]: [   >>>   ] [ 0  (0) ]: MOB;WARP;1;0;0;0
[ 27.11.2010 19:03:09 ]: [   >>>   ] [ 0  (0) ]: MOB;WARP;1;0;0;0
[ 27.11.2010 19:03:09 ]: [   >>>   ] [ 0  (0) ]: MOB;WARP;1;0;0;0
[ 27.11.2010 19:03:09 ]: [   >>>   ] [ 0  (0) ]: MOB;WARP;1;0;0;0
[ 27.11.2010 19:03:09 ]: [   >>>   ] [ 0  (0) ]: MOB;WARP;1;0;0;0
[ 27.11.2010 19:03:09 ]: [   >>>   ] [ 0  (0) ]: MOB;WARP;1;0;0;0
[ 27.11.2010 19:03:09 ]: [   >>>   ] [ 0  (0) ]: MOB;WARP;1;0;0;0
[ 27.11.2010 19:03:09 ]: [   >>>   ] [ 0  (0) ]: MOB;WARP;1;0;0;0
[ 27.11.2010 19:03:09 ]: [   >>>   ] [ 0  (0) ]: MOB;WARP;1;0;0;0
[ 27.11.2010 19:03:09 ]: [   >>>   ] [ 0  (0) ]: MOB;WARP;1;0;0;0
[ 27.11.2010 19:03:09 ]: [   >>>   ] [ 0  (0) ]: MOB;WARP;1;0;0;0
[ 27.11.2010 19:03:09 ]: [   >>>   ] [ 0  (0) ]: MOB;WARP;1;0;0;0
[ 27.11.2010 19:03:09 ]: [   >>>   ] [ 0  (0) ]: MOB;WARP;1;0;0;0
[ 27.11.2010 19:03:09 ]: [   >>>   ] [ 0  (0) ]: MOB;WARP;1;0;0;0
[ 27.11.2010 19:03:09 ]: [   >>>   ] [ 0  (0) ]: MOB;WARP;1;0;0;0
[ 27.11.2010 19:03:09 ]: [   >>>   ] [ 0  (0) ]: MOB;WARP;1;0;0;0
[ 27.11.2010 19:03:09 ]: [   >>>   ] [ 0  (0) ]: MOB;WARP;1;0;0;0
[ 27.11.2010 19:03:09 ]: [   >>>   ] [ 0  (0) ]: MOB;WARP;1;0;0;0
[ 27.11.2010 19:03:09 ]: [   >>>   ] [ 0  (0) ]: MOB;WARP;1;0;0;0
[ 27.11.2010 19:03:09 ]: [   <<<   ] [ 0  (0) ]: quit
[ 27.11.2010 19:03:09 ]: [   >>>   ] [ 0  ]: BYE
[ 27.11.2010 19:03:09 ]: [  KILLD  ] [ 0 ]: TIME: 1290884590
