[ 27.11.2010 19:50:33 ]: Using Syslog: ./syslog/1290887434.log
[ 27.11.2010 19:50:33 ]: Game Server v0.2.1 starting up...
[ 27.11.2010 19:50:40 ]: PLAYER DB			READY
[ 27.11.2010 19:50:44 ]: GAME DB			READY
[ 27.11.2010 19:50:44 ]: CACHING ITEMS...
[ 27.11.2010 19:50:44 ]: ADDED ITEM: 49; 1
[ 27.11.2010 19:50:44 ]: ADDED ITEM: 50; 1
[ 27.11.2010 19:50:44 ]: ADDED ITEM: 51; 1
[ 27.11.2010 19:50:44 ]: ADDED ITEM: 52; 1
[ 27.11.2010 19:50:44 ]: ADDED ITEM: 53; 1
[ 27.11.2010 19:50:44 ]: ADDED ITEM: 54; 1
[ 27.11.2010 19:50:44 ]: ADDED ITEM: 55; 1
[ 27.11.2010 19:50:44 ]: ADDED ITEM: 56; 2
[ 27.11.2010 19:50:44 ]: ADDED ITEM: 57; 1
[ 27.11.2010 19:50:44 ]: LISTEN THREAD			READY
[ 27.11.2010 19:50:44 ]: NPC CONTROL			READY
[ 27.11.2010 19:50:44 ]: GAME SERVER READY		READY
[ 27.11.2010 19:50:45 ]: [ NEWUSER ] [ 0 ]: TIME: 1290887445
[ 27.11.2010 19:50:45 ]: [   >>>   ] [ 0  ]: WELCOME
[ 27.11.2010 19:50:46 ]: [   <<<   ] [ 0  (0) ]: spawn;1001
[ 27.11.2010 19:50:46 ]: [   >>>   ] [ 0  (0) ]: MOB;WARP;1;0;-4;9
[ 27.11.2010 19:50:46 ]: [   >>>   ] [ 0  (0) ]: SPAWN;OK;1;1001;0;-4;9
[ 27.11.2010 19:50:47 ]: [   <<<   ] [ 0  (0) ]: aggr
[ 27.11.2010 19:50:47 ]: [   >>>   ] [ 0  (0) ]: ATTACK;1;1001;0;10
[ 27.11.2010 19:50:48 ]: [   >>>   ] [ 0  (0) ]: ATTACK;1;1001;0;10
[ 27.11.2010 19:50:49 ]: [   >>>   ] [ 0  (0) ]: ATTACK;1;1001;0;10
[ 27.11.2010 19:50:50 ]: [   >>>   ] [ 0  (0) ]: ATTACK;1;1001;0;10
[ 27.11.2010 19:50:51 ]: [   >>>   ] [ 0  (0) ]: ATTACK;1;1001;0;10
[ 27.11.2010 19:50:52 ]: [   >>>   ] [ 0  (0) ]: ATTACK;1;1001;0;10
[ 27.11.2010 19:50:53 ]: [   >>>   ] [ 0  (0) ]: ATTACK;1;1001;0;10
[ 27.11.2010 19:50:54 ]: [   >>>   ] [ 0  (0) ]: ATTACK;1;1001;0;10
[ 27.11.2010 19:50:55 ]: [   >>>   ] [ 0  (0) ]: ATTACK;1;1001;0;10
[ 27.11.2010 19:50:56 ]: [   >>>   ] [ 0  (0) ]: ATTACK;1;1001;0;10
[ 27.11.2010 19:50:57 ]: [   >>>   ] [ 0  (0) ]: ATTACK;1;1001;0;10
[ 27.11.2010 19:50:58 ]: [   >>>   ] [ 0  (0) ]: ATTACK;1;1001;0;10
[ 27.11.2010 19:50:59 ]: [   >>>   ] [ 0  (0) ]: ATTACK;1;1001;0;10
[ 27.11.2010 19:51:00 ]: [   >>>   ] [ 0  (0) ]: ATTACK;1;1001;0;10
[ 27.11.2010 19:51:01 ]: [   >>>   ] [ 0  (0) ]: ATTACK;1;1001;0;10
[ 27.11.2010 19:51:02 ]: [   >>>   ] [ 0  (0) ]: ATTACK;1;1001;0;10
[ 27.11.2010 19:51:03 ]: [   >>>   ] [ 0  (0) ]: ATTACK;1;1001;0;10
[ 27.11.2010 19:51:04 ]: [   >>>   ] [ 0  (0) ]: ATTACK;1;1001;0;10
[ 27.11.2010 19:51:05 ]: [   >>>   ] [ 0  (0) ]: ATTACK;1;1001;0;10
[ 27.11.2010 19:51:06 ]: [   >>>   ] [ 0  (0) ]: ATTACK;1;1001;0;10
[ 27.11.2010 19:51:07 ]: [   >>>   ] [ 0  (0) ]: ATTACK;1;1001;0;10
[ 27.11.2010 19:51:08 ]: [   >>>   ] [ 0  (0) ]: ATTACK;1;1001;0;10
[ 27.11.2010 19:51:09 ]: [   >>>   ] [ 0  (0) ]: ATTACK;1;1001;0;10
[ 27.11.2010 19:51:10 ]: [   >>>   ] [ 0  (0) ]: ATTACK;1;1001;0;10
[ 27.11.2010 19:51:11 ]: [   >>>   ] [ 0  (0) ]: ATTACK;1;1001;0;10
[ 27.11.2010 19:51:12 ]: [   >>>   ] [ 0  (0) ]: ATTACK;1;1001;0;10
[ 27.11.2010 19:51:13 ]: [   >>>   ] [ 0  (0) ]: ATTACK;1;1001;0;10
[ 27.11.2010 19:51:14 ]: [   >>>   ] [ 0  (0) ]: ATTACK;1;1001;0;10
[ 27.11.2010 19:51:15 ]: [   >>>   ] [ 0  (0) ]: ATTACK;1;1001;0;10
[ 27.11.2010 19:51:16 ]: [   >>>   ] [ 0  (0) ]: ATTACK;1;1001;0;10
[ 27.11.2010 19:51:17 ]: [   >>>   ] [ 0  (0) ]: ATTACK;1;1001;0;10
[ 27.11.2010 19:51:18 ]: [   >>>   ] [ 0  (0) ]: ATTACK;1;1001;0;10
[ 27.11.2010 19:51:19 ]: [   >>>   ] [ 0  (0) ]: ATTACK;1;1001;0;10
[ 27.11.2010 19:51:20 ]: [   >>>   ] [ 0  (0) ]: ATTACK;1;1001;0;10
[ 27.11.2010 19:51:21 ]: [   >>>   ] [ 0  (0) ]: ATTACK;1;1001;0;10
[ 27.11.2010 19:51:22 ]: [   >>>   ] [ 0  (0) ]: ATTACK;1;1001;0;10
[ 27.11.2010 19:51:23 ]: [   >>>   ] [ 0  (0) ]: ATTACK;1;1001;0;10
[ 27.11.2010 19:51:24 ]: [   >>>   ] [ 0  (0) ]: ATTACK;1;1001;0;10
[ 27.11.2010 19:51:25 ]: [   >>>   ] [ 0  (0) ]: ATTACK;1;1001;0;10
[ 27.11.2010 19:51:26 ]: [   >>>   ] [ 0  (0) ]: ATTACK;1;1001;0;10
[ 27.11.2010 19:51:27 ]: [   >>>   ] [ 0  (0) ]: ATTACK;1;1001;0;10
[ 27.11.2010 19:51:28 ]: [   >>>   ] [ 0  (0) ]: ATTACK;1;1001;0;10
[ 27.11.2010 19:51:29 ]: [   >>>   ] [ 0  (0) ]: ATTACK;1;1001;0;10
[ 27.11.2010 19:51:30 ]: [   >>>   ] [ 0  (0) ]: ATTACK;1;1001;0;10
[ 27.11.2010 19:51:31 ]: [   >>>   ] [ 0  (0) ]: ATTACK;1;1001;0;10
[ 27.11.2010 19:51:32 ]: [   >>>   ] [ 0  (0) ]: ATTACK;1;1001;0;10
[ 27.11.2010 19:51:33 ]: [   >>>   ] [ 0  (0) ]: ATTACK;1;1001;0;10
[ 27.11.2010 19:51:34 ]: [   >>>   ] [ 0  (0) ]: ATTACK;1;1001;0;10
[ 27.11.2010 19:51:35 ]: [   >>>   ] [ 0  (0) ]: ATTACK;1;1001;0;10
[ 27.11.2010 19:51:36 ]: [   >>>   ] [ 0  (0) ]: ATTACK;1;1001;0;10
[ 27.11.2010 19:51:37 ]: [   >>>   ] [ 0  (0) ]: ATTACK;1;1001;0;10
[ 27.11.2010 19:51:38 ]: [   >>>   ] [ 0  (0) ]: ATTACK;1;1001;0;10
[ 27.11.2010 19:51:39 ]: [   >>>   ] [ 0  (0) ]: ATTACK;1;1001;0;10
[ 27.11.2010 19:51:40 ]: [   >>>   ] [ 0  (0) ]: ATTACK;1;1001;0;10
[ 27.11.2010 19:51:41 ]: [   >>>   ] [ 0  (0) ]: ATTACK;1;1001;0;10
[ 27.11.2010 19:51:42 ]: [   >>>   ] [ 0  (0) ]: ATTACK;1;1001;0;10
[ 27.11.2010 19:51:43 ]: [   >>>   ] [ 0  (0) ]: ATTACK;1;1001;0;10
[ 27.11.2010 19:51:44 ]: [   >>>   ] [ 0  (0) ]: ATTACK;1;1001;0;10
[ 27.11.2010 19:51:45 ]: [   >>>   ] [ 0  (0) ]: ATTACK;1;1001;0;10
[ 27.11.2010 19:51:46 ]: [   >>>   ] [ 0  (0) ]: ATTACK;1;1001;0;10
[ 27.11.2010 19:51:47 ]: [   >>>   ] [ 0  (0) ]: ATTACK;1;1001;0;10
[ 27.11.2010 19:51:48 ]: [   >>>   ] [ 0  (0) ]: ATTACK;1;1001;0;10
[ 27.11.2010 19:51:49 ]: [   >>>   ] [ 0  (0) ]: ATTACK;1;1001;0;10
[ 27.11.2010 19:51:50 ]: [   >>>   ] [ 0  (0) ]: ATTACK;1;1001;0;10
[ 27.11.2010 19:51:51 ]: [   >>>   ] [ 0  (0) ]: ATTACK;1;1001;0;10
[ 27.11.2010 19:51:52 ]: [   >>>   ] [ 0  (0) ]: ATTACK;1;1001;0;10
[ 27.11.2010 19:51:53 ]: [   >>>   ] [ 0  (0) ]: ATTACK;1;1001;0;10
[ 27.11.2010 19:51:54 ]: [   >>>   ] [ 0  (0) ]: ATTACK;1;1001;0;10
[ 27.11.2010 19:51:55 ]: [   >>>   ] [ 0  (0) ]: ATTACK;1;1001;0;10
[ 27.11.2010 19:51:56 ]: [   >>>   ] [ 0  (0) ]: ATTACK;1;1001;0;10
[ 27.11.2010 19:51:57 ]: [   >>>   ] [ 0  (0) ]: ATTACK;1;1001;0;10
[ 27.11.2010 19:51:58 ]: [   >>>   ] [ 0  (0) ]: ATTACK;1;1001;0;10
[ 27.11.2010 19:51:59 ]: [   >>>   ] [ 0  (0) ]: ATTACK;1;1001;0;10
[ 27.11.2010 19:52:00 ]: [   >>>   ] [ 0  (0) ]: ATTACK;1;1001;0;10
[ 27.11.2010 19:52:01 ]: [   >>>   ] [ 0  (0) ]: ATTACK;1;1001;0;10
[ 27.11.2010 19:52:02 ]: [   >>>   ] [ 0  (0) ]: ATTACK;1;1001;0;10
[ 27.11.2010 19:52:03 ]: [   >>>   ] [ 0  (0) ]: ATTACK;1;1001;0;10
[ 27.11.2010 19:52:04 ]: [   >>>   ] [ 0  (0) ]: ATTACK;1;1001;0;10
[ 27.11.2010 19:52:05 ]: [   >>>   ] [ 0  (0) ]: ATTACK;1;1001;0;10
[ 27.11.2010 19:52:06 ]: [   >>>   ] [ 0  (0) ]: ATTACK;1;1001;0;10
[ 27.11.2010 19:52:07 ]: [   >>>   ] [ 0  (0) ]: ATTACK;1;1001;0;10
[ 27.11.2010 19:52:08 ]: [   >>>   ] [ 0  (0) ]: ATTACK;1;1001;0;10
[ 27.11.2010 19:52:09 ]: [   >>>   ] [ 0  (0) ]: ATTACK;1;1001;0;10
[ 27.11.2010 19:52:10 ]: [   >>>   ] [ 0  (0) ]: ATTACK;1;1001;0;10
[ 27.11.2010 19:52:11 ]: [   >>>   ] [ 0  (0) ]: ATTACK;1;1001;0;10
[ 27.11.2010 19:52:12 ]: [   >>>   ] [ 0  (0) ]: ATTACK;1;1001;0;10
[ 27.11.2010 19:52:13 ]: [   >>>   ] [ 0  (0) ]: ATTACK;1;1001;0;10
[ 27.11.2010 19:52:14 ]: [   >>>   ] [ 0  (0) ]: ATTACK;1;1001;0;10
[ 27.11.2010 19:52:15 ]: [   >>>   ] [ 0  (0) ]: ATTACK;1;1001;0;10
[ 27.11.2010 19:52:16 ]: [   >>>   ] [ 0  (0) ]: ATTACK;1;1001;0;10
[ 27.11.2010 19:52:17 ]: [   >>>   ] [ 0  (0) ]: ATTACK;1;1001;0;10
[ 27.11.2010 19:52:18 ]: [   >>>   ] [ 0  (0) ]: ATTACK;1;1001;0;10
[ 27.11.2010 19:52:19 ]: [   >>>   ] [ 0  (0) ]: ATTACK;1;1001;0;10
[ 27.11.2010 19:52:20 ]: [   >>>   ] [ 0  (0) ]: ATTACK;1;1001;0;10
[ 27.11.2010 19:52:21 ]: [   >>>   ] [ 0  (0) ]: ATTACK;1;1001;0;10
[ 27.11.2010 19:52:22 ]: [   >>>   ] [ 0  (0) ]: ATTACK;1;1001;0;10
[ 27.11.2010 19:52:23 ]: [   >>>   ] [ 0  (0) ]: ATTACK;1;1001;0;10
[ 27.11.2010 19:52:24 ]: [   >>>   ] [ 0  (0) ]: ATTACK;1;1001;0;10
[ 27.11.2010 19:52:25 ]: [   >>>   ] [ 0  (0) ]: ATTACK;1;1001;0;10
[ 27.11.2010 19:52:26 ]: [   >>>   ] [ 0  (0) ]: ATTACK;1;1001;0;10
[ 27.11.2010 19:52:27 ]: [   >>>   ] [ 0  (0) ]: ATTACK;1;1001;0;10
[ 27.11.2010 19:52:28 ]: [   >>>   ] [ 0  (0) ]: ATTACK;1;1001;0;10
[ 27.11.2010 19:52:29 ]: [   >>>   ] [ 0  (0) ]: ATTACK;1;1001;0;10
[ 27.11.2010 19:52:30 ]: [   >>>   ] [ 0  (0) ]: ATTACK;1;1001;0;10
[ 27.11.2010 19:52:31 ]: [   >>>   ] [ 0  (0) ]: ATTACK;1;1001;0;10
[ 27.11.2010 19:52:32 ]: [   >>>   ] [ 0  (0) ]: ATTACK;1;1001;0;10
[ 27.11.2010 19:52:33 ]: [   >>>   ] [ 0  (0) ]: ATTACK;1;1001;0;10
[ 27.11.2010 19:52:34 ]: [   >>>   ] [ 0  (0) ]: ATTACK;1;1001;0;10
[ 27.11.2010 19:52:35 ]: [   >>>   ] [ 0  (0) ]: ATTACK;1;1001;0;10
[ 27.11.2010 19:52:36 ]: [   >>>   ] [ 0  (0) ]: ATTACK;1;1001;0;10
[ 27.11.2010 19:52:37 ]: [   >>>   ] [ 0  (0) ]: ATTACK;1;1001;0;10
[ 27.11.2010 19:52:38 ]: [   >>>   ] [ 0  (0) ]: ATTACK;1;1001;0;10
[ 27.11.2010 19:52:39 ]: [   >>>   ] [ 0  (0) ]: ATTACK;1;1001;0;10
[ 27.11.2010 19:52:40 ]: [   >>>   ] [ 0  (0) ]: ATTACK;1;1001;0;10
[ 27.11.2010 19:52:41 ]: [   >>>   ] [ 0  (0) ]: ATTACK;1;1001;0;10
[ 27.11.2010 19:52:42 ]: [   >>>   ] [ 0  (0) ]: ATTACK;1;1001;0;10
[ 27.11.2010 19:52:43 ]: [   >>>   ] [ 0  (0) ]: ATTACK;1;1001;0;10
[ 27.11.2010 19:52:44 ]: [   >>>   ] [ 0  (0) ]: ATTACK;1;1001;0;10
[ 27.11.2010 19:52:45 ]: [   >>>   ] [ 0  (0) ]: ATTACK;1;1001;0;10
[ 27.11.2010 19:52:46 ]: [   >>>   ] [ 0  (0) ]: ATTACK;1;1001;0;10
[ 27.11.2010 19:52:47 ]: [   >>>   ] [ 0  (0) ]: ATTACK;1;1001;0;10
[ 27.11.2010 19:52:48 ]: [   >>>   ] [ 0  (0) ]: ATTACK;1;1001;0;10
[ 27.11.2010 19:52:49 ]: [   >>>   ] [ 0  (0) ]: ATTACK;1;1001;0;10
[ 27.11.2010 19:52:50 ]: [   >>>   ] [ 0  (0) ]: ATTACK;1;1001;0;10
[ 27.11.2010 19:52:51 ]: [   >>>   ] [ 0  (0) ]: ATTACK;1;1001;0;10
[ 27.11.2010 19:52:52 ]: [   >>>   ] [ 0  (0) ]: ATTACK;1;1001;0;10
[ 27.11.2010 19:52:53 ]: [   >>>   ] [ 0  (0) ]: ATTACK;1;1001;0;10
[ 27.11.2010 19:52:54 ]: [   >>>   ] [ 0  (0) ]: ATTACK;1;1001;0;10
[ 27.11.2010 19:52:55 ]: [   >>>   ] [ 0  (0) ]: ATTACK;1;1001;0;10
[ 27.11.2010 19:52:56 ]: [   >>>   ] [ 0  (0) ]: ATTACK;1;1001;0;10
[ 27.11.2010 19:52:57 ]: [   >>>   ] [ 0  (0) ]: ATTACK;1;1001;0;10
[ 27.11.2010 19:52:58 ]: [   >>>   ] [ 0  (0) ]: ATTACK;1;1001;0;10
[ 27.11.2010 19:52:59 ]: [   >>>   ] [ 0  (0) ]: ATTACK;1;1001;0;10
[ 27.11.2010 19:53:00 ]: [   >>>   ] [ 0  (0) ]: ATTACK;1;1001;0;10
[ 27.11.2010 19:53:01 ]: [   >>>   ] [ 0  (0) ]: ATTACK;1;1001;0;10
[ 27.11.2010 19:53:02 ]: [   >>>   ] [ 0  (0) ]: ATTACK;1;1001;0;10
[ 27.11.2010 19:53:03 ]: [   >>>   ] [ 0  (0) ]: ATTACK;1;1001;0;10
[ 27.11.2010 19:53:04 ]: [   >>>   ] [ 0  (0) ]: ATTACK;1;1001;0;10
[ 27.11.2010 19:53:05 ]: [   >>>   ] [ 0  (0) ]: ATTACK;1;1001;0;10
[ 27.11.2010 19:53:06 ]: [   >>>   ] [ 0  (0) ]: ATTACK;1;1001;0;10
[ 27.11.2010 19:53:07 ]: [   >>>   ] [ 0  (0) ]: ATTACK;1;1001;0;10
[ 27.11.2010 19:53:08 ]: [   >>>   ] [ 0  (0) ]: ATTACK;1;1001;0;10
[ 27.11.2010 19:53:09 ]: [   >>>   ] [ 0  (0) ]: ATTACK;1;1001;0;10
[ 27.11.2010 19:53:10 ]: [   >>>   ] [ 0  (0) ]: ATTACK;1;1001;0;10
[ 27.11.2010 19:53:11 ]: [   >>>   ] [ 0  (0) ]: ATTACK;1;1001;0;10
[ 27.11.2010 19:53:12 ]: [   >>>   ] [ 0  (0) ]: ATTACK;1;1001;0;10
[ 27.11.2010 19:53:13 ]: [   >>>   ] [ 0  (0) ]: ATTACK;1;1001;0;10
[ 27.11.2010 19:53:14 ]: [   >>>   ] [ 0  (0) ]: ATTACK;1;1001;0;10
[ 27.11.2010 19:53:15 ]: [   >>>   ] [ 0  (0) ]: ATTACK;1;1001;0;10
[ 27.11.2010 19:53:16 ]: [   >>>   ] [ 0  (0) ]: ATTACK;1;1001;0;10
[ 27.11.2010 19:53:17 ]: [   >>>   ] [ 0  (0) ]: ATTACK;1;1001;0;10
[ 27.11.2010 19:53:18 ]: [   >>>   ] [ 0  (0) ]: ATTACK;1;1001;0;10
[ 27.11.2010 19:53:19 ]: [   >>>   ] [ 0  (0) ]: ATTACK;1;1001;0;10
[ 27.11.2010 19:53:20 ]: [   >>>   ] [ 0  (0) ]: ATTACK;1;1001;0;10
[ 27.11.2010 19:53:21 ]: [   >>>   ] [ 0  (0) ]: ATTACK;1;1001;0;10
[ 27.11.2010 19:53:22 ]: [   >>>   ] [ 0  (0) ]: ATTACK;1;1001;0;10
[ 27.11.2010 19:53:23 ]: [   >>>   ] [ 0  (0) ]: ATTACK;1;1001;0;10
[ 27.11.2010 19:53:24 ]: [   >>>   ] [ 0  (0) ]: ATTACK;1;1001;0;10
[ 27.11.2010 19:53:25 ]: [   >>>   ] [ 0  (0) ]: ATTACK;1;1001;0;10
[ 27.11.2010 19:53:26 ]: [   >>>   ] [ 0  (0) ]: ATTACK;1;1001;0;10
[ 27.11.2010 19:53:27 ]: [   >>>   ] [ 0  (0) ]: ATTACK;1;1001;0;10
[ 27.11.2010 19:53:28 ]: [   >>>   ] [ 0  (0) ]: ATTACK;1;1001;0;10
[ 27.11.2010 19:53:29 ]: [   >>>   ] [ 0  (0) ]: ATTACK;1;1001;0;10
[ 27.11.2010 19:53:30 ]: [   >>>   ] [ 0  (0) ]: ATTACK;1;1001;0;10
[ 27.11.2010 19:53:31 ]: [   >>>   ] [ 0  (0) ]: ATTACK;1;1001;0;10
[ 27.11.2010 19:53:32 ]: [   >>>   ] [ 0  (0) ]: ATTACK;1;1001;0;10
[ 27.11.2010 19:53:33 ]: [   >>>   ] [ 0  (0) ]: ATTACK;1;1001;0;10
[ 27.11.2010 19:53:34 ]: [   >>>   ] [ 0  (0) ]: ATTACK;1;1001;0;10
[ 27.11.2010 19:53:35 ]: [   >>>   ] [ 0  (0) ]: ATTACK;1;1001;0;10
[ 27.11.2010 19:53:36 ]: [   >>>   ] [ 0  (0) ]: ATTACK;1;1001;0;10
[ 27.11.2010 19:53:37 ]: [   >>>   ] [ 0  (0) ]: ATTACK;1;1001;0;10
[ 27.11.2010 19:53:38 ]: [   >>>   ] [ 0  (0) ]: ATTACK;1;1001;0;10
[ 27.11.2010 19:53:39 ]: [   >>>   ] [ 0  (0) ]: ATTACK;1;1001;0;10
[ 27.11.2010 19:53:40 ]: [   >>>   ] [ 0  (0) ]: ATTACK;1;1001;0;10
[ 27.11.2010 19:53:41 ]: [   >>>   ] [ 0  (0) ]: ATTACK;1;1001;0;10
[ 27.11.2010 19:53:42 ]: [   >>>   ] [ 0  (0) ]: ATTACK;1;1001;0;10
[ 27.11.2010 19:53:43 ]: [   >>>   ] [ 0  (0) ]: ATTACK;1;1001;0;10
[ 27.11.2010 19:53:44 ]: [   >>>   ] [ 0  (0) ]: ATTACK;1;1001;0;10
[ 27.11.2010 19:53:45 ]: [   >>>   ] [ 0  (0) ]: ATTACK;1;1001;0;10
[ 27.11.2010 19:53:46 ]: [   >>>   ] [ 0  (0) ]: ATTACK;1;1001;0;10
[ 27.11.2010 19:53:47 ]: [   >>>   ] [ 0  (0) ]: ATTACK;1;1001;0;10
[ 27.11.2010 19:53:48 ]: [   >>>   ] [ 0  (0) ]: ATTACK;1;1001;0;10
[ 27.11.2010 19:53:49 ]: [   >>>   ] [ 0  (0) ]: ATTACK;1;1001;0;10
[ 27.11.2010 19:53:50 ]: [   >>>   ] [ 0  (0) ]: ATTACK;1;1001;0;10
[ 27.11.2010 19:53:51 ]: [   >>>   ] [ 0  (0) ]: ATTACK;1;1001;0;10
[ 27.11.2010 19:53:52 ]: [   >>>   ] [ 0  (0) ]: ATTACK;1;1001;0;10
[ 27.11.2010 19:53:53 ]: [   >>>   ] [ 0  (0) ]: ATTACK;1;1001;0;10
[ 27.11.2010 19:53:54 ]: [   >>>   ] [ 0  (0) ]: ATTACK;1;1001;0;10
[ 27.11.2010 19:53:55 ]: [   >>>   ] [ 0  (0) ]: ATTACK;1;1001;0;10
[ 27.11.2010 19:53:56 ]: [   >>>   ] [ 0  (0) ]: ATTACK;1;1001;0;10
[ 27.11.2010 19:53:57 ]: [   >>>   ] [ 0  (0) ]: ATTACK;1;1001;0;10
[ 27.11.2010 19:53:58 ]: [   >>>   ] [ 0  (0) ]: ATTACK;1;1001;0;10
[ 27.11.2010 19:53:59 ]: [   >>>   ] [ 0  (0) ]: ATTACK;1;1001;0;10
[ 27.11.2010 19:54:00 ]: [   >>>   ] [ 0  (0) ]: ATTACK;1;1001;0;10
[ 27.11.2010 19:54:01 ]: [   >>>   ] [ 0  (0) ]: ATTACK;1;1001;0;10
[ 27.11.2010 19:54:02 ]: [   >>>   ] [ 0  (0) ]: ATTACK;1;1001;0;10
[ 27.11.2010 19:54:03 ]: [   >>>   ] [ 0  (0) ]: ATTACK;1;1001;0;10
[ 27.11.2010 19:54:04 ]: [   >>>   ] [ 0  (0) ]: ATTACK;1;1001;0;10
[ 27.11.2010 19:54:05 ]: [   >>>   ] [ 0  (0) ]: ATTACK;1;1001;0;10
[ 27.11.2010 19:54:06 ]: [   >>>   ] [ 0  (0) ]: ATTACK;1;1001;0;10
[ 27.11.2010 19:54:07 ]: [   >>>   ] [ 0  (0) ]: ATTACK;1;1001;0;10
[ 27.11.2010 19:54:08 ]: [   >>>   ] [ 0  (0) ]: ATTACK;1;1001;0;10
[ 27.11.2010 19:54:09 ]: [   >>>   ] [ 0  (0) ]: ATTACK;1;1001;0;10
[ 27.11.2010 19:54:10 ]: [   >>>   ] [ 0  (0) ]: ATTACK;1;1001;0;10
[ 27.11.2010 19:54:11 ]: [   >>>   ] [ 0  (0) ]: ATTACK;1;1001;0;10
[ 27.11.2010 19:54:12 ]: [   >>>   ] [ 0  (0) ]: ATTACK;1;1001;0;10
[ 27.11.2010 19:54:13 ]: [   >>>   ] [ 0  (0) ]: ATTACK;1;1001;0;10
[ 27.11.2010 19:54:14 ]: [   >>>   ] [ 0  (0) ]: ATTACK;1;1001;0;10
[ 27.11.2010 19:54:15 ]: [   >>>   ] [ 0  (0) ]: ATTACK;1;1001;0;10
[ 27.11.2010 19:54:16 ]: [   >>>   ] [ 0  (0) ]: ATTACK;1;1001;0;10
[ 27.11.2010 19:54:17 ]: [   >>>   ] [ 0  (0) ]: ATTACK;1;1001;0;10
[ 27.11.2010 19:54:18 ]: [   >>>   ] [ 0  (0) ]: ATTACK;1;1001;0;10
[ 27.11.2010 19:54:19 ]: [   >>>   ] [ 0  (0) ]: ATTACK;1;1001;0;10
[ 27.11.2010 19:54:20 ]: [   >>>   ] [ 0  (0) ]: ATTACK;1;1001;0;10
[ 27.11.2010 19:54:21 ]: [   >>>   ] [ 0  (0) ]: ATTACK;1;1001;0;10
[ 27.11.2010 19:54:22 ]: [   >>>   ] [ 0  (0) ]: ATTACK;1;1001;0;10
[ 27.11.2010 19:54:23 ]: [   >>>   ] [ 0  (0) ]: ATTACK;1;1001;0;10
[ 27.11.2010 19:54:24 ]: [   >>>   ] [ 0  (0) ]: ATTACK;1;1001;0;10
[ 27.11.2010 19:54:25 ]: [   >>>   ] [ 0  (0) ]: ATTACK;1;1001;0;10
[ 27.11.2010 19:54:26 ]: [   >>>   ] [ 0  (0) ]: ATTACK;1;1001;0;10
[ 27.11.2010 19:54:27 ]: [   >>>   ] [ 0  (0) ]: ATTACK;1;1001;0;10
[ 27.11.2010 19:54:28 ]: [   >>>   ] [ 0  (0) ]: ATTACK;1;1001;0;10
[ 27.11.2010 19:54:29 ]: [   >>>   ] [ 0  (0) ]: ATTACK;1;1001;0;10
[ 27.11.2010 19:54:30 ]: [   >>>   ] [ 0  (0) ]: ATTACK;1;1001;0;10
[ 27.11.2010 19:54:31 ]: [   >>>   ] [ 0  (0) ]: ATTACK;1;1001;0;10
[ 27.11.2010 19:54:32 ]: [   >>>   ] [ 0  (0) ]: ATTACK;1;1001;0;10
[ 27.11.2010 19:54:33 ]: [   >>>   ] [ 0  (0) ]: ATTACK;1;1001;0;10
[ 27.11.2010 19:54:34 ]: [   >>>   ] [ 0  (0) ]: ATTACK;1;1001;0;10
[ 27.11.2010 19:54:35 ]: [   >>>   ] [ 0  (0) ]: ATTACK;1;1001;0;10
[ 27.11.2010 19:54:36 ]: [   >>>   ] [ 0  (0) ]: ATTACK;1;1001;0;10
[ 27.11.2010 19:54:37 ]: [   >>>   ] [ 0  (0) ]: ATTACK;1;1001;0;10
[ 27.11.2010 19:54:38 ]: [   >>>   ] [ 0  (0) ]: ATTACK;1;1001;0;10
[ 27.11.2010 19:54:39 ]: [   >>>   ] [ 0  (0) ]: ATTACK;1;1001;0;10
[ 27.11.2010 19:54:40 ]: [   >>>   ] [ 0  (0) ]: ATTACK;1;1001;0;10
[ 27.11.2010 19:54:41 ]: [   >>>   ] [ 0  (0) ]: ATTACK;1;1001;0;10
[ 27.11.2010 19:54:42 ]: [   >>>   ] [ 0  (0) ]: ATTACK;1;1001;0;10
[ 27.11.2010 19:54:43 ]: [   >>>   ] [ 0  (0) ]: ATTACK;1;1001;0;10
[ 27.11.2010 19:54:44 ]: [   >>>   ] [ 0  (0) ]: ATTACK;1;1001;0;10
[ 27.11.2010 19:54:45 ]: [   >>>   ] [ 0  (0) ]: ATTACK;1;1001;0;10
[ 27.11.2010 19:54:46 ]: [   >>>   ] [ 0  (0) ]: ATTACK;1;1001;0;10
[ 27.11.2010 19:54:47 ]: [   >>>   ] [ 0  (0) ]: ATTACK;1;1001;0;10
[ 27.11.2010 19:54:48 ]: [   >>>   ] [ 0  (0) ]: ATTACK;1;1001;0;10
[ 27.11.2010 19:54:49 ]: [   >>>   ] [ 0  (0) ]: ATTACK;1;1001;0;10
[ 27.11.2010 19:54:50 ]: [   >>>   ] [ 0  (0) ]: ATTACK;1;1001;0;10
[ 27.11.2010 19:54:51 ]: [   >>>   ] [ 0  (0) ]: ATTACK;1;1001;0;10
[ 27.11.2010 19:54:52 ]: [   >>>   ] [ 0  (0) ]: ATTACK;1;1001;0;10
[ 27.11.2010 19:54:53 ]: [   >>>   ] [ 0  (0) ]: ATTACK;1;1001;0;10
[ 27.11.2010 19:54:54 ]: [   >>>   ] [ 0  (0) ]: ATTACK;1;1001;0;10
[ 27.11.2010 19:54:55 ]: [   >>>   ] [ 0  (0) ]: ATTACK;1;1001;0;10
[ 27.11.2010 19:54:56 ]: [   >>>   ] [ 0  (0) ]: ATTACK;1;1001;0;10
[ 27.11.2010 19:54:57 ]: [   >>>   ] [ 0  (0) ]: ATTACK;1;1001;0;10
[ 27.11.2010 19:54:58 ]: [   >>>   ] [ 0  (0) ]: ATTACK;1;1001;0;10
[ 27.11.2010 19:54:59 ]: [   >>>   ] [ 0  (0) ]: ATTACK;1;1001;0;10
[ 27.11.2010 19:55:00 ]: [   >>>   ] [ 0  (0) ]: ATTACK;1;1001;0;10
[ 27.11.2010 19:55:01 ]: [   >>>   ] [ 0  (0) ]: ATTACK;1;1001;0;10
[ 27.11.2010 19:55:02 ]: [   >>>   ] [ 0  (0) ]: ATTACK;1;1001;0;10
[ 27.11.2010 19:55:03 ]: [   >>>   ] [ 0  (0) ]: ATTACK;1;1001;0;10
[ 27.11.2010 19:55:04 ]: [   >>>   ] [ 0  (0) ]: ATTACK;1;1001;0;10
[ 27.11.2010 19:55:05 ]: [   >>>   ] [ 0  (0) ]: ATTACK;1;1001;0;10
[ 27.11.2010 19:55:06 ]: [   >>>   ] [ 0  (0) ]: ATTACK;1;1001;0;10
[ 27.11.2010 19:55:07 ]: [   >>>   ] [ 0  (0) ]: ATTACK;1;1001;0;10
[ 27.11.2010 19:55:08 ]: [   >>>   ] [ 0  (0) ]: ATTACK;1;1001;0;10
[ 27.11.2010 19:55:09 ]: [   >>>   ] [ 0  (0) ]: ATTACK;1;1001;0;10
[ 27.11.2010 19:55:10 ]: [   >>>   ] [ 0  (0) ]: ATTACK;1;1001;0;10
[ 27.11.2010 19:55:11 ]: [   >>>   ] [ 0  (0) ]: ATTACK;1;1001;0;10
[ 27.11.2010 19:55:12 ]: [   >>>   ] [ 0  (0) ]: ATTACK;1;1001;0;10
[ 27.11.2010 19:55:13 ]: [   >>>   ] [ 0  (0) ]: ATTACK;1;1001;0;10
[ 27.11.2010 19:55:14 ]: [   >>>   ] [ 0  (0) ]: ATTACK;1;1001;0;10
[ 27.11.2010 19:55:15 ]: [   >>>   ] [ 0  (0) ]: ATTACK;1;1001;0;10
[ 27.11.2010 19:55:16 ]: [   >>>   ] [ 0  (0) ]: ATTACK;1;1001;0;10
[ 27.11.2010 19:55:17 ]: [   >>>   ] [ 0  (0) ]: ATTACK;1;1001;0;10
[ 27.11.2010 19:55:18 ]: [   >>>   ] [ 0  (0) ]: ATTACK;1;1001;0;10
[ 27.11.2010 19:55:19 ]: [   >>>   ] [ 0  (0) ]: ATTACK;1;1001;0;10
[ 27.11.2010 19:55:20 ]: [   >>>   ] [ 0  (0) ]: ATTACK;1;1001;0;10
[ 27.11.2010 19:55:21 ]: [   >>>   ] [ 0  (0) ]: ATTACK;1;1001;0;10
[ 27.11.2010 19:55:22 ]: [   >>>   ] [ 0  (0) ]: ATTACK;1;1001;0;10
[ 27.11.2010 19:55:23 ]: [   >>>   ] [ 0  (0) ]: ATTACK;1;1001;0;10
[ 27.11.2010 19:55:24 ]: [   >>>   ] [ 0  (0) ]: ATTACK;1;1001;0;10
[ 27.11.2010 19:55:25 ]: [   >>>   ] [ 0  (0) ]: ATTACK;1;1001;0;10
[ 27.11.2010 19:55:26 ]: [   >>>   ] [ 0  (0) ]: ATTACK;1;1001;0;10
[ 27.11.2010 19:55:27 ]: [   >>>   ] [ 0  (0) ]: ATTACK;1;1001;0;10
[ 27.11.2010 19:55:28 ]: [   >>>   ] [ 0  (0) ]: ATTACK;1;1001;0;10
[ 27.11.2010 19:55:29 ]: [   >>>   ] [ 0  (0) ]: ATTACK;1;1001;0;10
[ 27.11.2010 19:55:30 ]: [   >>>   ] [ 0  (0) ]: ATTACK;1;1001;0;10
[ 27.11.2010 19:55:31 ]: [   >>>   ] [ 0  (0) ]: ATTACK;1;1001;0;10
[ 27.11.2010 19:55:32 ]: [   >>>   ] [ 0  (0) ]: ATTACK;1;1001;0;10
[ 27.11.2010 19:55:33 ]: [   >>>   ] [ 0  (0) ]: ATTACK;1;1001;0;10
[ 27.11.2010 19:55:34 ]: [   >>>   ] [ 0  (0) ]: ATTACK;1;1001;0;10
[ 27.11.2010 19:55:35 ]: [   >>>   ] [ 0  (0) ]: ATTACK;1;1001;0;10
[ 27.11.2010 19:55:36 ]: [   >>>   ] [ 0  (0) ]: ATTACK;1;1001;0;10
[ 27.11.2010 19:55:37 ]: [   >>>   ] [ 0  (0) ]: ATTACK;1;1001;0;10
[ 27.11.2010 19:55:38 ]: [   >>>   ] [ 0  (0) ]: ATTACK;1;1001;0;10
[ 27.11.2010 19:55:39 ]: [   >>>   ] [ 0  (0) ]: ATTACK;1;1001;0;10
[ 27.11.2010 19:55:40 ]: [   >>>   ] [ 0  (0) ]: ATTACK;1;1001;0;10
[ 27.11.2010 19:55:41 ]: [   >>>   ] [ 0  (0) ]: ATTACK;1;1001;0;10
[ 27.11.2010 19:55:42 ]: [   >>>   ] [ 0  (0) ]: ATTACK;1;1001;0;10
[ 27.11.2010 19:55:43 ]: [   >>>   ] [ 0  (0) ]: ATTACK;1;1001;0;10
[ 27.11.2010 19:55:44 ]: [   >>>   ] [ 0  (0) ]: ATTACK;1;1001;0;10
[ 27.11.2010 19:55:45 ]: [   >>>   ] [ 0  (0) ]: ATTACK;1;1001;0;10
[ 27.11.2010 19:55:46 ]: [   >>>   ] [ 0  (0) ]: ATTACK;1;1001;0;10
[ 27.11.2010 19:55:47 ]: [   >>>   ] [ 0  (0) ]: ATTACK;1;1001;0;10
[ 27.11.2010 19:55:48 ]: [   >>>   ] [ 0  (0) ]: ATTACK;1;1001;0;10
[ 27.11.2010 19:55:49 ]: [   >>>   ] [ 0  (0) ]: ATTACK;1;1001;0;10
[ 27.11.2010 19:55:50 ]: [   >>>   ] [ 0  (0) ]: ATTACK;1;1001;0;10
[ 27.11.2010 19:55:51 ]: [   >>>   ] [ 0  (0) ]: ATTACK;1;1001;0;10
[ 27.11.2010 19:55:52 ]: [   >>>   ] [ 0  (0) ]: ATTACK;1;1001;0;10
[ 27.11.2010 19:55:53 ]: [   >>>   ] [ 0  (0) ]: ATTACK;1;1001;0;10
[ 27.11.2010 19:55:54 ]: [   >>>   ] [ 0  (0) ]: ATTACK;1;1001;0;10
[ 27.11.2010 19:55:55 ]: [   >>>   ] [ 0  (0) ]: ATTACK;1;1001;0;10
[ 27.11.2010 19:55:56 ]: [   >>>   ] [ 0  (0) ]: ATTACK;1;1001;0;10
[ 27.11.2010 19:55:57 ]: [   >>>   ] [ 0  (0) ]: ATTACK;1;1001;0;10
[ 27.11.2010 19:55:58 ]: [   >>>   ] [ 0  (0) ]: ATTACK;1;1001;0;10
[ 27.11.2010 19:55:59 ]: [   >>>   ] [ 0  (0) ]: ATTACK;1;1001;0;10
[ 27.11.2010 19:56:00 ]: [   >>>   ] [ 0  (0) ]: ATTACK;1;1001;0;10
[ 27.11.2010 19:56:01 ]: [   >>>   ] [ 0  (0) ]: ATTACK;1;1001;0;10
[ 27.11.2010 19:56:02 ]: [   >>>   ] [ 0  (0) ]: ATTACK;1;1001;0;10
[ 27.11.2010 19:56:03 ]: [   >>>   ] [ 0  (0) ]: ATTACK;1;1001;0;10
[ 27.11.2010 19:56:04 ]: [   >>>   ] [ 0  (0) ]: ATTACK;1;1001;0;10
[ 27.11.2010 19:56:05 ]: [   >>>   ] [ 0  (0) ]: ATTACK;1;1001;0;10
[ 27.11.2010 19:56:06 ]: [   >>>   ] [ 0  (0) ]: ATTACK;1;1001;0;10
[ 27.11.2010 19:56:07 ]: [   >>>   ] [ 0  (0) ]: ATTACK;1;1001;0;10
[ 27.11.2010 19:56:08 ]: [   >>>   ] [ 0  (0) ]: ATTACK;1;1001;0;10
[ 27.11.2010 19:56:09 ]: [   >>>   ] [ 0  (0) ]: ATTACK;1;1001;0;10
[ 27.11.2010 19:56:10 ]: [   >>>   ] [ 0  (0) ]: ATTACK;1;1001;0;10
[ 27.11.2010 19:56:11 ]: [   >>>   ] [ 0  (0) ]: ATTACK;1;1001;0;10
[ 27.11.2010 19:56:12 ]: [   >>>   ] [ 0  (0) ]: ATTACK;1;1001;0;10
[ 27.11.2010 19:56:13 ]: [   >>>   ] [ 0  (0) ]: ATTACK;1;1001;0;10
[ 27.11.2010 19:56:14 ]: [   >>>   ] [ 0  (0) ]: ATTACK;1;1001;0;10
[ 27.11.2010 19:56:15 ]: [   >>>   ] [ 0  (0) ]: ATTACK;1;1001;0;10
[ 27.11.2010 19:56:16 ]: [   >>>   ] [ 0  (0) ]: ATTACK;1;1001;0;10
[ 27.11.2010 19:56:17 ]: [   >>>   ] [ 0  (0) ]: ATTACK;1;1001;0;10
[ 27.11.2010 19:56:18 ]: [   >>>   ] [ 0  (0) ]: ATTACK;1;1001;0;10
[ 27.11.2010 19:56:19 ]: [   >>>   ] [ 0  (0) ]: ATTACK;1;1001;0;10
[ 27.11.2010 19:56:20 ]: [   >>>   ] [ 0  (0) ]: ATTACK;1;1001;0;10
[ 27.11.2010 19:56:21 ]: [   >>>   ] [ 0  (0) ]: ATTACK;1;1001;0;10
[ 27.11.2010 19:56:22 ]: [   >>>   ] [ 0  (0) ]: ATTACK;1;1001;0;10
[ 27.11.2010 19:56:23 ]: [   >>>   ] [ 0  (0) ]: ATTACK;1;1001;0;10
[ 27.11.2010 19:56:24 ]: [   >>>   ] [ 0  (0) ]: ATTACK;1;1001;0;10
[ 27.11.2010 19:56:25 ]: [   >>>   ] [ 0  (0) ]: ATTACK;1;1001;0;10
[ 27.11.2010 19:56:26 ]: [   >>>   ] [ 0  (0) ]: ATTACK;1;1001;0;10
[ 27.11.2010 19:56:27 ]: [   >>>   ] [ 0  (0) ]: ATTACK;1;1001;0;10
[ 27.11.2010 19:56:28 ]: [   >>>   ] [ 0  (0) ]: ATTACK;1;1001;0;10
[ 27.11.2010 19:56:29 ]: [   >>>   ] [ 0  (0) ]: ATTACK;1;1001;0;10
[ 27.11.2010 19:56:30 ]: [   >>>   ] [ 0  (0) ]: ATTACK;1;1001;0;10
[ 27.11.2010 19:56:31 ]: [   >>>   ] [ 0  (0) ]: ATTACK;1;1001;0;10
[ 27.11.2010 19:56:32 ]: [   >>>   ] [ 0  (0) ]: ATTACK;1;1001;0;10
[ 27.11.2010 19:56:33 ]: [   >>>   ] [ 0  (0) ]: ATTACK;1;1001;0;10
[ 27.11.2010 19:56:34 ]: [   >>>   ] [ 0  (0) ]: ATTACK;1;1001;0;10
[ 27.11.2010 19:56:35 ]: [   >>>   ] [ 0  (0) ]: ATTACK;1;1001;0;10
[ 27.11.2010 19:56:36 ]: [   >>>   ] [ 0  (0) ]: ATTACK;1;1001;0;10
[ 27.11.2010 19:56:37 ]: [   >>>   ] [ 0  (0) ]: ATTACK;1;1001;0;10
[ 27.11.2010 19:56:38 ]: [   >>>   ] [ 0  (0) ]: ATTACK;1;1001;0;10
[ 27.11.2010 19:56:39 ]: [   >>>   ] [ 0  (0) ]: ATTACK;1;1001;0;10
[ 27.11.2010 19:56:40 ]: [   >>>   ] [ 0  (0) ]: ATTACK;1;1001;0;10
[ 27.11.2010 19:56:41 ]: [   >>>   ] [ 0  (0) ]: ATTACK;1;1001;0;10
[ 27.11.2010 19:56:42 ]: [   >>>   ] [ 0  (0) ]: ATTACK;1;1001;0;10
[ 27.11.2010 19:56:43 ]: [   >>>   ] [ 0  (0) ]: ATTACK;1;1001;0;10
[ 27.11.2010 19:56:44 ]: [   >>>   ] [ 0  (0) ]: ATTACK;1;1001;0;10
[ 27.11.2010 19:56:45 ]: [   >>>   ] [ 0  (0) ]: ATTACK;1;1001;0;10
[ 27.11.2010 19:56:46 ]: [   >>>   ] [ 0  (0) ]: ATTACK;1;1001;0;10
[ 27.11.2010 19:56:47 ]: [   >>>   ] [ 0  (0) ]: ATTACK;1;1001;0;10
[ 27.11.2010 19:56:48 ]: [   >>>   ] [ 0  (0) ]: ATTACK;1;1001;0;10
[ 27.11.2010 19:56:49 ]: [   >>>   ] [ 0  (0) ]: ATTACK;1;1001;0;10
[ 27.11.2010 19:56:50 ]: [   >>>   ] [ 0  (0) ]: ATTACK;1;1001;0;10
[ 27.11.2010 19:56:51 ]: [   >>>   ] [ 0  (0) ]: ATTACK;1;1001;0;10
[ 27.11.2010 19:56:52 ]: [   >>>   ] [ 0  (0) ]: ATTACK;1;1001;0;10
[ 27.11.2010 19:56:53 ]: [   >>>   ] [ 0  (0) ]: ATTACK;1;1001;0;10
[ 27.11.2010 19:56:54 ]: [   >>>   ] [ 0  (0) ]: ATTACK;1;1001;0;10
[ 27.11.2010 19:56:55 ]: [   >>>   ] [ 0  (0) ]: ATTACK;1;1001;0;10
[ 27.11.2010 19:56:56 ]: [   >>>   ] [ 0  (0) ]: ATTACK;1;1001;0;10
[ 27.11.2010 19:56:57 ]: [   >>>   ] [ 0  (0) ]: ATTACK;1;1001;0;10
[ 27.11.2010 19:56:58 ]: [   >>>   ] [ 0  (0) ]: ATTACK;1;1001;0;10
[ 27.11.2010 19:56:59 ]: [   >>>   ] [ 0  (0) ]: ATTACK;1;1001;0;10
[ 27.11.2010 19:57:00 ]: [   >>>   ] [ 0  (0) ]: ATTACK;1;1001;0;10
[ 27.11.2010 19:57:01 ]: [   >>>   ] [ 0  (0) ]: ATTACK;1;1001;0;10
[ 27.11.2010 19:57:02 ]: [   >>>   ] [ 0  (0) ]: ATTACK;1;1001;0;10
[ 27.11.2010 19:57:03 ]: [   >>>   ] [ 0  (0) ]: ATTACK;1;1001;0;10
[ 27.11.2010 19:57:04 ]: [   >>>   ] [ 0  (0) ]: ATTACK;1;1001;0;10
[ 27.11.2010 19:57:05 ]: [   >>>   ] [ 0  (0) ]: ATTACK;1;1001;0;10
[ 27.11.2010 19:57:06 ]: [   >>>   ] [ 0  (0) ]: ATTACK;1;1001;0;10
[ 27.11.2010 19:57:07 ]: [   >>>   ] [ 0  (0) ]: ATTACK;1;1001;0;10
[ 27.11.2010 19:57:08 ]: [   >>>   ] [ 0  (0) ]: ATTACK;1;1001;0;10
[ 27.11.2010 19:57:09 ]: [   >>>   ] [ 0  (0) ]: ATTACK;1;1001;0;10
[ 27.11.2010 19:57:10 ]: [   >>>   ] [ 0  (0) ]: ATTACK;1;1001;0;10
[ 27.11.2010 19:57:11 ]: [   >>>   ] [ 0  (0) ]: ATTACK;1;1001;0;10
[ 27.11.2010 19:57:12 ]: [   >>>   ] [ 0  (0) ]: ATTACK;1;1001;0;10
[ 27.11.2010 19:57:13 ]: [   >>>   ] [ 0  (0) ]: ATTACK;1;1001;0;10
[ 27.11.2010 19:57:14 ]: [   >>>   ] [ 0  (0) ]: ATTACK;1;1001;0;10
[ 27.11.2010 19:57:15 ]: [   >>>   ] [ 0  (0) ]: ATTACK;1;1001;0;10
[ 27.11.2010 19:57:16 ]: [   >>>   ] [ 0  (0) ]: ATTACK;1;1001;0;10
[ 27.11.2010 19:57:17 ]: [   >>>   ] [ 0  (0) ]: ATTACK;1;1001;0;10
[ 27.11.2010 19:57:18 ]: [   >>>   ] [ 0  (0) ]: ATTACK;1;1001;0;10
[ 27.11.2010 19:57:19 ]: [   >>>   ] [ 0  (0) ]: ATTACK;1;1001;0;10
[ 27.11.2010 19:57:20 ]: [   >>>   ] [ 0  (0) ]: ATTACK;1;1001;0;10
[ 27.11.2010 19:57:21 ]: [   >>>   ] [ 0  (0) ]: ATTACK;1;1001;0;10
[ 27.11.2010 19:57:22 ]: [   >>>   ] [ 0  (0) ]: ATTACK;1;1001;0;10
[ 27.11.2010 19:57:23 ]: [   >>>   ] [ 0  (0) ]: ATTACK;1;1001;0;10
[ 27.11.2010 19:57:24 ]: [   >>>   ] [ 0  (0) ]: ATTACK;1;1001;0;10
[ 27.11.2010 19:57:25 ]: [   >>>   ] [ 0  (0) ]: ATTACK;1;1001;0;10
[ 27.11.2010 19:57:26 ]: [   >>>   ] [ 0  (0) ]: ATTACK;1;1001;0;10
[ 27.11.2010 19:57:27 ]: [   >>>   ] [ 0  (0) ]: ATTACK;1;1001;0;10
[ 27.11.2010 19:57:28 ]: [   >>>   ] [ 0  (0) ]: ATTACK;1;1001;0;10
[ 27.11.2010 19:57:29 ]: [   >>>   ] [ 0  (0) ]: ATTACK;1;1001;0;10
[ 27.11.2010 19:57:30 ]: [   >>>   ] [ 0  (0) ]: ATTACK;1;1001;0;10
[ 27.11.2010 19:57:31 ]: [   >>>   ] [ 0  (0) ]: ATTACK;1;1001;0;10
[ 27.11.2010 19:57:32 ]: [   >>>   ] [ 0  (0) ]: ATTACK;1;1001;0;10
[ 27.11.2010 19:57:33 ]: [   >>>   ] [ 0  (0) ]: ATTACK;1;1001;0;10
[ 27.11.2010 19:57:34 ]: [   >>>   ] [ 0  (0) ]: ATTACK;1;1001;0;10
[ 27.11.2010 19:57:35 ]: [   >>>   ] [ 0  (0) ]: ATTACK;1;1001;0;10
[ 27.11.2010 19:57:36 ]: [   >>>   ] [ 0  (0) ]: ATTACK;1;1001;0;10
[ 27.11.2010 19:57:37 ]: [   >>>   ] [ 0  (0) ]: ATTACK;1;1001;0;10
[ 27.11.2010 19:57:38 ]: [   >>>   ] [ 0  (0) ]: ATTACK;1;1001;0;10
[ 27.11.2010 19:57:39 ]: [   >>>   ] [ 0  (0) ]: ATTACK;1;1001;0;10
[ 27.11.2010 19:57:40 ]: [   >>>   ] [ 0  (0) ]: ATTACK;1;1001;0;10
[ 27.11.2010 19:57:41 ]: [   >>>   ] [ 0  (0) ]: ATTACK;1;1001;0;10
[ 27.11.2010 19:57:42 ]: [   >>>   ] [ 0  (0) ]: ATTACK;1;1001;0;10
[ 27.11.2010 19:57:43 ]: [   >>>   ] [ 0  (0) ]: ATTACK;1;1001;0;10
[ 27.11.2010 19:57:44 ]: [   >>>   ] [ 0  (0) ]: ATTACK;1;1001;0;10
[ 27.11.2010 19:57:45 ]: [   >>>   ] [ 0  (0) ]: ATTACK;1;1001;0;10
[ 27.11.2010 19:57:46 ]: [   >>>   ] [ 0  (0) ]: ATTACK;1;1001;0;10
[ 27.11.2010 19:57:47 ]: [   >>>   ] [ 0  (0) ]: ATTACK;1;1001;0;10
[ 27.11.2010 19:57:48 ]: [   >>>   ] [ 0  (0) ]: ATTACK;1;1001;0;10
[ 27.11.2010 19:57:49 ]: [   >>>   ] [ 0  (0) ]: ATTACK;1;1001;0;10
[ 27.11.2010 19:57:50 ]: [   >>>   ] [ 0  (0) ]: ATTACK;1;1001;0;10
[ 27.11.2010 19:57:51 ]: [   >>>   ] [ 0  (0) ]: ATTACK;1;1001;0;10
[ 27.11.2010 19:57:52 ]: [   >>>   ] [ 0  (0) ]: ATTACK;1;1001;0;10
[ 27.11.2010 19:57:53 ]: [   >>>   ] [ 0  (0) ]: ATTACK;1;1001;0;10
[ 27.11.2010 19:57:54 ]: [   >>>   ] [ 0  (0) ]: ATTACK;1;1001;0;10
[ 27.11.2010 19:57:55 ]: [   >>>   ] [ 0  (0) ]: ATTACK;1;1001;0;10
[ 27.11.2010 19:57:56 ]: [   >>>   ] [ 0  (0) ]: ATTACK;1;1001;0;10
[ 27.11.2010 19:57:57 ]: [   >>>   ] [ 0  (0) ]: ATTACK;1;1001;0;10
[ 27.11.2010 19:57:58 ]: [   >>>   ] [ 0  (0) ]: ATTACK;1;1001;0;10
[ 27.11.2010 19:57:59 ]: [   >>>   ] [ 0  (0) ]: ATTACK;1;1001;0;10
[ 27.11.2010 19:58:00 ]: [   >>>   ] [ 0  (0) ]: ATTACK;1;1001;0;10
[ 27.11.2010 19:58:01 ]: [   >>>   ] [ 0  (0) ]: ATTACK;1;1001;0;10
[ 27.11.2010 19:58:02 ]: [   >>>   ] [ 0  (0) ]: ATTACK;1;1001;0;10
[ 27.11.2010 19:58:03 ]: [   >>>   ] [ 0  (0) ]: ATTACK;1;1001;0;10
[ 27.11.2010 19:58:04 ]: [   >>>   ] [ 0  (0) ]: ATTACK;1;1001;0;10
[ 27.11.2010 19:58:05 ]: [   >>>   ] [ 0  (0) ]: ATTACK;1;1001;0;10
[ 27.11.2010 19:58:06 ]: [   >>>   ] [ 0  (0) ]: ATTACK;1;1001;0;10
[ 27.11.2010 19:58:07 ]: [   >>>   ] [ 0  (0) ]: ATTACK;1;1001;0;10
[ 27.11.2010 19:58:08 ]: [   >>>   ] [ 0  (0) ]: ATTACK;1;1001;0;10
[ 27.11.2010 19:58:09 ]: [   >>>   ] [ 0  (0) ]: ATTACK;1;1001;0;10
[ 27.11.2010 19:58:10 ]: [   >>>   ] [ 0  (0) ]: ATTACK;1;1001;0;10
[ 27.11.2010 19:58:11 ]: [   >>>   ] [ 0  (0) ]: ATTACK;1;1001;0;10
[ 27.11.2010 19:58:12 ]: [   >>>   ] [ 0  (0) ]: ATTACK;1;1001;0;10
[ 27.11.2010 19:58:13 ]: [   >>>   ] [ 0  (0) ]: ATTACK;1;1001;0;10
[ 27.11.2010 19:58:14 ]: [   >>>   ] [ 0  (0) ]: ATTACK;1;1001;0;10
[ 27.11.2010 19:58:15 ]: [   >>>   ] [ 0  (0) ]: ATTACK;1;1001;0;10
[ 27.11.2010 19:58:16 ]: [   >>>   ] [ 0  (0) ]: ATTACK;1;1001;0;10
[ 27.11.2010 19:58:17 ]: [   >>>   ] [ 0  (0) ]: ATTACK;1;1001;0;10
[ 27.11.2010 19:58:18 ]: [   >>>   ] [ 0  (0) ]: ATTACK;1;1001;0;10
[ 27.11.2010 19:58:19 ]: [   >>>   ] [ 0  (0) ]: ATTACK;1;1001;0;10
[ 27.11.2010 19:58:20 ]: [   >>>   ] [ 0  (0) ]: ATTACK;1;1001;0;10
[ 27.11.2010 19:58:21 ]: [   >>>   ] [ 0  (0) ]: ATTACK;1;1001;0;10
[ 27.11.2010 19:58:22 ]: [   >>>   ] [ 0  (0) ]: ATTACK;1;1001;0;10
[ 27.11.2010 19:58:23 ]: [   >>>   ] [ 0  (0) ]: ATTACK;1;1001;0;10
[ 27.11.2010 19:58:24 ]: [   >>>   ] [ 0  (0) ]: ATTACK;1;1001;0;10
[ 27.11.2010 19:58:25 ]: [   >>>   ] [ 0  (0) ]: ATTACK;1;1001;0;10
[ 27.11.2010 19:58:26 ]: [   >>>   ] [ 0  (0) ]: ATTACK;1;1001;0;10
[ 27.11.2010 19:58:27 ]: [   >>>   ] [ 0  (0) ]: ATTACK;1;1001;0;10
[ 27.11.2010 19:58:28 ]: [   >>>   ] [ 0  (0) ]: ATTACK;1;1001;0;10
[ 27.11.2010 19:58:29 ]: [   >>>   ] [ 0  (0) ]: ATTACK;1;1001;0;10
[ 27.11.2010 19:58:30 ]: [   >>>   ] [ 0  (0) ]: ATTACK;1;1001;0;10
[ 27.11.2010 19:58:31 ]: [   >>>   ] [ 0  (0) ]: ATTACK;1;1001;0;10
[ 27.11.2010 19:58:32 ]: [   >>>   ] [ 0  (0) ]: ATTACK;1;1001;0;10
[ 27.11.2010 19:58:33 ]: [   >>>   ] [ 0  (0) ]: ATTACK;1;1001;0;10
[ 27.11.2010 19:58:34 ]: [   >>>   ] [ 0  (0) ]: ATTACK;1;1001;0;10
[ 27.11.2010 19:58:35 ]: [   >>>   ] [ 0  (0) ]: ATTACK;1;1001;0;10
[ 27.11.2010 19:58:36 ]: [   >>>   ] [ 0  (0) ]: ATTACK;1;1001;0;10
[ 27.11.2010 19:58:37 ]: [   >>>   ] [ 0  (0) ]: ATTACK;1;1001;0;10
[ 27.11.2010 19:58:38 ]: [   >>>   ] [ 0  (0) ]: ATTACK;1;1001;0;10
[ 27.11.2010 19:58:39 ]: [   >>>   ] [ 0  (0) ]: ATTACK;1;1001;0;10
[ 27.11.2010 19:58:40 ]: [   >>>   ] [ 0  (0) ]: ATTACK;1;1001;0;10
[ 27.11.2010 19:58:41 ]: [   >>>   ] [ 0  (0) ]: ATTACK;1;1001;0;10
[ 27.11.2010 19:58:42 ]: [   >>>   ] [ 0  (0) ]: ATTACK;1;1001;0;10
[ 27.11.2010 19:58:43 ]: [   >>>   ] [ 0  (0) ]: ATTACK;1;1001;0;10
[ 27.11.2010 19:58:44 ]: [   >>>   ] [ 0  (0) ]: ATTACK;1;1001;0;10
[ 27.11.2010 19:58:45 ]: [   >>>   ] [ 0  (0) ]: ATTACK;1;1001;0;10
[ 27.11.2010 19:58:46 ]: [   >>>   ] [ 0  (0) ]: ATTACK;1;1001;0;10
[ 27.11.2010 19:58:47 ]: [   >>>   ] [ 0  (0) ]: ATTACK;1;1001;0;10
[ 27.11.2010 19:58:48 ]: [   >>>   ] [ 0  (0) ]: ATTACK;1;1001;0;10
[ 27.11.2010 19:58:49 ]: [   >>>   ] [ 0  (0) ]: ATTACK;1;1001;0;10
[ 27.11.2010 19:58:50 ]: [   >>>   ] [ 0  (0) ]: ATTACK;1;1001;0;10
[ 27.11.2010 19:58:51 ]: [   >>>   ] [ 0  (0) ]: ATTACK;1;1001;0;10
[ 27.11.2010 19:58:52 ]: [   >>>   ] [ 0  (0) ]: ATTACK;1;1001;0;10
[ 27.11.2010 19:58:53 ]: [   >>>   ] [ 0  (0) ]: ATTACK;1;1001;0;10
[ 27.11.2010 19:58:54 ]: [   >>>   ] [ 0  (0) ]: ATTACK;1;1001;0;10
[ 27.11.2010 19:58:55 ]: [   >>>   ] [ 0  (0) ]: ATTACK;1;1001;0;10
[ 27.11.2010 19:58:56 ]: [   >>>   ] [ 0  (0) ]: ATTACK;1;1001;0;10
[ 27.11.2010 19:58:57 ]: [   >>>   ] [ 0  (0) ]: ATTACK;1;1001;0;10
[ 27.11.2010 19:58:58 ]: [   >>>   ] [ 0  (0) ]: ATTACK;1;1001;0;10
[ 27.11.2010 19:58:59 ]: [   >>>   ] [ 0  (0) ]: ATTACK;1;1001;0;10
[ 27.11.2010 19:59:00 ]: [   >>>   ] [ 0  (0) ]: ATTACK;1;1001;0;10
[ 27.11.2010 19:59:01 ]: [   >>>   ] [ 0  (0) ]: ATTACK;1;1001;0;10
[ 27.11.2010 19:59:02 ]: [   >>>   ] [ 0  (0) ]: ATTACK;1;1001;0;10
[ 27.11.2010 19:59:03 ]: [   >>>   ] [ 0  (0) ]: ATTACK;1;1001;0;10
[ 27.11.2010 19:59:04 ]: [   >>>   ] [ 0  (0) ]: ATTACK;1;1001;0;10
[ 27.11.2010 19:59:05 ]: [   >>>   ] [ 0  (0) ]: ATTACK;1;1001;0;10
[ 27.11.2010 19:59:06 ]: [   >>>   ] [ 0  (0) ]: ATTACK;1;1001;0;10
[ 27.11.2010 19:59:07 ]: [   >>>   ] [ 0  (0) ]: ATTACK;1;1001;0;10
[ 27.11.2010 19:59:08 ]: [   >>>   ] [ 0  (0) ]: ATTACK;1;1001;0;10
[ 27.11.2010 19:59:09 ]: [   >>>   ] [ 0  (0) ]: ATTACK;1;1001;0;10
[ 27.11.2010 19:59:10 ]: [   >>>   ] [ 0  (0) ]: ATTACK;1;1001;0;10
[ 27.11.2010 19:59:11 ]: [   >>>   ] [ 0  (0) ]: ATTACK;1;1001;0;10
[ 27.11.2010 19:59:12 ]: [   >>>   ] [ 0  (0) ]: ATTACK;1;1001;0;10
[ 27.11.2010 19:59:13 ]: [   >>>   ] [ 0  (0) ]: ATTACK;1;1001;0;10
[ 27.11.2010 19:59:14 ]: [   >>>   ] [ 0  (0) ]: ATTACK;1;1001;0;10
[ 27.11.2010 19:59:15 ]: [   >>>   ] [ 0  (0) ]: ATTACK;1;1001;0;10
[ 27.11.2010 19:59:16 ]: [   >>>   ] [ 0  (0) ]: ATTACK;1;1001;0;10
[ 27.11.2010 19:59:17 ]: [   >>>   ] [ 0  (0) ]: ATTACK;1;1001;0;10
[ 27.11.2010 19:59:18 ]: [   >>>   ] [ 0  (0) ]: ATTACK;1;1001;0;10
[ 27.11.2010 19:59:19 ]: [   >>>   ] [ 0  (0) ]: ATTACK;1;1001;0;10
[ 27.11.2010 19:59:20 ]: [   >>>   ] [ 0  (0) ]: ATTACK;1;1001;0;10
[ 27.11.2010 19:59:21 ]: [   >>>   ] [ 0  (0) ]: ATTACK;1;1001;0;10
[ 27.11.2010 19:59:22 ]: [   >>>   ] [ 0  (0) ]: ATTACK;1;1001;0;10
[ 27.11.2010 19:59:23 ]: [   >>>   ] [ 0  (0) ]: ATTACK;1;1001;0;10
[ 27.11.2010 19:59:24 ]: [   >>>   ] [ 0  (0) ]: ATTACK;1;1001;0;10
[ 27.11.2010 19:59:25 ]: [   >>>   ] [ 0  (0) ]: ATTACK;1;1001;0;10
[ 27.11.2010 19:59:26 ]: [   >>>   ] [ 0  (0) ]: ATTACK;1;1001;0;10
[ 27.11.2010 19:59:27 ]: [   >>>   ] [ 0  (0) ]: ATTACK;1;1001;0;10
[ 27.11.2010 19:59:28 ]: [   >>>   ] [ 0  (0) ]: ATTACK;1;1001;0;10
[ 27.11.2010 19:59:29 ]: [   >>>   ] [ 0  (0) ]: ATTACK;1;1001;0;10
[ 27.11.2010 19:59:30 ]: [   >>>   ] [ 0  (0) ]: ATTACK;1;1001;0;10
[ 27.11.2010 19:59:31 ]: [   >>>   ] [ 0  (0) ]: ATTACK;1;1001;0;10
[ 27.11.2010 19:59:32 ]: [   >>>   ] [ 0  (0) ]: ATTACK;1;1001;0;10
[ 27.11.2010 19:59:33 ]: [   >>>   ] [ 0  (0) ]: ATTACK;1;1001;0;10
[ 27.11.2010 19:59:34 ]: [   >>>   ] [ 0  (0) ]: ATTACK;1;1001;0;10
[ 27.11.2010 19:59:35 ]: [   >>>   ] [ 0  (0) ]: ATTACK;1;1001;0;10
[ 27.11.2010 19:59:36 ]: [   >>>   ] [ 0  (0) ]: ATTACK;1;1001;0;10
[ 27.11.2010 19:59:37 ]: [   >>>   ] [ 0  (0) ]: ATTACK;1;1001;0;10
[ 27.11.2010 19:59:38 ]: [   >>>   ] [ 0  (0) ]: ATTACK;1;1001;0;10
[ 27.11.2010 19:59:39 ]: [   >>>   ] [ 0  (0) ]: ATTACK;1;1001;0;10
[ 27.11.2010 19:59:40 ]: [   >>>   ] [ 0  (0) ]: ATTACK;1;1001;0;10
[ 27.11.2010 19:59:41 ]: [   >>>   ] [ 0  (0) ]: ATTACK;1;1001;0;10
[ 27.11.2010 19:59:42 ]: [   >>>   ] [ 0  (0) ]: ATTACK;1;1001;0;10
[ 27.11.2010 19:59:43 ]: [   >>>   ] [ 0  (0) ]: ATTACK;1;1001;0;10
[ 27.11.2010 19:59:44 ]: [   >>>   ] [ 0  (0) ]: ATTACK;1;1001;0;10
[ 27.11.2010 19:59:45 ]: [   >>>   ] [ 0  (0) ]: ATTACK;1;1001;0;10
[ 27.11.2010 19:59:46 ]: [   >>>   ] [ 0  (0) ]: ATTACK;1;1001;0;10
[ 27.11.2010 19:59:47 ]: [   >>>   ] [ 0  (0) ]: ATTACK;1;1001;0;10
[ 27.11.2010 19:59:48 ]: [   >>>   ] [ 0  (0) ]: ATTACK;1;1001;0;10
[ 27.11.2010 19:59:49 ]: [   >>>   ] [ 0  (0) ]: ATTACK;1;1001;0;10
[ 27.11.2010 19:59:50 ]: [   >>>   ] [ 0  (0) ]: ATTACK;1;1001;0;10
[ 27.11.2010 19:59:51 ]: [   >>>   ] [ 0  (0) ]: ATTACK;1;1001;0;10
[ 27.11.2010 19:59:52 ]: [   >>>   ] [ 0  (0) ]: ATTACK;1;1001;0;10
[ 27.11.2010 19:59:53 ]: [   >>>   ] [ 0  (0) ]: ATTACK;1;1001;0;10
[ 27.11.2010 19:59:54 ]: [   >>>   ] [ 0  (0) ]: ATTACK;1;1001;0;10
[ 27.11.2010 19:59:55 ]: [   >>>   ] [ 0  (0) ]: ATTACK;1;1001;0;10
[ 27.11.2010 19:59:56 ]: [   >>>   ] [ 0  (0) ]: ATTACK;1;1001;0;10
[ 27.11.2010 19:59:57 ]: [   >>>   ] [ 0  (0) ]: ATTACK;1;1001;0;10
[ 27.11.2010 19:59:58 ]: [   >>>   ] [ 0  (0) ]: ATTACK;1;1001;0;10
[ 27.11.2010 19:59:59 ]: [   >>>   ] [ 0  (0) ]: ATTACK;1;1001;0;10
[ 27.11.2010 20:00:00 ]: [   >>>   ] [ 0  (0) ]: ATTACK;1;1001;0;10
[ 27.11.2010 20:00:01 ]: [   >>>   ] [ 0  (0) ]: ATTACK;1;1001;0;10
[ 27.11.2010 20:00:02 ]: [   >>>   ] [ 0  (0) ]: ATTACK;1;1001;0;10
[ 27.11.2010 20:00:03 ]: [   >>>   ] [ 0  (0) ]: ATTACK;1;1001;0;10
[ 27.11.2010 20:00:04 ]: [   >>>   ] [ 0  (0) ]: ATTACK;1;1001;0;10
[ 27.11.2010 20:00:05 ]: [   >>>   ] [ 0  (0) ]: ATTACK;1;1001;0;10
[ 27.11.2010 20:00:06 ]: [   >>>   ] [ 0  (0) ]: ATTACK;1;1001;0;10
[ 27.11.2010 20:00:07 ]: [   >>>   ] [ 0  (0) ]: ATTACK;1;1001;0;10
[ 27.11.2010 20:00:08 ]: [   >>>   ] [ 0  (0) ]: ATTACK;1;1001;0;10
[ 27.11.2010 20:00:09 ]: [   >>>   ] [ 0  (0) ]: ATTACK;1;1001;0;10
[ 27.11.2010 20:00:10 ]: [   >>>   ] [ 0  (0) ]: ATTACK;1;1001;0;10
[ 27.11.2010 20:00:11 ]: [   >>>   ] [ 0  (0) ]: ATTACK;1;1001;0;10
[ 27.11.2010 20:00:12 ]: [   >>>   ] [ 0  (0) ]: ATTACK;1;1001;0;10
[ 27.11.2010 20:00:13 ]: [   >>>   ] [ 0  (0) ]: ATTACK;1;1001;0;10
[ 27.11.2010 20:00:14 ]: [   >>>   ] [ 0  (0) ]: ATTACK;1;1001;0;10
[ 27.11.2010 20:00:15 ]: [   >>>   ] [ 0  (0) ]: ATTACK;1;1001;0;10
[ 27.11.2010 20:00:16 ]: [   >>>   ] [ 0  (0) ]: ATTACK;1;1001;0;10
[ 27.11.2010 20:00:17 ]: [   >>>   ] [ 0  (0) ]: ATTACK;1;1001;0;10
[ 27.11.2010 20:00:18 ]: [   >>>   ] [ 0  (0) ]: ATTACK;1;1001;0;10
[ 27.11.2010 20:00:19 ]: [   >>>   ] [ 0  (0) ]: ATTACK;1;1001;0;10
[ 27.11.2010 20:00:20 ]: [   >>>   ] [ 0  (0) ]: ATTACK;1;1001;0;10
[ 27.11.2010 20:00:21 ]: [   >>>   ] [ 0  (0) ]: ATTACK;1;1001;0;10
[ 27.11.2010 20:00:22 ]: [   >>>   ] [ 0  (0) ]: ATTACK;1;1001;0;10
[ 27.11.2010 20:00:23 ]: [   >>>   ] [ 0  (0) ]: ATTACK;1;1001;0;10
[ 27.11.2010 20:00:24 ]: [   >>>   ] [ 0  (0) ]: ATTACK;1;1001;0;10
[ 27.11.2010 20:00:25 ]: [   >>>   ] [ 0  (0) ]: ATTACK;1;1001;0;10
[ 27.11.2010 20:00:26 ]: [   >>>   ] [ 0  (0) ]: ATTACK;1;1001;0;10
[ 27.11.2010 20:00:27 ]: [   >>>   ] [ 0  (0) ]: ATTACK;1;1001;0;10
[ 27.11.2010 20:00:28 ]: [   >>>   ] [ 0  (0) ]: ATTACK;1;1001;0;10
[ 27.11.2010 20:00:29 ]: [   >>>   ] [ 0  (0) ]: ATTACK;1;1001;0;10
[ 27.11.2010 20:00:30 ]: [   >>>   ] [ 0  (0) ]: ATTACK;1;1001;0;10
[ 27.11.2010 20:00:31 ]: [   >>>   ] [ 0  (0) ]: ATTACK;1;1001;0;10
[ 27.11.2010 20:00:32 ]: [   >>>   ] [ 0  (0) ]: ATTACK;1;1001;0;10
[ 27.11.2010 20:00:33 ]: [   >>>   ] [ 0  (0) ]: ATTACK;1;1001;0;10
[ 27.11.2010 20:00:34 ]: [   >>>   ] [ 0  (0) ]: ATTACK;1;1001;0;10
[ 27.11.2010 20:00:35 ]: [   >>>   ] [ 0  (0) ]: ATTACK;1;1001;0;10
[ 27.11.2010 20:00:36 ]: [   >>>   ] [ 0  (0) ]: ATTACK;1;1001;0;10
[ 27.11.2010 20:00:37 ]: [   >>>   ] [ 0  (0) ]: ATTACK;1;1001;0;10
[ 27.11.2010 20:00:38 ]: [   >>>   ] [ 0  (0) ]: ATTACK;1;1001;0;10
[ 27.11.2010 20:00:39 ]: [   >>>   ] [ 0  (0) ]: ATTACK;1;1001;0;10
[ 27.11.2010 20:00:40 ]: [   >>>   ] [ 0  (0) ]: ATTACK;1;1001;0;10
[ 27.11.2010 20:00:41 ]: [   >>>   ] [ 0  (0) ]: ATTACK;1;1001;0;10
[ 27.11.2010 20:00:42 ]: [   >>>   ] [ 0  (0) ]: ATTACK;1;1001;0;10
[ 27.11.2010 20:00:43 ]: [   >>>   ] [ 0  (0) ]: ATTACK;1;1001;0;10
[ 27.11.2010 20:00:44 ]: [   >>>   ] [ 0  (0) ]: ATTACK;1;1001;0;10
[ 27.11.2010 20:00:45 ]: [   >>>   ] [ 0  (0) ]: ATTACK;1;1001;0;10
[ 27.11.2010 20:00:46 ]: [   >>>   ] [ 0  (0) ]: ATTACK;1;1001;0;10
[ 27.11.2010 20:00:47 ]: [   >>>   ] [ 0  (0) ]: ATTACK;1;1001;0;10
[ 27.11.2010 20:00:48 ]: [   >>>   ] [ 0  (0) ]: ATTACK;1;1001;0;10
[ 27.11.2010 20:00:49 ]: [   >>>   ] [ 0  (0) ]: ATTACK;1;1001;0;10
[ 27.11.2010 20:00:50 ]: [   >>>   ] [ 0  (0) ]: ATTACK;1;1001;0;10
[ 27.11.2010 20:00:51 ]: [   >>>   ] [ 0  (0) ]: ATTACK;1;1001;0;10
[ 27.11.2010 20:00:52 ]: [   >>>   ] [ 0  (0) ]: ATTACK;1;1001;0;10
[ 27.11.2010 20:00:53 ]: [   >>>   ] [ 0  (0) ]: ATTACK;1;1001;0;10
[ 27.11.2010 20:00:54 ]: [   >>>   ] [ 0  (0) ]: ATTACK;1;1001;0;10
[ 27.11.2010 20:00:55 ]: [   >>>   ] [ 0  (0) ]: ATTACK;1;1001;0;10
[ 27.11.2010 20:00:56 ]: [   >>>   ] [ 0  (0) ]: ATTACK;1;1001;0;10
[ 27.11.2010 20:00:57 ]: [   >>>   ] [ 0  (0) ]: ATTACK;1;1001;0;10
[ 27.11.2010 20:00:58 ]: [   >>>   ] [ 0  (0) ]: ATTACK;1;1001;0;10
[ 27.11.2010 20:00:59 ]: [   >>>   ] [ 0  (0) ]: ATTACK;1;1001;0;10
[ 27.11.2010 20:01:00 ]: [   >>>   ] [ 0  (0) ]: ATTACK;1;1001;0;10
[ 27.11.2010 20:01:01 ]: [   >>>   ] [ 0  (0) ]: ATTACK;1;1001;0;10
[ 27.11.2010 20:01:02 ]: [   >>>   ] [ 0  (0) ]: ATTACK;1;1001;0;10
[ 27.11.2010 20:01:03 ]: [   >>>   ] [ 0  (0) ]: ATTACK;1;1001;0;10
[ 27.11.2010 20:01:04 ]: [   >>>   ] [ 0  (0) ]: ATTACK;1;1001;0;10
[ 27.11.2010 20:01:05 ]: [   >>>   ] [ 0  (0) ]: ATTACK;1;1001;0;10
[ 27.11.2010 20:01:06 ]: [   >>>   ] [ 0  (0) ]: ATTACK;1;1001;0;10
[ 27.11.2010 20:01:07 ]: [   >>>   ] [ 0  (0) ]: ATTACK;1;1001;0;10
[ 27.11.2010 20:01:08 ]: [   >>>   ] [ 0  (0) ]: ATTACK;1;1001;0;10
[ 27.11.2010 20:01:09 ]: [   >>>   ] [ 0  (0) ]: ATTACK;1;1001;0;10
[ 27.11.2010 20:01:10 ]: [   >>>   ] [ 0  (0) ]: ATTACK;1;1001;0;10
[ 27.11.2010 20:01:11 ]: [   >>>   ] [ 0  (0) ]: ATTACK;1;1001;0;10
[ 27.11.2010 20:01:12 ]: [   >>>   ] [ 0  (0) ]: ATTACK;1;1001;0;10
[ 27.11.2010 20:01:13 ]: [   >>>   ] [ 0  (0) ]: ATTACK;1;1001;0;10
[ 27.11.2010 20:01:14 ]: [   >>>   ] [ 0  (0) ]: ATTACK;1;1001;0;10
[ 27.11.2010 20:01:15 ]: [   >>>   ] [ 0  (0) ]: ATTACK;1;1001;0;10
[ 27.11.2010 20:01:16 ]: [   >>>   ] [ 0  (0) ]: ATTACK;1;1001;0;10
[ 27.11.2010 20:01:17 ]: [   >>>   ] [ 0  (0) ]: ATTACK;1;1001;0;10
[ 27.11.2010 20:01:18 ]: [   >>>   ] [ 0  (0) ]: ATTACK;1;1001;0;10
[ 27.11.2010 20:01:19 ]: [   >>>   ] [ 0  (0) ]: ATTACK;1;1001;0;10
[ 27.11.2010 20:01:20 ]: [   >>>   ] [ 0  (0) ]: ATTACK;1;1001;0;10
[ 27.11.2010 20:01:21 ]: [   >>>   ] [ 0  (0) ]: ATTACK;1;1001;0;10
[ 27.11.2010 20:01:22 ]: [   >>>   ] [ 0  (0) ]: ATTACK;1;1001;0;10
[ 27.11.2010 20:01:23 ]: [   >>>   ] [ 0  (0) ]: ATTACK;1;1001;0;10
[ 27.11.2010 20:01:24 ]: [   >>>   ] [ 0  (0) ]: ATTACK;1;1001;0;10
[ 27.11.2010 20:01:25 ]: [   >>>   ] [ 0  (0) ]: ATTACK;1;1001;0;10
[ 27.11.2010 20:01:26 ]: [   >>>   ] [ 0  (0) ]: ATTACK;1;1001;0;10
[ 27.11.2010 20:01:27 ]: [   >>>   ] [ 0  (0) ]: ATTACK;1;1001;0;10
[ 27.11.2010 20:01:28 ]: [   >>>   ] [ 0  (0) ]: ATTACK;1;1001;0;10
[ 27.11.2010 20:01:29 ]: [   >>>   ] [ 0  (0) ]: ATTACK;1;1001;0;10
[ 27.11.2010 20:01:30 ]: [   >>>   ] [ 0  (0) ]: ATTACK;1;1001;0;10
[ 27.11.2010 20:01:31 ]: [   >>>   ] [ 0  (0) ]: ATTACK;1;1001;0;10
[ 27.11.2010 20:01:32 ]: [   >>>   ] [ 0  (0) ]: ATTACK;1;1001;0;10
[ 27.11.2010 20:01:33 ]: [   >>>   ] [ 0  (0) ]: ATTACK;1;1001;0;10
[ 27.11.2010 20:01:34 ]: [   >>>   ] [ 0  (0) ]: ATTACK;1;1001;0;10
[ 27.11.2010 20:01:35 ]: [   >>>   ] [ 0  (0) ]: ATTACK;1;1001;0;10
[ 27.11.2010 20:01:36 ]: [   >>>   ] [ 0  (0) ]: ATTACK;1;1001;0;10
[ 27.11.2010 20:01:37 ]: [   >>>   ] [ 0  (0) ]: ATTACK;1;1001;0;10
[ 27.11.2010 20:01:38 ]: [   >>>   ] [ 0  (0) ]: ATTACK;1;1001;0;10
[ 27.11.2010 20:01:39 ]: [   >>>   ] [ 0  (0) ]: ATTACK;1;1001;0;10
[ 27.11.2010 20:01:40 ]: [   >>>   ] [ 0  (0) ]: ATTACK;1;1001;0;10
[ 27.11.2010 20:01:41 ]: [   >>>   ] [ 0  (0) ]: ATTACK;1;1001;0;10
[ 27.11.2010 20:01:42 ]: [   >>>   ] [ 0  (0) ]: ATTACK;1;1001;0;10
[ 27.11.2010 20:01:43 ]: [   >>>   ] [ 0  (0) ]: ATTACK;1;1001;0;10
[ 27.11.2010 20:01:44 ]: [   >>>   ] [ 0  (0) ]: ATTACK;1;1001;0;10
[ 27.11.2010 20:01:45 ]: [   >>>   ] [ 0  (0) ]: ATTACK;1;1001;0;10
[ 27.11.2010 20:01:46 ]: [   >>>   ] [ 0  (0) ]: ATTACK;1;1001;0;10
[ 27.11.2010 20:01:47 ]: [   >>>   ] [ 0  (0) ]: ATTACK;1;1001;0;10
[ 27.11.2010 20:01:48 ]: [   >>>   ] [ 0  (0) ]: ATTACK;1;1001;0;10
[ 27.11.2010 20:01:49 ]: [   >>>   ] [ 0  (0) ]: ATTACK;1;1001;0;10
[ 27.11.2010 20:01:50 ]: [   >>>   ] [ 0  (0) ]: ATTACK;1;1001;0;10
[ 27.11.2010 20:01:51 ]: [   >>>   ] [ 0  (0) ]: ATTACK;1;1001;0;10
[ 27.11.2010 20:01:52 ]: [   >>>   ] [ 0  (0) ]: ATTACK;1;1001;0;10
[ 27.11.2010 20:01:53 ]: [   >>>   ] [ 0  (0) ]: ATTACK;1;1001;0;10
[ 27.11.2010 20:01:54 ]: [   >>>   ] [ 0  (0) ]: ATTACK;1;1001;0;10
[ 27.11.2010 20:01:55 ]: [   >>>   ] [ 0  (0) ]: ATTACK;1;1001;0;10
[ 27.11.2010 20:01:56 ]: [   >>>   ] [ 0  (0) ]: ATTACK;1;1001;0;10
[ 27.11.2010 20:01:57 ]: [   >>>   ] [ 0  (0) ]: ATTACK;1;1001;0;10
[ 27.11.2010 20:01:58 ]: [   >>>   ] [ 0  (0) ]: ATTACK;1;1001;0;10
[ 27.11.2010 20:01:59 ]: [   >>>   ] [ 0  (0) ]: ATTACK;1;1001;0;10
[ 27.11.2010 20:02:00 ]: [   >>>   ] [ 0  (0) ]: ATTACK;1;1001;0;10
[ 27.11.2010 20:02:01 ]: [   >>>   ] [ 0  (0) ]: ATTACK;1;1001;0;10
[ 27.11.2010 20:02:02 ]: [   >>>   ] [ 0  (0) ]: ATTACK;1;1001;0;10
[ 27.11.2010 20:02:03 ]: [   >>>   ] [ 0  (0) ]: ATTACK;1;1001;0;10
[ 27.11.2010 20:02:04 ]: [   >>>   ] [ 0  (0) ]: ATTACK;1;1001;0;10
[ 27.11.2010 20:02:05 ]: [   >>>   ] [ 0  (0) ]: ATTACK;1;1001;0;10
[ 27.11.2010 20:02:06 ]: [   >>>   ] [ 0  (0) ]: ATTACK;1;1001;0;10
[ 27.11.2010 20:02:07 ]: [   >>>   ] [ 0  (0) ]: ATTACK;1;1001;0;10
[ 27.11.2010 20:02:08 ]: [   >>>   ] [ 0  (0) ]: ATTACK;1;1001;0;10
[ 27.11.2010 20:02:09 ]: [   >>>   ] [ 0  (0) ]: ATTACK;1;1001;0;10
[ 27.11.2010 20:02:10 ]: [   >>>   ] [ 0  (0) ]: ATTACK;1;1001;0;10
[ 27.11.2010 20:02:11 ]: [   >>>   ] [ 0  (0) ]: ATTACK;1;1001;0;10
[ 27.11.2010 20:02:12 ]: [   >>>   ] [ 0  (0) ]: ATTACK;1;1001;0;10
[ 27.11.2010 20:02:13 ]: [   >>>   ] [ 0  (0) ]: ATTACK;1;1001;0;10
[ 27.11.2010 20:02:14 ]: [   >>>   ] [ 0  (0) ]: ATTACK;1;1001;0;10
[ 27.11.2010 20:02:15 ]: [   >>>   ] [ 0  (0) ]: ATTACK;1;1001;0;10
[ 27.11.2010 20:02:16 ]: [   >>>   ] [ 0  (0) ]: ATTACK;1;1001;0;10
[ 27.11.2010 20:02:17 ]: [   >>>   ] [ 0  (0) ]: ATTACK;1;1001;0;10
[ 27.11.2010 20:02:18 ]: [   >>>   ] [ 0  (0) ]: ATTACK;1;1001;0;10
[ 27.11.2010 20:02:19 ]: [   >>>   ] [ 0  (0) ]: ATTACK;1;1001;0;10
[ 27.11.2010 20:02:20 ]: [   >>>   ] [ 0  (0) ]: ATTACK;1;1001;0;10
[ 27.11.2010 20:02:21 ]: [   >>>   ] [ 0  (0) ]: ATTACK;1;1001;0;10
[ 27.11.2010 20:02:22 ]: [   >>>   ] [ 0  (0) ]: ATTACK;1;1001;0;10
[ 27.11.2010 20:02:23 ]: [   >>>   ] [ 0  (0) ]: ATTACK;1;1001;0;10
[ 27.11.2010 20:02:24 ]: [   >>>   ] [ 0  (0) ]: ATTACK;1;1001;0;10
[ 27.11.2010 20:02:25 ]: [   >>>   ] [ 0  (0) ]: ATTACK;1;1001;0;10
[ 27.11.2010 20:02:26 ]: [   >>>   ] [ 0  (0) ]: ATTACK;1;1001;0;10
[ 27.11.2010 20:02:27 ]: [   >>>   ] [ 0  (0) ]: ATTACK;1;1001;0;10
[ 27.11.2010 20:02:28 ]: [   >>>   ] [ 0  (0) ]: ATTACK;1;1001;0;10
[ 27.11.2010 20:02:29 ]: [   >>>   ] [ 0  (0) ]: ATTACK;1;1001;0;10
[ 27.11.2010 20:02:30 ]: [   >>>   ] [ 0  (0) ]: ATTACK;1;1001;0;10
[ 27.11.2010 20:02:31 ]: [   >>>   ] [ 0  (0) ]: ATTACK;1;1001;0;10
[ 27.11.2010 20:02:32 ]: [   >>>   ] [ 0  (0) ]: ATTACK;1;1001;0;10
[ 27.11.2010 20:02:33 ]: [   >>>   ] [ 0  (0) ]: ATTACK;1;1001;0;10
[ 27.11.2010 20:02:34 ]: [   >>>   ] [ 0  (0) ]: ATTACK;1;1001;0;10
[ 27.11.2010 20:02:35 ]: [   >>>   ] [ 0  (0) ]: ATTACK;1;1001;0;10
[ 27.11.2010 20:02:36 ]: [   >>>   ] [ 0  (0) ]: ATTACK;1;1001;0;10
[ 27.11.2010 20:02:37 ]: [   >>>   ] [ 0  (0) ]: ATTACK;1;1001;0;10
[ 27.11.2010 20:02:38 ]: [   >>>   ] [ 0  (0) ]: ATTACK;1;1001;0;10
[ 27.11.2010 20:02:39 ]: [   >>>   ] [ 0  (0) ]: ATTACK;1;1001;0;10
[ 27.11.2010 20:02:40 ]: [   >>>   ] [ 0  (0) ]: ATTACK;1;1001;0;10
[ 27.11.2010 20:02:41 ]: [   >>>   ] [ 0  (0) ]: ATTACK;1;1001;0;10
[ 27.11.2010 20:02:42 ]: [   >>>   ] [ 0  (0) ]: ATTACK;1;1001;0;10
[ 27.11.2010 20:02:43 ]: [   >>>   ] [ 0  (0) ]: ATTACK;1;1001;0;10
[ 27.11.2010 20:02:44 ]: [   >>>   ] [ 0  (0) ]: ATTACK;1;1001;0;10
[ 27.11.2010 20:02:45 ]: [   >>>   ] [ 0  (0) ]: ATTACK;1;1001;0;10
[ 27.11.2010 20:02:46 ]: [   >>>   ] [ 0  (0) ]: ATTACK;1;1001;0;10
[ 27.11.2010 20:02:47 ]: [   >>>   ] [ 0  (0) ]: ATTACK;1;1001;0;10
[ 27.11.2010 20:02:48 ]: [   >>>   ] [ 0  (0) ]: ATTACK;1;1001;0;10
[ 27.11.2010 20:02:49 ]: [   >>>   ] [ 0  (0) ]: ATTACK;1;1001;0;10
[ 27.11.2010 20:02:50 ]: [   >>>   ] [ 0  (0) ]: ATTACK;1;1001;0;10
[ 27.11.2010 20:02:51 ]: [   >>>   ] [ 0  (0) ]: ATTACK;1;1001;0;10
[ 27.11.2010 20:02:52 ]: [   >>>   ] [ 0  (0) ]: ATTACK;1;1001;0;10
[ 27.11.2010 20:02:53 ]: [   >>>   ] [ 0  (0) ]: ATTACK;1;1001;0;10
[ 27.11.2010 20:02:54 ]: [   >>>   ] [ 0  (0) ]: ATTACK;1;1001;0;10
[ 27.11.2010 20:02:55 ]: [   >>>   ] [ 0  (0) ]: ATTACK;1;1001;0;10
[ 27.11.2010 20:02:56 ]: [   >>>   ] [ 0  (0) ]: ATTACK;1;1001;0;10
[ 27.11.2010 20:02:57 ]: [   >>>   ] [ 0  (0) ]: ATTACK;1;1001;0;10
[ 27.11.2010 20:02:58 ]: [   >>>   ] [ 0  (0) ]: ATTACK;1;1001;0;10
[ 27.11.2010 20:02:59 ]: [   >>>   ] [ 0  (0) ]: ATTACK;1;1001;0;10
[ 27.11.2010 20:03:00 ]: [   >>>   ] [ 0  (0) ]: ATTACK;1;1001;0;10
[ 27.11.2010 20:03:01 ]: [   >>>   ] [ 0  (0) ]: ATTACK;1;1001;0;10
[ 27.11.2010 20:03:02 ]: [   >>>   ] [ 0  (0) ]: ATTACK;1;1001;0;10
[ 27.11.2010 20:03:03 ]: [   >>>   ] [ 0  (0) ]: ATTACK;1;1001;0;10
[ 27.11.2010 20:03:04 ]: [   >>>   ] [ 0  (0) ]: ATTACK;1;1001;0;10
[ 27.11.2010 20:03:05 ]: [   >>>   ] [ 0  (0) ]: ATTACK;1;1001;0;10
[ 27.11.2010 20:03:06 ]: [   >>>   ] [ 0  (0) ]: ATTACK;1;1001;0;10
[ 27.11.2010 20:03:07 ]: [   >>>   ] [ 0  (0) ]: ATTACK;1;1001;0;10
[ 27.11.2010 20:03:08 ]: [   >>>   ] [ 0  (0) ]: ATTACK;1;1001;0;10
[ 27.11.2010 20:03:09 ]: [   >>>   ] [ 0  (0) ]: ATTACK;1;1001;0;10
[ 27.11.2010 20:03:10 ]: [   >>>   ] [ 0  (0) ]: ATTACK;1;1001;0;10
[ 27.11.2010 20:03:11 ]: [   >>>   ] [ 0  (0) ]: ATTACK;1;1001;0;10
[ 27.11.2010 20:03:12 ]: [   >>>   ] [ 0  (0) ]: ATTACK;1;1001;0;10
[ 27.11.2010 20:03:13 ]: [   >>>   ] [ 0  (0) ]: ATTACK;1;1001;0;10
[ 27.11.2010 20:03:14 ]: [   >>>   ] [ 0  (0) ]: ATTACK;1;1001;0;10
[ 27.11.2010 20:03:15 ]: [   >>>   ] [ 0  (0) ]: ATTACK;1;1001;0;10
[ 27.11.2010 20:03:16 ]: [   >>>   ] [ 0  (0) ]: ATTACK;1;1001;0;10
[ 27.11.2010 20:03:17 ]: [   >>>   ] [ 0  (0) ]: ATTACK;1;1001;0;10
[ 27.11.2010 20:03:18 ]: [   >>>   ] [ 0  (0) ]: ATTACK;1;1001;0;10
[ 27.11.2010 20:03:19 ]: [   >>>   ] [ 0  (0) ]: ATTACK;1;1001;0;10
[ 27.11.2010 20:03:20 ]: [   >>>   ] [ 0  (0) ]: ATTACK;1;1001;0;10
[ 27.11.2010 20:03:21 ]: [   >>>   ] [ 0  (0) ]: ATTACK;1;1001;0;10
[ 27.11.2010 20:03:22 ]: [   >>>   ] [ 0  (0) ]: ATTACK;1;1001;0;10
[ 27.11.2010 20:03:23 ]: [   >>>   ] [ 0  (0) ]: ATTACK;1;1001;0;10
[ 27.11.2010 20:03:24 ]: [   >>>   ] [ 0  (0) ]: ATTACK;1;1001;0;10
[ 27.11.2010 20:03:25 ]: [   >>>   ] [ 0  (0) ]: ATTACK;1;1001;0;10
[ 27.11.2010 20:03:26 ]: [   >>>   ] [ 0  (0) ]: ATTACK;1;1001;0;10
[ 27.11.2010 20:03:27 ]: [   >>>   ] [ 0  (0) ]: ATTACK;1;1001;0;10
[ 27.11.2010 20:03:28 ]: [   >>>   ] [ 0  (0) ]: ATTACK;1;1001;0;10
[ 27.11.2010 20:03:29 ]: [   >>>   ] [ 0  (0) ]: ATTACK;1;1001;0;10
[ 27.11.2010 20:03:30 ]: [   >>>   ] [ 0  (0) ]: ATTACK;1;1001;0;10
[ 27.11.2010 20:03:31 ]: [   >>>   ] [ 0  (0) ]: ATTACK;1;1001;0;10
[ 27.11.2010 20:03:32 ]: [   >>>   ] [ 0  (0) ]: ATTACK;1;1001;0;10
[ 27.11.2010 20:03:33 ]: [   >>>   ] [ 0  (0) ]: ATTACK;1;1001;0;10
[ 27.11.2010 20:03:34 ]: [   >>>   ] [ 0  (0) ]: ATTACK;1;1001;0;10
[ 27.11.2010 20:03:35 ]: [   >>>   ] [ 0  (0) ]: ATTACK;1;1001;0;10
[ 27.11.2010 20:03:36 ]: [   >>>   ] [ 0  (0) ]: ATTACK;1;1001;0;10
[ 27.11.2010 20:03:37 ]: [   >>>   ] [ 0  (0) ]: ATTACK;1;1001;0;10
[ 27.11.2010 20:03:38 ]: [   >>>   ] [ 0  (0) ]: ATTACK;1;1001;0;10
[ 27.11.2010 20:03:39 ]: [   >>>   ] [ 0  (0) ]: ATTACK;1;1001;0;10
[ 27.11.2010 20:03:40 ]: [   >>>   ] [ 0  (0) ]: ATTACK;1;1001;0;10
[ 27.11.2010 20:03:41 ]: [   >>>   ] [ 0  (0) ]: ATTACK;1;1001;0;10
[ 27.11.2010 20:03:42 ]: [   >>>   ] [ 0  (0) ]: ATTACK;1;1001;0;10
[ 27.11.2010 20:03:43 ]: [   >>>   ] [ 0  (0) ]: ATTACK;1;1001;0;10
[ 27.11.2010 20:03:44 ]: [   >>>   ] [ 0  (0) ]: ATTACK;1;1001;0;10
[ 27.11.2010 20:03:45 ]: [   >>>   ] [ 0  (0) ]: ATTACK;1;1001;0;10
[ 27.11.2010 20:03:46 ]: [   >>>   ] [ 0  (0) ]: ATTACK;1;1001;0;10
[ 27.11.2010 20:03:47 ]: [   >>>   ] [ 0  (0) ]: ATTACK;1;1001;0;10
[ 27.11.2010 20:03:48 ]: [   >>>   ] [ 0  (0) ]: ATTACK;1;1001;0;10
[ 27.11.2010 20:03:49 ]: [   >>>   ] [ 0  (0) ]: ATTACK;1;1001;0;10
[ 27.11.2010 20:03:50 ]: [   >>>   ] [ 0  (0) ]: ATTACK;1;1001;0;10
[ 27.11.2010 20:03:51 ]: [   >>>   ] [ 0  (0) ]: ATTACK;1;1001;0;10
[ 27.11.2010 20:03:52 ]: [   >>>   ] [ 0  (0) ]: ATTACK;1;1001;0;10
[ 27.11.2010 20:03:53 ]: [   >>>   ] [ 0  (0) ]: ATTACK;1;1001;0;10
[ 27.11.2010 20:03:54 ]: [   >>>   ] [ 0  (0) ]: ATTACK;1;1001;0;10
[ 27.11.2010 20:03:55 ]: [   >>>   ] [ 0  (0) ]: ATTACK;1;1001;0;10
[ 27.11.2010 20:03:56 ]: [   >>>   ] [ 0  (0) ]: ATTACK;1;1001;0;10
[ 27.11.2010 20:03:57 ]: [   >>>   ] [ 0  (0) ]: ATTACK;1;1001;0;10
[ 27.11.2010 20:03:58 ]: [   >>>   ] [ 0  (0) ]: ATTACK;1;1001;0;10
[ 27.11.2010 20:03:59 ]: [   >>>   ] [ 0  (0) ]: ATTACK;1;1001;0;10
[ 27.11.2010 20:04:00 ]: [   >>>   ] [ 0  (0) ]: ATTACK;1;1001;0;10
[ 27.11.2010 20:04:01 ]: [   >>>   ] [ 0  (0) ]: ATTACK;1;1001;0;10
[ 27.11.2010 20:04:02 ]: [   >>>   ] [ 0  (0) ]: ATTACK;1;1001;0;10
[ 27.11.2010 20:04:03 ]: [   >>>   ] [ 0  (0) ]: ATTACK;1;1001;0;10
[ 27.11.2010 20:04:04 ]: [   >>>   ] [ 0  (0) ]: ATTACK;1;1001;0;10
[ 27.11.2010 20:04:05 ]: [   >>>   ] [ 0  (0) ]: ATTACK;1;1001;0;10
[ 27.11.2010 20:04:06 ]: [   >>>   ] [ 0  (0) ]: ATTACK;1;1001;0;10
[ 27.11.2010 20:04:07 ]: [   >>>   ] [ 0  (0) ]: ATTACK;1;1001;0;10
[ 27.11.2010 20:04:08 ]: [   >>>   ] [ 0  (0) ]: ATTACK;1;1001;0;10
[ 27.11.2010 20:04:09 ]: [   >>>   ] [ 0  (0) ]: ATTACK;1;1001;0;10
[ 27.11.2010 20:04:10 ]: [   >>>   ] [ 0  (0) ]: ATTACK;1;1001;0;10
[ 27.11.2010 20:04:11 ]: [   >>>   ] [ 0  (0) ]: ATTACK;1;1001;0;10
[ 27.11.2010 20:04:12 ]: [   >>>   ] [ 0  (0) ]: ATTACK;1;1001;0;10
[ 27.11.2010 20:04:13 ]: [   >>>   ] [ 0  (0) ]: ATTACK;1;1001;0;10
[ 27.11.2010 20:04:14 ]: [   >>>   ] [ 0  (0) ]: ATTACK;1;1001;0;10
[ 27.11.2010 20:04:15 ]: [   >>>   ] [ 0  (0) ]: ATTACK;1;1001;0;10
[ 27.11.2010 20:04:16 ]: [   >>>   ] [ 0  (0) ]: ATTACK;1;1001;0;10
[ 27.11.2010 20:04:17 ]: [   >>>   ] [ 0  (0) ]: ATTACK;1;1001;0;10
[ 27.11.2010 20:04:18 ]: [   >>>   ] [ 0  (0) ]: ATTACK;1;1001;0;10
[ 27.11.2010 20:04:19 ]: [   >>>   ] [ 0  (0) ]: ATTACK;1;1001;0;10
[ 27.11.2010 20:04:20 ]: [   >>>   ] [ 0  (0) ]: ATTACK;1;1001;0;10
[ 27.11.2010 20:04:21 ]: [   >>>   ] [ 0  (0) ]: ATTACK;1;1001;0;10
[ 27.11.2010 20:04:22 ]: [   >>>   ] [ 0  (0) ]: ATTACK;1;1001;0;10
[ 27.11.2010 20:04:23 ]: [   >>>   ] [ 0  (0) ]: ATTACK;1;1001;0;10
[ 27.11.2010 20:04:24 ]: [   >>>   ] [ 0  (0) ]: ATTACK;1;1001;0;10
[ 27.11.2010 20:04:25 ]: [   >>>   ] [ 0  (0) ]: ATTACK;1;1001;0;10
[ 27.11.2010 20:04:26 ]: [   >>>   ] [ 0  (0) ]: ATTACK;1;1001;0;10
[ 27.11.2010 20:04:27 ]: [   >>>   ] [ 0  (0) ]: ATTACK;1;1001;0;10
[ 27.11.2010 20:04:28 ]: [   >>>   ] [ 0  (0) ]: ATTACK;1;1001;0;10
[ 27.11.2010 20:04:29 ]: [   >>>   ] [ 0  (0) ]: ATTACK;1;1001;0;10
[ 27.11.2010 20:04:30 ]: [   >>>   ] [ 0  (0) ]: ATTACK;1;1001;0;10
[ 27.11.2010 20:04:31 ]: [   >>>   ] [ 0  (0) ]: ATTACK;1;1001;0;10
[ 27.11.2010 20:04:32 ]: [   >>>   ] [ 0  (0) ]: ATTACK;1;1001;0;10
[ 27.11.2010 20:04:33 ]: [   >>>   ] [ 0  (0) ]: ATTACK;1;1001;0;10
[ 27.11.2010 20:04:34 ]: [   >>>   ] [ 0  (0) ]: ATTACK;1;1001;0;10
[ 27.11.2010 20:04:35 ]: [   >>>   ] [ 0  (0) ]: ATTACK;1;1001;0;10
[ 27.11.2010 20:04:36 ]: [   >>>   ] [ 0  (0) ]: ATTACK;1;1001;0;10
[ 27.11.2010 20:04:37 ]: [   >>>   ] [ 0  (0) ]: ATTACK;1;1001;0;10
[ 27.11.2010 20:04:38 ]: [   >>>   ] [ 0  (0) ]: ATTACK;1;1001;0;10
[ 27.11.2010 20:04:39 ]: [   >>>   ] [ 0  (0) ]: ATTACK;1;1001;0;10
[ 27.11.2010 20:04:40 ]: [   >>>   ] [ 0  (0) ]: ATTACK;1;1001;0;10
[ 27.11.2010 20:04:41 ]: [   >>>   ] [ 0  (0) ]: ATTACK;1;1001;0;10
[ 27.11.2010 20:04:42 ]: [   >>>   ] [ 0  (0) ]: ATTACK;1;1001;0;10
[ 27.11.2010 20:04:43 ]: [   >>>   ] [ 0  (0) ]: ATTACK;1;1001;0;10
[ 27.11.2010 20:04:44 ]: [   >>>   ] [ 0  (0) ]: ATTACK;1;1001;0;10
[ 27.11.2010 20:04:45 ]: [   >>>   ] [ 0  (0) ]: ATTACK;1;1001;0;10
[ 27.11.2010 20:04:46 ]: [   >>>   ] [ 0  (0) ]: ATTACK;1;1001;0;10
[ 27.11.2010 20:04:47 ]: [   >>>   ] [ 0  (0) ]: ATTACK;1;1001;0;10
[ 27.11.2010 20:04:48 ]: [   >>>   ] [ 0  (0) ]: ATTACK;1;1001;0;10
[ 27.11.2010 20:04:49 ]: [   >>>   ] [ 0  (0) ]: ATTACK;1;1001;0;10
[ 27.11.2010 20:04:50 ]: [   >>>   ] [ 0  (0) ]: ATTACK;1;1001;0;10
[ 27.11.2010 20:04:51 ]: [   >>>   ] [ 0  (0) ]: ATTACK;1;1001;0;10
[ 27.11.2010 20:04:52 ]: [   >>>   ] [ 0  (0) ]: ATTACK;1;1001;0;10
[ 27.11.2010 20:04:53 ]: [   >>>   ] [ 0  (0) ]: ATTACK;1;1001;0;10
[ 27.11.2010 20:04:54 ]: [   >>>   ] [ 0  (0) ]: ATTACK;1;1001;0;10
[ 27.11.2010 20:04:55 ]: [   >>>   ] [ 0  (0) ]: ATTACK;1;1001;0;10
[ 27.11.2010 20:04:56 ]: [   >>>   ] [ 0  (0) ]: ATTACK;1;1001;0;10
[ 27.11.2010 20:04:57 ]: [   >>>   ] [ 0  (0) ]: ATTACK;1;1001;0;10
[ 27.11.2010 20:04:58 ]: [   >>>   ] [ 0  (0) ]: ATTACK;1;1001;0;10
[ 27.11.2010 20:04:59 ]: [   >>>   ] [ 0  (0) ]: ATTACK;1;1001;0;10
[ 27.11.2010 20:05:00 ]: [   >>>   ] [ 0  (0) ]: ATTACK;1;1001;0;10
[ 27.11.2010 20:05:01 ]: [   >>>   ] [ 0  (0) ]: ATTACK;1;1001;0;10
[ 27.11.2010 20:05:02 ]: [   >>>   ] [ 0  (0) ]: ATTACK;1;1001;0;10
[ 27.11.2010 20:05:03 ]: [   >>>   ] [ 0  (0) ]: ATTACK;1;1001;0;10
[ 27.11.2010 20:05:04 ]: [   >>>   ] [ 0  (0) ]: ATTACK;1;1001;0;10
[ 27.11.2010 20:05:05 ]: [   >>>   ] [ 0  (0) ]: ATTACK;1;1001;0;10
[ 27.11.2010 20:05:06 ]: [   >>>   ] [ 0  (0) ]: ATTACK;1;1001;0;10
[ 27.11.2010 20:05:07 ]: [   >>>   ] [ 0  (0) ]: ATTACK;1;1001;0;10
[ 27.11.2010 20:05:08 ]: [   >>>   ] [ 0  (0) ]: ATTACK;1;1001;0;10
[ 27.11.2010 20:05:09 ]: [   >>>   ] [ 0  (0) ]: ATTACK;1;1001;0;10
[ 27.11.2010 20:05:10 ]: [   >>>   ] [ 0  (0) ]: ATTACK;1;1001;0;10
[ 27.11.2010 20:05:11 ]: [   >>>   ] [ 0  (0) ]: ATTACK;1;1001;0;10
[ 27.11.2010 20:05:12 ]: [   >>>   ] [ 0  (0) ]: ATTACK;1;1001;0;10
[ 27.11.2010 20:05:13 ]: [   >>>   ] [ 0  (0) ]: ATTACK;1;1001;0;10
[ 27.11.2010 20:05:14 ]: [   >>>   ] [ 0  (0) ]: ATTACK;1;1001;0;10
[ 27.11.2010 20:05:15 ]: [   >>>   ] [ 0  (0) ]: ATTACK;1;1001;0;10
[ 27.11.2010 20:05:16 ]: [   >>>   ] [ 0  (0) ]: ATTACK;1;1001;0;10
[ 27.11.2010 20:05:17 ]: [   >>>   ] [ 0  (0) ]: ATTACK;1;1001;0;10
[ 27.11.2010 20:05:18 ]: [   >>>   ] [ 0  (0) ]: ATTACK;1;1001;0;10
[ 27.11.2010 20:05:19 ]: [   >>>   ] [ 0  (0) ]: ATTACK;1;1001;0;10
[ 27.11.2010 20:05:20 ]: [   >>>   ] [ 0  (0) ]: ATTACK;1;1001;0;10
[ 27.11.2010 20:05:21 ]: [   >>>   ] [ 0  (0) ]: ATTACK;1;1001;0;10
[ 27.11.2010 20:05:22 ]: [   >>>   ] [ 0  (0) ]: ATTACK;1;1001;0;10
[ 27.11.2010 20:05:23 ]: [   >>>   ] [ 0  (0) ]: ATTACK;1;1001;0;10
[ 27.11.2010 20:05:24 ]: [   >>>   ] [ 0  (0) ]: ATTACK;1;1001;0;10
[ 27.11.2010 20:05:25 ]: [   >>>   ] [ 0  (0) ]: ATTACK;1;1001;0;10
[ 27.11.2010 20:05:26 ]: [   >>>   ] [ 0  (0) ]: ATTACK;1;1001;0;10
[ 27.11.2010 20:05:27 ]: [   >>>   ] [ 0  (0) ]: ATTACK;1;1001;0;10
[ 27.11.2010 20:05:28 ]: [   >>>   ] [ 0  (0) ]: ATTACK;1;1001;0;10
[ 27.11.2010 20:05:29 ]: [   >>>   ] [ 0  (0) ]: ATTACK;1;1001;0;10
[ 27.11.2010 20:05:30 ]: [   >>>   ] [ 0  (0) ]: ATTACK;1;1001;0;10
[ 27.11.2010 20:05:31 ]: [   >>>   ] [ 0  (0) ]: ATTACK;1;1001;0;10
[ 27.11.2010 20:05:32 ]: [   >>>   ] [ 0  (0) ]: ATTACK;1;1001;0;10
[ 27.11.2010 20:05:33 ]: [   >>>   ] [ 0  (0) ]: ATTACK;1;1001;0;10
[ 27.11.2010 20:05:34 ]: [   >>>   ] [ 0  (0) ]: ATTACK;1;1001;0;10
[ 27.11.2010 20:05:35 ]: [   >>>   ] [ 0  (0) ]: ATTACK;1;1001;0;10
[ 27.11.2010 20:05:36 ]: [   >>>   ] [ 0  (0) ]: ATTACK;1;1001;0;10
[ 27.11.2010 20:05:37 ]: [   >>>   ] [ 0  (0) ]: ATTACK;1;1001;0;10
[ 27.11.2010 20:05:38 ]: [   >>>   ] [ 0  (0) ]: ATTACK;1;1001;0;10
[ 27.11.2010 20:05:39 ]: [   >>>   ] [ 0  (0) ]: ATTACK;1;1001;0;10
[ 27.11.2010 20:05:40 ]: [   >>>   ] [ 0  (0) ]: ATTACK;1;1001;0;10
[ 27.11.2010 20:05:41 ]: [   >>>   ] [ 0  (0) ]: ATTACK;1;1001;0;10
[ 27.11.2010 20:05:42 ]: [   >>>   ] [ 0  (0) ]: ATTACK;1;1001;0;10
[ 27.11.2010 20:05:43 ]: [   >>>   ] [ 0  (0) ]: ATTACK;1;1001;0;10
[ 27.11.2010 20:05:44 ]: [   >>>   ] [ 0  (0) ]: ATTACK;1;1001;0;10
[ 27.11.2010 20:05:45 ]: [   >>>   ] [ 0  (0) ]: ATTACK;1;1001;0;10
[ 27.11.2010 20:05:46 ]: [   >>>   ] [ 0  (0) ]: ATTACK;1;1001;0;10
[ 27.11.2010 20:05:47 ]: [   >>>   ] [ 0  (0) ]: ATTACK;1;1001;0;10
[ 27.11.2010 20:05:48 ]: [   >>>   ] [ 0  (0) ]: ATTACK;1;1001;0;10
[ 27.11.2010 20:05:49 ]: [   >>>   ] [ 0  (0) ]: ATTACK;1;1001;0;10
[ 27.11.2010 20:05:50 ]: [   >>>   ] [ 0  (0) ]: ATTACK;1;1001;0;10
[ 27.11.2010 20:05:51 ]: [   >>>   ] [ 0  (0) ]: ATTACK;1;1001;0;10
[ 27.11.2010 20:05:52 ]: [   >>>   ] [ 0  (0) ]: ATTACK;1;1001;0;10
[ 27.11.2010 20:05:53 ]: [   >>>   ] [ 0  (0) ]: ATTACK;1;1001;0;10
[ 27.11.2010 20:05:54 ]: [   >>>   ] [ 0  (0) ]: ATTACK;1;1001;0;10
[ 27.11.2010 20:05:55 ]: [   >>>   ] [ 0  (0) ]: ATTACK;1;1001;0;10
[ 27.11.2010 20:05:56 ]: [   >>>   ] [ 0  (0) ]: ATTACK;1;1001;0;10
[ 27.11.2010 20:05:57 ]: [   >>>   ] [ 0  (0) ]: ATTACK;1;1001;0;10
[ 27.11.2010 20:05:58 ]: [   >>>   ] [ 0  (0) ]: ATTACK;1;1001;0;10
[ 27.11.2010 20:05:59 ]: [   >>>   ] [ 0  (0) ]: ATTACK;1;1001;0;10
[ 27.11.2010 20:06:00 ]: [   >>>   ] [ 0  (0) ]: ATTACK;1;1001;0;10
[ 27.11.2010 20:06:01 ]: [   >>>   ] [ 0  (0) ]: ATTACK;1;1001;0;10
[ 27.11.2010 20:06:02 ]: [   >>>   ] [ 0  (0) ]: ATTACK;1;1001;0;10
[ 27.11.2010 20:06:03 ]: [   >>>   ] [ 0  (0) ]: ATTACK;1;1001;0;10
[ 27.11.2010 20:06:04 ]: [   >>>   ] [ 0  (0) ]: ATTACK;1;1001;0;10
[ 27.11.2010 20:06:05 ]: [   >>>   ] [ 0  (0) ]: ATTACK;1;1001;0;10
[ 27.11.2010 20:06:06 ]: [   >>>   ] [ 0  (0) ]: ATTACK;1;1001;0;10
[ 27.11.2010 20:06:07 ]: [   >>>   ] [ 0  (0) ]: ATTACK;1;1001;0;10
[ 27.11.2010 20:06:08 ]: [   >>>   ] [ 0  (0) ]: ATTACK;1;1001;0;10
[ 27.11.2010 20:06:09 ]: [   >>>   ] [ 0  (0) ]: ATTACK;1;1001;0;10
[ 27.11.2010 20:06:10 ]: [   >>>   ] [ 0  (0) ]: ATTACK;1;1001;0;10
[ 27.11.2010 20:06:11 ]: [   >>>   ] [ 0  (0) ]: ATTACK;1;1001;0;10
[ 27.11.2010 20:06:12 ]: [   >>>   ] [ 0  (0) ]: ATTACK;1;1001;0;10
[ 27.11.2010 20:06:13 ]: [   >>>   ] [ 0  (0) ]: ATTACK;1;1001;0;10
[ 27.11.2010 20:06:14 ]: [   >>>   ] [ 0  (0) ]: ATTACK;1;1001;0;10
[ 27.11.2010 20:06:15 ]: [   >>>   ] [ 0  (0) ]: ATTACK;1;1001;0;10
[ 27.11.2010 20:06:16 ]: [   >>>   ] [ 0  (0) ]: ATTACK;1;1001;0;10
[ 27.11.2010 20:06:17 ]: [   >>>   ] [ 0  (0) ]: ATTACK;1;1001;0;10
[ 27.11.2010 20:06:18 ]: [   >>>   ] [ 0  (0) ]: ATTACK;1;1001;0;10
[ 27.11.2010 20:06:19 ]: [   >>>   ] [ 0  (0) ]: ATTACK;1;1001;0;10
[ 27.11.2010 20:06:20 ]: [   >>>   ] [ 0  (0) ]: ATTACK;1;1001;0;10
[ 27.11.2010 20:06:21 ]: [   >>>   ] [ 0  (0) ]: ATTACK;1;1001;0;10
[ 27.11.2010 20:06:22 ]: [   >>>   ] [ 0  (0) ]: ATTACK;1;1001;0;10
[ 27.11.2010 20:06:23 ]: [   >>>   ] [ 0  (0) ]: ATTACK;1;1001;0;10
[ 27.11.2010 20:06:24 ]: [   >>>   ] [ 0  (0) ]: ATTACK;1;1001;0;10
[ 27.11.2010 20:06:25 ]: [   >>>   ] [ 0  (0) ]: ATTACK;1;1001;0;10
[ 27.11.2010 20:06:26 ]: [   >>>   ] [ 0  (0) ]: ATTACK;1;1001;0;10
[ 27.11.2010 20:06:27 ]: [   >>>   ] [ 0  (0) ]: ATTACK;1;1001;0;10
[ 27.11.2010 20:06:28 ]: [   >>>   ] [ 0  (0) ]: ATTACK;1;1001;0;10
[ 27.11.2010 20:06:29 ]: [   >>>   ] [ 0  (0) ]: ATTACK;1;1001;0;10
[ 27.11.2010 20:06:30 ]: [   >>>   ] [ 0  (0) ]: ATTACK;1;1001;0;10
[ 27.11.2010 20:06:31 ]: [   >>>   ] [ 0  (0) ]: ATTACK;1;1001;0;10
[ 27.11.2010 20:06:32 ]: [   >>>   ] [ 0  (0) ]: ATTACK;1;1001;0;10
[ 27.11.2010 20:06:33 ]: [   >>>   ] [ 0  (0) ]: ATTACK;1;1001;0;10
[ 27.11.2010 20:06:34 ]: [   >>>   ] [ 0  (0) ]: ATTACK;1;1001;0;10
[ 27.11.2010 20:06:35 ]: [   >>>   ] [ 0  (0) ]: ATTACK;1;1001;0;10
[ 27.11.2010 20:06:36 ]: [   >>>   ] [ 0  (0) ]: ATTACK;1;1001;0;10
[ 27.11.2010 20:06:37 ]: [   >>>   ] [ 0  (0) ]: ATTACK;1;1001;0;10
[ 27.11.2010 20:06:38 ]: [   >>>   ] [ 0  (0) ]: ATTACK;1;1001;0;10
[ 27.11.2010 20:06:39 ]: [   >>>   ] [ 0  (0) ]: ATTACK;1;1001;0;10
[ 27.11.2010 20:06:40 ]: [   >>>   ] [ 0  (0) ]: ATTACK;1;1001;0;10
[ 27.11.2010 20:06:41 ]: [   >>>   ] [ 0  (0) ]: ATTACK;1;1001;0;10
[ 27.11.2010 20:06:42 ]: [   >>>   ] [ 0  (0) ]: ATTACK;1;1001;0;10
[ 27.11.2010 20:06:43 ]: [   >>>   ] [ 0  (0) ]: ATTACK;1;1001;0;10
[ 27.11.2010 20:06:44 ]: [   >>>   ] [ 0  (0) ]: ATTACK;1;1001;0;10
[ 27.11.2010 20:06:45 ]: [   >>>   ] [ 0  (0) ]: ATTACK;1;1001;0;10
[ 27.11.2010 20:06:46 ]: [   >>>   ] [ 0  (0) ]: ATTACK;1;1001;0;10
[ 27.11.2010 20:06:47 ]: [   >>>   ] [ 0  (0) ]: ATTACK;1;1001;0;10
[ 27.11.2010 20:06:48 ]: [   >>>   ] [ 0  (0) ]: ATTACK;1;1001;0;10
[ 27.11.2010 20:06:49 ]: [   >>>   ] [ 0  (0) ]: ATTACK;1;1001;0;10
[ 27.11.2010 20:06:50 ]: [   >>>   ] [ 0  (0) ]: ATTACK;1;1001;0;10
[ 27.11.2010 20:06:51 ]: [   >>>   ] [ 0  (0) ]: ATTACK;1;1001;0;10
[ 27.11.2010 20:06:52 ]: [   >>>   ] [ 0  (0) ]: ATTACK;1;1001;0;10
[ 27.11.2010 20:06:53 ]: [   >>>   ] [ 0  (0) ]: ATTACK;1;1001;0;10
[ 27.11.2010 20:06:54 ]: [   >>>   ] [ 0  (0) ]: ATTACK;1;1001;0;10
[ 27.11.2010 20:06:55 ]: [   >>>   ] [ 0  (0) ]: ATTACK;1;1001;0;10
[ 27.11.2010 20:06:56 ]: [   >>>   ] [ 0  (0) ]: ATTACK;1;1001;0;10
[ 27.11.2010 20:06:57 ]: [   >>>   ] [ 0  (0) ]: ATTACK;1;1001;0;10
[ 27.11.2010 20:06:58 ]: [   >>>   ] [ 0  (0) ]: ATTACK;1;1001;0;10
[ 27.11.2010 20:06:59 ]: [   >>>   ] [ 0  (0) ]: ATTACK;1;1001;0;10
[ 27.11.2010 20:07:00 ]: [   >>>   ] [ 0  (0) ]: ATTACK;1;1001;0;10
[ 27.11.2010 20:07:01 ]: [   >>>   ] [ 0  (0) ]: ATTACK;1;1001;0;10
[ 27.11.2010 20:07:02 ]: [   >>>   ] [ 0  (0) ]: ATTACK;1;1001;0;10
[ 27.11.2010 20:07:03 ]: [   >>>   ] [ 0  (0) ]: ATTACK;1;1001;0;10
[ 27.11.2010 20:07:04 ]: [   >>>   ] [ 0  (0) ]: ATTACK;1;1001;0;10
[ 27.11.2010 20:07:05 ]: [   >>>   ] [ 0  (0) ]: ATTACK;1;1001;0;10
[ 27.11.2010 20:07:06 ]: [   >>>   ] [ 0  (0) ]: ATTACK;1;1001;0;10
[ 27.11.2010 20:07:07 ]: [   >>>   ] [ 0  (0) ]: ATTACK;1;1001;0;10
[ 27.11.2010 20:07:08 ]: [   >>>   ] [ 0  (0) ]: ATTACK;1;1001;0;10
[ 27.11.2010 20:07:09 ]: [   >>>   ] [ 0  (0) ]: ATTACK;1;1001;0;10
[ 27.11.2010 20:07:10 ]: [   >>>   ] [ 0  (0) ]: ATTACK;1;1001;0;10
[ 27.11.2010 20:07:11 ]: [   >>>   ] [ 0  (0) ]: ATTACK;1;1001;0;10
[ 27.11.2010 20:07:12 ]: [   >>>   ] [ 0  (0) ]: ATTACK;1;1001;0;10
[ 27.11.2010 20:07:13 ]: [   >>>   ] [ 0  (0) ]: ATTACK;1;1001;0;10
[ 27.11.2010 20:07:14 ]: [   >>>   ] [ 0  (0) ]: ATTACK;1;1001;0;10
[ 27.11.2010 20:07:15 ]: [   >>>   ] [ 0  (0) ]: ATTACK;1;1001;0;10
[ 27.11.2010 20:07:16 ]: [   >>>   ] [ 0  (0) ]: ATTACK;1;1001;0;10
[ 27.11.2010 20:07:17 ]: [   >>>   ] [ 0  (0) ]: ATTACK;1;1001;0;10
[ 27.11.2010 20:07:18 ]: [   >>>   ] [ 0  (0) ]: ATTACK;1;1001;0;10
[ 27.11.2010 20:07:19 ]: [   >>>   ] [ 0  (0) ]: ATTACK;1;1001;0;10
[ 27.11.2010 20:07:20 ]: [   >>>   ] [ 0  (0) ]: ATTACK;1;1001;0;10
[ 27.11.2010 20:07:21 ]: [   >>>   ] [ 0  (0) ]: ATTACK;1;1001;0;10
[ 27.11.2010 20:07:22 ]: [   >>>   ] [ 0  (0) ]: ATTACK;1;1001;0;10
[ 27.11.2010 20:07:23 ]: [   >>>   ] [ 0  (0) ]: ATTACK;1;1001;0;10
[ 27.11.2010 20:07:24 ]: [   >>>   ] [ 0  (0) ]: ATTACK;1;1001;0;10
[ 27.11.2010 20:07:25 ]: [   >>>   ] [ 0  (0) ]: ATTACK;1;1001;0;10
[ 27.11.2010 20:07:26 ]: [   >>>   ] [ 0  (0) ]: ATTACK;1;1001;0;10
[ 27.11.2010 20:07:27 ]: [   >>>   ] [ 0  (0) ]: ATTACK;1;1001;0;10
[ 27.11.2010 20:07:28 ]: [   >>>   ] [ 0  (0) ]: ATTACK;1;1001;0;10
[ 27.11.2010 20:07:29 ]: [   >>>   ] [ 0  (0) ]: ATTACK;1;1001;0;10
[ 27.11.2010 20:07:30 ]: [   >>>   ] [ 0  (0) ]: ATTACK;1;1001;0;10
[ 27.11.2010 20:07:31 ]: [   >>>   ] [ 0  (0) ]: ATTACK;1;1001;0;10
[ 27.11.2010 20:07:32 ]: [   >>>   ] [ 0  (0) ]: ATTACK;1;1001;0;10
[ 27.11.2010 20:07:33 ]: [   >>>   ] [ 0  (0) ]: ATTACK;1;1001;0;10
[ 27.11.2010 20:07:34 ]: [   >>>   ] [ 0  (0) ]: ATTACK;1;1001;0;10
[ 27.11.2010 20:07:35 ]: [   >>>   ] [ 0  (0) ]: ATTACK;1;1001;0;10
[ 27.11.2010 20:07:36 ]: [   >>>   ] [ 0  (0) ]: ATTACK;1;1001;0;10
[ 27.11.2010 20:07:37 ]: [   >>>   ] [ 0  (0) ]: ATTACK;1;1001;0;10
[ 27.11.2010 20:07:38 ]: [   >>>   ] [ 0  (0) ]: ATTACK;1;1001;0;10
[ 27.11.2010 20:07:39 ]: [   >>>   ] [ 0  (0) ]: ATTACK;1;1001;0;10
[ 27.11.2010 20:07:40 ]: [   >>>   ] [ 0  (0) ]: ATTACK;1;1001;0;10
[ 27.11.2010 20:07:41 ]: [   >>>   ] [ 0  (0) ]: ATTACK;1;1001;0;10
[ 27.11.2010 20:07:42 ]: [   >>>   ] [ 0  (0) ]: ATTACK;1;1001;0;10
[ 27.11.2010 20:07:43 ]: [   >>>   ] [ 0  (0) ]: ATTACK;1;1001;0;10
[ 27.11.2010 20:07:44 ]: [   >>>   ] [ 0  (0) ]: ATTACK;1;1001;0;10
[ 27.11.2010 20:07:45 ]: [   >>>   ] [ 0  (0) ]: ATTACK;1;1001;0;10
[ 27.11.2010 20:07:46 ]: [   >>>   ] [ 0  (0) ]: ATTACK;1;1001;0;10
[ 27.11.2010 20:07:47 ]: [   >>>   ] [ 0  (0) ]: ATTACK;1;1001;0;10
[ 27.11.2010 20:07:48 ]: [   >>>   ] [ 0  (0) ]: ATTACK;1;1001;0;10
[ 27.11.2010 20:07:49 ]: [   >>>   ] [ 0  (0) ]: ATTACK;1;1001;0;10
[ 27.11.2010 20:07:50 ]: [   >>>   ] [ 0  (0) ]: ATTACK;1;1001;0;10
[ 27.11.2010 20:07:51 ]: [   >>>   ] [ 0  (0) ]: ATTACK;1;1001;0;10
[ 27.11.2010 20:07:52 ]: [   >>>   ] [ 0  (0) ]: ATTACK;1;1001;0;10
[ 27.11.2010 20:07:53 ]: [   >>>   ] [ 0  (0) ]: ATTACK;1;1001;0;10
[ 27.11.2010 20:07:54 ]: [   >>>   ] [ 0  (0) ]: ATTACK;1;1001;0;10
[ 27.11.2010 20:07:55 ]: [   >>>   ] [ 0  (0) ]: ATTACK;1;1001;0;10
[ 27.11.2010 20:07:56 ]: [   <<<   ] [ 0  (0) ]: shutdown
[ 27.11.2010 20:07:56 ]: [   >>>   ] [ 0  (0) ]: SHUTDOWN;50;10
[ 27.11.2010 20:07:56 ]: [   >>>   ] [ 0  (0) ]: ATTACK;1;1001;0;10
[ 27.11.2010 20:07:57 ]: [   >>>   ] [ 0  (0) ]: SHUTDOWN;50;9
[ 27.11.2010 20:07:57 ]: [   >>>   ] [ 0  (0) ]: ATTACK;1;1001;0;10
[ 27.11.2010 20:07:58 ]: [   >>>   ] [ 0  (0) ]: SHUTDOWN;50;8
[ 27.11.2010 20:07:58 ]: [   >>>   ] [ 0  (0) ]: ATTACK;1;1001;0;10
[ 27.11.2010 20:07:59 ]: [   >>>   ] [ 0  (0) ]: SHUTDOWN;50;7
[ 27.11.2010 20:07:59 ]: [   >>>   ] [ 0  (0) ]: ATTACK;1;1001;0;10
[ 27.11.2010 20:08:00 ]: [   >>>   ] [ 0  (0) ]: SHUTDOWN;50;6
[ 27.11.2010 20:08:00 ]: [   >>>   ] [ 0  (0) ]: ATTACK;1;1001;0;10
[ 27.11.2010 20:08:01 ]: [   >>>   ] [ 0  (0) ]: SHUTDOWN;50;5
[ 27.11.2010 20:08:01 ]: [   >>>   ] [ 0  (0) ]: ATTACK;1;1001;0;10
[ 27.11.2010 20:08:02 ]: [   >>>   ] [ 0  (0) ]: SHUTDOWN;50;4
[ 27.11.2010 20:08:02 ]: [   >>>   ] [ 0  (0) ]: ATTACK;1;1001;0;10
[ 27.11.2010 20:08:03 ]: [   >>>   ] [ 0  (0) ]: SHUTDOWN;50;3
[ 27.11.2010 20:08:03 ]: [   >>>   ] [ 0  (0) ]: ATTACK;1;1001;0;10
[ 27.11.2010 20:08:04 ]: [   >>>   ] [ 0  (0) ]: SHUTDOWN;50;2
[ 27.11.2010 20:08:04 ]: [   >>>   ] [ 0  (0) ]: ATTACK;1;1001;0;10
[ 27.11.2010 20:08:05 ]: [   >>>   ] [ 0  (0) ]: SHUTDOWN;50;1
[ 27.11.2010 20:08:05 ]: [   >>>   ] [ 0  (0) ]: ATTACK;1;1001;0;10
[ 27.11.2010 20:08:06 ]: [   >>>   ] [ 0  (0) ]: SHUTDOWN;51
[ 27.11.2010 20:08:06 ]: [  KILLD  ] [ 0 ]: TIME: 1290888486
[ 27.11.2010 20:08:06 ]: SHUTDOWN COMPLETE AT 1290888486
