[ 27.11.2010 19:29:35 ]: Using Syslog: ./syslog/1290886176.log
[ 27.11.2010 19:29:35 ]: Game Server v0.2.1 starting up...
[ 27.11.2010 19:29:41 ]: PLAYER DB			READY
[ 27.11.2010 19:29:46 ]: GAME DB			READY
[ 27.11.2010 19:29:46 ]: CACHING ITEMS...
[ 27.11.2010 19:29:46 ]: ADDED ITEM: 49; 1
[ 27.11.2010 19:29:46 ]: ADDED ITEM: 50; 1
[ 27.11.2010 19:29:46 ]: ADDED ITEM: 51; 1
[ 27.11.2010 19:29:46 ]: ADDED ITEM: 52; 1
[ 27.11.2010 19:29:46 ]: ADDED ITEM: 53; 1
[ 27.11.2010 19:29:46 ]: ADDED ITEM: 54; 1
[ 27.11.2010 19:29:46 ]: ADDED ITEM: 55; 1
[ 27.11.2010 19:29:46 ]: ADDED ITEM: 56; 2
[ 27.11.2010 19:29:46 ]: ADDED ITEM: 57; 1
[ 27.11.2010 19:29:46 ]: LISTEN THREAD			READY
[ 27.11.2010 19:29:46 ]: NPC CONTROL			READY
[ 27.11.2010 19:29:46 ]: GAME SERVER READY		READY
[ 27.11.2010 19:29:48 ]: [ NEWUSER ] [ 0 ]: TIME: 1290886189
[ 27.11.2010 19:29:48 ]: [   >>>   ] [ 0  ]: WELCOME
[ 27.11.2010 19:29:50 ]: [   <<<   ] [ 0  (0) ]: spawn;1001
[ 27.11.2010 19:29:50 ]: [   >>>   ] [ 0  (0) ]: MOB;WARP;1;3;-9;7
[ 27.11.2010 19:29:50 ]: [   >>>   ] [ 0  (0) ]: SPAWN;OK;1;1001;3;-9;7
[ 27.11.2010 19:29:51 ]: [   <<<   ] [ 0  (0) ]: aggr
[ 27.11.2010 19:29:51 ]: [   >>>   ] [ 0  (0) ]: ATTACK;1;1001;0;10
[ 27.11.2010 19:29:52 ]: [   >>>   ] [ 0  (0) ]: ATTACK;1;1001;0;10
[ 27.11.2010 19:29:54 ]: [   >>>   ] [ 0  (0) ]: ATTACK;1;1001;0;10
[ 27.11.2010 19:29:56 ]: [   >>>   ] [ 0  (0) ]: ATTACK;1;1001;0;10
[ 27.11.2010 19:29:58 ]: [   >>>   ] [ 0  (0) ]: ATTACK;1;1001;0;10
[ 27.11.2010 19:30:00 ]: [   >>>   ] [ 0  (0) ]: ATTACK;1;1001;0;10
[ 27.11.2010 19:30:02 ]: [   >>>   ] [ 0  (0) ]: ATTACK;1;1001;0;10
[ 27.11.2010 19:30:04 ]: [   >>>   ] [ 0  (0) ]: ATTACK;1;1001;0;10
[ 27.11.2010 19:30:06 ]: [   >>>   ] [ 0  (0) ]: ATTACK;1;1001;0;10
[ 27.11.2010 19:30:08 ]: [   >>>   ] [ 0  (0) ]: ATTACK;1;1001;0;10
[ 27.11.2010 19:30:09 ]: [   <<<   ] [ 0  (0) ]: warp;4000;0;0
[ 27.11.2010 19:30:09 ]: [   >>>   ] [ 0  (0) ]: WARP;OK;4000;0;0
[ 27.11.2010 19:30:09 ]: [   >>>   ] [ 0  (0) ]: MOB;WARP;1;4000;0;0
[ 27.11.2010 19:30:10 ]: [   >>>   ] [ 0  (0) ]: ATTACK;1;1001;0;10
[ 27.11.2010 19:30:12 ]: [   >>>   ] [ 0  (0) ]: ATTACK;1;1001;0;10
[ 27.11.2010 19:30:14 ]: [   >>>   ] [ 0  (0) ]: ATTACK;1;1001;0;10
[ 27.11.2010 19:30:16 ]: [   >>>   ] [ 0  (0) ]: ATTACK;1;1001;0;10
[ 27.11.2010 19:30:18 ]: [   >>>   ] [ 0  (0) ]: ATTACK;1;1001;0;10
[ 27.11.2010 19:30:20 ]: [   >>>   ] [ 0  (0) ]: ATTACK;1;1001;0;10
[ 27.11.2010 19:30:21 ]: [   <<<   ] [ 0  (0) ]: warpwarp;-1;0;0
[ 27.11.2010 19:30:21 ]: [   >>>   ] [ 0  (0) ]: ERROR;20
[ 27.11.2010 19:30:22 ]: [   >>>   ] [ 0  (0) ]: ATTACK;1;1001;0;10
[ 27.11.2010 19:30:24 ]: [   >>>   ] [ 0  (0) ]: ATTACK;1;1001;0;10
[ 27.11.2010 19:30:26 ]: [   <<<   ] [ 0  (0) ]: warp;-1;0;0
[ 27.11.2010 19:30:26 ]: [   >>>   ] [ 0  (0) ]: WARP;OK;-1;0;0
[ 27.11.2010 19:49:22 ]: [   <<<   ] [ 0  (0) ]: map_pic
[ 27.11.2010 19:49:33 ]: [   <<<   ] [ 0  (0) ]: warp;1001
[ 27.11.2010 19:49:33 ]: [   >>>   ] [ 0  (0) ]: WARP;ERROR;22;WARP <X> <Y> [<Z>]
[ 27.11.2010 19:49:33 ]: [   >>>   ] [ 0  (0) ]: MOB;WARP;1;1001;0;0
[ 27.11.2010 19:49:33 ]: [   >>>   ] [ 0  (0) ]: ATTACK;1;1001;0;10
[ 27.11.2010 19:49:34 ]: [   >>>   ] [ 0  (0) ]: ATTACK;1;1001;0;10
[ 27.11.2010 19:49:36 ]: [   >>>   ] [ 0  (0) ]: ATTACK;1;1001;0;10
[ 27.11.2010 19:49:38 ]: [   >>>   ] [ 0  (0) ]: ATTACK;1;1001;0;10
[ 27.11.2010 19:49:40 ]: [   >>>   ] [ 0  (0) ]: ATTACK;1;1001;0;10
[ 27.11.2010 19:49:42 ]: [   >>>   ] [ 0  (0) ]: ATTACK;1;1001;0;10
[ 27.11.2010 19:49:44 ]: [   >>>   ] [ 0  (0) ]: ATTACK;1;1001;0;10
[ 27.11.2010 19:49:45 ]: [   <<<   ] [ 0  (0) ]: warpwarp;50000
[ 27.11.2010 19:49:45 ]: [   >>>   ] [ 0  (0) ]: ERROR;20
[ 27.11.2010 19:49:46 ]: [   >>>   ] [ 0  (0) ]: ATTACK;1;1001;0;10
[ 27.11.2010 19:49:48 ]: [   <<<   ] [ 0  (0) ]: warp;5000
[ 27.11.2010 19:49:48 ]: [   >>>   ] [ 0  (0) ]: WARP;ERROR;22;WARP <X> <Y> [<Z>]
[ 27.11.2010 19:49:48 ]: [   >>>   ] [ 0  (0) ]: MOB;WARP;1;5000;0;0
[ 27.11.2010 19:49:48 ]: [   >>>   ] [ 0  (0) ]: ATTACK;1;1001;0;10
[ 27.11.2010 19:49:50 ]: [   >>>   ] [ 0  (0) ]: ATTACK;1;1001;0;10
[ 27.11.2010 19:49:52 ]: [   >>>   ] [ 0  (0) ]: ATTACK;1;1001;0;10
[ 27.11.2010 19:49:54 ]: [   >>>   ] [ 0  (0) ]: ATTACK;1;1001;0;10
[ 27.11.2010 19:49:56 ]: [   >>>   ] [ 0  (0) ]: ATTACK;1;1001;0;10
[ 27.11.2010 19:49:58 ]: [   >>>   ] [ 0  (0) ]: ATTACK;1;1001;0;10
[ 27.11.2010 19:50:00 ]: [   >>>   ] [ 0  (0) ]: ATTACK;1;1001;0;10
[ 27.11.2010 19:50:02 ]: [   >>>   ] [ 0  (0) ]: ATTACK;1;1001;0;10
[ 27.11.2010 19:50:04 ]: [   >>>   ] [ 0  (0) ]: ATTACK;1;1001;0;10
[ 27.11.2010 19:50:06 ]: [   >>>   ] [ 0  (0) ]: ATTACK;1;1001;0;10
[ 27.11.2010 19:50:08 ]: [   >>>   ] [ 0  (0) ]: ATTACK;1;1001;0;10
[ 27.11.2010 19:50:10 ]: [   >>>   ] [ 0  (0) ]: ATTACK;1;1001;0;10
[ 27.11.2010 19:50:12 ]: [   >>>   ] [ 0  (0) ]: ATTACK;1;1001;0;10
[ 27.11.2010 19:50:14 ]: [   >>>   ] [ 0  (0) ]: ATTACK;1;1001;0;10
[ 27.11.2010 19:50:16 ]: [   >>>   ] [ 0  (0) ]: ATTACK;1;1001;0;10
[ 27.11.2010 19:50:18 ]: [   >>>   ] [ 0  (0) ]: ATTACK;1;1001;0;10
[ 27.11.2010 19:50:20 ]: [   >>>   ] [ 0  (0) ]: ATTACK;1;1001;0;10
[ 27.11.2010 19:50:22 ]: [   >>>   ] [ 0  (0) ]: ATTACK;1;1001;0;10
[ 27.11.2010 19:50:24 ]: [   >>>   ] [ 0  (0) ]: ATTACK;1;1001;0;10
[ 27.11.2010 19:50:26 ]: [   >>>   ] [ 0  (0) ]: ATTACK;1;1001;0;10
[ 27.11.2010 19:50:28 ]: [   >>>   ] [ 0  (0) ]: ATTACK;1;1001;0;10
[ 27.11.2010 19:50:30 ]: [   >>>   ] [ 0  (0) ]: ATTACK;1;1001;0;10
