[ 27.11.2010 15:02:09 ]: Using Syslog: ./syslog/1290870129.log
[ 27.11.2010 15:02:09 ]: Game Server v0.2.1 starting up...
[ 27.11.2010 15:02:14 ]: PLAYER DB			READY
[ 27.11.2010 15:02:18 ]: GAME DB			READY
[ 27.11.2010 15:02:18 ]: CACHING ITEMS...
[ 27.11.2010 15:02:18 ]: ADDED ITEM: 49; 1
[ 27.11.2010 15:02:18 ]: ADDED ITEM: 50; 1
[ 27.11.2010 15:02:18 ]: ADDED ITEM: 51; 1
[ 27.11.2010 15:02:18 ]: ADDED ITEM: 52; 1
[ 27.11.2010 15:02:18 ]: ADDED ITEM: 53; 1
[ 27.11.2010 15:02:18 ]: ADDED ITEM: 54; 1
[ 27.11.2010 15:02:18 ]: ADDED ITEM: 55; 1
[ 27.11.2010 15:02:18 ]: LISTEN THREAD			READY
[ 27.11.2010 15:02:18 ]: NPC CONTROL			READY
[ 27.11.2010 15:02:18 ]: GAME SERVER READY		READY
[ 27.11.2010 15:02:19 ]: [ NEWUSER ] [ 0 ]: TIME: 1290870139
[ 27.11.2010 15:02:19 ]: [   >>>   ] [ 0  ]: WELCOME
[ 27.11.2010 15:02:19 ]: [   <<<   ] [ 0  (0) ]: LOGIN;xenor;0;lalaftw#!
[ 27.11.2010 15:02:19 ]: [   >>>   ] [ 1 xenor (7) ]: LOGIN;OK
[ 27.11.2010 15:02:19 ]: [   >>>   ] [ 1 xenor (7) ]: ITEM;OK;49;1
[ 27.11.2010 15:02:19 ]: [   >>>   ] [ 1 xenor (7) ]: ITEM;OK;50;1
[ 27.11.2010 15:02:19 ]: [   >>>   ] [ 1 xenor (7) ]: ITEM;OK;51;1
[ 27.11.2010 15:02:19 ]: [   >>>   ] [ 1 xenor (7) ]: ITEM;OK;52;1
[ 27.11.2010 15:02:19 ]: [   >>>   ] [ 1 xenor (7) ]: ITEM;OK;53;1
[ 27.11.2010 15:02:19 ]: [   >>>   ] [ 1 xenor (7) ]: ITEM;OK;54;1
[ 27.11.2010 15:02:19 ]: [   >>>   ] [ 1 xenor (7) ]: ITEM;OK;55;1
[ 27.11.2010 15:04:04 ]: [ NEWUSER ] [ 0 ]: TIME: 1290870244
[ 27.11.2010 15:04:04 ]: [   >>>   ] [ 0  ]: WELCOME
[ 27.11.2010 15:04:05 ]: [   <<<   ] [ 0  (0) ]: item;2
[ 27.11.2010 15:04:05 ]: ADDED ITEM: 56; 2
[ 27.11.2010 15:04:05 ]: [   >>>   ] [ 0  (0) ]: ITEM;OK;56;2
[ 27.11.2010 15:04:07 ]: [ NEWUSER ] [ 0 ]: TIME: 1290870247
[ 27.11.2010 15:04:07 ]: [   >>>   ] [ 0  ]: WELCOME
[ 27.11.2010 15:04:07 ]: [   <<<   ] [ 0  (0) ]: LOGIN;xenor;0;lalaftw#!
[ 27.11.2010 15:04:07 ]: [   >>>   ] [ 1 xenor (7) ]: LOGIN;OK
[ 27.11.2010 15:04:07 ]: [   >>>   ] [ 1 xenor (7) ]: ITEM;OK;49;1
[ 27.11.2010 15:04:07 ]: [   >>>   ] [ 1 xenor (7) ]: ITEM;OK;50;1
[ 27.11.2010 15:04:07 ]: [   >>>   ] [ 1 xenor (7) ]: ITEM;OK;51;1
[ 27.11.2010 15:04:07 ]: [   >>>   ] [ 1 xenor (7) ]: ITEM;OK;52;1
[ 27.11.2010 15:04:07 ]: [   >>>   ] [ 1 xenor (7) ]: ITEM;OK;53;1
[ 27.11.2010 15:04:07 ]: [   >>>   ] [ 1 xenor (7) ]: ITEM;OK;54;1
[ 27.11.2010 15:04:07 ]: [   >>>   ] [ 1 xenor (7) ]: ITEM;OK;55;1
[ 27.11.2010 15:04:07 ]: [   >>>   ] [ 1 xenor (7) ]: ITEM;OK;56;2
[ 27.11.2010 15:06:14 ]: [ NEWUSER ] [ 0 ]: TIME: 1290870375
[ 27.11.2010 15:06:14 ]: [   >>>   ] [ 0  ]: WELCOME
[ 27.11.2010 15:06:14 ]: [   <<<   ] [ 0  (0) ]: LOGIN;xenor;0;lalaftw#!
[ 27.11.2010 15:06:14 ]: [   >>>   ] [ 1 xenor (7) ]: LOGIN;OK
[ 27.11.2010 15:06:14 ]: [   >>>   ] [ 1 xenor (7) ]: ITEM;OK;49;1
[ 27.11.2010 15:06:14 ]: [   >>>   ] [ 1 xenor (7) ]: ITEM;OK;50;1
[ 27.11.2010 15:06:14 ]: [   >>>   ] [ 1 xenor (7) ]: ITEM;OK;51;1
[ 27.11.2010 15:06:14 ]: [   >>>   ] [ 1 xenor (7) ]: ITEM;OK;52;1
[ 27.11.2010 15:06:14 ]: [   >>>   ] [ 1 xenor (7) ]: ITEM;OK;53;1
[ 27.11.2010 15:06:14 ]: [   >>>   ] [ 1 xenor (7) ]: ITEM;OK;54;1
[ 27.11.2010 15:06:14 ]: [   >>>   ] [ 1 xenor (7) ]: ITEM;OK;55;1
[ 27.11.2010 15:06:14 ]: [   >>>   ] [ 1 xenor (7) ]: ITEM;OK;56;2
