[ 25.11.2010 18:40:15 ]: Using Syslog: ./syslog/1290710415.log
[ 25.11.2010 18:40:15 ]: Game Server v0.2.1 starting up...
[ 25.11.2010 18:40:20 ]: PLAYER DB			READY
[ 25.11.2010 18:40:24 ]: GAME DB			READY
[ 25.11.2010 18:40:24 ]: LISTEN THREAD			READY
[ 25.11.2010 18:40:24 ]: NPC CONTROL			READY
[ 25.11.2010 18:40:24 ]: GAME SERVER READY		READY
[ 25.11.2010 18:40:25 ]: [ NEWUSER ] [ 0 ]: TIME: 1290710425
[ 25.11.2010 18:40:25 ]: [   >>>   ] [ 0  ]: WELCOME
[ 25.11.2010 18:40:28 ]: [   <<<   ] [ 0  (0) ]: admin;:fe
[ 25.11.2010 18:40:28 ]: [   >>>   ] [ 0  (0) ]: ADMIN;ERROR
[ 25.11.2010 18:40:30 ]: [   <<<   ] [ 0  (0) ]: admin;xenor
[ 25.11.2010 18:40:30 ]: [   >>>   ] [ 0  (0) ]: ADMIN;OK
[ 25.11.2010 18:42:37 ]: [   <<<   ] [ 0  (0) ]: admin;xenor
[ 25.11.2010 18:42:37 ]: [   >>>   ] [ 0  (0) ]: ADMIN;OK
[ 25.11.2010 18:50:43 ]: [   <<<   ] [ 0  (0) ]: DEVEL;xenor
[ 25.11.2010 18:50:43 ]: [   >>>   ] [ 0  (0) ]: ERROR;20
[ 25.11.2010 18:57:13 ]: [   <<<   ] [ 0  (0) ]: opfer
[ 25.11.2010 18:57:13 ]: [   >>>   ] [ 0  (0) ]: ERROR;20
[ 25.11.2010 18:57:29 ]: [   <<<   ] [ 0  (0) ]: admin;xenor
[ 25.11.2010 18:57:29 ]: [   >>>   ] [ 0  (0) ]: ADMIN;OK
[ 25.11.2010 18:57:32 ]: [   <<<   ] [ 0  (0) ]: admin;opfer
[ 25.11.2010 18:57:32 ]: [   >>>   ] [ 0  (0) ]: ADMIN;ERROR
[ 25.11.2010 18:57:40 ]: [   <<<   ] [ 0  (0) ]: :)
[ 25.11.2010 18:57:40 ]: [   >>>   ] [ 0  (0) ]: ERROR;20
[ 25.11.2010 18:58:04 ]: [   <<<   ] [ 0  (0) ]: STATS
[ 25.11.2010 18:58:04 ]: [   >>>   ] [ 0  (0) ]: ERROR;20
[ 25.11.2010 19:07:08 ]: [   <<<   ] [ 0  (0) ]: quit
[ 25.11.2010 19:07:08 ]: [   >>>   ] [ 0  ]: BYE
[ 25.11.2010 19:07:08 ]: [  KILLD  ] [ 0 ]: TIME: 1290712029
[ 25.11.2010 19:07:09 ]: [ NEWUSER ] [ 0 ]: TIME: 1290712030
[ 25.11.2010 19:07:09 ]: [   >>>   ] [ 0  ]: WELCOME
[ 25.11.2010 19:07:11 ]: [   <<<   ] [ 0  (0) ]: admin;Xenor
[ 25.11.2010 19:07:11 ]: [   >>>   ] [ 0  (0) ]: ADMIN;ERROR
[ 25.11.2010 19:07:14 ]: [   <<<   ] [ 0  (0) ]: admin;xenor
[ 25.11.2010 19:07:14 ]: [   >>>   ] [ 0  (0) ]: ADMIN;OK
[ 25.11.2010 19:07:18 ]: [   <<<   ] [ 0  (0) ]: shutdown
[ 25.11.2010 19:07:18 ]: [   >>>   ] [ 0  (0) ]: SHUTDOWN;50;10
[ 25.11.2010 19:07:19 ]: [   >>>   ] [ 0  (0) ]: SHUTDOWN;50;9
[ 25.11.2010 19:07:20 ]: [   >>>   ] [ 0  (0) ]: SHUTDOWN;50;8
[ 25.11.2010 19:07:21 ]: [   >>>   ] [ 0  (0) ]: SHUTDOWN;50;7
[ 25.11.2010 19:07:22 ]: [   >>>   ] [ 0  (0) ]: SHUTDOWN;50;6
[ 25.11.2010 19:07:23 ]: [   >>>   ] [ 0  (0) ]: SHUTDOWN;50;5
[ 25.11.2010 19:07:24 ]: [   >>>   ] [ 0  (0) ]: SHUTDOWN;50;4
[ 25.11.2010 19:07:25 ]: [   >>>   ] [ 0  (0) ]: SHUTDOWN;50;3
[ 25.11.2010 19:07:26 ]: [   >>>   ] [ 0  (0) ]: SHUTDOWN;50;2
[ 25.11.2010 19:07:27 ]: [   >>>   ] [ 0  (0) ]: SHUTDOWN;50;1
[ 25.11.2010 19:07:28 ]: [   >>>   ] [ 0  (0) ]: SHUTDOWN;51
[ 25.11.2010 19:07:28 ]: [  KILLD  ] [ 0 ]: TIME: 1290712048
[ 25.11.2010 19:07:28 ]: SHUTDOWN COMPLETE AT 1290712048
