[ 21.11.2010 14:42:00 ]: Using Syslog: ./syslog/1290350520.log
[ 21.11.2010 14:42:00 ]: Game Server v0.2.1 starting up...
[ 21.11.2010 14:42:05 ]: PLAYER DB			READY
[ 21.11.2010 14:42:09 ]: GAME DB			READY
[ 21.11.2010 14:42:09 ]: LISTEN THREAD			READY
[ 21.11.2010 14:42:09 ]: NPC CONTROL			READY
[ 21.11.2010 14:42:09 ]: GAME SERVER READY		READY
[ 21.11.2010 14:42:10 ]: [ NEWUSER ] [ 0 ]: TIME: 1290350530
[ 21.11.2010 14:42:10 ]: [   >>>   ] [ 0  ]: WELCOME
[ 21.11.2010 14:42:11 ]: [   <<<   ] [ 0  (0) ]: spawn;1001
[ 21.11.2010 14:42:11 ]: [   >>>   ] [ 0  (0) ]: SPAWN;OK;1001;-6;4;2
[ 21.11.2010 14:42:13 ]: [   <<<   ] [ 0  (0) ]: spawn;1002
[ 21.11.2010 14:42:13 ]: [   >>>   ] [ 0  (0) ]: SPAWN;OK;1002;7;-10;-4
[ 21.11.2010 14:42:14 ]: [   <<<   ] [ 0  (0) ]: aggr
[ 21.11.2010 14:42:14 ]: [   >>>   ] [ 0  (0) ]: ATTACK;1;1001;0;10
[ 21.11.2010 14:42:14 ]: [   >>>   ] [ 0  (0) ]: ATTACK;2;1002;0;10
[ 21.11.2010 14:42:15 ]: [   >>>   ] [ 0  (0) ]: ATTACK;1;1001;0;10
[ 21.11.2010 14:42:15 ]: [   >>>   ] [ 0  (0) ]: ATTACK;2;1002;0;10
[ 21.11.2010 14:42:17 ]: [   >>>   ] [ 0  (0) ]: ATTACK;1;1001;0;10
[ 21.11.2010 14:42:17 ]: [   >>>   ] [ 0  (0) ]: ATTACK;2;1002;0;10
[ 21.11.2010 14:42:19 ]: [   >>>   ] [ 0  (0) ]: ATTACK;1;1001;0;10
[ 21.11.2010 14:42:19 ]: [   >>>   ] [ 0  (0) ]: ATTACK;2;1002;0;10
[ 21.11.2010 14:42:21 ]: [   >>>   ] [ 0  (0) ]: ATTACK;1;1001;0;10
[ 21.11.2010 14:42:21 ]: [   >>>   ] [ 0  (0) ]: ATTACK;2;1002;0;10
[ 21.11.2010 14:42:23 ]: [   >>>   ] [ 0  (0) ]: ATTACK;1;1001;0;10
[ 21.11.2010 14:42:23 ]: [   >>>   ] [ 0  (0) ]: ATTACK;2;1002;0;10
[ 21.11.2010 14:42:25 ]: [   >>>   ] [ 0  (0) ]: ATTACK;1;1001;0;10
[ 21.11.2010 14:42:25 ]: [   >>>   ] [ 0  (0) ]: ATTACK;2;1002;0;10
[ 21.11.2010 14:42:27 ]: [   >>>   ] [ 0  (0) ]: ATTACK;1;1001;0;10
[ 21.11.2010 14:42:27 ]: [   >>>   ] [ 0  (0) ]: ATTACK;2;1002;0;10
[ 21.11.2010 14:42:29 ]: [   >>>   ] [ 0  (0) ]: ATTACK;1;1001;0;10
[ 21.11.2010 14:42:29 ]: [   >>>   ] [ 0  (0) ]: ATTACK;2;1002;0;10
[ 21.11.2010 14:42:31 ]: [   >>>   ] [ 0  (0) ]: ATTACK;1;1001;0;10
[ 21.11.2010 14:42:31 ]: [   >>>   ] [ 0  (0) ]: ATTACK;2;1002;0;10
[ 21.11.2010 14:42:33 ]: [   >>>   ] [ 0  (0) ]: ATTACK;1;1001;0;10
[ 21.11.2010 14:42:33 ]: [   >>>   ] [ 0  (0) ]: ATTACK;2;1002;0;10
[ 21.11.2010 14:42:35 ]: [   >>>   ] [ 0  (0) ]: ATTACK;1;1001;0;10
[ 21.11.2010 14:42:35 ]: [   >>>   ] [ 0  (0) ]: ATTACK;2;1002;0;10
[ 21.11.2010 14:42:37 ]: [   >>>   ] [ 0  (0) ]: ATTACK;1;1001;0;10
[ 21.11.2010 14:42:37 ]: [   >>>   ] [ 0  (0) ]: ATTACK;2;1002;0;10
[ 21.11.2010 14:42:39 ]: [   >>>   ] [ 0  (0) ]: ATTACK;1;1001;0;10
[ 21.11.2010 14:42:39 ]: [   >>>   ] [ 0  (0) ]: ATTACK;2;1002;0;10
[ 21.11.2010 14:42:41 ]: [   >>>   ] [ 0  (0) ]: ATTACK;1;1001;0;10
[ 21.11.2010 14:42:41 ]: [   >>>   ] [ 0  (0) ]: ATTACK;2;1002;0;10
[ 21.11.2010 14:42:43 ]: [   >>>   ] [ 0  (0) ]: ATTACK;1;1001;0;10
[ 21.11.2010 14:42:43 ]: [   >>>   ] [ 0  (0) ]: ATTACK;2;1002;0;10
[ 21.11.2010 14:42:45 ]: [   >>>   ] [ 0  (0) ]: ATTACK;1;1001;0;10
[ 21.11.2010 14:42:45 ]: [   >>>   ] [ 0  (0) ]: ATTACK;2;1002;0;10
[ 21.11.2010 14:42:47 ]: [   >>>   ] [ 0  (0) ]: ATTACK;1;1001;0;10
[ 21.11.2010 14:42:47 ]: [   >>>   ] [ 0  (0) ]: ATTACK;2;1002;0;10
[ 21.11.2010 14:42:49 ]: [   >>>   ] [ 0  (0) ]: ATTACK;1;1001;0;10
[ 21.11.2010 14:42:49 ]: [   >>>   ] [ 0  (0) ]: ATTACK;2;1002;0;10
[ 21.11.2010 14:42:51 ]: [   >>>   ] [ 0  (0) ]: ATTACK;1;1001;0;10
[ 21.11.2010 14:42:51 ]: [   >>>   ] [ 0  (0) ]: ATTACK;2;1002;0;10
[ 21.11.2010 14:42:53 ]: [   >>>   ] [ 0  (0) ]: ATTACK;1;1001;0;10
[ 21.11.2010 14:42:53 ]: [   >>>   ] [ 0  (0) ]: ATTACK;2;1002;0;10
[ 21.11.2010 14:42:55 ]: [   >>>   ] [ 0  (0) ]: ATTACK;1;1001;0;10
[ 21.11.2010 14:42:55 ]: [   >>>   ] [ 0  (0) ]: ATTACK;2;1002;0;10
[ 21.11.2010 14:42:57 ]: [   >>>   ] [ 0  (0) ]: ATTACK;1;1001;0;10
[ 21.11.2010 14:42:57 ]: [   >>>   ] [ 0  (0) ]: ATTACK;2;1002;0;10
[ 21.11.2010 14:42:59 ]: [   >>>   ] [ 0  (0) ]: ATTACK;1;1001;0;10
[ 21.11.2010 14:42:59 ]: [   >>>   ] [ 0  (0) ]: ATTACK;2;1002;0;10
[ 21.11.2010 14:43:01 ]: [   >>>   ] [ 0  (0) ]: ATTACK;1;1001;0;10
[ 21.11.2010 14:43:01 ]: [   >>>   ] [ 0  (0) ]: ATTACK;2;1002;0;10
[ 21.11.2010 14:43:03 ]: [   >>>   ] [ 0  (0) ]: ATTACK;1;1001;0;10
[ 21.11.2010 14:43:03 ]: [   >>>   ] [ 0  (0) ]: ATTACK;2;1002;0;10
[ 21.11.2010 14:43:05 ]: [   <<<   ] [ 0  (0) ]: [Alolwas
[ 21.11.2010 14:43:05 ]: [   >>>   ] [ 0  (0) ]: ERROR;20
[ 21.11.2010 14:43:05 ]: [   >>>   ] [ 0  (0) ]: ATTACK;1;1001;0;10
[ 21.11.2010 14:43:05 ]: [   >>>   ] [ 0  (0) ]: ATTACK;2;1002;0;10
[ 21.11.2010 14:43:07 ]: [   >>>   ] [ 0  (0) ]: ATTACK;1;1001;0;10
[ 21.11.2010 14:43:07 ]: [   >>>   ] [ 0  (0) ]: ATTACK;2;1002;0;10
[ 21.11.2010 14:43:07 ]: [   <<<   ] [ 0  (0) ]: oper
[ 21.11.2010 14:43:07 ]: [   >>>   ] [ 0  (0) ]: ERROR;20
[ 21.11.2010 14:43:09 ]: [   >>>   ] [ 0  (0) ]: ATTACK;1;1001;0;10
[ 21.11.2010 14:43:09 ]: [   >>>   ] [ 0  (0) ]: ATTACK;2;1002;0;10
[ 21.11.2010 14:43:11 ]: [   >>>   ] [ 0  (0) ]: ATTACK;1;1001;0;10
[ 21.11.2010 14:43:11 ]: [   >>>   ] [ 0  (0) ]: ATTACK;2;1002;0;10
[ 21.11.2010 14:43:13 ]: [   >>>   ] [ 0  (0) ]: ATTACK;1;1001;0;10
[ 21.11.2010 14:43:13 ]: [   >>>   ] [ 0  (0) ]: ATTACK;2;1002;0;10
[ 21.11.2010 14:43:15 ]: [   >>>   ] [ 0  (0) ]: ATTACK;1;1001;0;10
[ 21.11.2010 14:43:15 ]: [   >>>   ] [ 0  (0) ]: ATTACK;2;1002;0;10
[ 21.11.2010 14:43:17 ]: [   >>>   ] [ 0  (0) ]: ATTACK;1;1001;0;10
[ 21.11.2010 14:43:17 ]: [   >>>   ] [ 0  (0) ]: ATTACK;2;1002;0;10
[ 21.11.2010 14:43:18 ]: [   <<<   ] [ 0  (0) ]: blubb
[ 21.11.2010 14:43:18 ]: [   >>>   ] [ 0  (0) ]: ERROR;20
[ 21.11.2010 14:43:19 ]: [   >>>   ] [ 0  (0) ]: ATTACK;1;1001;0;10
[ 21.11.2010 14:43:19 ]: [   >>>   ] [ 0  (0) ]: ATTACK;2;1002;0;10
[ 21.11.2010 14:43:21 ]: [   >>>   ] [ 0  (0) ]: ATTACK;1;1001;0;10
[ 21.11.2010 14:43:21 ]: [   >>>   ] [ 0  (0) ]: ATTACK;2;1002;0;10
[ 21.11.2010 14:43:23 ]: [   >>>   ] [ 0  (0) ]: ATTACK;1;1001;0;10
[ 21.11.2010 14:43:23 ]: [   >>>   ] [ 0  (0) ]: ATTACK;2;1002;0;10
[ 21.11.2010 14:43:25 ]: [   >>>   ] [ 0  (0) ]: ATTACK;1;1001;0;10
[ 21.11.2010 14:43:25 ]: [   >>>   ] [ 0  (0) ]: ATTACK;2;1002;0;10
[ 21.11.2010 14:43:27 ]: [   >>>   ] [ 0  (0) ]: ATTACK;1;1001;0;10
[ 21.11.2010 14:43:27 ]: [   >>>   ] [ 0  (0) ]: ATTACK;2;1002;0;10
[ 21.11.2010 14:43:29 ]: [   >>>   ] [ 0  (0) ]: ATTACK;1;1001;0;10
[ 21.11.2010 14:43:29 ]: [   >>>   ] [ 0  (0) ]: ATTACK;2;1002;0;10
[ 21.11.2010 14:43:31 ]: [   >>>   ] [ 0  (0) ]: ATTACK;1;1001;0;10
[ 21.11.2010 14:43:31 ]: [   >>>   ] [ 0  (0) ]: ATTACK;2;1002;0;10
[ 21.11.2010 14:43:33 ]: [   >>>   ] [ 0  (0) ]: ATTACK;1;1001;0;10
[ 21.11.2010 14:43:33 ]: [   >>>   ] [ 0  (0) ]: ATTACK;2;1002;0;10
[ 21.11.2010 14:43:35 ]: [   >>>   ] [ 0  (0) ]: ATTACK;1;1001;0;10
[ 21.11.2010 14:43:35 ]: [   >>>   ] [ 0  (0) ]: ATTACK;2;1002;0;10
[ 21.11.2010 14:43:37 ]: [   >>>   ] [ 0  (0) ]: ATTACK;1;1001;0;10
[ 21.11.2010 14:43:37 ]: [   >>>   ] [ 0  (0) ]: ATTACK;2;1002;0;10
[ 21.11.2010 14:43:39 ]: [   >>>   ] [ 0  (0) ]: ATTACK;1;1001;0;10
[ 21.11.2010 14:43:39 ]: [   >>>   ] [ 0  (0) ]: ATTACK;2;1002;0;10
[ 21.11.2010 14:43:41 ]: [   >>>   ] [ 0  (0) ]: ATTACK;1;1001;0;10
[ 21.11.2010 14:43:41 ]: [   >>>   ] [ 0  (0) ]: ATTACK;2;1002;0;10
[ 21.11.2010 14:43:43 ]: [   >>>   ] [ 0  (0) ]: ATTACK;1;1001;0;10
[ 21.11.2010 14:43:43 ]: [   >>>   ] [ 0  (0) ]: ATTACK;2;1002;0;10
[ 21.11.2010 14:43:45 ]: [   >>>   ] [ 0  (0) ]: ATTACK;1;1001;0;10
[ 21.11.2010 14:43:45 ]: [   >>>   ] [ 0  (0) ]: ATTACK;2;1002;0;10
[ 21.11.2010 14:43:47 ]: [   >>>   ] [ 0  (0) ]: ATTACK;1;1001;0;10
[ 21.11.2010 14:43:47 ]: [   >>>   ] [ 0  (0) ]: ATTACK;2;1002;0;10
[ 21.11.2010 14:43:49 ]: [   >>>   ] [ 0  (0) ]: ATTACK;1;1001;0;10
[ 21.11.2010 14:43:51 ]: [   >>>   ] [ 0  (0) ]: ATTACK;2;1002;0;10
[ 21.11.2010 14:43:51 ]: [   >>>   ] [ 0  (0) ]: ATTACK;1;1001;0;10
[ 21.11.2010 14:43:52 ]: [   >>>   ] [ 0  (0) ]: ATTACK;2;1002;0;10
[ 21.11.2010 14:43:53 ]: [   >>>   ] [ 0  (0) ]: ATTACK;1;1001;0;10
[ 21.11.2010 14:43:54 ]: [   >>>   ] [ 0  (0) ]: ATTACK;2;1002;0;10
[ 21.11.2010 14:43:55 ]: [   >>>   ] [ 0  (0) ]: ATTACK;1;1001;0;10
[ 21.11.2010 14:43:56 ]: [   >>>   ] [ 0  (0) ]: ATTACK;2;1002;0;10
[ 21.11.2010 14:43:57 ]: [   >>>   ] [ 0  (0) ]: ATTACK;1;1001;0;10
[ 21.11.2010 14:43:58 ]: [   >>>   ] [ 0  (0) ]: ATTACK;2;1002;0;10
[ 21.11.2010 14:43:59 ]: [   >>>   ] [ 0  (0) ]: ATTACK;1;1001;0;10
[ 21.11.2010 14:44:00 ]: [   >>>   ] [ 0  (0) ]: ATTACK;2;1002;0;10
[ 21.11.2010 14:44:01 ]: [   >>>   ] [ 0  (0) ]: ATTACK;1;1001;0;10
[ 21.11.2010 14:44:02 ]: [   >>>   ] [ 0  (0) ]: ATTACK;2;1002;0;10
[ 21.11.2010 14:44:03 ]: [   >>>   ] [ 0  (0) ]: ATTACK;1;1001;0;10
[ 21.11.2010 14:44:04 ]: [   >>>   ] [ 0  (0) ]: ATTACK;2;1002;0;10
[ 21.11.2010 14:44:05 ]: [   >>>   ] [ 0  (0) ]: ATTACK;1;1001;0;10
[ 21.11.2010 14:44:06 ]: [   >>>   ] [ 0  (0) ]: ATTACK;2;1002;0;10
[ 21.11.2010 14:44:07 ]: [   >>>   ] [ 0  (0) ]: ATTACK;1;1001;0;10
[ 21.11.2010 14:44:08 ]: [   >>>   ] [ 0  (0) ]: ATTACK;2;1002;0;10
[ 21.11.2010 14:44:09 ]: [   >>>   ] [ 0  (0) ]: ATTACK;1;1001;0;10
[ 21.11.2010 14:44:10 ]: [   >>>   ] [ 0  (0) ]: ATTACK;2;1002;0;10
