[ 26.11.2010 20:06:23 ]: Using Syslog: ./syslog/1290801983.log
[ 26.11.2010 20:06:23 ]: Game Server v0.2.1 starting up...
[ 26.11.2010 20:06:28 ]: PLAYER DB			READY
[ 26.11.2010 20:06:33 ]: GAME DB			READY
[ 26.11.2010 20:06:33 ]: LISTEN THREAD			READY
[ 26.11.2010 20:06:33 ]: NPC CONTROL			READY
[ 26.11.2010 20:06:33 ]: GAME SERVER READY		READY
[ 26.11.2010 20:07:37 ]: [ NEWUSER ] [ 0 ]: TIME: 1290802057
[ 26.11.2010 20:07:37 ]: [   >>>   ] [ 0  ]: WELCOME
[ 26.11.2010 20:07:44 ]: [ NEWUSER ] [ 0 ]: TIME: 1290802064
[ 26.11.2010 20:07:44 ]: [   >>>   ] [ 0  ]: WELCOME
[ 26.11.2010 20:07:44 ]: [   <<<   ] [ 0  (0) ]: LOG;xenor
[ 26.11.2010 20:07:44 ]: [ NEWUSER ] [ 0 ]: TIME: 1290802064
[ 26.11.2010 20:07:44 ]: [   >>>   ] [ 0  (0) ]: LOG;ERROR
[ 26.11.2010 20:07:57 ]: [ NEWUSER ] [ 0 ]: TIME: 1290802078
[ 26.11.2010 20:07:57 ]: [   >>>   ] [ 0  ]: WELCOME
[ 26.11.2010 20:07:57 ]: [   <<<   ] [ 0  (0) ]: LOG;xenor
[ 26.11.2010 20:07:57 ]: [ NEWUSER ] [ 0 ]: TIME: 1290802078
[ 26.11.2010 20:07:57 ]: [   >>>   ] [ 0  (0) ]: LOG;ERROR
[ 26.11.2010 20:08:05 ]: [   <<<   ] [ 0  (0) ]: login;xenor
[ 26.11.2010 20:08:05 ]: [   >>>   ] [ 0  (0) ]: LOGIN;ERROR;11
[ 26.11.2010 20:08:07 ]: [ NEWUSER ] [ 0 ]: TIME: 1290802087
[ 26.11.2010 20:08:07 ]: [   >>>   ] [ 0  ]: WELCOME
[ 26.11.2010 20:08:07 ]: [   <<<   ] [ 0  (0) ]: LOG;xenor
[ 26.11.2010 20:08:07 ]: [ NEWUSER ] [ 0 ]: TIME: 1290802087
[ 26.11.2010 20:08:07 ]: [   >>>   ] [ 0  (0) ]: LOG;ERROR
[ 26.11.2010 20:08:08 ]: [ NEWUSER ] [ 0 ]: TIME: 1290802088
[ 26.11.2010 20:08:08 ]: [   >>>   ] [ 0  ]: WELCOME
[ 26.11.2010 20:08:08 ]: [   <<<   ] [ 0  (0) ]: LOG;xenor
[ 26.11.2010 20:08:08 ]: [ NEWUSER ] [ 0 ]: TIME: 1290802088
[ 26.11.2010 20:08:08 ]: [   >>>   ] [ 0  (0) ]: LOG;ERROR
[ 26.11.2010 20:08:17 ]: [ NEWUSER ] [ 0 ]: TIME: 1290802097
[ 26.11.2010 20:08:17 ]: [   >>>   ] [ 0  ]: WELCOME
[ 26.11.2010 20:08:17 ]: [   <<<   ] [ 0  (0) ]: LOG;xenor
[ 26.11.2010 20:08:17 ]: [ NEWUSER ] [ 0 ]: TIME: 1290802097
[ 26.11.2010 20:08:17 ]: [   >>>   ] [ 0  (0) ]: LOG;ERROR
[ 26.11.2010 20:08:37 ]: [ NEWUSER ] [ 0 ]: TIME: 1290802117
[ 26.11.2010 20:08:37 ]: [   >>>   ] [ 0  ]: WELCOME
[ 26.11.2010 20:08:37 ]: [   <<<   ] [ 0  (0) ]: LOG;xenor
[ 26.11.2010 20:08:37 ]: [ NEWUSER ] [ 0 ]: TIME: 1290802117
[ 26.11.2010 20:08:37 ]: [   >>>   ] [ 0  (0) ]: LOG;ERROR
[ 26.11.2010 20:08:37 ]: [   <<<   ] [ 0  (0) ]: QUIT
[ 26.11.2010 20:08:37 ]: [   >>>   ] [ 0  ]: BYE
[ 26.11.2010 20:08:37 ]: [  KILLD  ] [ 0 ]: TIME: 1290802117
[ 26.11.2010 20:08:55 ]: [   <<<   ] [ 0  (0) ]: login;xenor;0;lalaftw#!
[ 26.11.2010 20:08:55 ]: [   >>>   ] [ 1 xenor (7) ]: LOGIN;OK
[ 26.11.2010 20:08:57 ]: [ NEWUSER ] [ 0 ]: TIME: 1290802137
[ 26.11.2010 20:08:57 ]: [   >>>   ] [ 0  ]: WELCOME
[ 26.11.2010 20:08:57 ]: [   <<<   ] [ 0  (0) ]: LOG;xenor
[ 26.11.2010 20:08:57 ]: [   >>>   ] [ 0  (0) ]: LOG;OK
[ 26.11.2010 20:08:57 ]: [   <<<   ] [ 0  (0) ]: QUIT
[ 26.11.2010 20:08:57 ]: [   >>>   ] [ 0  ]: BYE
[ 26.11.2010 20:08:57 ]: [  KILLD  ] [ 0 ]: TIME: 1290802137
[ 26.11.2010 20:09:16 ]: [ NEWUSER ] [ 0 ]: TIME: 1290802157
[ 26.11.2010 20:09:16 ]: [   >>>   ] [ 0  ]: WELCOME
[ 26.11.2010 20:09:16 ]: [   <<<   ] [ 0  (0) ]: LOG;xenor
[ 26.11.2010 20:09:16 ]: [   >>>   ] [ 0  (0) ]: LOG;OK
[ 26.11.2010 20:09:16 ]: [   <<<   ] [ 0  (0) ]: QUIT
[ 26.11.2010 20:09:16 ]: [   >>>   ] [ 0  ]: BYE
[ 26.11.2010 20:09:16 ]: [  KILLD  ] [ 0 ]: TIME: 1290802157
[ 26.11.2010 20:09:24 ]: [ NEWUSER ] [ 0 ]: TIME: 1290802164
[ 26.11.2010 20:09:24 ]: [   >>>   ] [ 0  ]: WELCOME
[ 26.11.2010 20:09:24 ]: [   <<<   ] [ 0  (0) ]: LOG;xenor
[ 26.11.2010 20:09:24 ]: [   >>>   ] [ 0  (0) ]: LOG;OK
[ 26.11.2010 20:09:24 ]: [   <<<   ] [ 0  (0) ]: QUIT
[ 26.11.2010 20:09:24 ]: [   >>>   ] [ 0  ]: BYE
[ 26.11.2010 20:09:24 ]: [  KILLD  ] [ 0 ]: TIME: 1290802164
[ 26.11.2010 20:09:25 ]: [ NEWUSER ] [ 0 ]: TIME: 1290802166
[ 26.11.2010 20:09:25 ]: [   >>>   ] [ 0  ]: WELCOME
[ 26.11.2010 20:09:25 ]: [   <<<   ] [ 0  (0) ]: LOG;xenor
[ 26.11.2010 20:09:25 ]: [   >>>   ] [ 0  (0) ]: LOG;OK
[ 26.11.2010 20:09:25 ]: [   <<<   ] [ 0  (0) ]: QUIT
[ 26.11.2010 20:09:25 ]: [   >>>   ] [ 0  ]: BYE
[ 26.11.2010 20:09:25 ]: [  KILLD  ] [ 0 ]: TIME: 1290802166
[ 26.11.2010 20:09:33 ]: [ NEWUSER ] [ 0 ]: TIME: 1290802174
[ 26.11.2010 20:09:33 ]: [   >>>   ] [ 0  ]: WELCOME
[ 26.11.2010 20:09:33 ]: [   <<<   ] [ 0  (0) ]: LOG;xenor
[ 26.11.2010 20:09:33 ]: [   >>>   ] [ 0  (0) ]: LOG;OK
[ 26.11.2010 20:09:33 ]: [   <<<   ] [ 0  (0) ]: QUIT
[ 26.11.2010 20:09:33 ]: [   >>>   ] [ 0  ]: BYE
[ 26.11.2010 20:09:33 ]: [  KILLD  ] [ 0 ]: TIME: 1290802174
[ 26.11.2010 20:09:46 ]: [ NEWUSER ] [ 0 ]: TIME: 1290802187
[ 26.11.2010 20:09:46 ]: [   >>>   ] [ 0  ]: WELCOME
[ 26.11.2010 20:09:46 ]: [   <<<   ] [ 0  (0) ]: LOG;xenor
[ 26.11.2010 20:09:46 ]: [   >>>   ] [ 0  (0) ]: LOG;OK
[ 26.11.2010 20:09:46 ]: [   <<<   ] [ 0  (0) ]: QUIT
[ 26.11.2010 20:09:46 ]: [   >>>   ] [ 0  ]: BYE
[ 26.11.2010 20:09:46 ]: [  KILLD  ] [ 0 ]: TIME: 1290802187
[ 26.11.2010 20:09:53 ]: [ NEWUSER ] [ 0 ]: TIME: 1290802193
[ 26.11.2010 20:09:53 ]: [   >>>   ] [ 0  ]: WELCOME
[ 26.11.2010 20:09:53 ]: [   <<<   ] [ 0  (0) ]: LOG;xenor
[ 26.11.2010 20:09:53 ]: [   >>>   ] [ 0  (0) ]: LOG;OK
[ 26.11.2010 20:09:53 ]: [   <<<   ] [ 0  (0) ]: QUIT
[ 26.11.2010 20:09:53 ]: [   >>>   ] [ 0  ]: BYE
[ 26.11.2010 20:09:53 ]: [  KILLD  ] [ 0 ]: TIME: 1290802193
[ 26.11.2010 20:09:56 ]: [ NEWUSER ] [ 0 ]: TIME: 1290802196
[ 26.11.2010 20:09:56 ]: [   >>>   ] [ 0  ]: WELCOME
[ 26.11.2010 20:09:56 ]: [   <<<   ] [ 0  (0) ]: LOG;xenor
[ 26.11.2010 20:09:56 ]: [   >>>   ] [ 0  (0) ]: LOG;OK
[ 26.11.2010 20:09:56 ]: [   <<<   ] [ 0  (0) ]: QUIT
[ 26.11.2010 20:09:56 ]: [   >>>   ] [ 0  ]: BYE
[ 26.11.2010 20:09:56 ]: [  KILLD  ] [ 0 ]: TIME: 1290802196
[ 26.11.2010 20:09:58 ]: [ NEWUSER ] [ 0 ]: TIME: 1290802198
[ 26.11.2010 20:09:58 ]: [   >>>   ] [ 0  ]: WELCOME
[ 26.11.2010 20:09:58 ]: [   <<<   ] [ 0  (0) ]: LOG;xenor
[ 26.11.2010 20:09:58 ]: [   >>>   ] [ 0  (0) ]: LOG;OK
[ 26.11.2010 20:09:58 ]: [   <<<   ] [ 0  (0) ]: QUIT
[ 26.11.2010 20:09:58 ]: [   >>>   ] [ 0  ]: BYE
[ 26.11.2010 20:09:58 ]: [  KILLD  ] [ 0 ]: TIME: 1290802198
[ 26.11.2010 20:10:00 ]: [ NEWUSER ] [ 0 ]: TIME: 1290802201
[ 26.11.2010 20:10:00 ]: [   >>>   ] [ 0  ]: WELCOME
[ 26.11.2010 20:10:00 ]: [   <<<   ] [ 0  (0) ]: LOG;xenor
[ 26.11.2010 20:10:00 ]: [   >>>   ] [ 0  (0) ]: LOG;OK
[ 26.11.2010 20:10:00 ]: [   <<<   ] [ 0  (0) ]: QUIT
[ 26.11.2010 20:10:00 ]: [   >>>   ] [ 0  ]: BYE
[ 26.11.2010 20:10:00 ]: [  KILLD  ] [ 0 ]: TIME: 1290802201
[ 26.11.2010 20:10:05 ]: [ NEWUSER ] [ 0 ]: TIME: 1290802206
[ 26.11.2010 20:10:05 ]: [   >>>   ] [ 0  ]: WELCOME
[ 26.11.2010 20:10:05 ]: [   <<<   ] [ 0  (0) ]: LOG;xenor
[ 26.11.2010 20:10:05 ]: [   >>>   ] [ 0  (0) ]: LOG;OK
[ 26.11.2010 20:10:05 ]: [   <<<   ] [ 0  (0) ]: QUIT
[ 26.11.2010 20:10:05 ]: [   >>>   ] [ 0  ]: BYE
[ 26.11.2010 20:10:05 ]: [  KILLD  ] [ 0 ]: TIME: 1290802206
[ 26.11.2010 20:10:12 ]: [ NEWUSER ] [ 0 ]: TIME: 1290802213
[ 26.11.2010 20:10:12 ]: [   >>>   ] [ 0  ]: WELCOME
[ 26.11.2010 20:10:12 ]: [   <<<   ] [ 0  (0) ]: LOG;xenor
[ 26.11.2010 20:10:12 ]: [   >>>   ] [ 0  (0) ]: LOG;OK
[ 26.11.2010 20:10:12 ]: [   <<<   ] [ 0  (0) ]: QUIT
[ 26.11.2010 20:10:12 ]: [   >>>   ] [ 0  ]: BYE
[ 26.11.2010 20:10:12 ]: [  KILLD  ] [ 0 ]: TIME: 1290802213
[ 26.11.2010 20:10:22 ]: [ NEWUSER ] [ 0 ]: TIME: 1290802223
[ 26.11.2010 20:10:22 ]: [   >>>   ] [ 0  ]: WELCOME
[ 26.11.2010 20:10:22 ]: [   <<<   ] [ 0  (0) ]: LOG;xenor
[ 26.11.2010 20:10:22 ]: [   >>>   ] [ 0  (0) ]: LOG;OK
[ 26.11.2010 20:10:22 ]: [   <<<   ] [ 0  (0) ]: QUIT
[ 26.11.2010 20:10:22 ]: [   >>>   ] [ 0  ]: BYE
[ 26.11.2010 20:10:22 ]: [  KILLD  ] [ 0 ]: TIME: 1290802223
[ 26.11.2010 20:10:31 ]: [ NEWUSER ] [ 0 ]: TIME: 1290802231
[ 26.11.2010 20:10:31 ]: [   >>>   ] [ 0  ]: WELCOME
[ 26.11.2010 20:10:31 ]: [   <<<   ] [ 0  (0) ]: LOG;xenor
[ 26.11.2010 20:10:31 ]: [   >>>   ] [ 0  (0) ]: LOG;OK
[ 26.11.2010 20:10:31 ]: [   <<<   ] [ 0  (0) ]: QUIT
[ 26.11.2010 20:10:31 ]: [   >>>   ] [ 0  ]: BYE
[ 26.11.2010 20:10:31 ]: [  KILLD  ] [ 0 ]: TIME: 1290802231
[ 26.11.2010 20:11:17 ]: [ NEWUSER ] [ 0 ]: TIME: 1290802278
[ 26.11.2010 20:11:17 ]: [   >>>   ] [ 0  ]: WELCOME
[ 26.11.2010 20:11:17 ]: [   <<<   ] [ 0  (0) ]: LOG;xenor
[ 26.11.2010 20:11:17 ]: [   >>>   ] [ 0  (0) ]: LOG;OK
[ 26.11.2010 20:11:17 ]: [   <<<   ] [ 0  (0) ]: QUIT
[ 26.11.2010 20:11:17 ]: [   >>>   ] [ 0  ]: BYE
[ 26.11.2010 20:11:17 ]: [  KILLD  ] [ 0 ]: TIME: 1290802278
[ 26.11.2010 20:11:21 ]: [ NEWUSER ] [ 0 ]: TIME: 1290802281
[ 26.11.2010 20:11:21 ]: [   >>>   ] [ 0  ]: WELCOME
[ 26.11.2010 20:11:21 ]: [   <<<   ] [ 0  (0) ]: LOG;xenor
[ 26.11.2010 20:11:21 ]: [   >>>   ] [ 0  (0) ]: LOG;OK
[ 26.11.2010 20:11:21 ]: [   <<<   ] [ 0  (0) ]: QUIT
[ 26.11.2010 20:11:21 ]: [   >>>   ] [ 0  ]: BYE
[ 26.11.2010 20:11:21 ]: [  KILLD  ] [ 0 ]: TIME: 1290802281
[ 26.11.2010 20:11:55 ]: [ NEWUSER ] [ 0 ]: TIME: 1290802315
[ 26.11.2010 20:11:55 ]: [   >>>   ] [ 0  ]: WELCOME
[ 26.11.2010 20:11:55 ]: [   <<<   ] [ 0  (0) ]: LOG;xenor
[ 26.11.2010 20:11:55 ]: [   >>>   ] [ 0  (0) ]: LOG;OK
[ 26.11.2010 20:12:26 ]: [ NEWUSER ] [ 0 ]: TIME: 1290802347
[ 26.11.2010 20:12:26 ]: [   >>>   ] [ 0  ]: WELCOME
[ 26.11.2010 20:12:26 ]: [   <<<   ] [ 0  (0) ]: LOG;xenor
[ 26.11.2010 20:12:26 ]: [   >>>   ] [ 0  (0) ]: LOG;OK
[ 26.11.2010 20:12:34 ]: [ NEWUSER ] [ 0 ]: TIME: 1290802355
[ 26.11.2010 20:12:34 ]: [   >>>   ] [ 0  ]: WELCOME
[ 26.11.2010 20:12:34 ]: [   <<<   ] [ 0  (0) ]: LOG;xenor
[ 26.11.2010 20:12:34 ]: [   >>>   ] [ 0  (0) ]: LOG;OK
[ 26.11.2010 20:12:37 ]: [   <<<   ] [ 1 xenor (7) ]: opfer
[ 26.11.2010 20:12:37 ]: [   >>>   ] [ 0  ]: [   <<<   ] [ 1 xenor (7) ]: opfer
[ 26.11.2010 20:12:37 ]: [   >>>   ] [ 1 xenor (7) ]: ERROR;20
[ 26.11.2010 20:12:37 ]: [   >>>   ] [ 0  ]: [   >>>   ] [ 1 xenor (7) ]: ERROR;20
[ 26.11.2010 20:12:39 ]: [   <<<   ] [ 1 xenor (7) ]: test
[ 26.11.2010 20:12:39 ]: [   >>>   ] [ 0  ]: [   <<<   ] [ 1 xenor (7) ]: test
[ 26.11.2010 20:12:39 ]: [   >>>   ] [ 1 xenor (7) ]: ERROR;20
[ 26.11.2010 20:12:39 ]: [   >>>   ] [ 0  ]: [   >>>   ] [ 1 xenor (7) ]: ERROR;20
[ 26.11.2010 20:12:49 ]: [   <<<   ] [ 1 xenor (7) ]: shutdown
[ 26.11.2010 20:12:49 ]: [   >>>   ] [ 0  ]: [   <<<   ] [ 1 xenor (7) ]: shutdown
[ 26.11.2010 20:12:49 ]: [   >>>   ] [ 1 xenor (7) ]: SHUTDOWN;50;10
[ 26.11.2010 20:12:49 ]: [   >>>   ] [ 0  ]: [   >>>   ] [ 1 xenor (7) ]: SHUTDOWN;50;10
[ 26.11.2010 20:12:49 ]: [  KILLD  ] [ 0 ]: TIME: 1290802369
[ 26.11.2010 20:12:49 ]: [  KILLD  ] [ 0 ]: TIME: 1290802369
[ 26.11.2010 20:12:49 ]: [  KILLD  ] [ 0 ]: TIME: 1290802369
[ 26.11.2010 20:12:49 ]: [  KILLD  ] [ 0 ]: TIME: 1290802369
[ 26.11.2010 20:12:49 ]: [  KILLD  ] [ 0 ]: TIME: 1290802369
[ 26.11.2010 20:12:49 ]: [  KILLD  ] [ 0 ]: TIME: 1290802369
[ 26.11.2010 20:12:49 ]: [  KILLD  ] [ 0 ]: TIME: 1290802369
[ 26.11.2010 20:12:49 ]: [   >>>   ] [ 0  (0) ]: SHUTDOWN;50;10
[ 26.11.2010 20:12:50 ]: [   >>>   ] [ 1 xenor (7) ]: SHUTDOWN;50;9
[ 26.11.2010 20:12:50 ]: [   >>>   ] [ 0  ]: [   >>>   ] [ 1 xenor (7) ]: SHUTDOWN;50;9
[ 26.11.2010 20:12:50 ]: [   >>>   ] [ 0  (0) ]: SHUTDOWN;50;9
[ 26.11.2010 20:12:51 ]: [   >>>   ] [ 1 xenor (7) ]: SHUTDOWN;50;8
[ 26.11.2010 20:12:51 ]: [   >>>   ] [ 0  ]: [   >>>   ] [ 1 xenor (7) ]: SHUTDOWN;50;8
[ 26.11.2010 20:12:51 ]: [   >>>   ] [ 0  (0) ]: SHUTDOWN;50;8
[ 26.11.2010 20:12:52 ]: [   >>>   ] [ 1 xenor (7) ]: SHUTDOWN;50;7
[ 26.11.2010 20:12:52 ]: [   >>>   ] [ 0  ]: [   >>>   ] [ 1 xenor (7) ]: SHUTDOWN;50;7
[ 26.11.2010 20:12:52 ]: [   >>>   ] [ 0  (0) ]: SHUTDOWN;50;7
[ 26.11.2010 20:12:53 ]: [   >>>   ] [ 1 xenor (7) ]: SHUTDOWN;50;6
[ 26.11.2010 20:12:53 ]: [   >>>   ] [ 0  ]: [   >>>   ] [ 1 xenor (7) ]: SHUTDOWN;50;6
[ 26.11.2010 20:12:53 ]: [   >>>   ] [ 0  (0) ]: SHUTDOWN;50;6
[ 26.11.2010 20:12:54 ]: [   >>>   ] [ 1 xenor (7) ]: SHUTDOWN;50;5
[ 26.11.2010 20:12:54 ]: [   >>>   ] [ 0  ]: [   >>>   ] [ 1 xenor (7) ]: SHUTDOWN;50;5
[ 26.11.2010 20:12:54 ]: [   >>>   ] [ 0  (0) ]: SHUTDOWN;50;5
[ 26.11.2010 20:12:55 ]: [   >>>   ] [ 1 xenor (7) ]: SHUTDOWN;50;4
[ 26.11.2010 20:12:55 ]: [   >>>   ] [ 0  ]: [   >>>   ] [ 1 xenor (7) ]: SHUTDOWN;50;4
[ 26.11.2010 20:12:55 ]: [   >>>   ] [ 0  (0) ]: SHUTDOWN;50;4
[ 26.11.2010 20:12:56 ]: [   >>>   ] [ 1 xenor (7) ]: SHUTDOWN;50;3
[ 26.11.2010 20:12:56 ]: [   >>>   ] [ 0  ]: [   >>>   ] [ 1 xenor (7) ]: SHUTDOWN;50;3
[ 26.11.2010 20:12:56 ]: [   >>>   ] [ 0  (0) ]: SHUTDOWN;50;3
[ 26.11.2010 20:12:56 ]: [   <<<   ] [ 1 xenor (7) ]: quit
[ 26.11.2010 20:12:56 ]: [   >>>   ] [ 0  ]: [   <<<   ] [ 1 xenor (7) ]: quit
[ 26.11.2010 20:12:56 ]: [   >>>   ] [ 1 xenor ]: BYE
[ 26.11.2010 20:12:56 ]: [   >>>   ] [ 0  ]: [   >>>   ] [ 1 xenor ]: BYE
[ 26.11.2010 20:12:56 ]: [  KILLD  ] [ 1 ]: TIME: 1290802377
[ 26.11.2010 20:12:57 ]: [   >>>   ] [ 0  (0) ]: SHUTDOWN;50;2
[ 26.11.2010 20:12:58 ]: [   >>>   ] [ 0  (0) ]: SHUTDOWN;50;1
[ 26.11.2010 20:12:59 ]: [   >>>   ] [ 0  (0) ]: SHUTDOWN;51
[ 26.11.2010 20:12:59 ]: [  KILLD  ] [ 0 ]: TIME: 1290802379
[ 26.11.2010 20:12:59 ]: SHUTDOWN COMPLETE AT 1290802379
