[ 21.11.2010 10:22:24 ]: Using Syslog: ./syslog/1290334945.log
[ 21.11.2010 10:22:25 ]: Game Server v0.2.1 starting up...
[ 21.11.2010 10:22:29 ]: PLAYER DB			READY
[ 21.11.2010 10:22:34 ]: GAME DB			READY
[ 21.11.2010 10:22:34 ]: LISTEN THREAD			READY
[ 21.11.2010 10:22:34 ]: NPC CONTROL			READY
[ 21.11.2010 10:22:34 ]: GAME SERVER READY		READY
[ 21.11.2010 10:22:34 ]: [ NEWUSER ] [ 0 ]: TIME: 1290334955
[ 21.11.2010 10:22:34 ]: [   >>>   ] [ 0  ]: WELCOME
[ 21.11.2010 10:22:37 ]: [   <<<   ] [ 0  (0) ]: spawn,1002
[ 21.11.2010 10:22:37 ]: [   >>>   ] [ 0  (0) ]: ERROR;20
[ 21.11.2010 10:22:38 ]: [   <<<   ] [ 0  (0) ]: spawn;1002
[ 21.11.2010 10:22:38 ]: [   >>>   ] [ 0  (0) ]: SPAWN;OK;1002;-9;-7;8
[ 21.11.2010 10:22:39 ]: [   >>>   ] [ 0  (0) ]: MOB 1002 IN RANGE.
[ 21.11.2010 10:22:40 ]: [   >>>   ] [ 0  (0) ]: MOB 1002 IN RANGE.
[ 21.11.2010 10:22:41 ]: [   >>>   ] [ 0  (0) ]: MOB 1002 IN RANGE.
[ 21.11.2010 10:22:42 ]: [   >>>   ] [ 0  (0) ]: MOB 1002 IN RANGE.
[ 21.11.2010 10:22:43 ]: [   >>>   ] [ 0  (0) ]: MOB 1002 IN RANGE.
[ 21.11.2010 10:22:44 ]: [   >>>   ] [ 0  (0) ]: MOB 1002 IN RANGE.
[ 21.11.2010 10:22:45 ]: [   >>>   ] [ 0  (0) ]: MOB 1002 IN RANGE.
[ 21.11.2010 10:22:46 ]: [   >>>   ] [ 0  (0) ]: MOB 1002 IN RANGE.
[ 21.11.2010 10:22:47 ]: [   >>>   ] [ 0  (0) ]: MOB 1002 IN RANGE.
[ 21.11.2010 10:22:48 ]: [   >>>   ] [ 0  (0) ]: MOB 1002 IN RANGE.
[ 21.11.2010 10:22:48 ]: [   <<<   ] [ 0  (0) ]: warp
[ 21.11.2010 10:22:48 ]: [   >>>   ] [ 0  (0) ]: WARP;ERROR;22;WARP <X> <Y> [<Z>]
[ 21.11.2010 10:22:49 ]: [   >>>   ] [ 0  (0) ]: MOB 1002 IN RANGE.
[ 21.11.2010 10:22:50 ]: [   >>>   ] [ 0  (0) ]: MOB 1002 IN RANGE.
[ 21.11.2010 10:22:51 ]: [   >>>   ] [ 0  (0) ]: MOB 1002 IN RANGE.
[ 21.11.2010 10:22:52 ]: [   >>>   ] [ 0  (0) ]: MOB 1002 IN RANGE.
[ 21.11.2010 10:22:53 ]: [   <<<   ] [ 0  (0) ]: warp;10;10
[ 21.11.2010 10:22:53 ]: [   >>>   ] [ 0  (0) ]: WARP;ERROR;22;WARP <X> <Y> [<Z>]
[ 21.11.2010 10:22:53 ]: [   >>>   ] [ 0  (0) ]: MOB 1002 IN RANGE.
[ 21.11.2010 10:22:54 ]: [   >>>   ] [ 0  (0) ]: MOB 1002 IN RANGE.
[ 21.11.2010 10:22:55 ]: [   >>>   ] [ 0  (0) ]: MOB 1002 IN RANGE.
[ 21.11.2010 10:22:56 ]: [   >>>   ] [ 0  (0) ]: MOB 1002 IN RANGE.
[ 21.11.2010 10:22:57 ]: [   >>>   ] [ 0  (0) ]: MOB 1002 IN RANGE.
[ 21.11.2010 10:22:57 ]: [   <<<   ] [ 0  (0) ]: warp;10;10;10
[ 21.11.2010 10:22:57 ]: [   >>>   ] [ 0  (0) ]: WARP;OK;10;10;10
[ 21.11.2010 10:22:58 ]: [   >>>   ] [ 0  (0) ]: MOB 1002 IN RANGE.
[ 21.11.2010 10:22:59 ]: [   >>>   ] [ 0  (0) ]: MOB 1002 IN RANGE.
[ 21.11.2010 10:23:00 ]: [   >>>   ] [ 0  (0) ]: MOB 1002 IN RANGE.
[ 21.11.2010 10:23:01 ]: [   >>>   ] [ 0  (0) ]: MOB 1002 IN RANGE.
[ 21.11.2010 10:23:02 ]: [   >>>   ] [ 0  (0) ]: MOB 1002 IN RANGE.
[ 21.11.2010 10:23:03 ]: [   >>>   ] [ 0  (0) ]: MOB 1002 IN RANGE.
[ 21.11.2010 10:23:04 ]: [   >>>   ] [ 0  (0) ]: MOB 1002 IN RANGE.
[ 21.11.2010 10:23:05 ]: [   >>>   ] [ 0  (0) ]: MOB 1002 IN RANGE.
[ 21.11.2010 10:23:06 ]: [   >>>   ] [ 0  (0) ]: MOB 1002 IN RANGE.
[ 21.11.2010 10:23:07 ]: [   >>>   ] [ 0  (0) ]: MOB 1002 IN RANGE.
[ 21.11.2010 10:23:08 ]: [   >>>   ] [ 0  (0) ]: MOB 1002 IN RANGE.
[ 21.11.2010 10:23:09 ]: [   >>>   ] [ 0  (0) ]: MOB 1002 IN RANGE.
[ 21.11.2010 10:23:10 ]: [   >>>   ] [ 0  (0) ]: MOB 1002 IN RANGE.
[ 21.11.2010 10:23:11 ]: [   >>>   ] [ 0  (0) ]: MOB 1002 IN RANGE.
[ 21.11.2010 10:23:12 ]: [   >>>   ] [ 0  (0) ]: MOB 1002 IN RANGE.
[ 21.11.2010 10:23:13 ]: [   >>>   ] [ 0  (0) ]: MOB 1002 IN RANGE.
[ 21.11.2010 10:23:14 ]: [   >>>   ] [ 0  (0) ]: MOB 1002 IN RANGE.
[ 21.11.2010 10:23:15 ]: [   >>>   ] [ 0  (0) ]: MOB 1002 IN RANGE.
[ 21.11.2010 10:23:16 ]: [   >>>   ] [ 0  (0) ]: MOB 1002 IN RANGE.
[ 21.11.2010 10:23:17 ]: [   >>>   ] [ 0  (0) ]: MOB 1002 IN RANGE.
[ 21.11.2010 10:23:18 ]: [   >>>   ] [ 0  (0) ]: MOB 1002 IN RANGE.
[ 21.11.2010 10:23:19 ]: [   >>>   ] [ 0  (0) ]: MOB 1002 IN RANGE.
[ 21.11.2010 10:23:19 ]: [   <<<   ] [ 0  (0) ]: warp;1000;1000000;10
[ 21.11.2010 10:23:19 ]: [   >>>   ] [ 0  (0) ]: WARP;OK;1000;1000000;10
[ 21.11.2010 10:24:35 ]: [   <<<   ] [ 0  (0) ]: aggr
[ 21.11.2010 10:24:35 ]: [   >>>   ] [ 0  (0) ]: ERROR;20
[ 21.11.2010 10:27:36 ]: [   <<<   ] [ 0  (0) ]: AGGR
[ 21.11.2010 10:27:36 ]: [   >>>   ] [ 0  (0) ]: ERROR;20
[ 21.11.2010 10:27:44 ]: [   <<<   ] [ 0  (0) ]: lolwas
[ 21.11.2010 10:27:44 ]: [   >>>   ] [ 0  (0) ]: ERROR;20
[ 21.11.2010 10:27:45 ]: [   <<<   ] [ 0  (0) ]: opder
[ 21.11.2010 10:27:45 ]: [   >>>   ] [ 0  (0) ]: ERROR;20
[ 21.11.2010 10:27:47 ]: [   <<<   ] [ 0  (0) ]: spawn;1002
[ 21.11.2010 10:27:47 ]: [   >>>   ] [ 0  (0) ]: SPAWN;OK;1002;1007;999997;2
[ 21.11.2010 10:27:47 ]: [   >>>   ] [ 0  (0) ]: MOB 1002 IN RANGE.
[ 21.11.2010 10:27:48 ]: [   >>>   ] [ 0  (0) ]: MOB 1002 IN RANGE.
[ 21.11.2010 10:27:49 ]: [   >>>   ] [ 0  (0) ]: MOB 1002 IN RANGE.
[ 21.11.2010 10:27:50 ]: [   >>>   ] [ 0  (0) ]: MOB 1002 IN RANGE.
[ 21.11.2010 10:27:51 ]: [   >>>   ] [ 0  (0) ]: MOB 1002 IN RANGE.
[ 21.11.2010 10:27:52 ]: [   >>>   ] [ 0  (0) ]: MOB 1002 IN RANGE.
[ 21.11.2010 10:27:53 ]: [   >>>   ] [ 0  (0) ]: MOB 1002 IN RANGE.
[ 21.11.2010 10:27:53 ]: [   <<<   ] [ 0  (0) ]: quit
[ 21.11.2010 10:27:53 ]: [   >>>   ] [ 0  ]: BYE
[ 21.11.2010 10:27:53 ]: [  KILLD  ] [ 0 ]: TIME: 1290335274
