[ 22.11.2010 16:24:45 ]: Using Syslog: ./syslog/1290443086.log
[ 22.11.2010 16:24:45 ]: Game Server v0.2.1 starting up...
[ 22.11.2010 16:24:51 ]: PLAYER DB			READY
[ 22.11.2010 16:24:56 ]: GAME DB			READY
[ 22.11.2010 16:24:56 ]: LISTEN THREAD			READY
[ 22.11.2010 16:24:56 ]: QUEST PARSER			READY
[ 22.11.2010 16:24:56 ]: NPC CONTROL			READY
[ 22.11.2010 16:24:56 ]: GAME SERVER READY		READY
[ 22.11.2010 16:25:06 ]: [ NEWUSER ] [ 0 ]: TIME: 1290443107
[ 22.11.2010 16:25:06 ]: [   >>>   ] [ 0  ]: WELCOME
[ 22.11.2010 16:25:20 ]: [ NEWUSER ] [ 0 ]: TIME: 1290443121
[ 22.11.2010 16:25:20 ]: [   >>>   ] [ 0  ]: WELCOME
[ 22.11.2010 16:25:27 ]: [   <<<   ] [ 0  (0) ]: login;xenor;0;lalaftw#!
[ 22.11.2010 16:25:27 ]: [   >>>   ] [ 1 xenor (7) ]: LOGIN;OK
[ 22.11.2010 16:25:30 ]: [   <<<   ] [ 0  (0) ]: log;xenor
[ 22.11.2010 16:25:32 ]: [   <<<   ] [ 1 xenor (7) ]: opfer
[ 22.11.2010 16:25:32 ]: [   >>>   ] [ 0  ]: [   <<<   ] [ 1 xenor (7) ]: opfer
[ 22.11.2010 16:25:32 ]: [   >>>   ] [ 1 xenor (7) ]: ERROR;20
[ 22.11.2010 16:25:32 ]: [   >>>   ] [ 0  ]: [   >>>   ] [ 1 xenor (7) ]: ERROR;20
[ 22.11.2010 16:26:30 ]: [   <<<   ] [ 1 xenor (7) ]: spawn;1001
[ 22.11.2010 16:26:30 ]: [   >>>   ] [ 0  ]: [   <<<   ] [ 1 xenor (7) ]: spawn;1001
[ 22.11.2010 16:26:30 ]: [   >>>   ] [ 1 xenor (7) ]: SPAWN;OK;1;1001;6;2;5
[ 22.11.2010 16:26:30 ]: [   >>>   ] [ 0  ]: [   >>>   ] [ 1 xenor (7) ]: SPAWN;OK;1;1001;6;2;5
[ 22.11.2010 16:26:32 ]: [   <<<   ] [ 1 xenor (7) ]: aggr
[ 22.11.2010 16:26:32 ]: [   >>>   ] [ 0  ]: [   <<<   ] [ 1 xenor (7) ]: aggr
