[ 21.11.2010 14:55:15 ]: Using Syslog: ./syslog/1290351316.log
[ 21.11.2010 14:55:15 ]: Game Server v0.2.1 starting up...
[ 21.11.2010 14:55:20 ]: PLAYER DB			READY
[ 21.11.2010 14:55:25 ]: GAME DB			READY
[ 21.11.2010 14:55:25 ]: LISTEN THREAD			READY
[ 21.11.2010 14:55:25 ]: NPC CONTROL			READY
[ 21.11.2010 14:55:25 ]: GAME SERVER READY		READY
[ 21.11.2010 14:55:26 ]: [ NEWUSER ] [ 0 ]: TIME: 1290351326
[ 21.11.2010 14:55:26 ]: [   >>>   ] [ 0  ]: WELCOME
[ 21.11.2010 14:55:28 ]: [   <<<   ] [ 0  (0) ]: spawn;1001
[ 21.11.2010 14:55:28 ]: [   >>>   ] [ 0  (0) ]: SPAWN;OK;1001;6;3;2
[ 21.11.2010 14:55:30 ]: [   <<<   ] [ 0  (0) ]: spawn;1002
[ 21.11.2010 14:55:30 ]: [   >>>   ] [ 0  (0) ]: SPAWN;OK;1002;-7;4;-2
[ 21.11.2010 14:55:32 ]: [   <<<   ] [ 0  (0) ]: aggr;1
[ 21.11.2010 14:55:32 ]: [   >>>   ] [ 0  (0) ]: ATTACK;1;1001;0;10
[ 21.11.2010 14:55:33 ]: [   >>>   ] [ 0  (0) ]: ATTACK;1;1001;0;10
[ 21.11.2010 14:55:35 ]: [ NEWUSER ] [ 0 ]: TIME: 1290351335
[ 21.11.2010 14:55:35 ]: [   >>>   ] [ 0  ]: WELCOME
[ 21.11.2010 14:55:35 ]: [   >>>   ] [ 0  (0) ]: ATTACK;1;1001;0;10
[ 21.11.2010 14:55:36 ]: [   <<<   ] [ 0  (0) ]: aggr;1
[ 21.11.2010 14:55:37 ]: [   >>>   ] [ 0  (0) ]: ATTACK;1;1001;0;10
[ 21.11.2010 14:55:39 ]: [   >>>   ] [ 0  (0) ]: ATTACK;1;1001;0;10
[ 21.11.2010 14:55:41 ]: [   >>>   ] [ 0  (0) ]: ATTACK;1;1001;0;10
[ 21.11.2010 14:55:43 ]: [   >>>   ] [ 0  (0) ]: ATTACK;1;1001;0;10
[ 21.11.2010 14:55:45 ]: [   >>>   ] [ 0  (0) ]: ATTACK;1;1001;0;10
[ 21.11.2010 14:55:47 ]: [   >>>   ] [ 0  (0) ]: ATTACK;1;1001;0;10
[ 21.11.2010 14:55:48 ]: [   <<<   ] [ 0  (0) ]: aggr;2
[ 21.11.2010 14:55:48 ]: [   >>>   ] [ 0  (0) ]: ATTACK;2;1002;0;10
[ 21.11.2010 14:55:49 ]: [   >>>   ] [ 0  (0) ]: ATTACK;1;1001;0;10
[ 21.11.2010 14:55:50 ]: [   >>>   ] [ 0  (0) ]: ATTACK;2;1002;0;10
[ 21.11.2010 14:55:51 ]: [   >>>   ] [ 0  (0) ]: ATTACK;1;1001;0;10
[ 21.11.2010 14:55:52 ]: [   >>>   ] [ 0  (0) ]: ATTACK;2;1002;0;10
[ 21.11.2010 14:55:53 ]: [   >>>   ] [ 0  (0) ]: ATTACK;1;1001;0;10
[ 21.11.2010 14:55:54 ]: [   >>>   ] [ 0  (0) ]: ATTACK;2;1002;0;10
[ 21.11.2010 14:55:55 ]: [   >>>   ] [ 0  (0) ]: ATTACK;1;1001;0;10
[ 21.11.2010 14:55:56 ]: [   >>>   ] [ 0  (0) ]: ATTACK;2;1002;0;10
[ 21.11.2010 14:55:57 ]: [   >>>   ] [ 0  (0) ]: ATTACK;1;1001;0;10
[ 21.11.2010 14:55:58 ]: [   >>>   ] [ 0  (0) ]: ATTACK;2;1002;0;10
[ 21.11.2010 14:55:59 ]: [   >>>   ] [ 0  (0) ]: ATTACK;1;1001;0;10
[ 21.11.2010 14:56:00 ]: [   >>>   ] [ 0  (0) ]: ATTACK;2;1002;0;10
[ 21.11.2010 14:56:01 ]: [   >>>   ] [ 0  (0) ]: ATTACK;1;1001;0;10
[ 21.11.2010 14:56:02 ]: [   >>>   ] [ 0  (0) ]: ATTACK;2;1002;0;10
[ 21.11.2010 14:56:03 ]: [   >>>   ] [ 0  (0) ]: ATTACK;1;1001;0;10
[ 21.11.2010 14:56:04 ]: [   >>>   ] [ 0  (0) ]: ATTACK;2;1002;0;10
[ 21.11.2010 14:56:05 ]: [   >>>   ] [ 0  (0) ]: ATTACK;1;1001;0;10
[ 21.11.2010 14:56:06 ]: [   >>>   ] [ 0  (0) ]: ATTACK;2;1002;0;10
[ 21.11.2010 14:56:07 ]: [   >>>   ] [ 0  (0) ]: ATTACK;1;1001;0;10
[ 21.11.2010 14:56:08 ]: [   >>>   ] [ 0  (0) ]: ATTACK;2;1002;0;10
[ 21.11.2010 14:56:09 ]: [   >>>   ] [ 0  (0) ]: ATTACK;1;1001;0;10
[ 21.11.2010 14:56:10 ]: [   >>>   ] [ 0  (0) ]: ATTACK;2;1002;0;10
[ 21.11.2010 14:56:11 ]: [   >>>   ] [ 0  (0) ]: ATTACK;1;1001;0;10
[ 21.11.2010 14:56:12 ]: [   >>>   ] [ 0  (0) ]: ATTACK;2;1002;0;10
[ 21.11.2010 14:56:13 ]: [   >>>   ] [ 0  (0) ]: ATTACK;1;1001;0;10
[ 21.11.2010 14:56:14 ]: [   >>>   ] [ 0  (0) ]: ATTACK;2;1002;0;10
[ 21.11.2010 14:56:15 ]: [   >>>   ] [ 0  (0) ]: ATTACK;1;1001;0;10
[ 21.11.2010 14:56:16 ]: [   >>>   ] [ 0  (0) ]: ATTACK;2;1002;0;10
[ 21.11.2010 14:56:17 ]: [   >>>   ] [ 0  (0) ]: ATTACK;1;1001;0;10
[ 21.11.2010 14:56:18 ]: [   >>>   ] [ 0  (0) ]: ATTACK;2;1002;0;10
[ 21.11.2010 14:56:19 ]: [   >>>   ] [ 0  (0) ]: ATTACK;1;1001;0;10
[ 21.11.2010 14:56:20 ]: [   >>>   ] [ 0  (0) ]: ATTACK;2;1002;0;10
[ 21.11.2010 14:56:21 ]: [   >>>   ] [ 0  (0) ]: ATTACK;1;1001;0;10
[ 21.11.2010 14:56:22 ]: [   >>>   ] [ 0  (0) ]: ATTACK;2;1002;0;10
[ 21.11.2010 14:56:23 ]: [   >>>   ] [ 0  (0) ]: ATTACK;1;1001;0;10
[ 21.11.2010 14:56:24 ]: [   >>>   ] [ 0  (0) ]: ATTACK;2;1002;0;10
[ 21.11.2010 14:56:25 ]: [   >>>   ] [ 0  (0) ]: ATTACK;1;1001;0;10
[ 21.11.2010 14:56:26 ]: [   >>>   ] [ 0  (0) ]: ATTACK;2;1002;0;10
[ 21.11.2010 14:56:27 ]: [   >>>   ] [ 0  (0) ]: ATTACK;1;1001;0;10
[ 21.11.2010 14:56:28 ]: [   >>>   ] [ 0  (0) ]: ATTACK;2;1002;0;10
[ 21.11.2010 14:56:29 ]: [   >>>   ] [ 0  (0) ]: ATTACK;1;1001;0;10
[ 21.11.2010 14:56:30 ]: [   >>>   ] [ 0  (0) ]: ATTACK;2;1002;0;10
[ 21.11.2010 14:56:31 ]: [   >>>   ] [ 0  (0) ]: ATTACK;1;1001;0;10
[ 21.11.2010 14:56:32 ]: [   >>>   ] [ 0  (0) ]: ATTACK;2;1002;0;10
[ 21.11.2010 14:56:33 ]: [   >>>   ] [ 0  (0) ]: ATTACK;1;1001;0;10
[ 21.11.2010 14:56:34 ]: [   >>>   ] [ 0  (0) ]: ATTACK;2;1002;0;10
[ 21.11.2010 14:56:35 ]: [   >>>   ] [ 0  (0) ]: ATTACK;1;1001;0;10
[ 21.11.2010 14:56:36 ]: [   >>>   ] [ 0  (0) ]: ATTACK;2;1002;0;10
[ 21.11.2010 14:56:37 ]: [   >>>   ] [ 0  (0) ]: ATTACK;1;1001;0;10
[ 21.11.2010 14:56:38 ]: [   >>>   ] [ 0  (0) ]: ATTACK;2;1002;0;10
[ 21.11.2010 14:56:39 ]: [   >>>   ] [ 0  (0) ]: ATTACK;1;1001;0;10
[ 21.11.2010 14:56:40 ]: [   >>>   ] [ 0  (0) ]: ATTACK;2;1002;0;10
[ 21.11.2010 14:56:41 ]: [   >>>   ] [ 0  (0) ]: ATTACK;1;1001;0;10
[ 21.11.2010 14:56:42 ]: [   >>>   ] [ 0  (0) ]: ATTACK;2;1002;0;10
[ 21.11.2010 14:56:43 ]: [   >>>   ] [ 0  (0) ]: ATTACK;1;1001;0;10
[ 21.11.2010 14:56:44 ]: [   >>>   ] [ 0  (0) ]: ATTACK;2;1002;0;10
[ 21.11.2010 14:56:45 ]: [   >>>   ] [ 0  (0) ]: ATTACK;1;1001;0;10
[ 21.11.2010 14:56:46 ]: [   >>>   ] [ 0  (0) ]: ATTACK;2;1002;0;10
[ 21.11.2010 14:56:47 ]: [   >>>   ] [ 0  (0) ]: ATTACK;1;1001;0;10
[ 21.11.2010 14:56:48 ]: [   >>>   ] [ 0  (0) ]: ATTACK;2;1002;0;10
[ 21.11.2010 14:56:49 ]: [   >>>   ] [ 0  (0) ]: ATTACK;1;1001;0;10
[ 21.11.2010 14:56:50 ]: [   >>>   ] [ 0  (0) ]: ATTACK;2;1002;0;10
[ 21.11.2010 14:56:51 ]: [   >>>   ] [ 0  (0) ]: ATTACK;1;1001;0;10
[ 21.11.2010 14:56:52 ]: [   >>>   ] [ 0  (0) ]: ATTACK;2;1002;0;10
[ 21.11.2010 14:56:53 ]: [   >>>   ] [ 0  (0) ]: ATTACK;1;1001;0;10
[ 21.11.2010 14:56:54 ]: [   >>>   ] [ 0  (0) ]: ATTACK;2;1002;0;10
[ 21.11.2010 14:56:55 ]: [   >>>   ] [ 0  (0) ]: ATTACK;1;1001;0;10
[ 21.11.2010 14:56:56 ]: [   >>>   ] [ 0  (0) ]: ATTACK;2;1002;0;10
[ 21.11.2010 14:56:57 ]: [   >>>   ] [ 0  (0) ]: ATTACK;1;1001;0;10
[ 21.11.2010 14:56:58 ]: [   >>>   ] [ 0  (0) ]: ATTACK;2;1002;0;10
[ 21.11.2010 14:56:59 ]: [   >>>   ] [ 0  (0) ]: ATTACK;1;1001;0;10
[ 21.11.2010 14:57:00 ]: [   >>>   ] [ 0  (0) ]: ATTACK;2;1002;0;10
[ 21.11.2010 14:57:01 ]: [   >>>   ] [ 0  (0) ]: ATTACK;1;1001;0;10
[ 21.11.2010 14:57:02 ]: [   >>>   ] [ 0  (0) ]: ATTACK;2;1002;0;10
[ 21.11.2010 14:57:03 ]: [   >>>   ] [ 0  (0) ]: ATTACK;1;1001;0;10
[ 21.11.2010 14:57:04 ]: [   >>>   ] [ 0  (0) ]: ATTACK;2;1002;0;10
[ 21.11.2010 14:57:05 ]: [   >>>   ] [ 0  (0) ]: ATTACK;1;1001;0;10
[ 21.11.2010 14:57:06 ]: [   >>>   ] [ 0  (0) ]: ATTACK;2;1002;0;10
[ 21.11.2010 14:57:07 ]: [   >>>   ] [ 0  (0) ]: ATTACK;1;1001;0;10
[ 21.11.2010 14:57:08 ]: [   >>>   ] [ 0  (0) ]: ATTACK;2;1002;0;10
[ 21.11.2010 14:57:09 ]: [   >>>   ] [ 0  (0) ]: ATTACK;1;1001;0;10
[ 21.11.2010 14:57:10 ]: [   >>>   ] [ 0  (0) ]: ATTACK;2;1002;0;10
[ 21.11.2010 14:57:11 ]: [   >>>   ] [ 0  (0) ]: ATTACK;1;1001;0;10
[ 21.11.2010 14:57:12 ]: [   >>>   ] [ 0  (0) ]: ATTACK;2;1002;0;10
[ 21.11.2010 14:57:13 ]: [   >>>   ] [ 0  (0) ]: ATTACK;1;1001;0;10
[ 21.11.2010 14:57:14 ]: [   >>>   ] [ 0  (0) ]: ATTACK;2;1002;0;10
[ 21.11.2010 14:57:15 ]: [   >>>   ] [ 0  (0) ]: ATTACK;1;1001;0;10
[ 21.11.2010 14:57:16 ]: [   >>>   ] [ 0  (0) ]: ATTACK;2;1002;0;10
[ 21.11.2010 14:57:17 ]: [   >>>   ] [ 0  (0) ]: ATTACK;1;1001;0;10
[ 21.11.2010 14:57:18 ]: [   >>>   ] [ 0  (0) ]: ATTACK;2;1002;0;10
[ 21.11.2010 14:57:19 ]: [   >>>   ] [ 0  (0) ]: ATTACK;1;1001;0;10
[ 21.11.2010 14:57:20 ]: [   >>>   ] [ 0  (0) ]: ATTACK;2;1002;0;10
[ 21.11.2010 14:57:21 ]: [   >>>   ] [ 0  (0) ]: ATTACK;1;1001;0;10
[ 21.11.2010 14:57:22 ]: [   >>>   ] [ 0  (0) ]: ATTACK;2;1002;0;10
[ 21.11.2010 14:57:23 ]: [   >>>   ] [ 0  (0) ]: ATTACK;1;1001;0;10
[ 21.11.2010 14:57:24 ]: [   >>>   ] [ 0  (0) ]: ATTACK;2;1002;0;10
[ 21.11.2010 14:57:25 ]: [   >>>   ] [ 0  (0) ]: ATTACK;1;1001;0;10
[ 21.11.2010 14:57:26 ]: [   >>>   ] [ 0  (0) ]: ATTACK;2;1002;0;10
