[ 18.11.2010 17:23:28 ]: Using Syslog: ./syslog/1290101008.log
[ 18.11.2010 17:23:28 ]: Game Server v0.1.5 starting up...
[ 18.11.2010 17:23:33 ]: PLAYER CONNECTED
[ 18.11.2010 17:23:37 ]: GAME CONNECTED
[ 18.11.2010 17:23:37 ]: CACHING GAME DATABASE
[ 18.11.2010 17:23:37 ]: DONE.
[ 18.11.2010 17:23:37 ]: LISTEN THREAD - READY
[ 18.11.2010 17:23:37 ]: PING THREAD READY
[ 18.11.2010 17:23:37 ]: SERVER UP AND RUNNING - READY
[ 18.11.2010 17:23:40 ]: [ NEWUSER ] [ 0 ]: TIME: 1290101020
[ 18.11.2010 17:23:40 ]: [   >>>   ] [ 0  ]: WELCOME
[ 18.11.2010 17:23:40 ]: [   <<<   ] [ 0  ]: LOGIN;xenor;0;lalaftw#!
[ 18.11.2010 17:23:40 ]: [   >>>   ] [ 1 xenor (7) ]: LOGIN;OK
[ 18.11.2010 17:23:40 ]: [   >>>   ] [ 1 xenor ]: PING
[ 18.11.2010 17:23:40 ]: [   <<<   ] [ 1 xenor ]: PONG
[ 18.11.2010 17:23:41 ]: [   >>>   ] [ 1 xenor ]: PING
[ 18.11.2010 17:23:41 ]: [   <<<   ] [ 1 xenor ]: PONG
[ 18.11.2010 17:23:42 ]: [   >>>   ] [ 1 xenor ]: PING
[ 18.11.2010 17:23:42 ]: [   <<<   ] [ 1 xenor ]: PONG
[ 18.11.2010 17:23:43 ]: [   >>>   ] [ 1 xenor ]: PING
[ 18.11.2010 17:23:43 ]: [   <<<   ] [ 1 xenor ]: PONG
[ 18.11.2010 17:23:44 ]: [ NEWUSER ] [ 0 ]: TIME: 1290101024
[ 18.11.2010 17:23:44 ]: [   >>>   ] [ 0  ]: WELCOME
[ 18.11.2010 17:23:44 ]: [   <<<   ] [ 0  ]: LOGIN;xenor;0;lalaftw#!
LOG;xenor
[ 18.11.2010 17:23:44 ]: [   >>>   ] [ 0  (0) ]: LOGIN;ERROR;12
[ 18.11.2010 17:23:44 ]: [   >>>   ] [ 1 xenor ]: PING
[ 18.11.2010 17:23:44 ]: [   >>>   ] [ 0  ]: PING
[ 18.11.2010 17:23:44 ]: [   <<<   ] [ 1 xenor ]: PONG
[ 18.11.2010 17:23:44 ]: [   <<<   ] [ 0  ]: PONG
[ 18.11.2010 17:23:45 ]: [   >>>   ] [ 1 xenor ]: PING
[ 18.11.2010 17:23:45 ]: [   >>>   ] [ 0  ]: PING
[ 18.11.2010 17:23:45 ]: [   >>>   ] [ 0  ]: ERROR;13
[ 18.11.2010 17:23:45 ]: [  KILLD  ] [ 0 ]: TIME: 1290101026
[ 18.11.2010 17:23:45 ]: [   <<<   ] [ 1 xenor ]: PONG
[ 18.11.2010 17:23:45 ]: [ NEWUSER ] [ 0 ]: TIME: 1290101026
[ 18.11.2010 17:23:45 ]: [   <<<   ] [ 0  ]: PONG
[ 18.11.2010 17:23:46 ]: [   >>>   ] [ 1 xenor ]: PING
[ 18.11.2010 17:23:46 ]: [   <<<   ] [ 1 xenor ]: PONG
[ 18.11.2010 17:23:47 ]: [   >>>   ] [ 1 xenor ]: PING
[ 18.11.2010 17:23:47 ]: [   <<<   ] [ 1 xenor ]: PONG
[ 18.11.2010 17:23:48 ]: [   >>>   ] [ 1 xenor ]: PING
[ 18.11.2010 17:23:48 ]: [   <<<   ] [ 1 xenor ]: PONG
[ 18.11.2010 17:23:49 ]: [   >>>   ] [ 1 xenor ]: PING
[ 18.11.2010 17:23:49 ]: [   <<<   ] [ 1 xenor ]: PONG
[ 18.11.2010 17:23:50 ]: [   >>>   ] [ 1 xenor ]: PING
[ 18.11.2010 17:23:50 ]: [   <<<   ] [ 1 xenor ]: PONG
[ 18.11.2010 17:23:51 ]: [   >>>   ] [ 1 xenor ]: PING
[ 18.11.2010 17:23:51 ]: [   <<<   ] [ 1 xenor ]: PONG
[ 18.11.2010 17:23:52 ]: [   >>>   ] [ 1 xenor ]: PING
[ 18.11.2010 17:23:52 ]: [   <<<   ] [ 1 xenor ]: PONG
[ 18.11.2010 17:23:53 ]: [   >>>   ] [ 1 xenor ]: PING
[ 18.11.2010 17:23:53 ]: [   <<<   ] [ 1 xenor ]: PONG
[ 18.11.2010 17:23:54 ]: [   >>>   ] [ 1 xenor ]: PING
[ 18.11.2010 17:23:54 ]: [   <<<   ] [ 1 xenor ]: PONG
[ 18.11.2010 17:23:55 ]: [   >>>   ] [ 1 xenor ]: PING
[ 18.11.2010 17:23:55 ]: [   <<<   ] [ 1 xenor ]: PONG
[ 18.11.2010 17:23:56 ]: [   >>>   ] [ 1 xenor ]: PING
[ 18.11.2010 17:23:56 ]: [   <<<   ] [ 1 xenor ]: PONG
[ 18.11.2010 17:23:57 ]: [   >>>   ] [ 1 xenor ]: PING
[ 18.11.2010 17:23:57 ]: [   <<<   ] [ 1 xenor ]: PONG
[ 18.11.2010 17:23:58 ]: [   >>>   ] [ 1 xenor ]: PING
[ 18.11.2010 17:23:58 ]: [   <<<   ] [ 1 xenor ]: PONG
[ 18.11.2010 17:23:59 ]: [   >>>   ] [ 1 xenor ]: PING
[ 18.11.2010 17:23:59 ]: [   <<<   ] [ 1 xenor ]: PONG
[ 18.11.2010 17:24:00 ]: [   >>>   ] [ 1 xenor ]: PING
[ 18.11.2010 17:24:00 ]: [   <<<   ] [ 1 xenor ]: PONG
