[ 21.11.2010 14:57:28 ]: Using Syslog: ./syslog/1290351448.log
[ 21.11.2010 14:57:28 ]: Game Server v0.2.1 starting up...
[ 21.11.2010 14:57:34 ]: PLAYER DB			READY
[ 21.11.2010 14:57:39 ]: GAME DB			READY
[ 21.11.2010 14:57:39 ]: LISTEN THREAD			READY
[ 21.11.2010 14:57:39 ]: NPC CONTROL			READY
[ 21.11.2010 14:57:39 ]: GAME SERVER READY		READY
[ 21.11.2010 14:58:19 ]: [ NEWUSER ] [ 0 ]: TIME: 1290351499
[ 21.11.2010 14:58:19 ]: [   >>>   ] [ 0  ]: WELCOME
[ 21.11.2010 14:58:20 ]: [ NEWUSER ] [ 0 ]: TIME: 1290351500
[ 21.11.2010 14:58:20 ]: [   >>>   ] [ 0  ]: WELCOME
[ 21.11.2010 14:58:22 ]: [   <<<   ] [ 0  (0) ]: spawn;1001
[ 21.11.2010 14:58:22 ]: [   >>>   ] [ 0  (0) ]: SPAWN;OK;1;1001;5;-4;6
[ 21.11.2010 14:58:23 ]: [   <<<   ] [ 0  (0) ]: spawn;1002
[ 21.11.2010 14:58:23 ]: [   >>>   ] [ 0  (0) ]: SPAWN;OK;2;1002;2;-1;-6
[ 21.11.2010 14:58:28 ]: [   <<<   ] [ 0  (0) ]: aggr;1
[ 21.11.2010 14:58:28 ]: [   >>>   ] [ 0  (0) ]: ATTACK;1;1001;0;10
[ 21.11.2010 14:58:30 ]: [   >>>   ] [ 0  (0) ]: ATTACK;1;1001;0;10
[ 21.11.2010 14:58:32 ]: [   >>>   ] [ 0  (0) ]: ATTACK;1;1001;0;10
[ 21.11.2010 14:58:34 ]: [   <<<   ] [ 0  (0) ]: aggr;2
[ 21.11.2010 14:58:34 ]: [   >>>   ] [ 0  (0) ]: ATTACK;2;1002;0;10
[ 21.11.2010 14:58:34 ]: [   >>>   ] [ 0  (0) ]: ATTACK;1;1001;0;10
[ 21.11.2010 14:58:35 ]: [   >>>   ] [ 0  (0) ]: ATTACK;2;1002;0;10
[ 21.11.2010 14:58:36 ]: [   >>>   ] [ 0  (0) ]: ATTACK;1;1001;0;10
[ 21.11.2010 14:58:37 ]: [   >>>   ] [ 0  (0) ]: ATTACK;2;1002;0;10
[ 21.11.2010 14:58:38 ]: [   >>>   ] [ 0  (0) ]: ATTACK;1;1001;0;10
[ 21.11.2010 14:58:39 ]: [   >>>   ] [ 0  (0) ]: ATTACK;2;1002;0;10
[ 21.11.2010 14:58:40 ]: [   >>>   ] [ 0  (0) ]: ATTACK;1;1001;0;10
[ 21.11.2010 14:58:41 ]: [   >>>   ] [ 0  (0) ]: ATTACK;2;1002;0;10
[ 21.11.2010 14:58:42 ]: [   >>>   ] [ 0  (0) ]: ATTACK;1;1001;0;10
[ 21.11.2010 14:58:43 ]: [   >>>   ] [ 0  (0) ]: ATTACK;2;1002;0;10
[ 21.11.2010 14:58:44 ]: [   >>>   ] [ 0  (0) ]: ATTACK;1;1001;0;10
[ 21.11.2010 14:58:45 ]: [   >>>   ] [ 0  (0) ]: ATTACK;2;1002;0;10
[ 21.11.2010 14:58:46 ]: [   >>>   ] [ 0  (0) ]: ATTACK;1;1001;0;10
[ 21.11.2010 14:58:47 ]: [   >>>   ] [ 0  (0) ]: ATTACK;2;1002;0;10
[ 21.11.2010 14:58:48 ]: [   >>>   ] [ 0  (0) ]: ATTACK;1;1001;0;10
[ 21.11.2010 14:58:49 ]: [   >>>   ] [ 0  (0) ]: ATTACK;2;1002;0;10
[ 21.11.2010 14:58:50 ]: [   >>>   ] [ 0  (0) ]: ATTACK;1;1001;0;10
[ 21.11.2010 14:58:51 ]: [   >>>   ] [ 0  (0) ]: ATTACK;2;1002;0;10
[ 21.11.2010 14:58:52 ]: [   >>>   ] [ 0  (0) ]: ATTACK;1;1001;0;10
[ 21.11.2010 14:58:53 ]: [   >>>   ] [ 0  (0) ]: ATTACK;2;1002;0;10
[ 21.11.2010 14:58:54 ]: [   >>>   ] [ 0  (0) ]: ATTACK;1;1001;0;10
[ 21.11.2010 14:58:55 ]: [   >>>   ] [ 0  (0) ]: ATTACK;2;1002;0;10
[ 21.11.2010 14:58:56 ]: [   >>>   ] [ 0  (0) ]: ATTACK;1;1001;0;10
[ 21.11.2010 14:58:57 ]: [   >>>   ] [ 0  (0) ]: ATTACK;2;1002;0;10
[ 21.11.2010 14:58:58 ]: [   >>>   ] [ 0  (0) ]: ATTACK;1;1001;0;10
[ 21.11.2010 14:58:59 ]: [   >>>   ] [ 0  (0) ]: ATTACK;2;1002;0;10
[ 21.11.2010 14:59:00 ]: [   >>>   ] [ 0  (0) ]: ATTACK;1;1001;0;10
[ 21.11.2010 14:59:01 ]: [   >>>   ] [ 0  (0) ]: ATTACK;2;1002;0;10
[ 21.11.2010 14:59:02 ]: [   >>>   ] [ 0  (0) ]: ATTACK;1;1001;0;10
[ 21.11.2010 14:59:03 ]: [   >>>   ] [ 0  (0) ]: ATTACK;2;1002;0;10
[ 21.11.2010 14:59:04 ]: [   >>>   ] [ 0  (0) ]: ATTACK;1;1001;0;10
[ 21.11.2010 14:59:05 ]: [   >>>   ] [ 0  (0) ]: ATTACK;2;1002;0;10
[ 21.11.2010 14:59:06 ]: [   >>>   ] [ 0  (0) ]: ATTACK;1;1001;0;10
[ 21.11.2010 14:59:07 ]: [   >>>   ] [ 0  (0) ]: ATTACK;2;1002;0;10
[ 21.11.2010 14:59:08 ]: [   >>>   ] [ 0  (0) ]: ATTACK;1;1001;0;10
[ 21.11.2010 14:59:09 ]: [   >>>   ] [ 0  (0) ]: ATTACK;2;1002;0;10
[ 21.11.2010 14:59:10 ]: [   >>>   ] [ 0  (0) ]: ATTACK;1;1001;0;10
[ 21.11.2010 14:59:11 ]: [   >>>   ] [ 0  (0) ]: ATTACK;2;1002;0;10
[ 21.11.2010 14:59:12 ]: [   >>>   ] [ 0  (0) ]: ATTACK;1;1001;0;10
[ 21.11.2010 14:59:13 ]: [   >>>   ] [ 0  (0) ]: ATTACK;2;1002;0;10
[ 21.11.2010 14:59:14 ]: [   >>>   ] [ 0  (0) ]: ATTACK;1;1001;0;10
[ 21.11.2010 14:59:15 ]: [   >>>   ] [ 0  (0) ]: ATTACK;2;1002;0;10
[ 21.11.2010 14:59:16 ]: [   >>>   ] [ 0  (0) ]: ATTACK;1;1001;0;10
[ 21.11.2010 14:59:17 ]: [   >>>   ] [ 0  (0) ]: ATTACK;2;1002;0;10
[ 21.11.2010 14:59:18 ]: [   >>>   ] [ 0  (0) ]: ATTACK;1;1001;0;10
[ 21.11.2010 14:59:19 ]: [   >>>   ] [ 0  (0) ]: ATTACK;2;1002;0;10
[ 21.11.2010 14:59:20 ]: [   >>>   ] [ 0  (0) ]: ATTACK;1;1001;0;10
[ 21.11.2010 14:59:21 ]: [   >>>   ] [ 0  (0) ]: ATTACK;2;1002;0;10
[ 21.11.2010 14:59:22 ]: [   >>>   ] [ 0  (0) ]: ATTACK;1;1001;0;10
[ 21.11.2010 14:59:23 ]: [   >>>   ] [ 0  (0) ]: ATTACK;2;1002;0;10
[ 21.11.2010 14:59:24 ]: [   >>>   ] [ 0  (0) ]: ATTACK;1;1001;0;10
[ 21.11.2010 14:59:25 ]: [   >>>   ] [ 0  (0) ]: ATTACK;2;1002;0;10
[ 21.11.2010 14:59:26 ]: [   >>>   ] [ 0  (0) ]: ATTACK;1;1001;0;10
[ 21.11.2010 14:59:27 ]: [   >>>   ] [ 0  (0) ]: ATTACK;2;1002;0;10
[ 21.11.2010 14:59:28 ]: [   >>>   ] [ 0  (0) ]: ATTACK;1;1001;0;10
[ 21.11.2010 14:59:29 ]: [   >>>   ] [ 0  (0) ]: ATTACK;2;1002;0;10
[ 21.11.2010 14:59:30 ]: [   >>>   ] [ 0  (0) ]: ATTACK;1;1001;0;10
[ 21.11.2010 14:59:31 ]: [   >>>   ] [ 0  (0) ]: ATTACK;2;1002;0;10
[ 21.11.2010 14:59:32 ]: [   >>>   ] [ 0  (0) ]: ATTACK;1;1001;0;10
[ 21.11.2010 14:59:33 ]: [   <<<   ] [ 0  (0) ]: spawn;1001
[ 21.11.2010 14:59:33 ]: [   >>>   ] [ 0  (0) ]: SPAWN;OK;3;1001;4;8;-10
[ 21.11.2010 14:59:33 ]: [   >>>   ] [ 0  (0) ]: ATTACK;2;1002;0;10
[ 21.11.2010 14:59:34 ]: [   >>>   ] [ 0  (0) ]: ATTACK;1;1001;0;10
[ 21.11.2010 14:59:35 ]: [   <<<   ] [ 0  (0) ]: aggr;3
[ 21.11.2010 14:59:35 ]: [   >>>   ] [ 0  (0) ]: ATTACK;3;1001;0;10
[ 21.11.2010 14:59:35 ]: [   >>>   ] [ 0  (0) ]: ATTACK;2;1002;0;10
[ 21.11.2010 14:59:36 ]: [   >>>   ] [ 0  (0) ]: ATTACK;1;1001;0;10
[ 21.11.2010 14:59:36 ]: [   >>>   ] [ 0  (0) ]: ATTACK;3;1001;0;10
[ 21.11.2010 14:59:37 ]: [   >>>   ] [ 0  (0) ]: ATTACK;2;1002;0;10
[ 21.11.2010 14:59:38 ]: [   >>>   ] [ 0  (0) ]: ATTACK;1;1001;0;10
[ 21.11.2010 14:59:38 ]: [   >>>   ] [ 0  (0) ]: ATTACK;3;1001;0;10
[ 21.11.2010 14:59:39 ]: [   >>>   ] [ 0  (0) ]: ATTACK;2;1002;0;10
[ 21.11.2010 14:59:40 ]: [   >>>   ] [ 0  (0) ]: ATTACK;1;1001;0;10
[ 21.11.2010 14:59:40 ]: [   >>>   ] [ 0  (0) ]: ATTACK;3;1001;0;10
[ 21.11.2010 14:59:41 ]: [   >>>   ] [ 0  (0) ]: ATTACK;2;1002;0;10
[ 21.11.2010 14:59:42 ]: [   >>>   ] [ 0  (0) ]: ATTACK;1;1001;0;10
[ 21.11.2010 14:59:42 ]: [   >>>   ] [ 0  (0) ]: ATTACK;3;1001;0;10
[ 21.11.2010 14:59:43 ]: [   >>>   ] [ 0  (0) ]: ATTACK;2;1002;0;10
[ 21.11.2010 14:59:44 ]: [   >>>   ] [ 0  (0) ]: ATTACK;1;1001;0;10
[ 21.11.2010 14:59:44 ]: [   >>>   ] [ 0  (0) ]: ATTACK;3;1001;0;10
[ 21.11.2010 14:59:45 ]: [   >>>   ] [ 0  (0) ]: ATTACK;2;1002;0;10
[ 21.11.2010 14:59:46 ]: [   >>>   ] [ 0  (0) ]: ATTACK;1;1001;0;10
[ 21.11.2010 14:59:46 ]: [   >>>   ] [ 0  (0) ]: ATTACK;3;1001;0;10
[ 21.11.2010 14:59:47 ]: [   >>>   ] [ 0  (0) ]: ATTACK;2;1002;0;10
[ 21.11.2010 14:59:48 ]: [   >>>   ] [ 0  (0) ]: ATTACK;1;1001;0;10
[ 21.11.2010 14:59:48 ]: [   >>>   ] [ 0  (0) ]: ATTACK;3;1001;0;10
[ 21.11.2010 14:59:49 ]: [   >>>   ] [ 0  (0) ]: ATTACK;2;1002;0;10
[ 21.11.2010 14:59:50 ]: [   >>>   ] [ 0  (0) ]: ATTACK;1;1001;0;10
[ 21.11.2010 14:59:50 ]: [   >>>   ] [ 0  (0) ]: ATTACK;3;1001;0;10
[ 21.11.2010 14:59:51 ]: [   >>>   ] [ 0  (0) ]: ATTACK;2;1002;0;10
[ 21.11.2010 14:59:52 ]: [   >>>   ] [ 0  (0) ]: ATTACK;1;1001;0;10
[ 21.11.2010 14:59:52 ]: [   >>>   ] [ 0  (0) ]: ATTACK;3;1001;0;10
[ 21.11.2010 14:59:53 ]: [   >>>   ] [ 0  (0) ]: ATTACK;2;1002;0;10
[ 21.11.2010 14:59:54 ]: [   >>>   ] [ 0  (0) ]: ATTACK;1;1001;0;10
[ 21.11.2010 14:59:54 ]: [   >>>   ] [ 0  (0) ]: ATTACK;3;1001;0;10
[ 21.11.2010 14:59:55 ]: [   >>>   ] [ 0  (0) ]: ATTACK;2;1002;0;10
[ 21.11.2010 14:59:56 ]: [   >>>   ] [ 0  (0) ]: ATTACK;1;1001;0;10
[ 21.11.2010 14:59:56 ]: [   >>>   ] [ 0  (0) ]: ATTACK;3;1001;0;10
[ 21.11.2010 14:59:57 ]: [   >>>   ] [ 0  (0) ]: ATTACK;2;1002;0;10
[ 21.11.2010 14:59:58 ]: [   >>>   ] [ 0  (0) ]: ATTACK;1;1001;0;10
[ 21.11.2010 14:59:58 ]: [   >>>   ] [ 0  (0) ]: ATTACK;3;1001;0;10
[ 21.11.2010 14:59:59 ]: [   >>>   ] [ 0  (0) ]: ATTACK;2;1002;0;10
[ 21.11.2010 15:00:00 ]: [   >>>   ] [ 0  (0) ]: ATTACK;1;1001;0;10
[ 21.11.2010 15:00:00 ]: [   >>>   ] [ 0  (0) ]: ATTACK;3;1001;0;10
[ 21.11.2010 15:00:01 ]: [   >>>   ] [ 0  (0) ]: ATTACK;2;1002;0;10
[ 21.11.2010 15:00:02 ]: [   >>>   ] [ 0  (0) ]: ATTACK;1;1001;0;10
[ 21.11.2010 15:00:02 ]: [   >>>   ] [ 0  (0) ]: ATTACK;3;1001;0;10
[ 21.11.2010 15:00:03 ]: [   >>>   ] [ 0  (0) ]: ATTACK;2;1002;0;10
[ 21.11.2010 15:00:04 ]: [   >>>   ] [ 0  (0) ]: ATTACK;1;1001;0;10
[ 21.11.2010 15:00:04 ]: [   >>>   ] [ 0  (0) ]: ATTACK;3;1001;0;10
[ 21.11.2010 15:00:05 ]: [   >>>   ] [ 0  (0) ]: ATTACK;2;1002;0;10
[ 21.11.2010 15:00:06 ]: [   >>>   ] [ 0  (0) ]: ATTACK;1;1001;0;10
[ 21.11.2010 15:00:06 ]: [   >>>   ] [ 0  (0) ]: ATTACK;3;1001;0;10
[ 21.11.2010 15:00:07 ]: [   >>>   ] [ 0  (0) ]: ATTACK;2;1002;0;10
[ 21.11.2010 15:00:08 ]: [   >>>   ] [ 0  (0) ]: ATTACK;1;1001;0;10
[ 21.11.2010 15:00:08 ]: [   >>>   ] [ 0  (0) ]: ATTACK;3;1001;0;10
[ 21.11.2010 15:00:09 ]: [   >>>   ] [ 0  (0) ]: ATTACK;2;1002;0;10
[ 21.11.2010 15:00:10 ]: [   >>>   ] [ 0  (0) ]: ATTACK;1;1001;0;10
[ 21.11.2010 15:00:10 ]: [   >>>   ] [ 0  (0) ]: ATTACK;3;1001;0;10
[ 21.11.2010 15:00:11 ]: [   >>>   ] [ 0  (0) ]: ATTACK;2;1002;0;10
[ 21.11.2010 15:00:12 ]: [   >>>   ] [ 0  (0) ]: ATTACK;1;1001;0;10
[ 21.11.2010 15:00:12 ]: [   >>>   ] [ 0  (0) ]: ATTACK;3;1001;0;10
[ 21.11.2010 15:00:13 ]: [   >>>   ] [ 0  (0) ]: ATTACK;2;1002;0;10
[ 21.11.2010 15:00:14 ]: [   >>>   ] [ 0  (0) ]: ATTACK;1;1001;0;10
[ 21.11.2010 15:00:14 ]: [   >>>   ] [ 0  (0) ]: ATTACK;3;1001;0;10
[ 21.11.2010 15:00:15 ]: [   >>>   ] [ 0  (0) ]: ATTACK;2;1002;0;10
[ 21.11.2010 15:00:16 ]: [   >>>   ] [ 0  (0) ]: ATTACK;1;1001;0;10
[ 21.11.2010 15:00:16 ]: [   >>>   ] [ 0  (0) ]: ATTACK;3;1001;0;10
[ 21.11.2010 15:00:17 ]: [   >>>   ] [ 0  (0) ]: ATTACK;2;1002;0;10
[ 21.11.2010 15:00:18 ]: [   >>>   ] [ 0  (0) ]: ATTACK;1;1001;0;10
[ 21.11.2010 15:00:18 ]: [   >>>   ] [ 0  (0) ]: ATTACK;3;1001;0;10
[ 21.11.2010 15:00:19 ]: [   >>>   ] [ 0  (0) ]: ATTACK;2;1002;0;10
[ 21.11.2010 15:00:20 ]: [   >>>   ] [ 0  (0) ]: ATTACK;1;1001;0;10
[ 21.11.2010 15:00:20 ]: [   >>>   ] [ 0  (0) ]: ATTACK;3;1001;0;10
[ 21.11.2010 15:00:21 ]: [   >>>   ] [ 0  (0) ]: ATTACK;2;1002;0;10
[ 21.11.2010 15:00:22 ]: [   >>>   ] [ 0  (0) ]: ATTACK;1;1001;0;10
[ 21.11.2010 15:00:22 ]: [   >>>   ] [ 0  (0) ]: ATTACK;3;1001;0;10
[ 21.11.2010 15:00:23 ]: [   >>>   ] [ 0  (0) ]: ATTACK;2;1002;0;10
[ 21.11.2010 15:00:24 ]: [   >>>   ] [ 0  (0) ]: ATTACK;1;1001;0;10
[ 21.11.2010 15:00:24 ]: [   >>>   ] [ 0  (0) ]: ATTACK;3;1001;0;10
[ 21.11.2010 15:00:25 ]: [   >>>   ] [ 0  (0) ]: ATTACK;2;1002;0;10
[ 21.11.2010 15:00:26 ]: [   >>>   ] [ 0  (0) ]: ATTACK;1;1001;0;10
[ 21.11.2010 15:00:26 ]: [   >>>   ] [ 0  (0) ]: ATTACK;3;1001;0;10
[ 21.11.2010 15:00:27 ]: [   >>>   ] [ 0  (0) ]: ATTACK;2;1002;0;10
[ 21.11.2010 15:00:28 ]: [   >>>   ] [ 0  (0) ]: ATTACK;1;1001;0;10
[ 21.11.2010 15:00:28 ]: [   >>>   ] [ 0  (0) ]: ATTACK;3;1001;0;10
[ 21.11.2010 15:00:29 ]: [   >>>   ] [ 0  (0) ]: ATTACK;2;1002;0;10
[ 21.11.2010 15:00:30 ]: [   >>>   ] [ 0  (0) ]: ATTACK;1;1001;0;10
[ 21.11.2010 15:00:30 ]: [   >>>   ] [ 0  (0) ]: ATTACK;3;1001;0;10
[ 21.11.2010 15:00:31 ]: [   >>>   ] [ 0  (0) ]: ATTACK;2;1002;0;10
[ 21.11.2010 15:00:32 ]: [   >>>   ] [ 0  (0) ]: ATTACK;1;1001;0;10
[ 21.11.2010 15:00:32 ]: [   >>>   ] [ 0  (0) ]: ATTACK;3;1001;0;10
[ 21.11.2010 15:00:33 ]: [   >>>   ] [ 0  (0) ]: ATTACK;2;1002;0;10
[ 21.11.2010 15:00:34 ]: [   >>>   ] [ 0  (0) ]: ATTACK;1;1001;0;10
[ 21.11.2010 15:00:34 ]: [   >>>   ] [ 0  (0) ]: ATTACK;3;1001;0;10
[ 21.11.2010 15:00:35 ]: [   >>>   ] [ 0  (0) ]: ATTACK;2;1002;0;10
[ 21.11.2010 15:00:36 ]: [   >>>   ] [ 0  (0) ]: ATTACK;1;1001;0;10
[ 21.11.2010 15:00:36 ]: [   >>>   ] [ 0  (0) ]: ATTACK;3;1001;0;10
[ 21.11.2010 15:00:37 ]: [   >>>   ] [ 0  (0) ]: ATTACK;2;1002;0;10
[ 21.11.2010 15:00:38 ]: [   >>>   ] [ 0  (0) ]: ATTACK;1;1001;0;10
[ 21.11.2010 15:00:38 ]: [   >>>   ] [ 0  (0) ]: ATTACK;3;1001;0;10
[ 21.11.2010 15:00:39 ]: [   >>>   ] [ 0  (0) ]: ATTACK;2;1002;0;10
[ 21.11.2010 15:00:40 ]: [   >>>   ] [ 0  (0) ]: ATTACK;1;1001;0;10
[ 21.11.2010 15:00:40 ]: [   >>>   ] [ 0  (0) ]: ATTACK;3;1001;0;10
[ 21.11.2010 15:00:41 ]: [   >>>   ] [ 0  (0) ]: ATTACK;2;1002;0;10
[ 21.11.2010 15:00:42 ]: [   >>>   ] [ 0  (0) ]: ATTACK;1;1001;0;10
[ 21.11.2010 15:00:42 ]: [   >>>   ] [ 0  (0) ]: ATTACK;3;1001;0;10
[ 21.11.2010 15:00:43 ]: [   >>>   ] [ 0  (0) ]: ATTACK;2;1002;0;10
[ 21.11.2010 15:00:44 ]: [   >>>   ] [ 0  (0) ]: ATTACK;1;1001;0;10
[ 21.11.2010 15:00:44 ]: [   >>>   ] [ 0  (0) ]: ATTACK;3;1001;0;10
[ 21.11.2010 15:00:45 ]: [   >>>   ] [ 0  (0) ]: ATTACK;2;1002;0;10
[ 21.11.2010 15:00:46 ]: [   >>>   ] [ 0  (0) ]: ATTACK;1;1001;0;10
[ 21.11.2010 15:00:46 ]: [   >>>   ] [ 0  (0) ]: ATTACK;3;1001;0;10
[ 21.11.2010 15:00:47 ]: [   >>>   ] [ 0  (0) ]: ATTACK;2;1002;0;10
[ 21.11.2010 15:00:48 ]: [   >>>   ] [ 0  (0) ]: ATTACK;1;1001;0;10
[ 21.11.2010 15:00:48 ]: [   >>>   ] [ 0  (0) ]: ATTACK;3;1001;0;10
[ 21.11.2010 15:00:49 ]: [   >>>   ] [ 0  (0) ]: ATTACK;2;1002;0;10
[ 21.11.2010 15:00:50 ]: [   >>>   ] [ 0  (0) ]: ATTACK;1;1001;0;10
[ 21.11.2010 15:00:50 ]: [   >>>   ] [ 0  (0) ]: ATTACK;3;1001;0;10
[ 21.11.2010 15:00:51 ]: [   >>>   ] [ 0  (0) ]: ATTACK;2;1002;0;10
[ 21.11.2010 15:00:52 ]: [   >>>   ] [ 0  (0) ]: ATTACK;1;1001;0;10
[ 21.11.2010 15:00:52 ]: [   >>>   ] [ 0  (0) ]: ATTACK;3;1001;0;10
[ 21.11.2010 15:00:53 ]: [   >>>   ] [ 0  (0) ]: ATTACK;2;1002;0;10
[ 21.11.2010 15:00:54 ]: [   >>>   ] [ 0  (0) ]: ATTACK;1;1001;0;10
[ 21.11.2010 15:00:54 ]: [   >>>   ] [ 0  (0) ]: ATTACK;3;1001;0;10
[ 21.11.2010 15:00:55 ]: [   >>>   ] [ 0  (0) ]: ATTACK;2;1002;0;10
[ 21.11.2010 15:00:56 ]: [   >>>   ] [ 0  (0) ]: ATTACK;1;1001;0;10
[ 21.11.2010 15:00:56 ]: [   >>>   ] [ 0  (0) ]: ATTACK;3;1001;0;10
[ 21.11.2010 15:00:57 ]: [   >>>   ] [ 0  (0) ]: ATTACK;2;1002;0;10
[ 21.11.2010 15:00:58 ]: [   >>>   ] [ 0  (0) ]: ATTACK;1;1001;0;10
[ 21.11.2010 15:00:58 ]: [   >>>   ] [ 0  (0) ]: ATTACK;3;1001;0;10
[ 21.11.2010 15:00:59 ]: [   >>>   ] [ 0  (0) ]: ATTACK;2;1002;0;10
[ 21.11.2010 15:01:00 ]: [   >>>   ] [ 0  (0) ]: ATTACK;1;1001;0;10
[ 21.11.2010 15:01:00 ]: [   >>>   ] [ 0  (0) ]: ATTACK;3;1001;0;10
[ 21.11.2010 15:01:01 ]: [   >>>   ] [ 0  (0) ]: ATTACK;2;1002;0;10
[ 21.11.2010 15:01:02 ]: [   >>>   ] [ 0  (0) ]: ATTACK;1;1001;0;10
[ 21.11.2010 15:01:02 ]: [   >>>   ] [ 0  (0) ]: ATTACK;3;1001;0;10
[ 21.11.2010 15:01:03 ]: [   >>>   ] [ 0  (0) ]: ATTACK;2;1002;0;10
[ 21.11.2010 15:01:04 ]: [   >>>   ] [ 0  (0) ]: ATTACK;1;1001;0;10
[ 21.11.2010 15:01:04 ]: [   >>>   ] [ 0  (0) ]: ATTACK;3;1001;0;10
[ 21.11.2010 15:01:05 ]: [   >>>   ] [ 0  (0) ]: ATTACK;2;1002;0;10
[ 21.11.2010 15:01:06 ]: [   >>>   ] [ 0  (0) ]: ATTACK;1;1001;0;10
[ 21.11.2010 15:01:06 ]: [   >>>   ] [ 0  (0) ]: ATTACK;3;1001;0;10
[ 21.11.2010 15:01:07 ]: [   >>>   ] [ 0  (0) ]: ATTACK;2;1002;0;10
[ 21.11.2010 15:01:08 ]: [   >>>   ] [ 0  (0) ]: ATTACK;1;1001;0;10
[ 21.11.2010 15:01:08 ]: [   >>>   ] [ 0  (0) ]: ATTACK;3;1001;0;10
[ 21.11.2010 15:01:09 ]: [   >>>   ] [ 0  (0) ]: ATTACK;2;1002;0;10
[ 21.11.2010 15:01:10 ]: [   >>>   ] [ 0  (0) ]: ATTACK;1;1001;0;10
[ 21.11.2010 15:01:10 ]: [   >>>   ] [ 0  (0) ]: ATTACK;3;1001;0;10
[ 21.11.2010 15:01:11 ]: [   >>>   ] [ 0  (0) ]: ATTACK;2;1002;0;10
[ 21.11.2010 15:01:12 ]: [   >>>   ] [ 0  (0) ]: ATTACK;1;1001;0;10
[ 21.11.2010 15:01:12 ]: [   >>>   ] [ 0  (0) ]: ATTACK;3;1001;0;10
[ 21.11.2010 15:01:13 ]: [   >>>   ] [ 0  (0) ]: ATTACK;2;1002;0;10
[ 21.11.2010 15:01:14 ]: [   >>>   ] [ 0  (0) ]: ATTACK;1;1001;0;10
[ 21.11.2010 15:01:14 ]: [   >>>   ] [ 0  (0) ]: ATTACK;3;1001;0;10
[ 21.11.2010 15:01:15 ]: [   >>>   ] [ 0  (0) ]: ATTACK;2;1002;0;10
[ 21.11.2010 15:01:16 ]: [   >>>   ] [ 0  (0) ]: ATTACK;1;1001;0;10
[ 21.11.2010 15:01:16 ]: [   >>>   ] [ 0  (0) ]: ATTACK;3;1001;0;10
[ 21.11.2010 15:01:17 ]: [   >>>   ] [ 0  (0) ]: ATTACK;2;1002;0;10
[ 21.11.2010 15:01:18 ]: [   >>>   ] [ 0  (0) ]: ATTACK;1;1001;0;10
[ 21.11.2010 15:01:18 ]: [   >>>   ] [ 0  (0) ]: ATTACK;3;1001;0;10
[ 21.11.2010 15:01:19 ]: [   >>>   ] [ 0  (0) ]: ATTACK;2;1002;0;10
[ 21.11.2010 15:01:20 ]: [   >>>   ] [ 0  (0) ]: ATTACK;1;1001;0;10
[ 21.11.2010 15:01:20 ]: [   >>>   ] [ 0  (0) ]: ATTACK;3;1001;0;10
[ 21.11.2010 15:01:21 ]: [   >>>   ] [ 0  (0) ]: ATTACK;2;1002;0;10
[ 21.11.2010 15:01:22 ]: [   >>>   ] [ 0  (0) ]: ATTACK;1;1001;0;10
[ 21.11.2010 15:01:22 ]: [   >>>   ] [ 0  (0) ]: ATTACK;3;1001;0;10
[ 21.11.2010 15:01:23 ]: [   >>>   ] [ 0  (0) ]: ATTACK;2;1002;0;10
[ 21.11.2010 15:01:24 ]: [   >>>   ] [ 0  (0) ]: ATTACK;1;1001;0;10
[ 21.11.2010 15:01:24 ]: [   >>>   ] [ 0  (0) ]: ATTACK;3;1001;0;10
[ 21.11.2010 15:01:25 ]: [   >>>   ] [ 0  (0) ]: ATTACK;2;1002;0;10
[ 21.11.2010 15:01:26 ]: [   >>>   ] [ 0  (0) ]: ATTACK;1;1001;0;10
[ 21.11.2010 15:01:26 ]: [   >>>   ] [ 0  (0) ]: ATTACK;3;1001;0;10
[ 21.11.2010 15:01:27 ]: [   >>>   ] [ 0  (0) ]: ATTACK;2;1002;0;10
[ 21.11.2010 15:01:28 ]: [   >>>   ] [ 0  (0) ]: ATTACK;1;1001;0;10
[ 21.11.2010 15:01:28 ]: [   >>>   ] [ 0  (0) ]: ATTACK;3;1001;0;10
[ 21.11.2010 15:01:29 ]: [   >>>   ] [ 0  (0) ]: ATTACK;2;1002;0;10
[ 21.11.2010 15:01:30 ]: [   >>>   ] [ 0  (0) ]: ATTACK;1;1001;0;10
[ 21.11.2010 15:01:30 ]: [   >>>   ] [ 0  (0) ]: ATTACK;3;1001;0;10
[ 21.11.2010 15:01:31 ]: [   >>>   ] [ 0  (0) ]: ATTACK;2;1002;0;10
[ 21.11.2010 15:01:32 ]: [   >>>   ] [ 0  (0) ]: ATTACK;1;1001;0;10
[ 21.11.2010 15:01:32 ]: [   >>>   ] [ 0  (0) ]: ATTACK;3;1001;0;10
[ 21.11.2010 15:01:33 ]: [   >>>   ] [ 0  (0) ]: ATTACK;2;1002;0;10
[ 21.11.2010 15:01:34 ]: [   >>>   ] [ 0  (0) ]: ATTACK;1;1001;0;10
[ 21.11.2010 15:01:34 ]: [   >>>   ] [ 0  (0) ]: ATTACK;3;1001;0;10
[ 21.11.2010 15:01:35 ]: [   >>>   ] [ 0  (0) ]: ATTACK;2;1002;0;10
[ 21.11.2010 15:01:36 ]: [   >>>   ] [ 0  (0) ]: ATTACK;1;1001;0;10
[ 21.11.2010 15:01:36 ]: [   >>>   ] [ 0  (0) ]: ATTACK;3;1001;0;10
[ 21.11.2010 15:01:37 ]: [   >>>   ] [ 0  (0) ]: ATTACK;2;1002;0;10
[ 21.11.2010 15:01:38 ]: [   >>>   ] [ 0  (0) ]: ATTACK;1;1001;0;10
[ 21.11.2010 15:01:38 ]: [   >>>   ] [ 0  (0) ]: ATTACK;3;1001;0;10
[ 21.11.2010 15:01:39 ]: [   >>>   ] [ 0  (0) ]: ATTACK;2;1002;0;10
[ 21.11.2010 15:01:40 ]: [   >>>   ] [ 0  (0) ]: ATTACK;1;1001;0;10
[ 21.11.2010 15:01:40 ]: [   >>>   ] [ 0  (0) ]: ATTACK;3;1001;0;10
[ 21.11.2010 15:01:41 ]: [   >>>   ] [ 0  (0) ]: ATTACK;2;1002;0;10
[ 21.11.2010 15:01:42 ]: [   >>>   ] [ 0  (0) ]: ATTACK;1;1001;0;10
[ 21.11.2010 15:01:42 ]: [   >>>   ] [ 0  (0) ]: ATTACK;3;1001;0;10
[ 21.11.2010 15:01:43 ]: [   >>>   ] [ 0  (0) ]: ATTACK;2;1002;0;10
[ 21.11.2010 15:01:44 ]: [   >>>   ] [ 0  (0) ]: ATTACK;1;1001;0;10
[ 21.11.2010 15:01:44 ]: [   >>>   ] [ 0  (0) ]: ATTACK;3;1001;0;10
[ 21.11.2010 15:01:45 ]: [   >>>   ] [ 0  (0) ]: ATTACK;2;1002;0;10
[ 21.11.2010 15:01:46 ]: [   >>>   ] [ 0  (0) ]: ATTACK;1;1001;0;10
[ 21.11.2010 15:01:46 ]: [   >>>   ] [ 0  (0) ]: ATTACK;3;1001;0;10
[ 21.11.2010 15:01:47 ]: [   >>>   ] [ 0  (0) ]: ATTACK;2;1002;0;10
[ 21.11.2010 15:01:48 ]: [   >>>   ] [ 0  (0) ]: ATTACK;1;1001;0;10
[ 21.11.2010 15:01:48 ]: [   >>>   ] [ 0  (0) ]: ATTACK;3;1001;0;10
[ 21.11.2010 15:01:49 ]: [   >>>   ] [ 0  (0) ]: ATTACK;2;1002;0;10
[ 21.11.2010 15:01:50 ]: [   >>>   ] [ 0  (0) ]: ATTACK;1;1001;0;10
[ 21.11.2010 15:01:50 ]: [   >>>   ] [ 0  (0) ]: ATTACK;3;1001;0;10
[ 21.11.2010 15:01:51 ]: [   >>>   ] [ 0  (0) ]: ATTACK;2;1002;0;10
[ 21.11.2010 15:01:52 ]: [   >>>   ] [ 0  (0) ]: ATTACK;1;1001;0;10
[ 21.11.2010 15:01:52 ]: [   >>>   ] [ 0  (0) ]: ATTACK;3;1001;0;10
[ 21.11.2010 15:01:53 ]: [   >>>   ] [ 0  (0) ]: ATTACK;2;1002;0;10
[ 21.11.2010 15:01:54 ]: [   >>>   ] [ 0  (0) ]: ATTACK;1;1001;0;10
[ 21.11.2010 15:01:54 ]: [   >>>   ] [ 0  (0) ]: ATTACK;3;1001;0;10
[ 21.11.2010 15:01:55 ]: [   >>>   ] [ 0  (0) ]: ATTACK;2;1002;0;10
[ 21.11.2010 15:01:56 ]: [   >>>   ] [ 0  (0) ]: ATTACK;1;1001;0;10
[ 21.11.2010 15:01:56 ]: [   >>>   ] [ 0  (0) ]: ATTACK;3;1001;0;10
[ 21.11.2010 15:01:57 ]: [   >>>   ] [ 0  (0) ]: ATTACK;2;1002;0;10
[ 21.11.2010 15:01:58 ]: [   >>>   ] [ 0  (0) ]: ATTACK;1;1001;0;10
[ 21.11.2010 15:01:58 ]: [   >>>   ] [ 0  (0) ]: ATTACK;3;1001;0;10
[ 21.11.2010 15:01:59 ]: [   >>>   ] [ 0  (0) ]: ATTACK;2;1002;0;10
[ 21.11.2010 15:02:00 ]: [   >>>   ] [ 0  (0) ]: ATTACK;1;1001;0;10
[ 21.11.2010 15:02:00 ]: [   >>>   ] [ 0  (0) ]: ATTACK;3;1001;0;10
[ 21.11.2010 15:02:01 ]: [   >>>   ] [ 0  (0) ]: ATTACK;2;1002;0;10
[ 21.11.2010 15:02:02 ]: [   >>>   ] [ 0  (0) ]: ATTACK;1;1001;0;10
[ 21.11.2010 15:02:02 ]: [   >>>   ] [ 0  (0) ]: ATTACK;3;1001;0;10
[ 21.11.2010 15:02:03 ]: [   >>>   ] [ 0  (0) ]: ATTACK;2;1002;0;10
[ 21.11.2010 15:02:04 ]: [   >>>   ] [ 0  (0) ]: ATTACK;1;1001;0;10
[ 21.11.2010 15:02:04 ]: [   >>>   ] [ 0  (0) ]: ATTACK;3;1001;0;10
[ 21.11.2010 15:02:05 ]: [   >>>   ] [ 0  (0) ]: ATTACK;2;1002;0;10
[ 21.11.2010 15:02:06 ]: [   >>>   ] [ 0  (0) ]: ATTACK;1;1001;0;10
[ 21.11.2010 15:02:06 ]: [   >>>   ] [ 0  (0) ]: ATTACK;3;1001;0;10
[ 21.11.2010 15:02:07 ]: [   >>>   ] [ 0  (0) ]: ATTACK;2;1002;0;10
[ 21.11.2010 15:02:08 ]: [   >>>   ] [ 0  (0) ]: ATTACK;1;1001;0;10
[ 21.11.2010 15:02:08 ]: [   >>>   ] [ 0  (0) ]: ATTACK;3;1001;0;10
[ 21.11.2010 15:02:09 ]: [   >>>   ] [ 0  (0) ]: ATTACK;2;1002;0;10
[ 21.11.2010 15:02:10 ]: [   >>>   ] [ 0  (0) ]: ATTACK;1;1001;0;10
[ 21.11.2010 15:02:10 ]: [   >>>   ] [ 0  (0) ]: ATTACK;3;1001;0;10
[ 21.11.2010 15:02:11 ]: [   >>>   ] [ 0  (0) ]: ATTACK;2;1002;0;10
[ 21.11.2010 15:02:12 ]: [   >>>   ] [ 0  (0) ]: ATTACK;1;1001;0;10
[ 21.11.2010 15:02:12 ]: [   >>>   ] [ 0  (0) ]: ATTACK;3;1001;0;10
[ 21.11.2010 15:02:13 ]: [   >>>   ] [ 0  (0) ]: ATTACK;2;1002;0;10
[ 21.11.2010 15:02:14 ]: [   >>>   ] [ 0  (0) ]: ATTACK;1;1001;0;10
[ 21.11.2010 15:02:14 ]: [   >>>   ] [ 0  (0) ]: ATTACK;3;1001;0;10
[ 21.11.2010 15:02:15 ]: [   >>>   ] [ 0  (0) ]: ATTACK;2;1002;0;10
[ 21.11.2010 15:02:16 ]: [   >>>   ] [ 0  (0) ]: ATTACK;1;1001;0;10
[ 21.11.2010 15:02:16 ]: [   >>>   ] [ 0  (0) ]: ATTACK;3;1001;0;10
[ 21.11.2010 15:02:17 ]: [   >>>   ] [ 0  (0) ]: ATTACK;2;1002;0;10
[ 21.11.2010 15:02:18 ]: [   >>>   ] [ 0  (0) ]: ATTACK;1;1001;0;10
[ 21.11.2010 15:02:18 ]: [   >>>   ] [ 0  (0) ]: ATTACK;3;1001;0;10
[ 21.11.2010 15:02:19 ]: [   >>>   ] [ 0  (0) ]: ATTACK;2;1002;0;10
[ 21.11.2010 15:02:19 ]: [   <<<   ] [ 0  (0) ]: quit
[ 21.11.2010 15:02:19 ]: [   >>>   ] [ 0  ]: BYE
[ 21.11.2010 15:02:19 ]: [  KILLD  ] [ 0 ]: TIME: 1290351740
[ 21.11.2010 15:02:21 ]: [   <<<   ] [ 0  (0) ]: quit
[ 21.11.2010 15:02:21 ]: [   >>>   ] [ 0  ]: BYE
[ 21.11.2010 15:02:21 ]: [  KILLD  ] [ 0 ]: TIME: 1290351741
[ 21.11.2010 15:07:00 ]: [ NEWUSER ] [ 0 ]: TIME: 1290352021
[ 21.11.2010 15:07:00 ]: [   >>>   ] [ 0  ]: WELCOME
[ 21.11.2010 15:07:02 ]: [   <<<   ] [ 0  (0) ]: shutdown
[ 21.11.2010 15:07:02 ]: [   >>>   ] [ 0  (0) ]: ERROR;20
[ 21.11.2010 15:21:46 ]: [   <<<   ] [ 0  (0) ]: ????
[ 21.11.2010 15:21:46 ]: [   >>>   ] [ 0  (0) ]: ERROR;20
[ 21.11.2010 15:21:49 ]: [   <<<   ] [ 0  (0) ]: quit
[ 21.11.2010 15:21:49 ]: [   >>>   ] [ 0  ]: BYE
[ 21.11.2010 15:21:49 ]: [  KILLD  ] [ 0 ]: TIME: 1290352909
