[ 21.11.2010 11:42:50 ]: Using Syslog: ./syslog/1290339770.log
[ 21.11.2010 11:42:50 ]: Game Server v0.2.1 starting up...
[ 21.11.2010 11:42:55 ]: PLAYER DB			READY
[ 21.11.2010 11:42:59 ]: GAME DB			READY
[ 21.11.2010 11:42:59 ]: LISTEN THREAD			READY
[ 21.11.2010 11:42:59 ]: NPC CONTROL			READY
[ 21.11.2010 11:42:59 ]: GAME SERVER READY		READY
[ 21.11.2010 11:43:00 ]: [ NEWUSER ] [ 0 ]: TIME: 1290339780
[ 21.11.2010 11:43:00 ]: [   >>>   ] [ 0  ]: WELCOME
[ 21.11.2010 11:43:02 ]: [   <<<   ] [ 0  (0) ]: spawn;1001
[ 21.11.2010 11:43:02 ]: [   >>>   ] [ 0  (0) ]: SPAWN;OK;1001;-1;5;-7
[ 21.11.2010 11:43:03 ]: [   <<<   ] [ 0  (0) ]: aggr
[ 21.11.2010 11:43:04 ]: [   >>>   ] [ 0  (0) ]: ATTACK;
[ 21.11.2010 11:43:06 ]: [   >>>   ] [ 0  (0) ]: ATTACK;
[ 21.11.2010 11:43:08 ]: [   >>>   ] [ 0  (0) ]: ATTACK;
[ 21.11.2010 11:43:10 ]: [   >>>   ] [ 0  (0) ]: ATTACK;
[ 21.11.2010 11:43:12 ]: [   >>>   ] [ 0  (0) ]: ATTACK;
[ 21.11.2010 11:43:14 ]: [   >>>   ] [ 0  (0) ]: ATTACK;
[ 21.11.2010 11:43:16 ]: [   >>>   ] [ 0  (0) ]: ATTACK;
[ 21.11.2010 11:43:18 ]: [   >>>   ] [ 0  (0) ]: ATTACK;
[ 21.11.2010 11:43:20 ]: [   >>>   ] [ 0  (0) ]: ATTACK;
[ 21.11.2010 11:43:22 ]: [   >>>   ] [ 0  (0) ]: ATTACK;
[ 21.11.2010 11:43:24 ]: [   >>>   ] [ 0  (0) ]: ATTACK;
[ 21.11.2010 11:43:26 ]: [   >>>   ] [ 0  (0) ]: ATTACK;
[ 21.11.2010 11:43:28 ]: [   >>>   ] [ 0  (0) ]: ATTACK;
[ 21.11.2010 11:43:29 ]: [   <<<   ] [ 0  (0) ]: quit
[ 21.11.2010 11:43:29 ]: [   >>>   ] [ 0  ]: BYE
[ 21.11.2010 11:43:29 ]: [  KILLD  ] [ 0 ]: TIME: 1290339809
[ 21.11.2010 11:43:29 ]: [ NEWUSER ] [ 0 ]: TIME: 1290339810
[ 21.11.2010 11:43:29 ]: [   >>>   ] [ 0  ]: WELCOME
[ 21.11.2010 11:43:33 ]: [   <<<   ] [ 0  (0) ]: map_pic
[ 21.11.2010 11:43:41 ]: [   <<<   ] [ 0  (0) ]: spawn;1002
[ 21.11.2010 11:43:41 ]: [   >>>   ] [ 0  (0) ]: SPAWN;OK;1002;3;-6;-3
[ 21.11.2010 11:43:44 ]: [   <<<   ] [ 0  (0) ]: map_pic
[ 21.11.2010 11:44:45 ]: [   <<<   ] [ 0  (0) ]: aggr
[ 21.11.2010 11:44:46 ]: [   >>>   ] [ 0  (0) ]: ATTACK;
[ 21.11.2010 11:44:46 ]: [   >>>   ] [ 0  (0) ]: ATTACK;
[ 21.11.2010 11:44:48 ]: [   >>>   ] [ 0  (0) ]: ATTACK;
[ 21.11.2010 11:44:48 ]: [   >>>   ] [ 0  (0) ]: ATTACK;
[ 21.11.2010 11:44:50 ]: [   >>>   ] [ 0  (0) ]: ATTACK;
[ 21.11.2010 11:44:50 ]: [   >>>   ] [ 0  (0) ]: ATTACK;
[ 21.11.2010 11:44:52 ]: [   >>>   ] [ 0  (0) ]: ATTACK;
[ 21.11.2010 11:44:52 ]: [   >>>   ] [ 0  (0) ]: ATTACK;
[ 21.11.2010 11:44:54 ]: [   >>>   ] [ 0  (0) ]: ATTACK;
[ 21.11.2010 11:44:54 ]: [   >>>   ] [ 0  (0) ]: ATTACK;
[ 21.11.2010 11:44:56 ]: [   >>>   ] [ 0  (0) ]: ATTACK;
[ 21.11.2010 11:44:56 ]: [   >>>   ] [ 0  (0) ]: ATTACK;
[ 21.11.2010 11:44:58 ]: [   >>>   ] [ 0  (0) ]: ATTACK;
[ 21.11.2010 11:44:58 ]: [   >>>   ] [ 0  (0) ]: ATTACK;
[ 21.11.2010 11:45:00 ]: [   >>>   ] [ 0  (0) ]: ATTACK;
[ 21.11.2010 11:45:00 ]: [   >>>   ] [ 0  (0) ]: ATTACK;
[ 21.11.2010 11:45:02 ]: [   >>>   ] [ 0  (0) ]: ATTACK;
[ 21.11.2010 11:45:02 ]: [   >>>   ] [ 0  (0) ]: ATTACK;
[ 21.11.2010 11:45:04 ]: [   >>>   ] [ 0  (0) ]: ATTACK;
[ 21.11.2010 11:45:04 ]: [   >>>   ] [ 0  (0) ]: ATTACK;
[ 21.11.2010 11:45:06 ]: [   >>>   ] [ 0  (0) ]: ATTACK;
[ 21.11.2010 11:45:06 ]: [   >>>   ] [ 0  (0) ]: ATTACK;
[ 21.11.2010 11:45:08 ]: [   >>>   ] [ 0  (0) ]: ATTACK;
[ 21.11.2010 11:45:08 ]: [   >>>   ] [ 0  (0) ]: ATTACK;
[ 21.11.2010 11:45:10 ]: [   >>>   ] [ 0  (0) ]: ATTACK;
[ 21.11.2010 11:45:10 ]: [   >>>   ] [ 0  (0) ]: ATTACK;
[ 21.11.2010 11:45:12 ]: [   >>>   ] [ 0  (0) ]: ATTACK;
[ 21.11.2010 11:45:12 ]: [   >>>   ] [ 0  (0) ]: ATTACK;
[ 21.11.2010 11:45:14 ]: [   >>>   ] [ 0  (0) ]: ATTACK;
[ 21.11.2010 11:45:14 ]: [   >>>   ] [ 0  (0) ]: ATTACK;
[ 21.11.2010 11:45:16 ]: [   >>>   ] [ 0  (0) ]: ATTACK;
[ 21.11.2010 11:45:16 ]: [   >>>   ] [ 0  (0) ]: ATTACK;
[ 21.11.2010 11:45:18 ]: [   >>>   ] [ 0  (0) ]: ATTACK;
[ 21.11.2010 11:45:18 ]: [   >>>   ] [ 0  (0) ]: ATTACK;
[ 21.11.2010 11:45:20 ]: [   >>>   ] [ 0  (0) ]: ATTACK;
[ 21.11.2010 11:45:20 ]: [   >>>   ] [ 0  (0) ]: ATTACK;
[ 21.11.2010 11:45:22 ]: [   >>>   ] [ 0  (0) ]: ATTACK;
[ 21.11.2010 11:45:22 ]: [   >>>   ] [ 0  (0) ]: ATTACK;
[ 21.11.2010 11:45:24 ]: [   >>>   ] [ 0  (0) ]: ATTACK;
[ 21.11.2010 11:45:24 ]: [   >>>   ] [ 0  (0) ]: ATTACK;
[ 21.11.2010 11:45:26 ]: [   >>>   ] [ 0  (0) ]: ATTACK;
[ 21.11.2010 11:45:26 ]: [   >>>   ] [ 0  (0) ]: ATTACK;
[ 21.11.2010 11:45:28 ]: [   >>>   ] [ 0  (0) ]: ATTACK;
[ 21.11.2010 11:45:28 ]: [   >>>   ] [ 0  (0) ]: ATTACK;
[ 21.11.2010 11:45:30 ]: [   >>>   ] [ 0  (0) ]: ATTACK;
[ 21.11.2010 11:45:30 ]: [   >>>   ] [ 0  (0) ]: ATTACK;
[ 21.11.2010 11:45:32 ]: [   >>>   ] [ 0  (0) ]: ATTACK;
[ 21.11.2010 11:45:32 ]: [   >>>   ] [ 0  (0) ]: ATTACK;
[ 21.11.2010 11:45:34 ]: [   >>>   ] [ 0  (0) ]: ATTACK;
[ 21.11.2010 11:45:34 ]: [   >>>   ] [ 0  (0) ]: ATTACK;
[ 21.11.2010 11:45:36 ]: [   >>>   ] [ 0  (0) ]: ATTACK;
[ 21.11.2010 11:45:36 ]: [   >>>   ] [ 0  (0) ]: ATTACK;
[ 21.11.2010 11:45:38 ]: [   >>>   ] [ 0  (0) ]: ATTACK;
[ 21.11.2010 11:45:38 ]: [   >>>   ] [ 0  (0) ]: ATTACK;
[ 21.11.2010 11:45:40 ]: [   >>>   ] [ 0  (0) ]: ATTACK;
[ 21.11.2010 11:45:40 ]: [   >>>   ] [ 0  (0) ]: ATTACK;
[ 21.11.2010 11:45:42 ]: [   >>>   ] [ 0  (0) ]: ATTACK;
[ 21.11.2010 11:45:42 ]: [   >>>   ] [ 0  (0) ]: ATTACK;
[ 21.11.2010 11:45:44 ]: [   >>>   ] [ 0  (0) ]: ATTACK;
[ 21.11.2010 11:45:44 ]: [   >>>   ] [ 0  (0) ]: ATTACK;
[ 21.11.2010 11:45:46 ]: [   >>>   ] [ 0  (0) ]: ATTACK;
[ 21.11.2010 11:45:46 ]: [   >>>   ] [ 0  (0) ]: ATTACK;
[ 21.11.2010 11:45:48 ]: [   >>>   ] [ 0  (0) ]: ATTACK;
[ 21.11.2010 11:45:48 ]: [   >>>   ] [ 0  (0) ]: ATTACK;
[ 21.11.2010 11:45:50 ]: [   >>>   ] [ 0  (0) ]: ATTACK;
[ 21.11.2010 11:45:50 ]: [   >>>   ] [ 0  (0) ]: ATTACK;
[ 21.11.2010 11:45:52 ]: [   >>>   ] [ 0  (0) ]: ATTACK;
[ 21.11.2010 11:45:52 ]: [   >>>   ] [ 0  (0) ]: ATTACK;
[ 21.11.2010 11:45:54 ]: [   >>>   ] [ 0  (0) ]: ATTACK;
[ 21.11.2010 11:45:54 ]: [   >>>   ] [ 0  (0) ]: ATTACK;
[ 21.11.2010 11:45:56 ]: [   >>>   ] [ 0  (0) ]: ATTACK;
[ 21.11.2010 11:45:56 ]: [   >>>   ] [ 0  (0) ]: ATTACK;
[ 21.11.2010 11:45:58 ]: [   >>>   ] [ 0  (0) ]: ATTACK;
[ 21.11.2010 11:45:58 ]: [   >>>   ] [ 0  (0) ]: ATTACK;
[ 21.11.2010 11:46:00 ]: [   >>>   ] [ 0  (0) ]: ATTACK;
[ 21.11.2010 11:46:00 ]: [   >>>   ] [ 0  (0) ]: ATTACK;
[ 21.11.2010 11:46:02 ]: [   >>>   ] [ 0  (0) ]: ATTACK;
[ 21.11.2010 11:46:02 ]: [   >>>   ] [ 0  (0) ]: ATTACK;
[ 21.11.2010 11:46:04 ]: [   >>>   ] [ 0  (0) ]: ATTACK;
[ 21.11.2010 11:46:04 ]: [   >>>   ] [ 0  (0) ]: ATTACK;
[ 21.11.2010 11:46:06 ]: [   >>>   ] [ 0  (0) ]: ATTACK;
[ 21.11.2010 11:46:06 ]: [   >>>   ] [ 0  (0) ]: ATTACK;
[ 21.11.2010 11:46:08 ]: [   >>>   ] [ 0  (0) ]: ATTACK;
[ 21.11.2010 11:46:08 ]: [   >>>   ] [ 0  (0) ]: ATTACK;
[ 21.11.2010 11:46:10 ]: [   >>>   ] [ 0  (0) ]: ATTACK;
[ 21.11.2010 11:46:10 ]: [   >>>   ] [ 0  (0) ]: ATTACK;
[ 21.11.2010 11:46:12 ]: [   >>>   ] [ 0  (0) ]: ATTACK;
[ 21.11.2010 11:46:12 ]: [   >>>   ] [ 0  (0) ]: ATTACK;
[ 21.11.2010 11:46:14 ]: [   >>>   ] [ 0  (0) ]: ATTACK;
[ 21.11.2010 11:46:14 ]: [   >>>   ] [ 0  (0) ]: ATTACK;
[ 21.11.2010 11:46:16 ]: [   >>>   ] [ 0  (0) ]: ATTACK;
[ 21.11.2010 11:46:16 ]: [   >>>   ] [ 0  (0) ]: ATTACK;
[ 21.11.2010 11:46:18 ]: [   >>>   ] [ 0  (0) ]: ATTACK;
[ 21.11.2010 11:46:18 ]: [   >>>   ] [ 0  (0) ]: ATTACK;
[ 21.11.2010 11:46:20 ]: [   >>>   ] [ 0  (0) ]: ATTACK;
[ 21.11.2010 11:46:20 ]: [   >>>   ] [ 0  (0) ]: ATTACK;
[ 21.11.2010 11:46:22 ]: [   >>>   ] [ 0  (0) ]: ATTACK;
[ 21.11.2010 11:46:22 ]: [   >>>   ] [ 0  (0) ]: ATTACK;
[ 21.11.2010 11:46:24 ]: [   >>>   ] [ 0  (0) ]: ATTACK;
[ 21.11.2010 11:46:24 ]: [   >>>   ] [ 0  (0) ]: ATTACK;
[ 21.11.2010 11:46:26 ]: [   >>>   ] [ 0  (0) ]: ATTACK;
[ 21.11.2010 11:46:26 ]: [   >>>   ] [ 0  (0) ]: ATTACK;
[ 21.11.2010 11:46:28 ]: [   >>>   ] [ 0  (0) ]: ATTACK;
[ 21.11.2010 11:46:28 ]: [   >>>   ] [ 0  (0) ]: ATTACK;
[ 21.11.2010 11:46:30 ]: [   >>>   ] [ 0  (0) ]: ATTACK;
[ 21.11.2010 11:46:30 ]: [   >>>   ] [ 0  (0) ]: ATTACK;
[ 21.11.2010 11:46:32 ]: [   >>>   ] [ 0  (0) ]: ATTACK;
[ 21.11.2010 11:46:32 ]: [   >>>   ] [ 0  (0) ]: ATTACK;
[ 21.11.2010 11:46:34 ]: [   >>>   ] [ 0  (0) ]: ATTACK;
[ 21.11.2010 11:46:34 ]: [   >>>   ] [ 0  (0) ]: ATTACK;
[ 21.11.2010 11:46:36 ]: [   >>>   ] [ 0  (0) ]: ATTACK;
[ 21.11.2010 11:46:36 ]: [   >>>   ] [ 0  (0) ]: ATTACK;
[ 21.11.2010 11:46:38 ]: [   >>>   ] [ 0  (0) ]: ATTACK;
[ 21.11.2010 11:46:38 ]: [   >>>   ] [ 0  (0) ]: ATTACK;
[ 21.11.2010 11:46:40 ]: [   >>>   ] [ 0  (0) ]: ATTACK;
[ 21.11.2010 11:46:40 ]: [   >>>   ] [ 0  (0) ]: ATTACK;
[ 21.11.2010 11:46:42 ]: [   >>>   ] [ 0  (0) ]: ATTACK;
[ 21.11.2010 11:46:42 ]: [   >>>   ] [ 0  (0) ]: ATTACK;
[ 21.11.2010 11:46:44 ]: [   >>>   ] [ 0  (0) ]: ATTACK;
[ 21.11.2010 11:46:44 ]: [   >>>   ] [ 0  (0) ]: ATTACK;
[ 21.11.2010 11:46:46 ]: [   >>>   ] [ 0  (0) ]: ATTACK;
[ 21.11.2010 11:46:46 ]: [   >>>   ] [ 0  (0) ]: ATTACK;
[ 21.11.2010 11:46:48 ]: [   >>>   ] [ 0  (0) ]: ATTACK;
[ 21.11.2010 11:46:48 ]: [   >>>   ] [ 0  (0) ]: ATTACK;
[ 21.11.2010 11:46:50 ]: [   >>>   ] [ 0  (0) ]: ATTACK;
[ 21.11.2010 11:46:50 ]: [   >>>   ] [ 0  (0) ]: ATTACK;
[ 21.11.2010 11:46:52 ]: [   >>>   ] [ 0  (0) ]: ATTACK;
[ 21.11.2010 11:46:52 ]: [   >>>   ] [ 0  (0) ]: ATTACK;
[ 21.11.2010 11:46:54 ]: [   >>>   ] [ 0  (0) ]: ATTACK;
[ 21.11.2010 11:46:54 ]: [   >>>   ] [ 0  (0) ]: ATTACK;
[ 21.11.2010 11:46:56 ]: [   >>>   ] [ 0  (0) ]: ATTACK;
[ 21.11.2010 11:46:56 ]: [   >>>   ] [ 0  (0) ]: ATTACK;
