[ 26.11.2010 19:56:34 ]: Using Syslog: ./syslog/1290801394.log
[ 26.11.2010 19:56:34 ]: Game Server v0.2.1 starting up...
[ 26.11.2010 19:56:40 ]: PLAYER DB			READY
[ 26.11.2010 19:56:45 ]: GAME DB			READY
[ 26.11.2010 19:56:45 ]: LISTEN THREAD			READY
[ 26.11.2010 19:56:45 ]: NPC CONTROL			READY
[ 26.11.2010 19:56:45 ]: GAME SERVER READY		READY
[ 26.11.2010 19:56:45 ]: [ NEWUSER ] [ 0 ]: TIME: 1290801406
[ 26.11.2010 19:56:45 ]: [   >>>   ] [ 0  ]: WELCOME
[ 26.11.2010 19:56:47 ]: [   <<<   ] [ 0  (0) ]: spawn;1001
[ 26.11.2010 19:56:47 ]: [   >>>   ] [ 0  (0) ]: SPAWN;OK;1;1001;8;2;8
[ 26.11.2010 19:56:50 ]: [   <<<   ] [ 0  (0) ]: quit
[ 26.11.2010 19:56:50 ]: [   >>>   ] [ 0  ]: BYE
[ 26.11.2010 19:56:50 ]: [  KILLD  ] [ 0 ]: TIME: 1290801410
[ 26.11.2010 19:56:53 ]: [ NEWUSER ] [ 0 ]: TIME: 1290801413
[ 26.11.2010 19:56:53 ]: [   >>>   ] [ 0  ]: WELCOME
[ 26.11.2010 19:56:54 ]: [   <<<   ] [ 0  (0) ]: shutdown
[ 26.11.2010 19:56:54 ]: [   >>>   ] [ 0  (0) ]: SHUTDOWN;50;10
[ 26.11.2010 19:56:55 ]: [   >>>   ] [ 0  (0) ]: SHUTDOWN;50;9
[ 26.11.2010 19:56:56 ]: [   >>>   ] [ 0  (0) ]: SHUTDOWN;50;8
[ 26.11.2010 19:56:57 ]: [   >>>   ] [ 0  (0) ]: SHUTDOWN;50;7
[ 26.11.2010 19:56:58 ]: [   >>>   ] [ 0  (0) ]: SHUTDOWN;50;6
[ 26.11.2010 19:56:59 ]: [   >>>   ] [ 0  (0) ]: SHUTDOWN;50;5
[ 26.11.2010 19:57:00 ]: [   >>>   ] [ 0  (0) ]: SHUTDOWN;50;4
[ 26.11.2010 19:57:01 ]: [   >>>   ] [ 0  (0) ]: SHUTDOWN;50;3
[ 26.11.2010 19:57:02 ]: [   >>>   ] [ 0  (0) ]: SHUTDOWN;50;2
[ 26.11.2010 19:57:03 ]: [   >>>   ] [ 0  (0) ]: SHUTDOWN;50;1
[ 26.11.2010 19:57:03 ]: [   <<<   ] [ 0  (0) ]: quit
[ 26.11.2010 19:57:03 ]: [   >>>   ] [ 0  ]: BYE
[ 26.11.2010 19:57:03 ]: [  KILLD  ] [ 0 ]: TIME: 1290801424
[ 26.11.2010 19:57:04 ]: SHUTDOWN COMPLETE AT 1290801424
