[ 20.11.2010 13:34:09 ]: Using Syslog: ./syslog/1290260050.log
[ 20.11.2010 13:34:09 ]: Game Server v0.2.1 starting up...
[ 20.11.2010 13:34:14 ]: PLAYER CONNECTED
[ 20.11.2010 13:34:19 ]: GAME CONNECTED
[ 20.11.2010 13:34:19 ]: CACHING GAME DATABASE
[ 20.11.2010 13:34:19 ]: DONE.
[ 20.11.2010 13:34:19 ]: LISTEN THREAD - READY
[ 20.11.2010 13:34:19 ]: SERVER UP AND RUNNING - READY
[ 20.11.2010 13:34:20 ]: [ NEWUSER ] [ 0 ]: TIME: 1290260060
[ 20.11.2010 13:34:20 ]: [   >>>   ] [ 0  ]: WELCOME
[ 20.11.2010 13:34:22 ]: [   <<<   ] [ 0  ]: spawn;1001
[ 20.11.2010 13:34:22 ]: [   >>>   ] [ 0  (0) ]: SPAWN;OK;1001;-7;5;3
[ 20.11.2010 13:34:26 ]: [   <<<   ] [ 0  ]: flush;MOBS
[ 20.11.2010 13:34:26 ]: [   >>>   ] [ 0  (0) ]: SPAWN;OK;1001;-7;5;3
[ 20.11.2010 13:34:30 ]: [   <<<   ] [ 0  ]: spawn;1001
[ 20.11.2010 13:34:30 ]: [   >>>   ] [ 0  (0) ]: SPAWN;OK;1001;7;8;6
[ 20.11.2010 13:34:33 ]: [   <<<   ] [ 0  ]: FLUSH;MOBS
[ 20.11.2010 13:34:33 ]: [   >>>   ] [ 0  (0) ]: SPAWN;OK;1001;-7;5;3
[ 20.11.2010 13:34:33 ]: [   >>>   ] [ 0  (0) ]: SPAWN;OK;1001;7;8;6
[ 20.11.2010 13:36:11 ]: [   <<<   ] [ 0  ]: spawn;OK;1001
